[2023-09-24T06:27:09.841+0000] {param.py:354} DEBUG - Updating task params ({'example_key': 'example_value'}) with DagRun.conf ({'example_key': 'example_value'})
[2023-09-24T06:27:09.867+0000] {taskinstance.py:1092} DEBUG - previous_execution_date was called
[2023-09-24T06:27:09.903+0000] {__init__.py:51} DEBUG - Loading core task runner: StandardTaskRunner
[2023-09-24T06:27:09.938+0000] {param.py:354} DEBUG - Updating task params ({'example_key': 'example_value'}) with DagRun.conf ({'example_key': 'example_value'})
[2023-09-24T06:27:09.953+0000] {taskinstance.py:1092} DEBUG - previous_execution_date was called
[2023-09-24T06:27:09.965+0000] {base_task_runner.py:68} DEBUG - Planning to run as the  user
[2023-09-24T06:27:09.980+0000] {taskinstance.py:842} DEBUG - Refreshing TaskInstance <TaskInstance: example_bash_operator.this_will_skip manual__2023-09-24T06:27:05+00:00 [queued]> from DB
[2023-09-24T06:27:10.020+0000] {taskinstance.py:1166} DEBUG - <TaskInstance: example_bash_operator.this_will_skip manual__2023-09-24T06:27:05+00:00 [queued]> dependency 'Task Instance Not Running' PASSED: True, Task is not in running state.
[2023-09-24T06:27:10.020+0000] {taskinstance.py:1166} DEBUG - <TaskInstance: example_bash_operator.this_will_skip manual__2023-09-24T06:27:05+00:00 [queued]> dependency 'Not In Retry Period' PASSED: True, The task instance was not marked for retrying.
[2023-09-24T06:27:10.021+0000] {taskinstance.py:1166} DEBUG - <TaskInstance: example_bash_operator.this_will_skip manual__2023-09-24T06:27:05+00:00 [queued]> dependency 'Trigger Rule' PASSED: True, The task instance did not have any upstream tasks.
[2023-09-24T06:27:10.032+0000] {taskinstance.py:1166} DEBUG - <TaskInstance: example_bash_operator.this_will_skip manual__2023-09-24T06:27:05+00:00 [queued]> dependency 'Task Instance State' PASSED: True, Task state queued was valid.
[2023-09-24T06:27:10.032+0000] {taskinstance.py:1166} DEBUG - <TaskInstance: example_bash_operator.this_will_skip manual__2023-09-24T06:27:05+00:00 [queued]> dependency 'Previous Dagrun State' PASSED: True, The task did not have depends_on_past set.
[2023-09-24T06:27:10.032+0000] {taskinstance.py:1157} INFO - Dependencies all met for dep_context=non-requeueable deps ti=<TaskInstance: example_bash_operator.this_will_skip manual__2023-09-24T06:27:05+00:00 [queued]>
[2023-09-24T06:27:10.036+0000] {taskinstance.py:1166} DEBUG - <TaskInstance: example_bash_operator.this_will_skip manual__2023-09-24T06:27:05+00:00 [queued]> dependency 'Task Concurrency' PASSED: True, Task concurrency is not set.
[2023-09-24T06:27:10.037+0000] {taskinstance.py:1166} DEBUG - <TaskInstance: example_bash_operator.this_will_skip manual__2023-09-24T06:27:05+00:00 [queued]> dependency 'Not In Retry Period' PASSED: True, The task instance was not marked for retrying.
[2023-09-24T06:27:10.047+0000] {taskinstance.py:1166} DEBUG - <TaskInstance: example_bash_operator.this_will_skip manual__2023-09-24T06:27:05+00:00 [queued]> dependency 'Pool Slots Available' PASSED: True, There are enough open slots in default_pool to execute the task
[2023-09-24T06:27:10.048+0000] {taskinstance.py:1166} DEBUG - <TaskInstance: example_bash_operator.this_will_skip manual__2023-09-24T06:27:05+00:00 [queued]> dependency 'Trigger Rule' PASSED: True, The task instance did not have any upstream tasks.
[2023-09-24T06:27:10.048+0000] {taskinstance.py:1166} DEBUG - <TaskInstance: example_bash_operator.this_will_skip manual__2023-09-24T06:27:05+00:00 [queued]> dependency 'Previous Dagrun State' PASSED: True, The task did not have depends_on_past set.
[2023-09-24T06:27:10.049+0000] {taskinstance.py:1157} INFO - Dependencies all met for dep_context=requeueable deps ti=<TaskInstance: example_bash_operator.this_will_skip manual__2023-09-24T06:27:05+00:00 [queued]>
[2023-09-24T06:27:10.049+0000] {taskinstance.py:1359} INFO - Starting attempt 1 of 1
[2023-09-24T06:27:10.071+0000] {taskinstance.py:1380} INFO - Executing <Task(BashOperator): this_will_skip> on 2023-09-24 06:27:05+00:00
[2023-09-24T06:27:10.078+0000] {standard_task_runner.py:57} INFO - Started process 97 to run task
[2023-09-24T06:27:10.087+0000] {standard_task_runner.py:84} INFO - Running: ['***', 'tasks', 'run', 'example_bash_operator', 'this_will_skip', 'manual__2023-09-24T06:27:05+00:00', '--job-id', '51', '--raw', '--subdir', 'DAGS_FOLDER/example_bashoperator.py', '--cfg-path', '/tmp/tmpo_xrbbgv']
[2023-09-24T06:27:10.089+0000] {standard_task_runner.py:85} INFO - Job 51: Subtask this_will_skip
[2023-09-24T06:27:10.089+0000] {cli_action_loggers.py:67} DEBUG - Calling callbacks: [<function default_action_log at 0x7f199406d550>]
[2023-09-24T06:27:10.176+0000] {param.py:354} DEBUG - Updating task params ({'example_key': 'example_value'}) with DagRun.conf ({'example_key': 'example_value'})
[2023-09-24T06:27:10.186+0000] {taskinstance.py:1092} DEBUG - previous_execution_date was called
[2023-09-24T06:27:10.199+0000] {task_command.py:415} INFO - Running <TaskInstance: example_bash_operator.this_will_skip manual__2023-09-24T06:27:05+00:00 [running]> on host 99e69330c0f0
[2023-09-24T06:27:10.200+0000] {settings.py:353} DEBUG - Disposing DB connection pool (PID 97)
[2023-09-24T06:27:10.200+0000] {settings.py:212} DEBUG - Setting up DB connection pool (PID 97)
[2023-09-24T06:27:10.201+0000] {settings.py:285} DEBUG - settings.prepare_engine_args(): Using NullPool
[2023-09-24T06:27:10.203+0000] {taskinstance.py:842} DEBUG - Refreshing TaskInstance <TaskInstance: example_bash_operator.this_will_skip manual__2023-09-24T06:27:05+00:00 [running]> from DB
[2023-09-24T06:27:10.251+0000] {param.py:354} DEBUG - Updating task params ({'example_key': 'example_value'}) with DagRun.conf ({'example_key': 'example_value'})
[2023-09-24T06:27:10.269+0000] {taskinstance.py:1092} DEBUG - previous_execution_date was called
[2023-09-24T06:27:10.283+0000] {taskinstance.py:923} DEBUG - Clearing XCom data
[2023-09-24T06:27:10.290+0000] {retries.py:93} DEBUG - Running RenderedTaskInstanceFields.write with retries. Try 1 of 3
[2023-09-24T06:27:10.328+0000] {retries.py:93} DEBUG - Running RenderedTaskInstanceFields._do_delete_old_records with retries. Try 1 of 3
[2023-09-24T06:27:10.342+0000] {taskinstance.py:1660} INFO - Exporting env vars: AIRFLOW_CTX_DAG_OWNER='***' AIRFLOW_CTX_DAG_ID='example_bash_operator' AIRFLOW_CTX_TASK_ID='this_will_skip' AIRFLOW_CTX_EXECUTION_DATE='2023-09-24T06:27:05+00:00' AIRFLOW_CTX_TRY_NUMBER='1' AIRFLOW_CTX_DAG_RUN_ID='manual__2023-09-24T06:27:05+00:00'
[2023-09-24T06:27:10.343+0000] {__init__.py:116} DEBUG - Preparing lineage inlets and outlets
[2023-09-24T06:27:10.343+0000] {__init__.py:157} DEBUG - inlets: [], outlets: []
[2023-09-24T06:27:10.344+0000] {bash.py:186} DEBUG - Exporting env vars: AIRFLOW_CTX_DAG_OWNER='***' AIRFLOW_CTX_DAG_ID='example_bash_operator' AIRFLOW_CTX_TASK_ID='this_will_skip' AIRFLOW_CTX_EXECUTION_DATE='2023-09-24T06:27:05+00:00' AIRFLOW_CTX_TRY_NUMBER='1' AIRFLOW_CTX_DAG_RUN_ID='manual__2023-09-24T06:27:05+00:00'
[2023-09-24T06:27:10.344+0000] {subprocess.py:63} INFO - Tmp dir root location: /tmp
[2023-09-24T06:27:10.345+0000] {subprocess.py:75} INFO - Running command: ['/bin/bash', '-c', 'echo "hello world"; exit 99;']
[2023-09-24T06:27:10.356+0000] {subprocess.py:86} INFO - Output:
[2023-09-24T06:27:10.358+0000] {subprocess.py:93} INFO - hello world
[2023-09-24T06:27:10.358+0000] {subprocess.py:97} INFO - Command exited with return code 99
[2023-09-24T06:27:10.359+0000] {taskinstance.py:1540} INFO - Bash command returned exit code [99]. Skipping.
[2023-09-24T06:27:10.359+0000] {taskinstance.py:842} DEBUG - Refreshing TaskInstance <TaskInstance: example_bash_operator.this_will_skip manual__2023-09-24T06:27:05+00:00 [running]> from DB
[2023-09-24T06:27:10.373+0000] {taskinstance.py:1456} DEBUG - Clearing next_method and next_kwargs.
[2023-09-24T06:27:10.373+0000] {taskinstance.py:1398} INFO - Marking task as SKIPPED. dag_id=example_bash_operator, task_id=this_will_skip, execution_date=20230924T062705, start_date=20230924T062710, end_date=20230924T062710
[2023-09-24T06:27:10.374+0000] {taskinstance.py:2428} DEBUG - Task Duration set to 0.340496
[2023-09-24T06:27:10.389+0000] {cli_action_loggers.py:85} DEBUG - Calling callbacks: []
[2023-09-24T06:27:10.439+0000] {local_task_job_runner.py:228} INFO - Task exited with return code 0
[2023-09-24T06:27:10.478+0000] {dagrun.py:734} DEBUG - number of tis tasks for <DagRun example_bash_operator @ 2023-09-24 06:27:05+00:00: manual__2023-09-24T06:27:05+00:00, state:running, queued_at: 2023-09-24 06:27:07.631227+00:00. externally triggered: True>: 4 task(s)
[2023-09-24T06:27:10.478+0000] {dagrun.py:755} DEBUG - number of scheduleable tasks for <DagRun example_bash_operator @ 2023-09-24 06:27:05+00:00: manual__2023-09-24T06:27:05+00:00, state:running, queued_at: 2023-09-24 06:27:07.631227+00:00. externally triggered: True>: 2 task(s)
[2023-09-24T06:27:10.480+0000] {taskinstance.py:954} DEBUG - Setting task state for <TaskInstance: example_bash_operator.run_this_last manual__2023-09-24T06:27:05+00:00 [None]> to skipped
[2023-09-24T06:27:10.480+0000] {taskinstance.py:1166} DEBUG - <TaskInstance: example_bash_operator.run_this_last manual__2023-09-24T06:27:05+00:00 [skipped]> dependency 'Trigger Rule' PASSED: False, Task's trigger rule 'all_success' requires all upstream tasks to have succeeded, but found 2 non-success(es). upstream_states=_UpstreamTIStates(success=1, skipped=1, failed=0, upstream_failed=0, removed=0, done=2, success_setup=0, skipped_setup=0), upstream_task_ids={'this_will_skip', 'run_after_loop', 'also_run_this'}
[2023-09-24T06:27:10.481+0000] {taskinstance.py:1147} DEBUG - Dependencies not met for <TaskInstance: example_bash_operator.run_this_last manual__2023-09-24T06:27:05+00:00 [skipped]>, dependency 'Trigger Rule' FAILED: Task's trigger rule 'all_success' requires all upstream tasks to have succeeded, but found 2 non-success(es). upstream_states=_UpstreamTIStates(success=1, skipped=1, failed=0, upstream_failed=0, removed=0, done=2, success_setup=0, skipped_setup=0), upstream_task_ids={'this_will_skip', 'run_after_loop', 'also_run_this'}
[2023-09-24T06:27:10.481+0000] {taskinstance.py:1166} DEBUG - <TaskInstance: example_bash_operator.run_this_last manual__2023-09-24T06:27:05+00:00 [skipped]> dependency 'Not In Retry Period' PASSED: True, The task instance was not marked for retrying.
[2023-09-24T06:27:10.482+0000] {taskinstance.py:1166} DEBUG - <TaskInstance: example_bash_operator.run_this_last manual__2023-09-24T06:27:05+00:00 [skipped]> dependency 'Previous Dagrun State' PASSED: True, The task did not have depends_on_past set.
[2023-09-24T06:27:10.482+0000] {taskinstance.py:1166} DEBUG - <TaskInstance: example_bash_operator.run_after_loop manual__2023-09-24T06:27:05+00:00 [None]> dependency 'Trigger Rule' PASSED: True, The task instance did not have any upstream tasks.
[2023-09-24T06:27:10.483+0000] {taskinstance.py:1166} DEBUG - <TaskInstance: example_bash_operator.run_after_loop manual__2023-09-24T06:27:05+00:00 [None]> dependency 'Not In Retry Period' PASSED: True, The task instance was not marked for retrying.
[2023-09-24T06:27:10.484+0000] {taskinstance.py:1166} DEBUG - <TaskInstance: example_bash_operator.run_after_loop manual__2023-09-24T06:27:05+00:00 [None]> dependency 'Previous Dagrun State' PASSED: True, The task did not have depends_on_past set.
[2023-09-24T06:27:10.484+0000] {taskinstance.py:1157} DEBUG - Dependencies all met for dep_context=None ti=<TaskInstance: example_bash_operator.run_after_loop manual__2023-09-24T06:27:05+00:00 [None]>
[2023-09-24T06:27:10.498+0000] {taskinstance.py:2776} INFO - 0 downstream tasks scheduled from follow-on schedule check
