[2023-09-24T07:18:07.933+0000] {param.py:354} DEBUG - Updating task params ({'example_key': 'example_value'}) with DagRun.conf ({'example_key': 'example_value'})
[2023-09-24T07:18:08.009+0000] {taskinstance.py:1092} DEBUG - previous_execution_date was called
[2023-09-24T07:18:08.195+0000] {__init__.py:51} DEBUG - Loading core task runner: StandardTaskRunner
[2023-09-24T07:18:08.262+0000] {param.py:354} DEBUG - Updating task params ({'example_key': 'example_value'}) with DagRun.conf ({'example_key': 'example_value'})
[2023-09-24T07:18:08.306+0000] {taskinstance.py:1092} DEBUG - previous_execution_date was called
[2023-09-24T07:18:08.391+0000] {base_task_runner.py:68} DEBUG - Planning to run as the  user
[2023-09-24T07:18:08.486+0000] {taskinstance.py:842} DEBUG - Refreshing TaskInstance <TaskInstance: example_bash_operator.also_run_this manual__2023-09-24T07:18:01+00:00 [queued]> from DB
[2023-09-24T07:18:08.615+0000] {taskinstance.py:1166} DEBUG - <TaskInstance: example_bash_operator.also_run_this manual__2023-09-24T07:18:01+00:00 [queued]> dependency 'Task Instance Not Running' PASSED: True, Task is not in running state.
[2023-09-24T07:18:08.616+0000] {taskinstance.py:1166} DEBUG - <TaskInstance: example_bash_operator.also_run_this manual__2023-09-24T07:18:01+00:00 [queued]> dependency 'Not In Retry Period' PASSED: True, The task instance was not marked for retrying.
[2023-09-24T07:18:08.617+0000] {taskinstance.py:1166} DEBUG - <TaskInstance: example_bash_operator.also_run_this manual__2023-09-24T07:18:01+00:00 [queued]> dependency 'Trigger Rule' PASSED: True, The task instance did not have any upstream tasks.
[2023-09-24T07:18:08.652+0000] {taskinstance.py:1166} DEBUG - <TaskInstance: example_bash_operator.also_run_this manual__2023-09-24T07:18:01+00:00 [queued]> dependency 'Task Instance State' PASSED: True, Task state queued was valid.
[2023-09-24T07:18:08.656+0000] {taskinstance.py:1166} DEBUG - <TaskInstance: example_bash_operator.also_run_this manual__2023-09-24T07:18:01+00:00 [queued]> dependency 'Previous Dagrun State' PASSED: True, The task did not have depends_on_past set.
[2023-09-24T07:18:08.657+0000] {taskinstance.py:1157} INFO - Dependencies all met for dep_context=non-requeueable deps ti=<TaskInstance: example_bash_operator.also_run_this manual__2023-09-24T07:18:01+00:00 [queued]>
[2023-09-24T07:18:08.667+0000] {taskinstance.py:1166} DEBUG - <TaskInstance: example_bash_operator.also_run_this manual__2023-09-24T07:18:01+00:00 [queued]> dependency 'Task Concurrency' PASSED: True, Task concurrency is not set.
[2023-09-24T07:18:08.667+0000] {taskinstance.py:1166} DEBUG - <TaskInstance: example_bash_operator.also_run_this manual__2023-09-24T07:18:01+00:00 [queued]> dependency 'Not In Retry Period' PASSED: True, The task instance was not marked for retrying.
[2023-09-24T07:18:08.720+0000] {taskinstance.py:1166} DEBUG - <TaskInstance: example_bash_operator.also_run_this manual__2023-09-24T07:18:01+00:00 [queued]> dependency 'Pool Slots Available' PASSED: True, There are enough open slots in default_pool to execute the task
[2023-09-24T07:18:08.721+0000] {taskinstance.py:1166} DEBUG - <TaskInstance: example_bash_operator.also_run_this manual__2023-09-24T07:18:01+00:00 [queued]> dependency 'Trigger Rule' PASSED: True, The task instance did not have any upstream tasks.
[2023-09-24T07:18:08.721+0000] {taskinstance.py:1166} DEBUG - <TaskInstance: example_bash_operator.also_run_this manual__2023-09-24T07:18:01+00:00 [queued]> dependency 'Previous Dagrun State' PASSED: True, The task did not have depends_on_past set.
[2023-09-24T07:18:08.722+0000] {taskinstance.py:1157} INFO - Dependencies all met for dep_context=requeueable deps ti=<TaskInstance: example_bash_operator.also_run_this manual__2023-09-24T07:18:01+00:00 [queued]>
[2023-09-24T07:18:08.722+0000] {taskinstance.py:1359} INFO - Starting attempt 1 of 1
[2023-09-24T07:18:08.818+0000] {taskinstance.py:1380} INFO - Executing <Task(BashOperator): also_run_this> on 2023-09-24 07:18:01+00:00
[2023-09-24T07:18:08.880+0000] {standard_task_runner.py:57} INFO - Started process 815 to run task
[2023-09-24T07:18:08.921+0000] {standard_task_runner.py:84} INFO - Running: ['***', 'tasks', 'run', 'example_bash_operator', 'also_run_this', 'manual__2023-09-24T07:18:01+00:00', '--job-id', '54', '--raw', '--subdir', 'DAGS_FOLDER/example_bashoperator.py', '--cfg-path', '/tmp/tmp9tfbzikh']
[2023-09-24T07:18:08.930+0000] {standard_task_runner.py:85} INFO - Job 54: Subtask also_run_this
[2023-09-24T07:18:08.944+0000] {cli_action_loggers.py:67} DEBUG - Calling callbacks: [<function default_action_log at 0x7f199406d550>]
[2023-09-24T07:18:09.197+0000] {param.py:354} DEBUG - Updating task params ({'example_key': 'example_value'}) with DagRun.conf ({'example_key': 'example_value'})
[2023-09-24T07:18:09.230+0000] {taskinstance.py:1092} DEBUG - previous_execution_date was called
[2023-09-24T07:18:09.256+0000] {task_command.py:415} INFO - Running <TaskInstance: example_bash_operator.also_run_this manual__2023-09-24T07:18:01+00:00 [running]> on host 99e69330c0f0
[2023-09-24T07:18:09.257+0000] {settings.py:353} DEBUG - Disposing DB connection pool (PID 815)
[2023-09-24T07:18:09.259+0000] {settings.py:212} DEBUG - Setting up DB connection pool (PID 815)
[2023-09-24T07:18:09.260+0000] {settings.py:285} DEBUG - settings.prepare_engine_args(): Using NullPool
[2023-09-24T07:18:09.267+0000] {taskinstance.py:842} DEBUG - Refreshing TaskInstance <TaskInstance: example_bash_operator.also_run_this manual__2023-09-24T07:18:01+00:00 [running]> from DB
[2023-09-24T07:18:09.490+0000] {param.py:354} DEBUG - Updating task params ({'example_key': 'example_value'}) with DagRun.conf ({'example_key': 'example_value'})
[2023-09-24T07:18:09.559+0000] {taskinstance.py:1092} DEBUG - previous_execution_date was called
[2023-09-24T07:18:09.661+0000] {taskinstance.py:923} DEBUG - Clearing XCom data
[2023-09-24T07:18:09.727+0000] {retries.py:93} DEBUG - Running RenderedTaskInstanceFields.write with retries. Try 1 of 3
[2023-09-24T07:18:09.921+0000] {retries.py:93} DEBUG - Running RenderedTaskInstanceFields._do_delete_old_records with retries. Try 1 of 3
[2023-09-24T07:18:10.087+0000] {taskinstance.py:1660} INFO - Exporting env vars: AIRFLOW_CTX_DAG_OWNER='***' AIRFLOW_CTX_DAG_ID='example_bash_operator' AIRFLOW_CTX_TASK_ID='also_run_this' AIRFLOW_CTX_EXECUTION_DATE='2023-09-24T07:18:01+00:00' AIRFLOW_CTX_TRY_NUMBER='1' AIRFLOW_CTX_DAG_RUN_ID='manual__2023-09-24T07:18:01+00:00'
[2023-09-24T07:18:10.088+0000] {__init__.py:116} DEBUG - Preparing lineage inlets and outlets
[2023-09-24T07:18:10.090+0000] {__init__.py:157} DEBUG - inlets: [], outlets: []
[2023-09-24T07:18:10.110+0000] {bash.py:186} DEBUG - Exporting env vars: AIRFLOW_CTX_DAG_OWNER='***' AIRFLOW_CTX_DAG_ID='example_bash_operator' AIRFLOW_CTX_TASK_ID='also_run_this' AIRFLOW_CTX_EXECUTION_DATE='2023-09-24T07:18:01+00:00' AIRFLOW_CTX_TRY_NUMBER='1' AIRFLOW_CTX_DAG_RUN_ID='manual__2023-09-24T07:18:01+00:00'
[2023-09-24T07:18:10.112+0000] {subprocess.py:63} INFO - Tmp dir root location: /tmp
[2023-09-24T07:18:10.148+0000] {subprocess.py:75} INFO - Running command: ['/bin/bash', '-c', 'echo "ti_key=example_bash_operator__also_run_this__20230924"']
[2023-09-24T07:18:10.273+0000] {subprocess.py:86} INFO - Output:
[2023-09-24T07:18:10.281+0000] {subprocess.py:93} INFO - ti_key=example_bash_operator__also_run_this__20230924
[2023-09-24T07:18:10.282+0000] {subprocess.py:97} INFO - Command exited with return code 0
[2023-09-24T07:18:10.398+0000] {__init__.py:74} DEBUG - Lineage called with inlets: [], outlets: []
[2023-09-24T07:18:10.399+0000] {taskinstance.py:842} DEBUG - Refreshing TaskInstance <TaskInstance: example_bash_operator.also_run_this manual__2023-09-24T07:18:01+00:00 [running]> from DB
[2023-09-24T07:18:10.460+0000] {taskinstance.py:1456} DEBUG - Clearing next_method and next_kwargs.
[2023-09-24T07:18:10.460+0000] {taskinstance.py:1398} INFO - Marking task as SUCCESS. dag_id=example_bash_operator, task_id=also_run_this, execution_date=20230924T071801, start_date=20230924T071808, end_date=20230924T071810
[2023-09-24T07:18:10.463+0000] {taskinstance.py:2428} DEBUG - Task Duration set to 1.802765
[2023-09-24T07:18:10.506+0000] {cli_action_loggers.py:85} DEBUG - Calling callbacks: []
[2023-09-24T07:18:10.560+0000] {local_task_job_runner.py:228} INFO - Task exited with return code 0
[2023-09-24T07:18:10.652+0000] {dagrun.py:734} DEBUG - number of tis tasks for <DagRun example_bash_operator @ 2023-09-24 07:18:01+00:00: manual__2023-09-24T07:18:01+00:00, state:running, queued_at: 2023-09-24 07:18:03.806398+00:00. externally triggered: True>: 4 task(s)
[2023-09-24T07:18:10.653+0000] {dagrun.py:755} DEBUG - number of scheduleable tasks for <DagRun example_bash_operator @ 2023-09-24 07:18:01+00:00: manual__2023-09-24T07:18:01+00:00, state:running, queued_at: 2023-09-24 07:18:03.806398+00:00. externally triggered: True>: 2 task(s)
[2023-09-24T07:18:10.654+0000] {taskinstance.py:954} DEBUG - Setting task state for <TaskInstance: example_bash_operator.run_this_last manual__2023-09-24T07:18:01+00:00 [None]> to skipped
[2023-09-24T07:18:10.655+0000] {taskinstance.py:1166} DEBUG - <TaskInstance: example_bash_operator.run_this_last manual__2023-09-24T07:18:01+00:00 [skipped]> dependency 'Trigger Rule' PASSED: False, Task's trigger rule 'all_success' requires all upstream tasks to have succeeded, but found 2 non-success(es). upstream_states=_UpstreamTIStates(success=1, skipped=1, failed=0, upstream_failed=0, removed=0, done=2, success_setup=0, skipped_setup=0), upstream_task_ids={'this_will_skip', 'run_after_loop', 'also_run_this'}
[2023-09-24T07:18:10.656+0000] {taskinstance.py:1147} DEBUG - Dependencies not met for <TaskInstance: example_bash_operator.run_this_last manual__2023-09-24T07:18:01+00:00 [skipped]>, dependency 'Trigger Rule' FAILED: Task's trigger rule 'all_success' requires all upstream tasks to have succeeded, but found 2 non-success(es). upstream_states=_UpstreamTIStates(success=1, skipped=1, failed=0, upstream_failed=0, removed=0, done=2, success_setup=0, skipped_setup=0), upstream_task_ids={'this_will_skip', 'run_after_loop', 'also_run_this'}
[2023-09-24T07:18:10.656+0000] {taskinstance.py:1166} DEBUG - <TaskInstance: example_bash_operator.run_this_last manual__2023-09-24T07:18:01+00:00 [skipped]> dependency 'Not In Retry Period' PASSED: True, The task instance was not marked for retrying.
[2023-09-24T07:18:10.657+0000] {taskinstance.py:1166} DEBUG - <TaskInstance: example_bash_operator.run_this_last manual__2023-09-24T07:18:01+00:00 [skipped]> dependency 'Previous Dagrun State' PASSED: True, The task did not have depends_on_past set.
[2023-09-24T07:18:10.657+0000] {taskinstance.py:1166} DEBUG - <TaskInstance: example_bash_operator.run_after_loop manual__2023-09-24T07:18:01+00:00 [None]> dependency 'Trigger Rule' PASSED: True, The task instance did not have any upstream tasks.
[2023-09-24T07:18:10.658+0000] {taskinstance.py:1166} DEBUG - <TaskInstance: example_bash_operator.run_after_loop manual__2023-09-24T07:18:01+00:00 [None]> dependency 'Not In Retry Period' PASSED: True, The task instance was not marked for retrying.
[2023-09-24T07:18:10.659+0000] {taskinstance.py:1166} DEBUG - <TaskInstance: example_bash_operator.run_after_loop manual__2023-09-24T07:18:01+00:00 [None]> dependency 'Previous Dagrun State' PASSED: True, The task did not have depends_on_past set.
[2023-09-24T07:18:10.659+0000] {taskinstance.py:1157} DEBUG - Dependencies all met for dep_context=None ti=<TaskInstance: example_bash_operator.run_after_loop manual__2023-09-24T07:18:01+00:00 [None]>
[2023-09-24T07:18:10.675+0000] {taskinstance.py:2776} INFO - 0 downstream tasks scheduled from follow-on schedule check
