[2023-09-24T08:19:55.549+0000] {param.py:354} DEBUG - Updating task params ({'example_key': 'example_value'}) with DagRun.conf ({'example_key': 'example_value'})
[2023-09-24T08:19:55.572+0000] {taskinstance.py:1092} DEBUG - previous_execution_date was called
[2023-09-24T08:19:55.648+0000] {__init__.py:51} DEBUG - Loading core task runner: StandardTaskRunner
[2023-09-24T08:19:55.684+0000] {param.py:354} DEBUG - Updating task params ({'example_key': 'example_value'}) with DagRun.conf ({'example_key': 'example_value'})
[2023-09-24T08:19:55.702+0000] {taskinstance.py:1092} DEBUG - previous_execution_date was called
[2023-09-24T08:19:55.716+0000] {base_task_runner.py:68} DEBUG - Planning to run as the  user
[2023-09-24T08:19:55.736+0000] {taskinstance.py:842} DEBUG - Refreshing TaskInstance <TaskInstance: example_bash_operator.runme_1 manual__2023-09-24T08:19:51+00:00 [queued]> from DB
[2023-09-24T08:19:55.786+0000] {taskinstance.py:1166} DEBUG - <TaskInstance: example_bash_operator.runme_1 manual__2023-09-24T08:19:51+00:00 [queued]> dependency 'Task Instance Not Running' PASSED: True, Task is not in running state.
[2023-09-24T08:19:55.786+0000] {taskinstance.py:1166} DEBUG - <TaskInstance: example_bash_operator.runme_1 manual__2023-09-24T08:19:51+00:00 [queued]> dependency 'Not In Retry Period' PASSED: True, The task instance was not marked for retrying.
[2023-09-24T08:19:55.787+0000] {taskinstance.py:1166} DEBUG - <TaskInstance: example_bash_operator.runme_1 manual__2023-09-24T08:19:51+00:00 [queued]> dependency 'Trigger Rule' PASSED: True, The task instance did not have any upstream tasks.
[2023-09-24T08:19:55.801+0000] {taskinstance.py:1166} DEBUG - <TaskInstance: example_bash_operator.runme_1 manual__2023-09-24T08:19:51+00:00 [queued]> dependency 'Task Instance State' PASSED: True, Task state queued was valid.
[2023-09-24T08:19:55.801+0000] {taskinstance.py:1166} DEBUG - <TaskInstance: example_bash_operator.runme_1 manual__2023-09-24T08:19:51+00:00 [queued]> dependency 'Previous Dagrun State' PASSED: True, The task did not have depends_on_past set.
[2023-09-24T08:19:55.802+0000] {taskinstance.py:1157} INFO - Dependencies all met for dep_context=non-requeueable deps ti=<TaskInstance: example_bash_operator.runme_1 manual__2023-09-24T08:19:51+00:00 [queued]>
[2023-09-24T08:19:55.807+0000] {taskinstance.py:1166} DEBUG - <TaskInstance: example_bash_operator.runme_1 manual__2023-09-24T08:19:51+00:00 [queued]> dependency 'Task Concurrency' PASSED: True, Task concurrency is not set.
[2023-09-24T08:19:55.807+0000] {taskinstance.py:1166} DEBUG - <TaskInstance: example_bash_operator.runme_1 manual__2023-09-24T08:19:51+00:00 [queued]> dependency 'Not In Retry Period' PASSED: True, The task instance was not marked for retrying.
[2023-09-24T08:19:55.820+0000] {taskinstance.py:1166} DEBUG - <TaskInstance: example_bash_operator.runme_1 manual__2023-09-24T08:19:51+00:00 [queued]> dependency 'Pool Slots Available' PASSED: True, There are enough open slots in default_pool to execute the task
[2023-09-24T08:19:55.821+0000] {taskinstance.py:1166} DEBUG - <TaskInstance: example_bash_operator.runme_1 manual__2023-09-24T08:19:51+00:00 [queued]> dependency 'Trigger Rule' PASSED: True, The task instance did not have any upstream tasks.
[2023-09-24T08:19:55.821+0000] {taskinstance.py:1166} DEBUG - <TaskInstance: example_bash_operator.runme_1 manual__2023-09-24T08:19:51+00:00 [queued]> dependency 'Previous Dagrun State' PASSED: True, The task did not have depends_on_past set.
[2023-09-24T08:19:55.822+0000] {taskinstance.py:1157} INFO - Dependencies all met for dep_context=requeueable deps ti=<TaskInstance: example_bash_operator.runme_1 manual__2023-09-24T08:19:51+00:00 [queued]>
[2023-09-24T08:19:55.822+0000] {taskinstance.py:1359} INFO - Starting attempt 1 of 1
[2023-09-24T08:19:55.855+0000] {taskinstance.py:1380} INFO - Executing <Task(BashOperator): runme_1> on 2023-09-24 08:19:51+00:00
[2023-09-24T08:19:55.870+0000] {standard_task_runner.py:57} INFO - Started process 1722 to run task
[2023-09-24T08:19:55.877+0000] {standard_task_runner.py:84} INFO - Running: ['***', 'tasks', 'run', 'example_bash_operator', 'runme_1', 'manual__2023-09-24T08:19:51+00:00', '--job-id', '62', '--raw', '--subdir', 'DAGS_FOLDER/example_bashoperator.py', '--cfg-path', '/tmp/tmpnsjxrugc']
[2023-09-24T08:19:55.882+0000] {standard_task_runner.py:85} INFO - Job 62: Subtask runme_1
[2023-09-24T08:19:55.883+0000] {cli_action_loggers.py:67} DEBUG - Calling callbacks: [<function default_action_log at 0x7f199406d550>]
[2023-09-24T08:19:55.973+0000] {param.py:354} DEBUG - Updating task params ({'example_key': 'example_value'}) with DagRun.conf ({'example_key': 'example_value'})
[2023-09-24T08:19:55.985+0000] {taskinstance.py:1092} DEBUG - previous_execution_date was called
[2023-09-24T08:19:55.998+0000] {task_command.py:415} INFO - Running <TaskInstance: example_bash_operator.runme_1 manual__2023-09-24T08:19:51+00:00 [running]> on host 99e69330c0f0
[2023-09-24T08:19:55.998+0000] {settings.py:353} DEBUG - Disposing DB connection pool (PID 1722)
[2023-09-24T08:19:55.999+0000] {settings.py:212} DEBUG - Setting up DB connection pool (PID 1722)
[2023-09-24T08:19:55.999+0000] {settings.py:285} DEBUG - settings.prepare_engine_args(): Using NullPool
[2023-09-24T08:19:56.002+0000] {taskinstance.py:842} DEBUG - Refreshing TaskInstance <TaskInstance: example_bash_operator.runme_1 manual__2023-09-24T08:19:51+00:00 [running]> from DB
[2023-09-24T08:19:56.072+0000] {param.py:354} DEBUG - Updating task params ({'example_key': 'example_value'}) with DagRun.conf ({'example_key': 'example_value'})
[2023-09-24T08:19:56.096+0000] {taskinstance.py:1092} DEBUG - previous_execution_date was called
[2023-09-24T08:19:56.127+0000] {taskinstance.py:923} DEBUG - Clearing XCom data
[2023-09-24T08:19:56.152+0000] {retries.py:93} DEBUG - Running RenderedTaskInstanceFields.write with retries. Try 1 of 3
[2023-09-24T08:19:56.232+0000] {retries.py:93} DEBUG - Running RenderedTaskInstanceFields._do_delete_old_records with retries. Try 1 of 3
[2023-09-24T08:19:56.253+0000] {taskinstance.py:1660} INFO - Exporting env vars: AIRFLOW_CTX_DAG_OWNER='***' AIRFLOW_CTX_DAG_ID='example_bash_operator' AIRFLOW_CTX_TASK_ID='runme_1' AIRFLOW_CTX_EXECUTION_DATE='2023-09-24T08:19:51+00:00' AIRFLOW_CTX_TRY_NUMBER='1' AIRFLOW_CTX_DAG_RUN_ID='manual__2023-09-24T08:19:51+00:00'
[2023-09-24T08:19:56.254+0000] {__init__.py:116} DEBUG - Preparing lineage inlets and outlets
[2023-09-24T08:19:56.254+0000] {__init__.py:157} DEBUG - inlets: [], outlets: []
[2023-09-24T08:19:56.256+0000] {bash.py:186} DEBUG - Exporting env vars: AIRFLOW_CTX_DAG_OWNER='***' AIRFLOW_CTX_DAG_ID='example_bash_operator' AIRFLOW_CTX_TASK_ID='runme_1' AIRFLOW_CTX_EXECUTION_DATE='2023-09-24T08:19:51+00:00' AIRFLOW_CTX_TRY_NUMBER='1' AIRFLOW_CTX_DAG_RUN_ID='manual__2023-09-24T08:19:51+00:00'
[2023-09-24T08:19:56.260+0000] {subprocess.py:63} INFO - Tmp dir root location: /tmp
[2023-09-24T08:19:56.261+0000] {subprocess.py:75} INFO - Running command: ['/bin/bash', '-c', 'echo "example_bash_operator__runme_1__20230924" && sleep 1']
[2023-09-24T08:19:56.283+0000] {subprocess.py:86} INFO - Output:
[2023-09-24T08:19:56.284+0000] {subprocess.py:93} INFO - example_bash_operator__runme_1__20230924
[2023-09-24T08:19:57.294+0000] {subprocess.py:97} INFO - Command exited with return code 0
[2023-09-24T08:19:57.318+0000] {__init__.py:74} DEBUG - Lineage called with inlets: [], outlets: []
[2023-09-24T08:19:57.319+0000] {taskinstance.py:842} DEBUG - Refreshing TaskInstance <TaskInstance: example_bash_operator.runme_1 manual__2023-09-24T08:19:51+00:00 [running]> from DB
[2023-09-24T08:19:57.339+0000] {taskinstance.py:1456} DEBUG - Clearing next_method and next_kwargs.
[2023-09-24T08:19:57.340+0000] {taskinstance.py:1398} INFO - Marking task as SUCCESS. dag_id=example_bash_operator, task_id=runme_1, execution_date=20230924T081951, start_date=20230924T081955, end_date=20230924T081957
[2023-09-24T08:19:57.340+0000] {taskinstance.py:2428} DEBUG - Task Duration set to 1.537694
[2023-09-24T08:19:57.368+0000] {cli_action_loggers.py:85} DEBUG - Calling callbacks: []
[2023-09-24T08:19:57.398+0000] {local_task_job_runner.py:228} INFO - Task exited with return code 0
[2023-09-24T08:19:57.440+0000] {dagrun.py:734} DEBUG - number of tis tasks for <DagRun example_bash_operator @ 2023-09-24 08:19:51+00:00: manual__2023-09-24T08:19:51+00:00, state:running, queued_at: 2023-09-24 08:19:53.565673+00:00. externally triggered: True>: 7 task(s)
[2023-09-24T08:19:57.441+0000] {dagrun.py:755} DEBUG - number of scheduleable tasks for <DagRun example_bash_operator @ 2023-09-24 08:19:51+00:00: manual__2023-09-24T08:19:51+00:00, state:running, queued_at: 2023-09-24 08:19:53.565673+00:00. externally triggered: True>: 1 task(s)
[2023-09-24T08:19:57.442+0000] {taskinstance.py:1166} DEBUG - <TaskInstance: example_bash_operator.run_after_loop manual__2023-09-24T08:19:51+00:00 [None]> dependency 'Not In Retry Period' PASSED: True, The task instance was not marked for retrying.
[2023-09-24T08:19:57.442+0000] {taskinstance.py:1166} DEBUG - <TaskInstance: example_bash_operator.run_after_loop manual__2023-09-24T08:19:51+00:00 [None]> dependency 'Previous Dagrun State' PASSED: True, The task did not have depends_on_past set.
[2023-09-24T08:19:57.442+0000] {taskinstance.py:1157} DEBUG - Dependencies all met for dep_context=None ti=<TaskInstance: example_bash_operator.run_after_loop manual__2023-09-24T08:19:51+00:00 [None]>
[2023-09-24T08:19:57.449+0000] {taskinstance.py:2776} INFO - 1 downstream tasks scheduled from follow-on schedule check
