[2023-09-24T08:19:55.579+0000] {param.py:354} DEBUG - Updating task params ({'example_key': 'example_value'}) with DagRun.conf ({'example_key': 'example_value'})
[2023-09-24T08:19:55.599+0000] {taskinstance.py:1092} DEBUG - previous_execution_date was called
[2023-09-24T08:19:55.671+0000] {__init__.py:51} DEBUG - Loading core task runner: StandardTaskRunner
[2023-09-24T08:19:55.703+0000] {param.py:354} DEBUG - Updating task params ({'example_key': 'example_value'}) with DagRun.conf ({'example_key': 'example_value'})
[2023-09-24T08:19:55.714+0000] {taskinstance.py:1092} DEBUG - previous_execution_date was called
[2023-09-24T08:19:55.726+0000] {base_task_runner.py:68} DEBUG - Planning to run as the  user
[2023-09-24T08:19:55.738+0000] {taskinstance.py:842} DEBUG - Refreshing TaskInstance <TaskInstance: example_bash_operator.runme_0 manual__2023-09-24T08:19:51+00:00 [queued]> from DB
[2023-09-24T08:19:55.778+0000] {taskinstance.py:1166} DEBUG - <TaskInstance: example_bash_operator.runme_0 manual__2023-09-24T08:19:51+00:00 [queued]> dependency 'Task Instance Not Running' PASSED: True, Task is not in running state.
[2023-09-24T08:19:55.779+0000] {taskinstance.py:1166} DEBUG - <TaskInstance: example_bash_operator.runme_0 manual__2023-09-24T08:19:51+00:00 [queued]> dependency 'Not In Retry Period' PASSED: True, The task instance was not marked for retrying.
[2023-09-24T08:19:55.779+0000] {taskinstance.py:1166} DEBUG - <TaskInstance: example_bash_operator.runme_0 manual__2023-09-24T08:19:51+00:00 [queued]> dependency 'Trigger Rule' PASSED: True, The task instance did not have any upstream tasks.
[2023-09-24T08:19:55.806+0000] {taskinstance.py:1166} DEBUG - <TaskInstance: example_bash_operator.runme_0 manual__2023-09-24T08:19:51+00:00 [queued]> dependency 'Task Instance State' PASSED: True, Task state queued was valid.
[2023-09-24T08:19:55.807+0000] {taskinstance.py:1166} DEBUG - <TaskInstance: example_bash_operator.runme_0 manual__2023-09-24T08:19:51+00:00 [queued]> dependency 'Previous Dagrun State' PASSED: True, The task did not have depends_on_past set.
[2023-09-24T08:19:55.807+0000] {taskinstance.py:1157} INFO - Dependencies all met for dep_context=non-requeueable deps ti=<TaskInstance: example_bash_operator.runme_0 manual__2023-09-24T08:19:51+00:00 [queued]>
[2023-09-24T08:19:55.813+0000] {taskinstance.py:1166} DEBUG - <TaskInstance: example_bash_operator.runme_0 manual__2023-09-24T08:19:51+00:00 [queued]> dependency 'Task Concurrency' PASSED: True, Task concurrency is not set.
[2023-09-24T08:19:55.813+0000] {taskinstance.py:1166} DEBUG - <TaskInstance: example_bash_operator.runme_0 manual__2023-09-24T08:19:51+00:00 [queued]> dependency 'Not In Retry Period' PASSED: True, The task instance was not marked for retrying.
[2023-09-24T08:19:55.825+0000] {taskinstance.py:1166} DEBUG - <TaskInstance: example_bash_operator.runme_0 manual__2023-09-24T08:19:51+00:00 [queued]> dependency 'Pool Slots Available' PASSED: True, There are enough open slots in default_pool to execute the task
[2023-09-24T08:19:55.826+0000] {taskinstance.py:1166} DEBUG - <TaskInstance: example_bash_operator.runme_0 manual__2023-09-24T08:19:51+00:00 [queued]> dependency 'Trigger Rule' PASSED: True, The task instance did not have any upstream tasks.
[2023-09-24T08:19:55.826+0000] {taskinstance.py:1166} DEBUG - <TaskInstance: example_bash_operator.runme_0 manual__2023-09-24T08:19:51+00:00 [queued]> dependency 'Previous Dagrun State' PASSED: True, The task did not have depends_on_past set.
[2023-09-24T08:19:55.827+0000] {taskinstance.py:1157} INFO - Dependencies all met for dep_context=requeueable deps ti=<TaskInstance: example_bash_operator.runme_0 manual__2023-09-24T08:19:51+00:00 [queued]>
[2023-09-24T08:19:55.827+0000] {taskinstance.py:1359} INFO - Starting attempt 1 of 1
[2023-09-24T08:19:55.857+0000] {taskinstance.py:1380} INFO - Executing <Task(BashOperator): runme_0> on 2023-09-24 08:19:51+00:00
[2023-09-24T08:19:55.866+0000] {standard_task_runner.py:57} INFO - Started process 1721 to run task
[2023-09-24T08:19:55.875+0000] {standard_task_runner.py:84} INFO - Running: ['***', 'tasks', 'run', 'example_bash_operator', 'runme_0', 'manual__2023-09-24T08:19:51+00:00', '--job-id', '63', '--raw', '--subdir', 'DAGS_FOLDER/example_bashoperator.py', '--cfg-path', '/tmp/tmp0uprqphu']
[2023-09-24T08:19:55.878+0000] {standard_task_runner.py:85} INFO - Job 63: Subtask runme_0
[2023-09-24T08:19:55.882+0000] {cli_action_loggers.py:67} DEBUG - Calling callbacks: [<function default_action_log at 0x7f199406d550>]
[2023-09-24T08:19:56.015+0000] {param.py:354} DEBUG - Updating task params ({'example_key': 'example_value'}) with DagRun.conf ({'example_key': 'example_value'})
[2023-09-24T08:19:56.037+0000] {taskinstance.py:1092} DEBUG - previous_execution_date was called
[2023-09-24T08:19:56.049+0000] {task_command.py:415} INFO - Running <TaskInstance: example_bash_operator.runme_0 manual__2023-09-24T08:19:51+00:00 [running]> on host 99e69330c0f0
[2023-09-24T08:19:56.051+0000] {settings.py:353} DEBUG - Disposing DB connection pool (PID 1721)
[2023-09-24T08:19:56.052+0000] {settings.py:212} DEBUG - Setting up DB connection pool (PID 1721)
[2023-09-24T08:19:56.053+0000] {settings.py:285} DEBUG - settings.prepare_engine_args(): Using NullPool
[2023-09-24T08:19:56.056+0000] {taskinstance.py:842} DEBUG - Refreshing TaskInstance <TaskInstance: example_bash_operator.runme_0 manual__2023-09-24T08:19:51+00:00 [running]> from DB
[2023-09-24T08:19:56.114+0000] {param.py:354} DEBUG - Updating task params ({'example_key': 'example_value'}) with DagRun.conf ({'example_key': 'example_value'})
[2023-09-24T08:19:56.141+0000] {taskinstance.py:1092} DEBUG - previous_execution_date was called
[2023-09-24T08:19:56.157+0000] {taskinstance.py:923} DEBUG - Clearing XCom data
[2023-09-24T08:19:56.168+0000] {retries.py:93} DEBUG - Running RenderedTaskInstanceFields.write with retries. Try 1 of 3
[2023-09-24T08:19:56.236+0000] {retries.py:93} DEBUG - Running RenderedTaskInstanceFields._do_delete_old_records with retries. Try 1 of 3
[2023-09-24T08:19:56.275+0000] {taskinstance.py:1660} INFO - Exporting env vars: AIRFLOW_CTX_DAG_OWNER='***' AIRFLOW_CTX_DAG_ID='example_bash_operator' AIRFLOW_CTX_TASK_ID='runme_0' AIRFLOW_CTX_EXECUTION_DATE='2023-09-24T08:19:51+00:00' AIRFLOW_CTX_TRY_NUMBER='1' AIRFLOW_CTX_DAG_RUN_ID='manual__2023-09-24T08:19:51+00:00'
[2023-09-24T08:19:56.275+0000] {__init__.py:116} DEBUG - Preparing lineage inlets and outlets
[2023-09-24T08:19:56.279+0000] {__init__.py:157} DEBUG - inlets: [], outlets: []
[2023-09-24T08:19:56.280+0000] {bash.py:186} DEBUG - Exporting env vars: AIRFLOW_CTX_DAG_OWNER='***' AIRFLOW_CTX_DAG_ID='example_bash_operator' AIRFLOW_CTX_TASK_ID='runme_0' AIRFLOW_CTX_EXECUTION_DATE='2023-09-24T08:19:51+00:00' AIRFLOW_CTX_TRY_NUMBER='1' AIRFLOW_CTX_DAG_RUN_ID='manual__2023-09-24T08:19:51+00:00'
[2023-09-24T08:19:56.281+0000] {subprocess.py:63} INFO - Tmp dir root location: /tmp
[2023-09-24T08:19:56.282+0000] {subprocess.py:75} INFO - Running command: ['/bin/bash', '-c', 'echo "example_bash_operator__runme_0__20230924" && sleep 1']
[2023-09-24T08:19:56.310+0000] {subprocess.py:86} INFO - Output:
[2023-09-24T08:19:56.311+0000] {subprocess.py:93} INFO - example_bash_operator__runme_0__20230924
[2023-09-24T08:19:57.310+0000] {subprocess.py:97} INFO - Command exited with return code 0
[2023-09-24T08:19:57.346+0000] {__init__.py:74} DEBUG - Lineage called with inlets: [], outlets: []
[2023-09-24T08:19:57.346+0000] {taskinstance.py:842} DEBUG - Refreshing TaskInstance <TaskInstance: example_bash_operator.runme_0 manual__2023-09-24T08:19:51+00:00 [running]> from DB
[2023-09-24T08:19:57.374+0000] {taskinstance.py:1456} DEBUG - Clearing next_method and next_kwargs.
[2023-09-24T08:19:57.375+0000] {taskinstance.py:1398} INFO - Marking task as SUCCESS. dag_id=example_bash_operator, task_id=runme_0, execution_date=20230924T081951, start_date=20230924T081955, end_date=20230924T081957
[2023-09-24T08:19:57.375+0000] {taskinstance.py:2428} DEBUG - Task Duration set to 1.567189
[2023-09-24T08:19:57.400+0000] {cli_action_loggers.py:85} DEBUG - Calling callbacks: []
[2023-09-24T08:19:57.448+0000] {local_task_job_runner.py:228} INFO - Task exited with return code 0
[2023-09-24T08:19:57.508+0000] {dagrun.py:734} DEBUG - number of tis tasks for <DagRun example_bash_operator @ 2023-09-24 08:19:51+00:00: manual__2023-09-24T08:19:51+00:00, state:running, queued_at: 2023-09-24 08:19:53.565673+00:00. externally triggered: True>: 7 task(s)
[2023-09-24T08:19:57.509+0000] {dagrun.py:755} DEBUG - number of scheduleable tasks for <DagRun example_bash_operator @ 2023-09-24 08:19:51+00:00: manual__2023-09-24T08:19:51+00:00, state:running, queued_at: 2023-09-24 08:19:53.565673+00:00. externally triggered: True>: 0 task(s)
[2023-09-24T08:19:57.509+0000] {taskinstance.py:2776} INFO - 0 downstream tasks scheduled from follow-on schedule check
