[2023-09-24T07:18:13.880+0000] {param.py:354} DEBUG - Updating task params ({'example_key': 'example_value'}) with DagRun.conf ({'example_key': 'example_value'})
[2023-09-24T07:18:13.903+0000] {taskinstance.py:1092} DEBUG - previous_execution_date was called
[2023-09-24T07:18:13.968+0000] {__init__.py:51} DEBUG - Loading core task runner: StandardTaskRunner
[2023-09-24T07:18:13.996+0000] {param.py:354} DEBUG - Updating task params ({'example_key': 'example_value'}) with DagRun.conf ({'example_key': 'example_value'})
[2023-09-24T07:18:14.012+0000] {taskinstance.py:1092} DEBUG - previous_execution_date was called
[2023-09-24T07:18:14.030+0000] {base_task_runner.py:68} DEBUG - Planning to run as the  user
[2023-09-24T07:18:14.076+0000] {taskinstance.py:842} DEBUG - Refreshing TaskInstance <TaskInstance: example_bash_operator.run_after_loop manual__2023-09-24T07:18:01+00:00 [queued]> from DB
[2023-09-24T07:18:14.132+0000] {taskinstance.py:1166} DEBUG - <TaskInstance: example_bash_operator.run_after_loop manual__2023-09-24T07:18:01+00:00 [queued]> dependency 'Task Instance Not Running' PASSED: True, Task is not in running state.
[2023-09-24T07:18:14.133+0000] {taskinstance.py:1166} DEBUG - <TaskInstance: example_bash_operator.run_after_loop manual__2023-09-24T07:18:01+00:00 [queued]> dependency 'Not In Retry Period' PASSED: True, The task instance was not marked for retrying.
[2023-09-24T07:18:14.158+0000] {taskinstance.py:1166} DEBUG - <TaskInstance: example_bash_operator.run_after_loop manual__2023-09-24T07:18:01+00:00 [queued]> dependency 'Task Instance State' PASSED: True, Task state queued was valid.
[2023-09-24T07:18:14.160+0000] {taskinstance.py:1166} DEBUG - <TaskInstance: example_bash_operator.run_after_loop manual__2023-09-24T07:18:01+00:00 [queued]> dependency 'Previous Dagrun State' PASSED: True, The task did not have depends_on_past set.
[2023-09-24T07:18:14.161+0000] {taskinstance.py:1157} INFO - Dependencies all met for dep_context=non-requeueable deps ti=<TaskInstance: example_bash_operator.run_after_loop manual__2023-09-24T07:18:01+00:00 [queued]>
[2023-09-24T07:18:14.171+0000] {taskinstance.py:1166} DEBUG - <TaskInstance: example_bash_operator.run_after_loop manual__2023-09-24T07:18:01+00:00 [queued]> dependency 'Task Concurrency' PASSED: True, Task concurrency is not set.
[2023-09-24T07:18:14.172+0000] {taskinstance.py:1166} DEBUG - <TaskInstance: example_bash_operator.run_after_loop manual__2023-09-24T07:18:01+00:00 [queued]> dependency 'Not In Retry Period' PASSED: True, The task instance was not marked for retrying.
[2023-09-24T07:18:14.200+0000] {taskinstance.py:1166} DEBUG - <TaskInstance: example_bash_operator.run_after_loop manual__2023-09-24T07:18:01+00:00 [queued]> dependency 'Pool Slots Available' PASSED: True, There are enough open slots in default_pool to execute the task
[2023-09-24T07:18:14.202+0000] {taskinstance.py:1166} DEBUG - <TaskInstance: example_bash_operator.run_after_loop manual__2023-09-24T07:18:01+00:00 [queued]> dependency 'Previous Dagrun State' PASSED: True, The task did not have depends_on_past set.
[2023-09-24T07:18:14.203+0000] {taskinstance.py:1157} INFO - Dependencies all met for dep_context=requeueable deps ti=<TaskInstance: example_bash_operator.run_after_loop manual__2023-09-24T07:18:01+00:00 [queued]>
[2023-09-24T07:18:14.203+0000] {taskinstance.py:1359} INFO - Starting attempt 1 of 1
[2023-09-24T07:18:14.278+0000] {taskinstance.py:1380} INFO - Executing <Task(BashOperator): run_after_loop> on 2023-09-24 07:18:01+00:00
[2023-09-24T07:18:14.331+0000] {standard_task_runner.py:57} INFO - Started process 826 to run task
[2023-09-24T07:18:14.379+0000] {standard_task_runner.py:84} INFO - Running: ['***', 'tasks', 'run', 'example_bash_operator', 'run_after_loop', 'manual__2023-09-24T07:18:01+00:00', '--job-id', '58', '--raw', '--subdir', 'DAGS_FOLDER/example_bashoperator.py', '--cfg-path', '/tmp/tmpngkqevzn']
[2023-09-24T07:18:14.390+0000] {standard_task_runner.py:85} INFO - Job 58: Subtask run_after_loop
[2023-09-24T07:18:14.402+0000] {cli_action_loggers.py:67} DEBUG - Calling callbacks: [<function default_action_log at 0x7f199406d550>]
[2023-09-24T07:18:14.634+0000] {param.py:354} DEBUG - Updating task params ({'example_key': 'example_value'}) with DagRun.conf ({'example_key': 'example_value'})
[2023-09-24T07:18:14.658+0000] {taskinstance.py:1092} DEBUG - previous_execution_date was called
[2023-09-24T07:18:14.684+0000] {task_command.py:415} INFO - Running <TaskInstance: example_bash_operator.run_after_loop manual__2023-09-24T07:18:01+00:00 [running]> on host 99e69330c0f0
[2023-09-24T07:18:14.685+0000] {settings.py:353} DEBUG - Disposing DB connection pool (PID 826)
[2023-09-24T07:18:14.687+0000] {settings.py:212} DEBUG - Setting up DB connection pool (PID 826)
[2023-09-24T07:18:14.689+0000] {settings.py:285} DEBUG - settings.prepare_engine_args(): Using NullPool
[2023-09-24T07:18:14.694+0000] {taskinstance.py:842} DEBUG - Refreshing TaskInstance <TaskInstance: example_bash_operator.run_after_loop manual__2023-09-24T07:18:01+00:00 [running]> from DB
[2023-09-24T07:18:14.793+0000] {param.py:354} DEBUG - Updating task params ({'example_key': 'example_value'}) with DagRun.conf ({'example_key': 'example_value'})
[2023-09-24T07:18:14.826+0000] {taskinstance.py:1092} DEBUG - previous_execution_date was called
[2023-09-24T07:18:14.857+0000] {taskinstance.py:923} DEBUG - Clearing XCom data
[2023-09-24T07:18:14.875+0000] {retries.py:93} DEBUG - Running RenderedTaskInstanceFields.write with retries. Try 1 of 3
[2023-09-24T07:18:14.963+0000] {retries.py:93} DEBUG - Running RenderedTaskInstanceFields._do_delete_old_records with retries. Try 1 of 3
[2023-09-24T07:18:14.997+0000] {taskinstance.py:1660} INFO - Exporting env vars: AIRFLOW_CTX_DAG_OWNER='***' AIRFLOW_CTX_DAG_ID='example_bash_operator' AIRFLOW_CTX_TASK_ID='run_after_loop' AIRFLOW_CTX_EXECUTION_DATE='2023-09-24T07:18:01+00:00' AIRFLOW_CTX_TRY_NUMBER='1' AIRFLOW_CTX_DAG_RUN_ID='manual__2023-09-24T07:18:01+00:00'
[2023-09-24T07:18:14.998+0000] {__init__.py:116} DEBUG - Preparing lineage inlets and outlets
[2023-09-24T07:18:14.999+0000] {__init__.py:157} DEBUG - inlets: [], outlets: []
[2023-09-24T07:18:15.004+0000] {bash.py:186} DEBUG - Exporting env vars: AIRFLOW_CTX_DAG_OWNER='***' AIRFLOW_CTX_DAG_ID='example_bash_operator' AIRFLOW_CTX_TASK_ID='run_after_loop' AIRFLOW_CTX_EXECUTION_DATE='2023-09-24T07:18:01+00:00' AIRFLOW_CTX_TRY_NUMBER='1' AIRFLOW_CTX_DAG_RUN_ID='manual__2023-09-24T07:18:01+00:00'
[2023-09-24T07:18:15.006+0000] {subprocess.py:63} INFO - Tmp dir root location: /tmp
[2023-09-24T07:18:15.008+0000] {subprocess.py:75} INFO - Running command: ['/bin/bash', '-c', 'echo 1']
[2023-09-24T07:18:15.038+0000] {subprocess.py:86} INFO - Output:
[2023-09-24T07:18:15.045+0000] {subprocess.py:93} INFO - 1
[2023-09-24T07:18:15.045+0000] {subprocess.py:97} INFO - Command exited with return code 0
[2023-09-24T07:18:15.089+0000] {__init__.py:74} DEBUG - Lineage called with inlets: [], outlets: []
[2023-09-24T07:18:15.090+0000] {taskinstance.py:842} DEBUG - Refreshing TaskInstance <TaskInstance: example_bash_operator.run_after_loop manual__2023-09-24T07:18:01+00:00 [running]> from DB
[2023-09-24T07:18:15.123+0000] {taskinstance.py:1456} DEBUG - Clearing next_method and next_kwargs.
[2023-09-24T07:18:15.124+0000] {taskinstance.py:1398} INFO - Marking task as SUCCESS. dag_id=example_bash_operator, task_id=run_after_loop, execution_date=20230924T071801, start_date=20230924T071814, end_date=20230924T071815
[2023-09-24T07:18:15.125+0000] {taskinstance.py:2428} DEBUG - Task Duration set to 0.961815
[2023-09-24T07:18:15.155+0000] {cli_action_loggers.py:85} DEBUG - Calling callbacks: []
[2023-09-24T07:18:15.176+0000] {local_task_job_runner.py:228} INFO - Task exited with return code 0
[2023-09-24T07:18:15.230+0000] {dagrun.py:734} DEBUG - number of tis tasks for <DagRun example_bash_operator @ 2023-09-24 07:18:01+00:00: manual__2023-09-24T07:18:01+00:00, state:running, queued_at: 2023-09-24 07:18:03.806398+00:00. externally triggered: True>: 4 task(s)
[2023-09-24T07:18:15.231+0000] {taskinstance.py:2776} INFO - 0 downstream tasks scheduled from follow-on schedule check
