[2023-09-24T05:00:21.194+0000] {processor.py:157} INFO - Started process (PID=72) to work on /home/airflow/.local/lib/python3.8/site-packages/airflow/example_dags/example_trigger_target_dag.py
[2023-09-24T05:00:21.196+0000] {processor.py:829} INFO - Processing file /home/airflow/.local/lib/python3.8/site-packages/airflow/example_dags/example_trigger_target_dag.py for tasks to queue
[2023-09-24T05:00:21.200+0000] {logging_mixin.py:151} INFO - [2023-09-24T05:00:21.199+0000] {dagbag.py:539} INFO - Filling up the DagBag from /home/airflow/.local/lib/python3.8/site-packages/airflow/example_dags/example_trigger_target_dag.py
[2023-09-24T05:00:21.211+0000] {processor.py:839} INFO - DAG(s) dict_keys(['example_trigger_target_dag']) retrieved from /home/airflow/.local/lib/python3.8/site-packages/airflow/example_dags/example_trigger_target_dag.py
[2023-09-24T05:00:21.447+0000] {logging_mixin.py:151} INFO - [2023-09-24T05:00:21.446+0000] {manager.py:499} INFO - Created Permission View: %s
[2023-09-24T05:00:21.467+0000] {logging_mixin.py:151} INFO - [2023-09-24T05:00:21.466+0000] {manager.py:499} INFO - Created Permission View: %s
[2023-09-24T05:00:21.478+0000] {logging_mixin.py:151} INFO - [2023-09-24T05:00:21.478+0000] {manager.py:499} INFO - Created Permission View: %s
[2023-09-24T05:00:21.478+0000] {logging_mixin.py:151} INFO - [2023-09-24T05:00:21.478+0000] {security.py:708} INFO - Not syncing DAG-level permissions for DAG 'DAG:example_trigger_target_dag' as access control is unset.
[2023-09-24T05:00:21.479+0000] {logging_mixin.py:151} INFO - [2023-09-24T05:00:21.479+0000] {dag.py:2915} INFO - Sync 1 DAGs
[2023-09-24T05:00:21.511+0000] {logging_mixin.py:151} INFO - [2023-09-24T05:00:21.511+0000] {dag.py:2937} INFO - Creating ORM DAG for example_trigger_target_dag
[2023-09-24T05:00:21.512+0000] {logging_mixin.py:151} INFO - [2023-09-24T05:00:21.512+0000] {dag.py:3696} INFO - Setting next_dagrun for example_trigger_target_dag to None, run_after=None
[2023-09-24T05:00:21.547+0000] {processor.py:179} INFO - Processing /home/airflow/.local/lib/python3.8/site-packages/airflow/example_dags/example_trigger_target_dag.py took 0.359 seconds
[2023-09-24T05:00:52.503+0000] {processor.py:157} INFO - Started process (PID=126) to work on /home/airflow/.local/lib/python3.8/site-packages/airflow/example_dags/example_trigger_target_dag.py
[2023-09-24T05:00:52.504+0000] {processor.py:829} INFO - Processing file /home/airflow/.local/lib/python3.8/site-packages/airflow/example_dags/example_trigger_target_dag.py for tasks to queue
[2023-09-24T05:00:52.508+0000] {logging_mixin.py:151} INFO - [2023-09-24T05:00:52.507+0000] {dagbag.py:539} INFO - Filling up the DagBag from /home/airflow/.local/lib/python3.8/site-packages/airflow/example_dags/example_trigger_target_dag.py
[2023-09-24T05:00:52.516+0000] {processor.py:839} INFO - DAG(s) dict_keys(['example_trigger_target_dag']) retrieved from /home/airflow/.local/lib/python3.8/site-packages/airflow/example_dags/example_trigger_target_dag.py
[2023-09-24T05:00:52.546+0000] {logging_mixin.py:151} INFO - [2023-09-24T05:00:52.546+0000] {dag.py:2915} INFO - Sync 1 DAGs
[2023-09-24T05:00:52.568+0000] {logging_mixin.py:151} INFO - [2023-09-24T05:00:52.567+0000] {dag.py:3696} INFO - Setting next_dagrun for example_trigger_target_dag to None, run_after=None
[2023-09-24T05:00:52.593+0000] {processor.py:179} INFO - Processing /home/airflow/.local/lib/python3.8/site-packages/airflow/example_dags/example_trigger_target_dag.py took 0.094 seconds
[2023-09-24T05:01:22.851+0000] {processor.py:157} INFO - Started process (PID=180) to work on /home/airflow/.local/lib/python3.8/site-packages/airflow/example_dags/example_trigger_target_dag.py
[2023-09-24T05:01:22.852+0000] {processor.py:829} INFO - Processing file /home/airflow/.local/lib/python3.8/site-packages/airflow/example_dags/example_trigger_target_dag.py for tasks to queue
[2023-09-24T05:01:22.855+0000] {logging_mixin.py:151} INFO - [2023-09-24T05:01:22.855+0000] {dagbag.py:539} INFO - Filling up the DagBag from /home/airflow/.local/lib/python3.8/site-packages/airflow/example_dags/example_trigger_target_dag.py
[2023-09-24T05:01:22.862+0000] {processor.py:839} INFO - DAG(s) dict_keys(['example_trigger_target_dag']) retrieved from /home/airflow/.local/lib/python3.8/site-packages/airflow/example_dags/example_trigger_target_dag.py
[2023-09-24T05:01:22.893+0000] {logging_mixin.py:151} INFO - [2023-09-24T05:01:22.893+0000] {dag.py:2915} INFO - Sync 1 DAGs
[2023-09-24T05:01:22.919+0000] {logging_mixin.py:151} INFO - [2023-09-24T05:01:22.919+0000] {dag.py:3696} INFO - Setting next_dagrun for example_trigger_target_dag to None, run_after=None
[2023-09-24T05:01:22.944+0000] {processor.py:179} INFO - Processing /home/airflow/.local/lib/python3.8/site-packages/airflow/example_dags/example_trigger_target_dag.py took 0.098 seconds
[2023-09-24T05:01:53.190+0000] {processor.py:157} INFO - Started process (PID=234) to work on /home/airflow/.local/lib/python3.8/site-packages/airflow/example_dags/example_trigger_target_dag.py
[2023-09-24T05:01:53.191+0000] {processor.py:829} INFO - Processing file /home/airflow/.local/lib/python3.8/site-packages/airflow/example_dags/example_trigger_target_dag.py for tasks to queue
[2023-09-24T05:01:53.195+0000] {logging_mixin.py:151} INFO - [2023-09-24T05:01:53.194+0000] {dagbag.py:539} INFO - Filling up the DagBag from /home/airflow/.local/lib/python3.8/site-packages/airflow/example_dags/example_trigger_target_dag.py
[2023-09-24T05:01:53.203+0000] {processor.py:839} INFO - DAG(s) dict_keys(['example_trigger_target_dag']) retrieved from /home/airflow/.local/lib/python3.8/site-packages/airflow/example_dags/example_trigger_target_dag.py
[2023-09-24T05:01:53.235+0000] {logging_mixin.py:151} INFO - [2023-09-24T05:01:53.235+0000] {dag.py:2915} INFO - Sync 1 DAGs
[2023-09-24T05:01:53.255+0000] {logging_mixin.py:151} INFO - [2023-09-24T05:01:53.255+0000] {dag.py:3696} INFO - Setting next_dagrun for example_trigger_target_dag to None, run_after=None
[2023-09-24T05:01:53.281+0000] {processor.py:179} INFO - Processing /home/airflow/.local/lib/python3.8/site-packages/airflow/example_dags/example_trigger_target_dag.py took 0.096 seconds
[2023-09-24T05:02:23.798+0000] {processor.py:157} INFO - Started process (PID=288) to work on /home/airflow/.local/lib/python3.8/site-packages/airflow/example_dags/example_trigger_target_dag.py
[2023-09-24T05:02:23.799+0000] {processor.py:829} INFO - Processing file /home/airflow/.local/lib/python3.8/site-packages/airflow/example_dags/example_trigger_target_dag.py for tasks to queue
[2023-09-24T05:02:23.803+0000] {logging_mixin.py:151} INFO - [2023-09-24T05:02:23.803+0000] {dagbag.py:539} INFO - Filling up the DagBag from /home/airflow/.local/lib/python3.8/site-packages/airflow/example_dags/example_trigger_target_dag.py
[2023-09-24T05:02:23.810+0000] {processor.py:839} INFO - DAG(s) dict_keys(['example_trigger_target_dag']) retrieved from /home/airflow/.local/lib/python3.8/site-packages/airflow/example_dags/example_trigger_target_dag.py
[2023-09-24T05:02:23.839+0000] {logging_mixin.py:151} INFO - [2023-09-24T05:02:23.839+0000] {dag.py:2915} INFO - Sync 1 DAGs
[2023-09-24T05:02:23.860+0000] {logging_mixin.py:151} INFO - [2023-09-24T05:02:23.860+0000] {dag.py:3696} INFO - Setting next_dagrun for example_trigger_target_dag to None, run_after=None
[2023-09-24T05:02:23.886+0000] {processor.py:179} INFO - Processing /home/airflow/.local/lib/python3.8/site-packages/airflow/example_dags/example_trigger_target_dag.py took 0.093 seconds
[2023-09-24T05:02:54.619+0000] {processor.py:157} INFO - Started process (PID=342) to work on /home/airflow/.local/lib/python3.8/site-packages/airflow/example_dags/example_trigger_target_dag.py
[2023-09-24T05:02:54.620+0000] {processor.py:829} INFO - Processing file /home/airflow/.local/lib/python3.8/site-packages/airflow/example_dags/example_trigger_target_dag.py for tasks to queue
[2023-09-24T05:02:54.623+0000] {logging_mixin.py:151} INFO - [2023-09-24T05:02:54.623+0000] {dagbag.py:539} INFO - Filling up the DagBag from /home/airflow/.local/lib/python3.8/site-packages/airflow/example_dags/example_trigger_target_dag.py
[2023-09-24T05:02:54.630+0000] {processor.py:839} INFO - DAG(s) dict_keys(['example_trigger_target_dag']) retrieved from /home/airflow/.local/lib/python3.8/site-packages/airflow/example_dags/example_trigger_target_dag.py
[2023-09-24T05:02:54.659+0000] {logging_mixin.py:151} INFO - [2023-09-24T05:02:54.658+0000] {dag.py:2915} INFO - Sync 1 DAGs
[2023-09-24T05:02:54.682+0000] {logging_mixin.py:151} INFO - [2023-09-24T05:02:54.682+0000] {dag.py:3696} INFO - Setting next_dagrun for example_trigger_target_dag to None, run_after=None
[2023-09-24T05:02:54.714+0000] {processor.py:179} INFO - Processing /home/airflow/.local/lib/python3.8/site-packages/airflow/example_dags/example_trigger_target_dag.py took 0.100 seconds
[2023-09-24T05:03:25.172+0000] {processor.py:157} INFO - Started process (PID=397) to work on /home/airflow/.local/lib/python3.8/site-packages/airflow/example_dags/example_trigger_target_dag.py
[2023-09-24T05:03:25.173+0000] {processor.py:829} INFO - Processing file /home/airflow/.local/lib/python3.8/site-packages/airflow/example_dags/example_trigger_target_dag.py for tasks to queue
[2023-09-24T05:03:25.177+0000] {logging_mixin.py:151} INFO - [2023-09-24T05:03:25.176+0000] {dagbag.py:539} INFO - Filling up the DagBag from /home/airflow/.local/lib/python3.8/site-packages/airflow/example_dags/example_trigger_target_dag.py
[2023-09-24T05:03:25.184+0000] {processor.py:839} INFO - DAG(s) dict_keys(['example_trigger_target_dag']) retrieved from /home/airflow/.local/lib/python3.8/site-packages/airflow/example_dags/example_trigger_target_dag.py
[2023-09-24T05:03:25.215+0000] {logging_mixin.py:151} INFO - [2023-09-24T05:03:25.215+0000] {dag.py:2915} INFO - Sync 1 DAGs
[2023-09-24T05:03:25.238+0000] {logging_mixin.py:151} INFO - [2023-09-24T05:03:25.238+0000] {dag.py:3696} INFO - Setting next_dagrun for example_trigger_target_dag to None, run_after=None
[2023-09-24T05:03:25.264+0000] {processor.py:179} INFO - Processing /home/airflow/.local/lib/python3.8/site-packages/airflow/example_dags/example_trigger_target_dag.py took 0.096 seconds
[2023-09-24T05:03:55.965+0000] {processor.py:157} INFO - Started process (PID=451) to work on /home/airflow/.local/lib/python3.8/site-packages/airflow/example_dags/example_trigger_target_dag.py
[2023-09-24T05:03:55.967+0000] {processor.py:829} INFO - Processing file /home/airflow/.local/lib/python3.8/site-packages/airflow/example_dags/example_trigger_target_dag.py for tasks to queue
[2023-09-24T05:03:55.970+0000] {logging_mixin.py:151} INFO - [2023-09-24T05:03:55.969+0000] {dagbag.py:539} INFO - Filling up the DagBag from /home/airflow/.local/lib/python3.8/site-packages/airflow/example_dags/example_trigger_target_dag.py
[2023-09-24T05:03:55.977+0000] {processor.py:839} INFO - DAG(s) dict_keys(['example_trigger_target_dag']) retrieved from /home/airflow/.local/lib/python3.8/site-packages/airflow/example_dags/example_trigger_target_dag.py
[2023-09-24T05:03:56.004+0000] {logging_mixin.py:151} INFO - [2023-09-24T05:03:56.004+0000] {dag.py:2915} INFO - Sync 1 DAGs
[2023-09-24T05:03:56.024+0000] {logging_mixin.py:151} INFO - [2023-09-24T05:03:56.024+0000] {dag.py:3696} INFO - Setting next_dagrun for example_trigger_target_dag to None, run_after=None
[2023-09-24T05:03:56.049+0000] {processor.py:179} INFO - Processing /home/airflow/.local/lib/python3.8/site-packages/airflow/example_dags/example_trigger_target_dag.py took 0.088 seconds
[2023-09-24T05:10:05.886+0000] {processor.py:157} INFO - Started process (PID=72) to work on /home/airflow/.local/lib/python3.8/site-packages/airflow/example_dags/example_trigger_target_dag.py
[2023-09-24T05:10:05.890+0000] {processor.py:829} INFO - Processing file /home/airflow/.local/lib/python3.8/site-packages/airflow/example_dags/example_trigger_target_dag.py for tasks to queue
[2023-09-24T05:10:05.895+0000] {logging_mixin.py:151} INFO - [2023-09-24T05:10:05.894+0000] {dagbag.py:539} INFO - Filling up the DagBag from /home/airflow/.local/lib/python3.8/site-packages/airflow/example_dags/example_trigger_target_dag.py
[2023-09-24T05:10:05.911+0000] {processor.py:839} INFO - DAG(s) dict_keys(['example_trigger_target_dag']) retrieved from /home/airflow/.local/lib/python3.8/site-packages/airflow/example_dags/example_trigger_target_dag.py
[2023-09-24T05:10:05.959+0000] {logging_mixin.py:151} INFO - [2023-09-24T05:10:05.959+0000] {dag.py:2915} INFO - Sync 1 DAGs
[2023-09-24T05:10:05.993+0000] {logging_mixin.py:151} INFO - [2023-09-24T05:10:05.992+0000] {dag.py:3696} INFO - Setting next_dagrun for example_trigger_target_dag to None, run_after=None
[2023-09-24T05:10:06.073+0000] {processor.py:179} INFO - Processing /home/airflow/.local/lib/python3.8/site-packages/airflow/example_dags/example_trigger_target_dag.py took 0.193 seconds
[2023-09-24T05:10:36.991+0000] {processor.py:157} INFO - Started process (PID=125) to work on /home/airflow/.local/lib/python3.8/site-packages/airflow/example_dags/example_trigger_target_dag.py
[2023-09-24T05:10:36.993+0000] {processor.py:829} INFO - Processing file /home/airflow/.local/lib/python3.8/site-packages/airflow/example_dags/example_trigger_target_dag.py for tasks to queue
[2023-09-24T05:10:36.997+0000] {logging_mixin.py:151} INFO - [2023-09-24T05:10:36.997+0000] {dagbag.py:539} INFO - Filling up the DagBag from /home/airflow/.local/lib/python3.8/site-packages/airflow/example_dags/example_trigger_target_dag.py
[2023-09-24T05:10:37.008+0000] {processor.py:839} INFO - DAG(s) dict_keys(['example_trigger_target_dag']) retrieved from /home/airflow/.local/lib/python3.8/site-packages/airflow/example_dags/example_trigger_target_dag.py
[2023-09-24T05:10:37.047+0000] {logging_mixin.py:151} INFO - [2023-09-24T05:10:37.046+0000] {dag.py:2915} INFO - Sync 1 DAGs
[2023-09-24T05:10:37.070+0000] {logging_mixin.py:151} INFO - [2023-09-24T05:10:37.070+0000] {dag.py:3696} INFO - Setting next_dagrun for example_trigger_target_dag to None, run_after=None
[2023-09-24T05:10:37.097+0000] {processor.py:179} INFO - Processing /home/airflow/.local/lib/python3.8/site-packages/airflow/example_dags/example_trigger_target_dag.py took 0.113 seconds
[2023-09-24T05:11:07.945+0000] {processor.py:157} INFO - Started process (PID=179) to work on /home/airflow/.local/lib/python3.8/site-packages/airflow/example_dags/example_trigger_target_dag.py
[2023-09-24T05:11:07.946+0000] {processor.py:829} INFO - Processing file /home/airflow/.local/lib/python3.8/site-packages/airflow/example_dags/example_trigger_target_dag.py for tasks to queue
[2023-09-24T05:11:07.949+0000] {logging_mixin.py:151} INFO - [2023-09-24T05:11:07.949+0000] {dagbag.py:539} INFO - Filling up the DagBag from /home/airflow/.local/lib/python3.8/site-packages/airflow/example_dags/example_trigger_target_dag.py
[2023-09-24T05:11:07.957+0000] {processor.py:839} INFO - DAG(s) dict_keys(['example_trigger_target_dag']) retrieved from /home/airflow/.local/lib/python3.8/site-packages/airflow/example_dags/example_trigger_target_dag.py
[2023-09-24T05:11:07.987+0000] {logging_mixin.py:151} INFO - [2023-09-24T05:11:07.987+0000] {dag.py:2915} INFO - Sync 1 DAGs
[2023-09-24T05:11:08.010+0000] {logging_mixin.py:151} INFO - [2023-09-24T05:11:08.010+0000] {dag.py:3696} INFO - Setting next_dagrun for example_trigger_target_dag to None, run_after=None
[2023-09-24T05:11:08.040+0000] {processor.py:179} INFO - Processing /home/airflow/.local/lib/python3.8/site-packages/airflow/example_dags/example_trigger_target_dag.py took 0.100 seconds
[2023-09-24T05:11:38.856+0000] {processor.py:157} INFO - Started process (PID=238) to work on /home/airflow/.local/lib/python3.8/site-packages/airflow/example_dags/example_trigger_target_dag.py
[2023-09-24T05:11:38.866+0000] {processor.py:829} INFO - Processing file /home/airflow/.local/lib/python3.8/site-packages/airflow/example_dags/example_trigger_target_dag.py for tasks to queue
[2023-09-24T05:11:38.871+0000] {logging_mixin.py:151} INFO - [2023-09-24T05:11:38.871+0000] {dagbag.py:539} INFO - Filling up the DagBag from /home/airflow/.local/lib/python3.8/site-packages/airflow/example_dags/example_trigger_target_dag.py
[2023-09-24T05:11:38.889+0000] {processor.py:839} INFO - DAG(s) dict_keys(['example_trigger_target_dag']) retrieved from /home/airflow/.local/lib/python3.8/site-packages/airflow/example_dags/example_trigger_target_dag.py
[2023-09-24T05:11:39.064+0000] {logging_mixin.py:151} INFO - [2023-09-24T05:11:39.064+0000] {dag.py:2915} INFO - Sync 1 DAGs
[2023-09-24T05:11:39.099+0000] {logging_mixin.py:151} INFO - [2023-09-24T05:11:39.098+0000] {dag.py:3696} INFO - Setting next_dagrun for example_trigger_target_dag to None, run_after=None
[2023-09-24T05:11:39.168+0000] {processor.py:179} INFO - Processing /home/airflow/.local/lib/python3.8/site-packages/airflow/example_dags/example_trigger_target_dag.py took 0.320 seconds
[2023-09-24T05:12:10.069+0000] {processor.py:157} INFO - Started process (PID=296) to work on /home/airflow/.local/lib/python3.8/site-packages/airflow/example_dags/example_trigger_target_dag.py
[2023-09-24T05:12:10.071+0000] {processor.py:829} INFO - Processing file /home/airflow/.local/lib/python3.8/site-packages/airflow/example_dags/example_trigger_target_dag.py for tasks to queue
[2023-09-24T05:12:10.074+0000] {logging_mixin.py:151} INFO - [2023-09-24T05:12:10.074+0000] {dagbag.py:539} INFO - Filling up the DagBag from /home/airflow/.local/lib/python3.8/site-packages/airflow/example_dags/example_trigger_target_dag.py
[2023-09-24T05:12:10.082+0000] {processor.py:839} INFO - DAG(s) dict_keys(['example_trigger_target_dag']) retrieved from /home/airflow/.local/lib/python3.8/site-packages/airflow/example_dags/example_trigger_target_dag.py
[2023-09-24T05:12:10.116+0000] {logging_mixin.py:151} INFO - [2023-09-24T05:12:10.115+0000] {dag.py:2915} INFO - Sync 1 DAGs
[2023-09-24T05:12:10.137+0000] {logging_mixin.py:151} INFO - [2023-09-24T05:12:10.137+0000] {dag.py:3696} INFO - Setting next_dagrun for example_trigger_target_dag to None, run_after=None
[2023-09-24T05:12:10.162+0000] {processor.py:179} INFO - Processing /home/airflow/.local/lib/python3.8/site-packages/airflow/example_dags/example_trigger_target_dag.py took 0.098 seconds
[2023-09-24T05:12:40.500+0000] {processor.py:157} INFO - Started process (PID=350) to work on /home/airflow/.local/lib/python3.8/site-packages/airflow/example_dags/example_trigger_target_dag.py
[2023-09-24T05:12:40.501+0000] {processor.py:829} INFO - Processing file /home/airflow/.local/lib/python3.8/site-packages/airflow/example_dags/example_trigger_target_dag.py for tasks to queue
[2023-09-24T05:12:40.504+0000] {logging_mixin.py:151} INFO - [2023-09-24T05:12:40.504+0000] {dagbag.py:539} INFO - Filling up the DagBag from /home/airflow/.local/lib/python3.8/site-packages/airflow/example_dags/example_trigger_target_dag.py
[2023-09-24T05:12:40.512+0000] {processor.py:839} INFO - DAG(s) dict_keys(['example_trigger_target_dag']) retrieved from /home/airflow/.local/lib/python3.8/site-packages/airflow/example_dags/example_trigger_target_dag.py
[2023-09-24T05:12:40.543+0000] {logging_mixin.py:151} INFO - [2023-09-24T05:12:40.543+0000] {dag.py:2915} INFO - Sync 1 DAGs
[2023-09-24T05:12:40.563+0000] {logging_mixin.py:151} INFO - [2023-09-24T05:12:40.563+0000] {dag.py:3696} INFO - Setting next_dagrun for example_trigger_target_dag to None, run_after=None
[2023-09-24T05:12:40.589+0000] {processor.py:179} INFO - Processing /home/airflow/.local/lib/python3.8/site-packages/airflow/example_dags/example_trigger_target_dag.py took 0.094 seconds
[2023-09-24T05:13:11.086+0000] {processor.py:157} INFO - Started process (PID=403) to work on /home/airflow/.local/lib/python3.8/site-packages/airflow/example_dags/example_trigger_target_dag.py
[2023-09-24T05:13:11.087+0000] {processor.py:829} INFO - Processing file /home/airflow/.local/lib/python3.8/site-packages/airflow/example_dags/example_trigger_target_dag.py for tasks to queue
[2023-09-24T05:13:11.092+0000] {logging_mixin.py:151} INFO - [2023-09-24T05:13:11.091+0000] {dagbag.py:539} INFO - Filling up the DagBag from /home/airflow/.local/lib/python3.8/site-packages/airflow/example_dags/example_trigger_target_dag.py
[2023-09-24T05:13:11.100+0000] {processor.py:839} INFO - DAG(s) dict_keys(['example_trigger_target_dag']) retrieved from /home/airflow/.local/lib/python3.8/site-packages/airflow/example_dags/example_trigger_target_dag.py
[2023-09-24T05:13:11.131+0000] {logging_mixin.py:151} INFO - [2023-09-24T05:13:11.131+0000] {dag.py:2915} INFO - Sync 1 DAGs
[2023-09-24T05:13:11.152+0000] {logging_mixin.py:151} INFO - [2023-09-24T05:13:11.152+0000] {dag.py:3696} INFO - Setting next_dagrun for example_trigger_target_dag to None, run_after=None
[2023-09-24T05:13:11.179+0000] {processor.py:179} INFO - Processing /home/airflow/.local/lib/python3.8/site-packages/airflow/example_dags/example_trigger_target_dag.py took 0.099 seconds
[2023-09-24T05:14:00.318+0000] {processor.py:157} INFO - Started process (PID=72) to work on /home/airflow/.local/lib/python3.8/site-packages/airflow/example_dags/example_trigger_target_dag.py
[2023-09-24T05:14:00.320+0000] {processor.py:829} INFO - Processing file /home/airflow/.local/lib/python3.8/site-packages/airflow/example_dags/example_trigger_target_dag.py for tasks to queue
[2023-09-24T05:14:00.326+0000] {logging_mixin.py:151} INFO - [2023-09-24T05:14:00.325+0000] {dagbag.py:539} INFO - Filling up the DagBag from /home/airflow/.local/lib/python3.8/site-packages/airflow/example_dags/example_trigger_target_dag.py
[2023-09-24T05:14:00.341+0000] {processor.py:839} INFO - DAG(s) dict_keys(['example_trigger_target_dag']) retrieved from /home/airflow/.local/lib/python3.8/site-packages/airflow/example_dags/example_trigger_target_dag.py
[2023-09-24T05:14:00.365+0000] {logging_mixin.py:151} INFO - [2023-09-24T05:14:00.364+0000] {dag.py:2915} INFO - Sync 1 DAGs
[2023-09-24T05:14:00.403+0000] {logging_mixin.py:151} INFO - [2023-09-24T05:14:00.402+0000] {dag.py:3696} INFO - Setting next_dagrun for example_trigger_target_dag to None, run_after=None
[2023-09-24T05:14:00.443+0000] {processor.py:179} INFO - Processing /home/airflow/.local/lib/python3.8/site-packages/airflow/example_dags/example_trigger_target_dag.py took 0.132 seconds
[2023-09-24T05:14:31.157+0000] {processor.py:157} INFO - Started process (PID=127) to work on /home/airflow/.local/lib/python3.8/site-packages/airflow/example_dags/example_trigger_target_dag.py
[2023-09-24T05:14:31.160+0000] {processor.py:829} INFO - Processing file /home/airflow/.local/lib/python3.8/site-packages/airflow/example_dags/example_trigger_target_dag.py for tasks to queue
[2023-09-24T05:14:31.166+0000] {logging_mixin.py:151} INFO - [2023-09-24T05:14:31.166+0000] {dagbag.py:539} INFO - Filling up the DagBag from /home/airflow/.local/lib/python3.8/site-packages/airflow/example_dags/example_trigger_target_dag.py
[2023-09-24T05:14:31.182+0000] {processor.py:839} INFO - DAG(s) dict_keys(['example_trigger_target_dag']) retrieved from /home/airflow/.local/lib/python3.8/site-packages/airflow/example_dags/example_trigger_target_dag.py
[2023-09-24T05:14:31.286+0000] {logging_mixin.py:151} INFO - [2023-09-24T05:14:31.285+0000] {dag.py:2915} INFO - Sync 1 DAGs
[2023-09-24T05:14:31.343+0000] {logging_mixin.py:151} INFO - [2023-09-24T05:14:31.342+0000] {dag.py:3696} INFO - Setting next_dagrun for example_trigger_target_dag to None, run_after=None
[2023-09-24T05:14:31.407+0000] {processor.py:179} INFO - Processing /home/airflow/.local/lib/python3.8/site-packages/airflow/example_dags/example_trigger_target_dag.py took 0.260 seconds
[2023-09-24T05:15:03.624+0000] {processor.py:157} INFO - Started process (PID=187) to work on /home/airflow/.local/lib/python3.8/site-packages/airflow/example_dags/example_trigger_target_dag.py
[2023-09-24T05:15:03.627+0000] {processor.py:829} INFO - Processing file /home/airflow/.local/lib/python3.8/site-packages/airflow/example_dags/example_trigger_target_dag.py for tasks to queue
[2023-09-24T05:15:03.632+0000] {logging_mixin.py:151} INFO - [2023-09-24T05:15:03.631+0000] {dagbag.py:539} INFO - Filling up the DagBag from /home/airflow/.local/lib/python3.8/site-packages/airflow/example_dags/example_trigger_target_dag.py
[2023-09-24T05:15:03.642+0000] {processor.py:839} INFO - DAG(s) dict_keys(['example_trigger_target_dag']) retrieved from /home/airflow/.local/lib/python3.8/site-packages/airflow/example_dags/example_trigger_target_dag.py
[2023-09-24T05:15:03.701+0000] {logging_mixin.py:151} INFO - [2023-09-24T05:15:03.694+0000] {dag.py:2915} INFO - Sync 1 DAGs
[2023-09-24T05:15:03.737+0000] {logging_mixin.py:151} INFO - [2023-09-24T05:15:03.737+0000] {dag.py:3696} INFO - Setting next_dagrun for example_trigger_target_dag to None, run_after=None
[2023-09-24T05:15:03.781+0000] {processor.py:179} INFO - Processing /home/airflow/.local/lib/python3.8/site-packages/airflow/example_dags/example_trigger_target_dag.py took 0.164 seconds
