[2023-09-24T05:00:18.389+0000] {processor.py:157} INFO - Started process (PID=60) to work on /home/airflow/.local/lib/python3.8/site-packages/airflow/example_dags/example_sensors.py
[2023-09-24T05:00:18.390+0000] {processor.py:829} INFO - Processing file /home/airflow/.local/lib/python3.8/site-packages/airflow/example_dags/example_sensors.py for tasks to queue
[2023-09-24T05:00:18.394+0000] {logging_mixin.py:151} INFO - [2023-09-24T05:00:18.394+0000] {dagbag.py:539} INFO - Filling up the DagBag from /home/airflow/.local/lib/python3.8/site-packages/airflow/example_dags/example_sensors.py
[2023-09-24T05:00:18.423+0000] {processor.py:839} INFO - DAG(s) dict_keys(['example_sensors']) retrieved from /home/airflow/.local/lib/python3.8/site-packages/airflow/example_dags/example_sensors.py
[2023-09-24T05:00:18.678+0000] {logging_mixin.py:151} INFO - [2023-09-24T05:00:18.678+0000] {manager.py:499} INFO - Created Permission View: %s
[2023-09-24T05:00:18.697+0000] {logging_mixin.py:151} INFO - [2023-09-24T05:00:18.696+0000] {manager.py:499} INFO - Created Permission View: %s
[2023-09-24T05:00:18.709+0000] {logging_mixin.py:151} INFO - [2023-09-24T05:00:18.708+0000] {manager.py:499} INFO - Created Permission View: %s
[2023-09-24T05:00:18.709+0000] {logging_mixin.py:151} INFO - [2023-09-24T05:00:18.709+0000] {security.py:708} INFO - Not syncing DAG-level permissions for DAG 'DAG:example_sensors' as access control is unset.
[2023-09-24T05:00:18.710+0000] {logging_mixin.py:151} INFO - [2023-09-24T05:00:18.710+0000] {dag.py:2915} INFO - Sync 1 DAGs
[2023-09-24T05:00:18.738+0000] {logging_mixin.py:151} INFO - [2023-09-24T05:00:18.737+0000] {dag.py:2937} INFO - Creating ORM DAG for example_sensors
[2023-09-24T05:00:18.739+0000] {logging_mixin.py:151} INFO - [2023-09-24T05:00:18.739+0000] {dag.py:3696} INFO - Setting next_dagrun for example_sensors to None, run_after=None
[2023-09-24T05:00:18.781+0000] {processor.py:179} INFO - Processing /home/airflow/.local/lib/python3.8/site-packages/airflow/example_dags/example_sensors.py took 0.397 seconds
[2023-09-24T05:00:48.816+0000] {processor.py:157} INFO - Started process (PID=114) to work on /home/airflow/.local/lib/python3.8/site-packages/airflow/example_dags/example_sensors.py
[2023-09-24T05:00:48.817+0000] {processor.py:829} INFO - Processing file /home/airflow/.local/lib/python3.8/site-packages/airflow/example_dags/example_sensors.py for tasks to queue
[2023-09-24T05:00:48.820+0000] {logging_mixin.py:151} INFO - [2023-09-24T05:00:48.819+0000] {dagbag.py:539} INFO - Filling up the DagBag from /home/airflow/.local/lib/python3.8/site-packages/airflow/example_dags/example_sensors.py
[2023-09-24T05:00:48.835+0000] {processor.py:839} INFO - DAG(s) dict_keys(['example_sensors']) retrieved from /home/airflow/.local/lib/python3.8/site-packages/airflow/example_dags/example_sensors.py
[2023-09-24T05:00:48.876+0000] {logging_mixin.py:151} INFO - [2023-09-24T05:00:48.876+0000] {dag.py:2915} INFO - Sync 1 DAGs
[2023-09-24T05:00:48.896+0000] {logging_mixin.py:151} INFO - [2023-09-24T05:00:48.896+0000] {dag.py:3696} INFO - Setting next_dagrun for example_sensors to None, run_after=None
[2023-09-24T05:00:48.922+0000] {processor.py:179} INFO - Processing /home/airflow/.local/lib/python3.8/site-packages/airflow/example_dags/example_sensors.py took 0.110 seconds
[2023-09-24T05:01:18.965+0000] {processor.py:157} INFO - Started process (PID=168) to work on /home/airflow/.local/lib/python3.8/site-packages/airflow/example_dags/example_sensors.py
[2023-09-24T05:01:18.966+0000] {processor.py:829} INFO - Processing file /home/airflow/.local/lib/python3.8/site-packages/airflow/example_dags/example_sensors.py for tasks to queue
[2023-09-24T05:01:18.969+0000] {logging_mixin.py:151} INFO - [2023-09-24T05:01:18.969+0000] {dagbag.py:539} INFO - Filling up the DagBag from /home/airflow/.local/lib/python3.8/site-packages/airflow/example_dags/example_sensors.py
[2023-09-24T05:01:18.985+0000] {processor.py:839} INFO - DAG(s) dict_keys(['example_sensors']) retrieved from /home/airflow/.local/lib/python3.8/site-packages/airflow/example_dags/example_sensors.py
[2023-09-24T05:01:19.024+0000] {logging_mixin.py:151} INFO - [2023-09-24T05:01:19.024+0000] {dag.py:2915} INFO - Sync 1 DAGs
[2023-09-24T05:01:19.044+0000] {logging_mixin.py:151} INFO - [2023-09-24T05:01:19.043+0000] {dag.py:3696} INFO - Setting next_dagrun for example_sensors to None, run_after=None
[2023-09-24T05:01:19.074+0000] {processor.py:179} INFO - Processing /home/airflow/.local/lib/python3.8/site-packages/airflow/example_dags/example_sensors.py took 0.114 seconds
[2023-09-24T05:01:50.236+0000] {processor.py:157} INFO - Started process (PID=222) to work on /home/airflow/.local/lib/python3.8/site-packages/airflow/example_dags/example_sensors.py
[2023-09-24T05:01:50.237+0000] {processor.py:829} INFO - Processing file /home/airflow/.local/lib/python3.8/site-packages/airflow/example_dags/example_sensors.py for tasks to queue
[2023-09-24T05:01:50.240+0000] {logging_mixin.py:151} INFO - [2023-09-24T05:01:50.239+0000] {dagbag.py:539} INFO - Filling up the DagBag from /home/airflow/.local/lib/python3.8/site-packages/airflow/example_dags/example_sensors.py
[2023-09-24T05:01:50.255+0000] {processor.py:839} INFO - DAG(s) dict_keys(['example_sensors']) retrieved from /home/airflow/.local/lib/python3.8/site-packages/airflow/example_dags/example_sensors.py
[2023-09-24T05:01:50.296+0000] {logging_mixin.py:151} INFO - [2023-09-24T05:01:50.296+0000] {dag.py:2915} INFO - Sync 1 DAGs
[2023-09-24T05:01:50.316+0000] {logging_mixin.py:151} INFO - [2023-09-24T05:01:50.315+0000] {dag.py:3696} INFO - Setting next_dagrun for example_sensors to None, run_after=None
[2023-09-24T05:01:50.340+0000] {processor.py:179} INFO - Processing /home/airflow/.local/lib/python3.8/site-packages/airflow/example_dags/example_sensors.py took 0.109 seconds
[2023-09-24T05:02:21.821+0000] {processor.py:157} INFO - Started process (PID=276) to work on /home/airflow/.local/lib/python3.8/site-packages/airflow/example_dags/example_sensors.py
[2023-09-24T05:02:21.823+0000] {processor.py:829} INFO - Processing file /home/airflow/.local/lib/python3.8/site-packages/airflow/example_dags/example_sensors.py for tasks to queue
[2023-09-24T05:02:21.825+0000] {logging_mixin.py:151} INFO - [2023-09-24T05:02:21.825+0000] {dagbag.py:539} INFO - Filling up the DagBag from /home/airflow/.local/lib/python3.8/site-packages/airflow/example_dags/example_sensors.py
[2023-09-24T05:02:21.843+0000] {processor.py:839} INFO - DAG(s) dict_keys(['example_sensors']) retrieved from /home/airflow/.local/lib/python3.8/site-packages/airflow/example_dags/example_sensors.py
[2023-09-24T05:02:21.891+0000] {logging_mixin.py:151} INFO - [2023-09-24T05:02:21.891+0000] {dag.py:2915} INFO - Sync 1 DAGs
[2023-09-24T05:02:21.914+0000] {logging_mixin.py:151} INFO - [2023-09-24T05:02:21.914+0000] {dag.py:3696} INFO - Setting next_dagrun for example_sensors to None, run_after=None
[2023-09-24T05:02:21.946+0000] {processor.py:179} INFO - Processing /home/airflow/.local/lib/python3.8/site-packages/airflow/example_dags/example_sensors.py took 0.130 seconds
[2023-09-24T05:02:52.774+0000] {processor.py:157} INFO - Started process (PID=330) to work on /home/airflow/.local/lib/python3.8/site-packages/airflow/example_dags/example_sensors.py
[2023-09-24T05:02:52.775+0000] {processor.py:829} INFO - Processing file /home/airflow/.local/lib/python3.8/site-packages/airflow/example_dags/example_sensors.py for tasks to queue
[2023-09-24T05:02:52.778+0000] {logging_mixin.py:151} INFO - [2023-09-24T05:02:52.777+0000] {dagbag.py:539} INFO - Filling up the DagBag from /home/airflow/.local/lib/python3.8/site-packages/airflow/example_dags/example_sensors.py
[2023-09-24T05:02:52.792+0000] {processor.py:839} INFO - DAG(s) dict_keys(['example_sensors']) retrieved from /home/airflow/.local/lib/python3.8/site-packages/airflow/example_dags/example_sensors.py
[2023-09-24T05:02:52.832+0000] {logging_mixin.py:151} INFO - [2023-09-24T05:02:52.832+0000] {dag.py:2915} INFO - Sync 1 DAGs
[2023-09-24T05:02:52.852+0000] {logging_mixin.py:151} INFO - [2023-09-24T05:02:52.852+0000] {dag.py:3696} INFO - Setting next_dagrun for example_sensors to None, run_after=None
[2023-09-24T05:02:52.876+0000] {processor.py:179} INFO - Processing /home/airflow/.local/lib/python3.8/site-packages/airflow/example_dags/example_sensors.py took 0.106 seconds
[2023-09-24T05:03:24.352+0000] {processor.py:157} INFO - Started process (PID=385) to work on /home/airflow/.local/lib/python3.8/site-packages/airflow/example_dags/example_sensors.py
[2023-09-24T05:03:24.354+0000] {processor.py:829} INFO - Processing file /home/airflow/.local/lib/python3.8/site-packages/airflow/example_dags/example_sensors.py for tasks to queue
[2023-09-24T05:03:24.356+0000] {logging_mixin.py:151} INFO - [2023-09-24T05:03:24.356+0000] {dagbag.py:539} INFO - Filling up the DagBag from /home/airflow/.local/lib/python3.8/site-packages/airflow/example_dags/example_sensors.py
[2023-09-24T05:03:24.372+0000] {processor.py:839} INFO - DAG(s) dict_keys(['example_sensors']) retrieved from /home/airflow/.local/lib/python3.8/site-packages/airflow/example_dags/example_sensors.py
[2023-09-24T05:03:24.411+0000] {logging_mixin.py:151} INFO - [2023-09-24T05:03:24.411+0000] {dag.py:2915} INFO - Sync 1 DAGs
[2023-09-24T05:03:24.438+0000] {logging_mixin.py:151} INFO - [2023-09-24T05:03:24.437+0000] {dag.py:3696} INFO - Setting next_dagrun for example_sensors to None, run_after=None
[2023-09-24T05:03:24.465+0000] {processor.py:179} INFO - Processing /home/airflow/.local/lib/python3.8/site-packages/airflow/example_dags/example_sensors.py took 0.117 seconds
[2023-09-24T05:03:54.972+0000] {processor.py:157} INFO - Started process (PID=439) to work on /home/airflow/.local/lib/python3.8/site-packages/airflow/example_dags/example_sensors.py
[2023-09-24T05:03:54.973+0000] {processor.py:829} INFO - Processing file /home/airflow/.local/lib/python3.8/site-packages/airflow/example_dags/example_sensors.py for tasks to queue
[2023-09-24T05:03:54.976+0000] {logging_mixin.py:151} INFO - [2023-09-24T05:03:54.976+0000] {dagbag.py:539} INFO - Filling up the DagBag from /home/airflow/.local/lib/python3.8/site-packages/airflow/example_dags/example_sensors.py
[2023-09-24T05:03:54.991+0000] {processor.py:839} INFO - DAG(s) dict_keys(['example_sensors']) retrieved from /home/airflow/.local/lib/python3.8/site-packages/airflow/example_dags/example_sensors.py
[2023-09-24T05:03:55.032+0000] {logging_mixin.py:151} INFO - [2023-09-24T05:03:55.032+0000] {dag.py:2915} INFO - Sync 1 DAGs
[2023-09-24T05:03:55.051+0000] {logging_mixin.py:151} INFO - [2023-09-24T05:03:55.051+0000] {dag.py:3696} INFO - Setting next_dagrun for example_sensors to None, run_after=None
[2023-09-24T05:03:55.080+0000] {processor.py:179} INFO - Processing /home/airflow/.local/lib/python3.8/site-packages/airflow/example_dags/example_sensors.py took 0.113 seconds
[2023-09-24T05:10:03.127+0000] {processor.py:157} INFO - Started process (PID=60) to work on /home/airflow/.local/lib/python3.8/site-packages/airflow/example_dags/example_sensors.py
[2023-09-24T05:10:03.131+0000] {processor.py:829} INFO - Processing file /home/airflow/.local/lib/python3.8/site-packages/airflow/example_dags/example_sensors.py for tasks to queue
[2023-09-24T05:10:03.145+0000] {logging_mixin.py:151} INFO - [2023-09-24T05:10:03.144+0000] {dagbag.py:539} INFO - Filling up the DagBag from /home/airflow/.local/lib/python3.8/site-packages/airflow/example_dags/example_sensors.py
[2023-09-24T05:10:03.222+0000] {processor.py:839} INFO - DAG(s) dict_keys(['example_sensors']) retrieved from /home/airflow/.local/lib/python3.8/site-packages/airflow/example_dags/example_sensors.py
[2023-09-24T05:10:03.382+0000] {logging_mixin.py:151} INFO - [2023-09-24T05:10:03.382+0000] {dag.py:2915} INFO - Sync 1 DAGs
[2023-09-24T05:10:03.464+0000] {logging_mixin.py:151} INFO - [2023-09-24T05:10:03.464+0000] {dag.py:3696} INFO - Setting next_dagrun for example_sensors to None, run_after=None
[2023-09-24T05:10:03.591+0000] {processor.py:179} INFO - Processing /home/airflow/.local/lib/python3.8/site-packages/airflow/example_dags/example_sensors.py took 0.482 seconds
[2023-09-24T05:10:34.081+0000] {processor.py:157} INFO - Started process (PID=113) to work on /home/airflow/.local/lib/python3.8/site-packages/airflow/example_dags/example_sensors.py
[2023-09-24T05:10:34.082+0000] {processor.py:829} INFO - Processing file /home/airflow/.local/lib/python3.8/site-packages/airflow/example_dags/example_sensors.py for tasks to queue
[2023-09-24T05:10:34.085+0000] {logging_mixin.py:151} INFO - [2023-09-24T05:10:34.085+0000] {dagbag.py:539} INFO - Filling up the DagBag from /home/airflow/.local/lib/python3.8/site-packages/airflow/example_dags/example_sensors.py
[2023-09-24T05:10:34.100+0000] {processor.py:839} INFO - DAG(s) dict_keys(['example_sensors']) retrieved from /home/airflow/.local/lib/python3.8/site-packages/airflow/example_dags/example_sensors.py
[2023-09-24T05:10:34.143+0000] {logging_mixin.py:151} INFO - [2023-09-24T05:10:34.143+0000] {dag.py:2915} INFO - Sync 1 DAGs
[2023-09-24T05:10:34.163+0000] {logging_mixin.py:151} INFO - [2023-09-24T05:10:34.163+0000] {dag.py:3696} INFO - Setting next_dagrun for example_sensors to None, run_after=None
[2023-09-24T05:10:34.191+0000] {processor.py:179} INFO - Processing /home/airflow/.local/lib/python3.8/site-packages/airflow/example_dags/example_sensors.py took 0.114 seconds
[2023-09-24T05:11:04.976+0000] {processor.py:157} INFO - Started process (PID=167) to work on /home/airflow/.local/lib/python3.8/site-packages/airflow/example_dags/example_sensors.py
[2023-09-24T05:11:04.977+0000] {processor.py:829} INFO - Processing file /home/airflow/.local/lib/python3.8/site-packages/airflow/example_dags/example_sensors.py for tasks to queue
[2023-09-24T05:11:04.980+0000] {logging_mixin.py:151} INFO - [2023-09-24T05:11:04.980+0000] {dagbag.py:539} INFO - Filling up the DagBag from /home/airflow/.local/lib/python3.8/site-packages/airflow/example_dags/example_sensors.py
[2023-09-24T05:11:04.997+0000] {processor.py:839} INFO - DAG(s) dict_keys(['example_sensors']) retrieved from /home/airflow/.local/lib/python3.8/site-packages/airflow/example_dags/example_sensors.py
[2023-09-24T05:11:05.038+0000] {logging_mixin.py:151} INFO - [2023-09-24T05:11:05.038+0000] {dag.py:2915} INFO - Sync 1 DAGs
[2023-09-24T05:11:05.059+0000] {logging_mixin.py:151} INFO - [2023-09-24T05:11:05.059+0000] {dag.py:3696} INFO - Setting next_dagrun for example_sensors to None, run_after=None
[2023-09-24T05:11:05.085+0000] {processor.py:179} INFO - Processing /home/airflow/.local/lib/python3.8/site-packages/airflow/example_dags/example_sensors.py took 0.114 seconds
[2023-09-24T05:11:35.168+0000] {processor.py:157} INFO - Started process (PID=221) to work on /home/airflow/.local/lib/python3.8/site-packages/airflow/example_dags/example_sensors.py
[2023-09-24T05:11:35.169+0000] {processor.py:829} INFO - Processing file /home/airflow/.local/lib/python3.8/site-packages/airflow/example_dags/example_sensors.py for tasks to queue
[2023-09-24T05:11:35.172+0000] {logging_mixin.py:151} INFO - [2023-09-24T05:11:35.172+0000] {dagbag.py:539} INFO - Filling up the DagBag from /home/airflow/.local/lib/python3.8/site-packages/airflow/example_dags/example_sensors.py
[2023-09-24T05:11:35.202+0000] {processor.py:839} INFO - DAG(s) dict_keys(['example_sensors']) retrieved from /home/airflow/.local/lib/python3.8/site-packages/airflow/example_dags/example_sensors.py
[2023-09-24T05:11:35.255+0000] {logging_mixin.py:151} INFO - [2023-09-24T05:11:35.255+0000] {dag.py:2915} INFO - Sync 1 DAGs
[2023-09-24T05:11:35.282+0000] {logging_mixin.py:151} INFO - [2023-09-24T05:11:35.282+0000] {dag.py:3696} INFO - Setting next_dagrun for example_sensors to None, run_after=None
[2023-09-24T05:11:35.317+0000] {processor.py:179} INFO - Processing /home/airflow/.local/lib/python3.8/site-packages/airflow/example_dags/example_sensors.py took 0.154 seconds
[2023-09-24T05:12:06.196+0000] {processor.py:157} INFO - Started process (PID=284) to work on /home/airflow/.local/lib/python3.8/site-packages/airflow/example_dags/example_sensors.py
[2023-09-24T05:12:06.197+0000] {processor.py:829} INFO - Processing file /home/airflow/.local/lib/python3.8/site-packages/airflow/example_dags/example_sensors.py for tasks to queue
[2023-09-24T05:12:06.200+0000] {logging_mixin.py:151} INFO - [2023-09-24T05:12:06.200+0000] {dagbag.py:539} INFO - Filling up the DagBag from /home/airflow/.local/lib/python3.8/site-packages/airflow/example_dags/example_sensors.py
[2023-09-24T05:12:06.215+0000] {processor.py:839} INFO - DAG(s) dict_keys(['example_sensors']) retrieved from /home/airflow/.local/lib/python3.8/site-packages/airflow/example_dags/example_sensors.py
[2023-09-24T05:12:06.258+0000] {logging_mixin.py:151} INFO - [2023-09-24T05:12:06.258+0000] {dag.py:2915} INFO - Sync 1 DAGs
[2023-09-24T05:12:06.279+0000] {logging_mixin.py:151} INFO - [2023-09-24T05:12:06.279+0000] {dag.py:3696} INFO - Setting next_dagrun for example_sensors to None, run_after=None
[2023-09-24T05:12:06.304+0000] {processor.py:179} INFO - Processing /home/airflow/.local/lib/python3.8/site-packages/airflow/example_dags/example_sensors.py took 0.113 seconds
[2023-09-24T05:12:37.720+0000] {processor.py:157} INFO - Started process (PID=338) to work on /home/airflow/.local/lib/python3.8/site-packages/airflow/example_dags/example_sensors.py
[2023-09-24T05:12:37.721+0000] {processor.py:829} INFO - Processing file /home/airflow/.local/lib/python3.8/site-packages/airflow/example_dags/example_sensors.py for tasks to queue
[2023-09-24T05:12:37.725+0000] {logging_mixin.py:151} INFO - [2023-09-24T05:12:37.724+0000] {dagbag.py:539} INFO - Filling up the DagBag from /home/airflow/.local/lib/python3.8/site-packages/airflow/example_dags/example_sensors.py
[2023-09-24T05:12:37.745+0000] {processor.py:839} INFO - DAG(s) dict_keys(['example_sensors']) retrieved from /home/airflow/.local/lib/python3.8/site-packages/airflow/example_dags/example_sensors.py
[2023-09-24T05:12:37.799+0000] {logging_mixin.py:151} INFO - [2023-09-24T05:12:37.798+0000] {dag.py:2915} INFO - Sync 1 DAGs
[2023-09-24T05:12:37.828+0000] {logging_mixin.py:151} INFO - [2023-09-24T05:12:37.827+0000] {dag.py:3696} INFO - Setting next_dagrun for example_sensors to None, run_after=None
[2023-09-24T05:12:37.860+0000] {processor.py:179} INFO - Processing /home/airflow/.local/lib/python3.8/site-packages/airflow/example_dags/example_sensors.py took 0.146 seconds
[2023-09-24T05:13:08.475+0000] {processor.py:157} INFO - Started process (PID=391) to work on /home/airflow/.local/lib/python3.8/site-packages/airflow/example_dags/example_sensors.py
[2023-09-24T05:13:08.478+0000] {processor.py:829} INFO - Processing file /home/airflow/.local/lib/python3.8/site-packages/airflow/example_dags/example_sensors.py for tasks to queue
[2023-09-24T05:13:08.483+0000] {logging_mixin.py:151} INFO - [2023-09-24T05:13:08.482+0000] {dagbag.py:539} INFO - Filling up the DagBag from /home/airflow/.local/lib/python3.8/site-packages/airflow/example_dags/example_sensors.py
[2023-09-24T05:13:08.514+0000] {processor.py:839} INFO - DAG(s) dict_keys(['example_sensors']) retrieved from /home/airflow/.local/lib/python3.8/site-packages/airflow/example_dags/example_sensors.py
[2023-09-24T05:13:08.596+0000] {logging_mixin.py:151} INFO - [2023-09-24T05:13:08.596+0000] {dag.py:2915} INFO - Sync 1 DAGs
[2023-09-24T05:13:08.630+0000] {logging_mixin.py:151} INFO - [2023-09-24T05:13:08.629+0000] {dag.py:3696} INFO - Setting next_dagrun for example_sensors to None, run_after=None
[2023-09-24T05:13:08.682+0000] {processor.py:179} INFO - Processing /home/airflow/.local/lib/python3.8/site-packages/airflow/example_dags/example_sensors.py took 0.215 seconds
[2023-09-24T05:13:58.764+0000] {processor.py:157} INFO - Started process (PID=60) to work on /home/airflow/.local/lib/python3.8/site-packages/airflow/example_dags/example_sensors.py
[2023-09-24T05:13:58.776+0000] {processor.py:829} INFO - Processing file /home/airflow/.local/lib/python3.8/site-packages/airflow/example_dags/example_sensors.py for tasks to queue
[2023-09-24T05:13:58.780+0000] {logging_mixin.py:151} INFO - [2023-09-24T05:13:58.779+0000] {dagbag.py:539} INFO - Filling up the DagBag from /home/airflow/.local/lib/python3.8/site-packages/airflow/example_dags/example_sensors.py
[2023-09-24T05:13:58.831+0000] {processor.py:839} INFO - DAG(s) dict_keys(['example_sensors']) retrieved from /home/airflow/.local/lib/python3.8/site-packages/airflow/example_dags/example_sensors.py
[2023-09-24T05:13:58.858+0000] {logging_mixin.py:151} INFO - [2023-09-24T05:13:58.857+0000] {dag.py:2915} INFO - Sync 1 DAGs
[2023-09-24T05:13:58.897+0000] {logging_mixin.py:151} INFO - [2023-09-24T05:13:58.896+0000] {dag.py:3696} INFO - Setting next_dagrun for example_sensors to None, run_after=None
[2023-09-24T05:13:58.969+0000] {processor.py:179} INFO - Processing /home/airflow/.local/lib/python3.8/site-packages/airflow/example_dags/example_sensors.py took 0.222 seconds
[2023-09-24T05:14:30.015+0000] {processor.py:157} INFO - Started process (PID=115) to work on /home/airflow/.local/lib/python3.8/site-packages/airflow/example_dags/example_sensors.py
[2023-09-24T05:14:30.016+0000] {processor.py:829} INFO - Processing file /home/airflow/.local/lib/python3.8/site-packages/airflow/example_dags/example_sensors.py for tasks to queue
[2023-09-24T05:14:30.019+0000] {logging_mixin.py:151} INFO - [2023-09-24T05:14:30.019+0000] {dagbag.py:539} INFO - Filling up the DagBag from /home/airflow/.local/lib/python3.8/site-packages/airflow/example_dags/example_sensors.py
[2023-09-24T05:14:30.036+0000] {processor.py:839} INFO - DAG(s) dict_keys(['example_sensors']) retrieved from /home/airflow/.local/lib/python3.8/site-packages/airflow/example_dags/example_sensors.py
[2023-09-24T05:14:30.076+0000] {logging_mixin.py:151} INFO - [2023-09-24T05:14:30.076+0000] {dag.py:2915} INFO - Sync 1 DAGs
[2023-09-24T05:14:30.097+0000] {logging_mixin.py:151} INFO - [2023-09-24T05:14:30.097+0000] {dag.py:3696} INFO - Setting next_dagrun for example_sensors to None, run_after=None
[2023-09-24T05:14:30.123+0000] {processor.py:179} INFO - Processing /home/airflow/.local/lib/python3.8/site-packages/airflow/example_dags/example_sensors.py took 0.112 seconds
[2023-09-24T05:15:02.168+0000] {processor.py:157} INFO - Started process (PID=175) to work on /home/airflow/.local/lib/python3.8/site-packages/airflow/example_dags/example_sensors.py
[2023-09-24T05:15:02.169+0000] {processor.py:829} INFO - Processing file /home/airflow/.local/lib/python3.8/site-packages/airflow/example_dags/example_sensors.py for tasks to queue
[2023-09-24T05:15:02.174+0000] {logging_mixin.py:151} INFO - [2023-09-24T05:15:02.173+0000] {dagbag.py:539} INFO - Filling up the DagBag from /home/airflow/.local/lib/python3.8/site-packages/airflow/example_dags/example_sensors.py
[2023-09-24T05:15:02.215+0000] {processor.py:839} INFO - DAG(s) dict_keys(['example_sensors']) retrieved from /home/airflow/.local/lib/python3.8/site-packages/airflow/example_dags/example_sensors.py
[2023-09-24T05:15:02.305+0000] {logging_mixin.py:151} INFO - [2023-09-24T05:15:02.305+0000] {dag.py:2915} INFO - Sync 1 DAGs
[2023-09-24T05:15:02.340+0000] {logging_mixin.py:151} INFO - [2023-09-24T05:15:02.340+0000] {dag.py:3696} INFO - Setting next_dagrun for example_sensors to None, run_after=None
[2023-09-24T05:15:02.390+0000] {processor.py:179} INFO - Processing /home/airflow/.local/lib/python3.8/site-packages/airflow/example_dags/example_sensors.py took 0.230 seconds
