[2023-09-24T05:00:20.197+0000] {processor.py:157} INFO - Started process (PID=68) to work on /home/airflow/.local/lib/python3.8/site-packages/airflow/example_dags/example_task_group.py
[2023-09-24T05:00:20.198+0000] {processor.py:829} INFO - Processing file /home/airflow/.local/lib/python3.8/site-packages/airflow/example_dags/example_task_group.py for tasks to queue
[2023-09-24T05:00:20.204+0000] {logging_mixin.py:151} INFO - [2023-09-24T05:00:20.203+0000] {dagbag.py:539} INFO - Filling up the DagBag from /home/airflow/.local/lib/python3.8/site-packages/airflow/example_dags/example_task_group.py
[2023-09-24T05:00:20.229+0000] {processor.py:839} INFO - DAG(s) dict_keys(['example_task_group']) retrieved from /home/airflow/.local/lib/python3.8/site-packages/airflow/example_dags/example_task_group.py
[2023-09-24T05:00:20.481+0000] {logging_mixin.py:151} INFO - [2023-09-24T05:00:20.480+0000] {manager.py:499} INFO - Created Permission View: %s
[2023-09-24T05:00:20.501+0000] {logging_mixin.py:151} INFO - [2023-09-24T05:00:20.501+0000] {manager.py:499} INFO - Created Permission View: %s
[2023-09-24T05:00:20.512+0000] {logging_mixin.py:151} INFO - [2023-09-24T05:00:20.512+0000] {manager.py:499} INFO - Created Permission View: %s
[2023-09-24T05:00:20.512+0000] {logging_mixin.py:151} INFO - [2023-09-24T05:00:20.512+0000] {security.py:708} INFO - Not syncing DAG-level permissions for DAG 'DAG:example_task_group' as access control is unset.
[2023-09-24T05:00:20.513+0000] {logging_mixin.py:151} INFO - [2023-09-24T05:00:20.513+0000] {dag.py:2915} INFO - Sync 1 DAGs
[2023-09-24T05:00:20.544+0000] {logging_mixin.py:151} INFO - [2023-09-24T05:00:20.544+0000] {dag.py:2937} INFO - Creating ORM DAG for example_task_group
[2023-09-24T05:00:20.568+0000] {logging_mixin.py:151} INFO - [2023-09-24T05:00:20.568+0000] {dag.py:3696} INFO - Setting next_dagrun for example_task_group to 2023-09-23T05:00:20.564380+00:00, run_after=2023-09-24T05:00:20.564380+00:00
[2023-09-24T05:00:20.603+0000] {processor.py:179} INFO - Processing /home/airflow/.local/lib/python3.8/site-packages/airflow/example_dags/example_task_group.py took 0.413 seconds
[2023-09-24T05:00:51.283+0000] {processor.py:157} INFO - Started process (PID=122) to work on /home/airflow/.local/lib/python3.8/site-packages/airflow/example_dags/example_task_group.py
[2023-09-24T05:00:51.285+0000] {processor.py:829} INFO - Processing file /home/airflow/.local/lib/python3.8/site-packages/airflow/example_dags/example_task_group.py for tasks to queue
[2023-09-24T05:00:51.288+0000] {logging_mixin.py:151} INFO - [2023-09-24T05:00:51.288+0000] {dagbag.py:539} INFO - Filling up the DagBag from /home/airflow/.local/lib/python3.8/site-packages/airflow/example_dags/example_task_group.py
[2023-09-24T05:00:51.300+0000] {processor.py:839} INFO - DAG(s) dict_keys(['example_task_group']) retrieved from /home/airflow/.local/lib/python3.8/site-packages/airflow/example_dags/example_task_group.py
[2023-09-24T05:00:51.333+0000] {logging_mixin.py:151} INFO - [2023-09-24T05:00:51.333+0000] {dag.py:2915} INFO - Sync 1 DAGs
[2023-09-24T05:00:51.367+0000] {logging_mixin.py:151} INFO - [2023-09-24T05:00:51.367+0000] {dag.py:3696} INFO - Setting next_dagrun for example_task_group to 2023-09-23T05:00:51.367068+00:00, run_after=2023-09-24T05:00:51.367068+00:00
[2023-09-24T05:00:51.391+0000] {processor.py:179} INFO - Processing /home/airflow/.local/lib/python3.8/site-packages/airflow/example_dags/example_task_group.py took 0.113 seconds
[2023-09-24T05:01:21.540+0000] {processor.py:157} INFO - Started process (PID=176) to work on /home/airflow/.local/lib/python3.8/site-packages/airflow/example_dags/example_task_group.py
[2023-09-24T05:01:21.541+0000] {processor.py:829} INFO - Processing file /home/airflow/.local/lib/python3.8/site-packages/airflow/example_dags/example_task_group.py for tasks to queue
[2023-09-24T05:01:21.545+0000] {logging_mixin.py:151} INFO - [2023-09-24T05:01:21.544+0000] {dagbag.py:539} INFO - Filling up the DagBag from /home/airflow/.local/lib/python3.8/site-packages/airflow/example_dags/example_task_group.py
[2023-09-24T05:01:21.556+0000] {processor.py:839} INFO - DAG(s) dict_keys(['example_task_group']) retrieved from /home/airflow/.local/lib/python3.8/site-packages/airflow/example_dags/example_task_group.py
[2023-09-24T05:01:21.590+0000] {logging_mixin.py:151} INFO - [2023-09-24T05:01:21.590+0000] {dag.py:2915} INFO - Sync 1 DAGs
[2023-09-24T05:01:21.626+0000] {logging_mixin.py:151} INFO - [2023-09-24T05:01:21.625+0000] {dag.py:3696} INFO - Setting next_dagrun for example_task_group to 2023-09-23T05:01:21.625441+00:00, run_after=2023-09-24T05:01:21.625441+00:00
[2023-09-24T05:01:21.652+0000] {processor.py:179} INFO - Processing /home/airflow/.local/lib/python3.8/site-packages/airflow/example_dags/example_task_group.py took 0.116 seconds
[2023-09-24T05:01:51.911+0000] {processor.py:157} INFO - Started process (PID=230) to work on /home/airflow/.local/lib/python3.8/site-packages/airflow/example_dags/example_task_group.py
[2023-09-24T05:01:51.912+0000] {processor.py:829} INFO - Processing file /home/airflow/.local/lib/python3.8/site-packages/airflow/example_dags/example_task_group.py for tasks to queue
[2023-09-24T05:01:51.915+0000] {logging_mixin.py:151} INFO - [2023-09-24T05:01:51.914+0000] {dagbag.py:539} INFO - Filling up the DagBag from /home/airflow/.local/lib/python3.8/site-packages/airflow/example_dags/example_task_group.py
[2023-09-24T05:01:51.926+0000] {processor.py:839} INFO - DAG(s) dict_keys(['example_task_group']) retrieved from /home/airflow/.local/lib/python3.8/site-packages/airflow/example_dags/example_task_group.py
[2023-09-24T05:01:51.961+0000] {logging_mixin.py:151} INFO - [2023-09-24T05:01:51.961+0000] {dag.py:2915} INFO - Sync 1 DAGs
[2023-09-24T05:01:51.996+0000] {logging_mixin.py:151} INFO - [2023-09-24T05:01:51.995+0000] {dag.py:3696} INFO - Setting next_dagrun for example_task_group to 2023-09-23T05:01:51.995603+00:00, run_after=2023-09-24T05:01:51.995603+00:00
[2023-09-24T05:01:52.034+0000] {processor.py:179} INFO - Processing /home/airflow/.local/lib/python3.8/site-packages/airflow/example_dags/example_task_group.py took 0.128 seconds
[2023-09-24T05:02:22.529+0000] {processor.py:157} INFO - Started process (PID=284) to work on /home/airflow/.local/lib/python3.8/site-packages/airflow/example_dags/example_task_group.py
[2023-09-24T05:02:22.530+0000] {processor.py:829} INFO - Processing file /home/airflow/.local/lib/python3.8/site-packages/airflow/example_dags/example_task_group.py for tasks to queue
[2023-09-24T05:02:22.534+0000] {logging_mixin.py:151} INFO - [2023-09-24T05:02:22.533+0000] {dagbag.py:539} INFO - Filling up the DagBag from /home/airflow/.local/lib/python3.8/site-packages/airflow/example_dags/example_task_group.py
[2023-09-24T05:02:22.549+0000] {processor.py:839} INFO - DAG(s) dict_keys(['example_task_group']) retrieved from /home/airflow/.local/lib/python3.8/site-packages/airflow/example_dags/example_task_group.py
[2023-09-24T05:02:22.596+0000] {logging_mixin.py:151} INFO - [2023-09-24T05:02:22.596+0000] {dag.py:2915} INFO - Sync 1 DAGs
[2023-09-24T05:02:22.640+0000] {logging_mixin.py:151} INFO - [2023-09-24T05:02:22.640+0000] {dag.py:3696} INFO - Setting next_dagrun for example_task_group to 2023-09-23T05:02:22.639946+00:00, run_after=2023-09-24T05:02:22.639946+00:00
[2023-09-24T05:02:22.668+0000] {processor.py:179} INFO - Processing /home/airflow/.local/lib/python3.8/site-packages/airflow/example_dags/example_task_group.py took 0.145 seconds
[2023-09-24T05:02:53.327+0000] {processor.py:157} INFO - Started process (PID=338) to work on /home/airflow/.local/lib/python3.8/site-packages/airflow/example_dags/example_task_group.py
[2023-09-24T05:02:53.329+0000] {processor.py:829} INFO - Processing file /home/airflow/.local/lib/python3.8/site-packages/airflow/example_dags/example_task_group.py for tasks to queue
[2023-09-24T05:02:53.331+0000] {logging_mixin.py:151} INFO - [2023-09-24T05:02:53.331+0000] {dagbag.py:539} INFO - Filling up the DagBag from /home/airflow/.local/lib/python3.8/site-packages/airflow/example_dags/example_task_group.py
[2023-09-24T05:02:53.343+0000] {processor.py:839} INFO - DAG(s) dict_keys(['example_task_group']) retrieved from /home/airflow/.local/lib/python3.8/site-packages/airflow/example_dags/example_task_group.py
[2023-09-24T05:02:53.375+0000] {logging_mixin.py:151} INFO - [2023-09-24T05:02:53.375+0000] {dag.py:2915} INFO - Sync 1 DAGs
[2023-09-24T05:02:53.415+0000] {logging_mixin.py:151} INFO - [2023-09-24T05:02:53.414+0000] {dag.py:3696} INFO - Setting next_dagrun for example_task_group to 2023-09-23T05:02:53.414480+00:00, run_after=2023-09-24T05:02:53.414480+00:00
[2023-09-24T05:02:53.452+0000] {processor.py:179} INFO - Processing /home/airflow/.local/lib/python3.8/site-packages/airflow/example_dags/example_task_group.py took 0.129 seconds
[2023-09-24T05:03:24.914+0000] {processor.py:157} INFO - Started process (PID=393) to work on /home/airflow/.local/lib/python3.8/site-packages/airflow/example_dags/example_task_group.py
[2023-09-24T05:03:24.915+0000] {processor.py:829} INFO - Processing file /home/airflow/.local/lib/python3.8/site-packages/airflow/example_dags/example_task_group.py for tasks to queue
[2023-09-24T05:03:24.919+0000] {logging_mixin.py:151} INFO - [2023-09-24T05:03:24.918+0000] {dagbag.py:539} INFO - Filling up the DagBag from /home/airflow/.local/lib/python3.8/site-packages/airflow/example_dags/example_task_group.py
[2023-09-24T05:03:24.930+0000] {processor.py:839} INFO - DAG(s) dict_keys(['example_task_group']) retrieved from /home/airflow/.local/lib/python3.8/site-packages/airflow/example_dags/example_task_group.py
[2023-09-24T05:03:24.965+0000] {logging_mixin.py:151} INFO - [2023-09-24T05:03:24.965+0000] {dag.py:2915} INFO - Sync 1 DAGs
[2023-09-24T05:03:25.000+0000] {logging_mixin.py:151} INFO - [2023-09-24T05:03:25.000+0000] {dag.py:3696} INFO - Setting next_dagrun for example_task_group to 2023-09-23T05:03:25.000199+00:00, run_after=2023-09-24T05:03:25.000199+00:00
[2023-09-24T05:03:25.025+0000] {processor.py:179} INFO - Processing /home/airflow/.local/lib/python3.8/site-packages/airflow/example_dags/example_task_group.py took 0.116 seconds
[2023-09-24T05:03:55.665+0000] {processor.py:157} INFO - Started process (PID=447) to work on /home/airflow/.local/lib/python3.8/site-packages/airflow/example_dags/example_task_group.py
[2023-09-24T05:03:55.666+0000] {processor.py:829} INFO - Processing file /home/airflow/.local/lib/python3.8/site-packages/airflow/example_dags/example_task_group.py for tasks to queue
[2023-09-24T05:03:55.669+0000] {logging_mixin.py:151} INFO - [2023-09-24T05:03:55.668+0000] {dagbag.py:539} INFO - Filling up the DagBag from /home/airflow/.local/lib/python3.8/site-packages/airflow/example_dags/example_task_group.py
[2023-09-24T05:03:55.680+0000] {processor.py:839} INFO - DAG(s) dict_keys(['example_task_group']) retrieved from /home/airflow/.local/lib/python3.8/site-packages/airflow/example_dags/example_task_group.py
[2023-09-24T05:03:55.714+0000] {logging_mixin.py:151} INFO - [2023-09-24T05:03:55.713+0000] {dag.py:2915} INFO - Sync 1 DAGs
[2023-09-24T05:03:55.748+0000] {logging_mixin.py:151} INFO - [2023-09-24T05:03:55.747+0000] {dag.py:3696} INFO - Setting next_dagrun for example_task_group to 2023-09-23T05:03:55.747526+00:00, run_after=2023-09-24T05:03:55.747526+00:00
[2023-09-24T05:03:55.772+0000] {processor.py:179} INFO - Processing /home/airflow/.local/lib/python3.8/site-packages/airflow/example_dags/example_task_group.py took 0.111 seconds
[2023-09-24T05:10:04.975+0000] {processor.py:157} INFO - Started process (PID=68) to work on /home/airflow/.local/lib/python3.8/site-packages/airflow/example_dags/example_task_group.py
[2023-09-24T05:10:04.978+0000] {processor.py:829} INFO - Processing file /home/airflow/.local/lib/python3.8/site-packages/airflow/example_dags/example_task_group.py for tasks to queue
[2023-09-24T05:10:04.988+0000] {logging_mixin.py:151} INFO - [2023-09-24T05:10:04.987+0000] {dagbag.py:539} INFO - Filling up the DagBag from /home/airflow/.local/lib/python3.8/site-packages/airflow/example_dags/example_task_group.py
[2023-09-24T05:10:05.011+0000] {processor.py:839} INFO - DAG(s) dict_keys(['example_task_group']) retrieved from /home/airflow/.local/lib/python3.8/site-packages/airflow/example_dags/example_task_group.py
[2023-09-24T05:10:05.079+0000] {logging_mixin.py:151} INFO - [2023-09-24T05:10:05.079+0000] {dag.py:2915} INFO - Sync 1 DAGs
[2023-09-24T05:10:05.201+0000] {logging_mixin.py:151} INFO - [2023-09-24T05:10:05.200+0000] {dag.py:3696} INFO - Setting next_dagrun for example_task_group to 2023-09-23T05:10:05.200385+00:00, run_after=2023-09-24T05:10:05.200385+00:00
[2023-09-24T05:10:05.272+0000] {processor.py:179} INFO - Processing /home/airflow/.local/lib/python3.8/site-packages/airflow/example_dags/example_task_group.py took 0.306 seconds
[2023-09-24T05:10:35.719+0000] {processor.py:157} INFO - Started process (PID=121) to work on /home/airflow/.local/lib/python3.8/site-packages/airflow/example_dags/example_task_group.py
[2023-09-24T05:10:35.721+0000] {processor.py:829} INFO - Processing file /home/airflow/.local/lib/python3.8/site-packages/airflow/example_dags/example_task_group.py for tasks to queue
[2023-09-24T05:10:35.724+0000] {logging_mixin.py:151} INFO - [2023-09-24T05:10:35.724+0000] {dagbag.py:539} INFO - Filling up the DagBag from /home/airflow/.local/lib/python3.8/site-packages/airflow/example_dags/example_task_group.py
[2023-09-24T05:10:35.735+0000] {processor.py:839} INFO - DAG(s) dict_keys(['example_task_group']) retrieved from /home/airflow/.local/lib/python3.8/site-packages/airflow/example_dags/example_task_group.py
[2023-09-24T05:10:35.770+0000] {logging_mixin.py:151} INFO - [2023-09-24T05:10:35.770+0000] {dag.py:2915} INFO - Sync 1 DAGs
[2023-09-24T05:10:35.806+0000] {logging_mixin.py:151} INFO - [2023-09-24T05:10:35.805+0000] {dag.py:3696} INFO - Setting next_dagrun for example_task_group to 2023-09-23T05:10:35.805561+00:00, run_after=2023-09-24T05:10:35.805561+00:00
[2023-09-24T05:10:35.834+0000] {processor.py:179} INFO - Processing /home/airflow/.local/lib/python3.8/site-packages/airflow/example_dags/example_task_group.py took 0.119 seconds
[2023-09-24T05:11:06.613+0000] {processor.py:157} INFO - Started process (PID=175) to work on /home/airflow/.local/lib/python3.8/site-packages/airflow/example_dags/example_task_group.py
[2023-09-24T05:11:06.614+0000] {processor.py:829} INFO - Processing file /home/airflow/.local/lib/python3.8/site-packages/airflow/example_dags/example_task_group.py for tasks to queue
[2023-09-24T05:11:06.620+0000] {logging_mixin.py:151} INFO - [2023-09-24T05:11:06.619+0000] {dagbag.py:539} INFO - Filling up the DagBag from /home/airflow/.local/lib/python3.8/site-packages/airflow/example_dags/example_task_group.py
[2023-09-24T05:11:06.640+0000] {processor.py:839} INFO - DAG(s) dict_keys(['example_task_group']) retrieved from /home/airflow/.local/lib/python3.8/site-packages/airflow/example_dags/example_task_group.py
[2023-09-24T05:11:06.679+0000] {logging_mixin.py:151} INFO - [2023-09-24T05:11:06.679+0000] {dag.py:2915} INFO - Sync 1 DAGs
[2023-09-24T05:11:06.723+0000] {logging_mixin.py:151} INFO - [2023-09-24T05:11:06.722+0000] {dag.py:3696} INFO - Setting next_dagrun for example_task_group to 2023-09-23T05:11:06.722157+00:00, run_after=2023-09-24T05:11:06.722157+00:00
[2023-09-24T05:11:06.771+0000] {processor.py:179} INFO - Processing /home/airflow/.local/lib/python3.8/site-packages/airflow/example_dags/example_task_group.py took 0.164 seconds
[2023-09-24T05:11:37.503+0000] {processor.py:157} INFO - Started process (PID=234) to work on /home/airflow/.local/lib/python3.8/site-packages/airflow/example_dags/example_task_group.py
[2023-09-24T05:11:37.509+0000] {processor.py:829} INFO - Processing file /home/airflow/.local/lib/python3.8/site-packages/airflow/example_dags/example_task_group.py for tasks to queue
[2023-09-24T05:11:37.524+0000] {logging_mixin.py:151} INFO - [2023-09-24T05:11:37.523+0000] {dagbag.py:539} INFO - Filling up the DagBag from /home/airflow/.local/lib/python3.8/site-packages/airflow/example_dags/example_task_group.py
[2023-09-24T05:11:37.577+0000] {processor.py:839} INFO - DAG(s) dict_keys(['example_task_group']) retrieved from /home/airflow/.local/lib/python3.8/site-packages/airflow/example_dags/example_task_group.py
[2023-09-24T05:11:37.870+0000] {logging_mixin.py:151} INFO - [2023-09-24T05:11:37.869+0000] {dag.py:2915} INFO - Sync 1 DAGs
[2023-09-24T05:11:38.003+0000] {logging_mixin.py:151} INFO - [2023-09-24T05:11:38.003+0000] {dag.py:3696} INFO - Setting next_dagrun for example_task_group to 2023-09-23T05:11:38.002326+00:00, run_after=2023-09-24T05:11:38.002326+00:00
[2023-09-24T05:11:38.189+0000] {processor.py:179} INFO - Processing /home/airflow/.local/lib/python3.8/site-packages/airflow/example_dags/example_task_group.py took 0.699 seconds
[2023-09-24T05:12:08.798+0000] {processor.py:157} INFO - Started process (PID=292) to work on /home/airflow/.local/lib/python3.8/site-packages/airflow/example_dags/example_task_group.py
[2023-09-24T05:12:08.799+0000] {processor.py:829} INFO - Processing file /home/airflow/.local/lib/python3.8/site-packages/airflow/example_dags/example_task_group.py for tasks to queue
[2023-09-24T05:12:08.802+0000] {logging_mixin.py:151} INFO - [2023-09-24T05:12:08.802+0000] {dagbag.py:539} INFO - Filling up the DagBag from /home/airflow/.local/lib/python3.8/site-packages/airflow/example_dags/example_task_group.py
[2023-09-24T05:12:08.814+0000] {processor.py:839} INFO - DAG(s) dict_keys(['example_task_group']) retrieved from /home/airflow/.local/lib/python3.8/site-packages/airflow/example_dags/example_task_group.py
[2023-09-24T05:12:08.851+0000] {logging_mixin.py:151} INFO - [2023-09-24T05:12:08.851+0000] {dag.py:2915} INFO - Sync 1 DAGs
[2023-09-24T05:12:08.889+0000] {logging_mixin.py:151} INFO - [2023-09-24T05:12:08.888+0000] {dag.py:3696} INFO - Setting next_dagrun for example_task_group to 2023-09-23T05:12:08.888409+00:00, run_after=2023-09-24T05:12:08.888409+00:00
[2023-09-24T05:12:08.916+0000] {processor.py:179} INFO - Processing /home/airflow/.local/lib/python3.8/site-packages/airflow/example_dags/example_task_group.py took 0.124 seconds
[2023-09-24T05:12:39.057+0000] {processor.py:157} INFO - Started process (PID=346) to work on /home/airflow/.local/lib/python3.8/site-packages/airflow/example_dags/example_task_group.py
[2023-09-24T05:12:39.170+0000] {processor.py:829} INFO - Processing file /home/airflow/.local/lib/python3.8/site-packages/airflow/example_dags/example_task_group.py for tasks to queue
[2023-09-24T05:12:39.174+0000] {logging_mixin.py:151} INFO - [2023-09-24T05:12:39.173+0000] {dagbag.py:539} INFO - Filling up the DagBag from /home/airflow/.local/lib/python3.8/site-packages/airflow/example_dags/example_task_group.py
[2023-09-24T05:12:39.186+0000] {processor.py:839} INFO - DAG(s) dict_keys(['example_task_group']) retrieved from /home/airflow/.local/lib/python3.8/site-packages/airflow/example_dags/example_task_group.py
[2023-09-24T05:12:39.229+0000] {logging_mixin.py:151} INFO - [2023-09-24T05:12:39.228+0000] {dag.py:2915} INFO - Sync 1 DAGs
[2023-09-24T05:12:39.285+0000] {logging_mixin.py:151} INFO - [2023-09-24T05:12:39.284+0000] {dag.py:3696} INFO - Setting next_dagrun for example_task_group to 2023-09-23T05:12:39.284029+00:00, run_after=2023-09-24T05:12:39.284029+00:00
[2023-09-24T05:12:39.332+0000] {processor.py:179} INFO - Processing /home/airflow/.local/lib/python3.8/site-packages/airflow/example_dags/example_task_group.py took 0.281 seconds
[2023-09-24T05:13:09.533+0000] {processor.py:157} INFO - Started process (PID=399) to work on /home/airflow/.local/lib/python3.8/site-packages/airflow/example_dags/example_task_group.py
[2023-09-24T05:13:09.534+0000] {processor.py:829} INFO - Processing file /home/airflow/.local/lib/python3.8/site-packages/airflow/example_dags/example_task_group.py for tasks to queue
[2023-09-24T05:13:09.539+0000] {logging_mixin.py:151} INFO - [2023-09-24T05:13:09.538+0000] {dagbag.py:539} INFO - Filling up the DagBag from /home/airflow/.local/lib/python3.8/site-packages/airflow/example_dags/example_task_group.py
[2023-09-24T05:13:09.556+0000] {processor.py:839} INFO - DAG(s) dict_keys(['example_task_group']) retrieved from /home/airflow/.local/lib/python3.8/site-packages/airflow/example_dags/example_task_group.py
[2023-09-24T05:13:09.610+0000] {logging_mixin.py:151} INFO - [2023-09-24T05:13:09.609+0000] {dag.py:2915} INFO - Sync 1 DAGs
[2023-09-24T05:13:09.666+0000] {logging_mixin.py:151} INFO - [2023-09-24T05:13:09.665+0000] {dag.py:3696} INFO - Setting next_dagrun for example_task_group to 2023-09-23T05:13:09.665229+00:00, run_after=2023-09-24T05:13:09.665229+00:00
[2023-09-24T05:13:09.703+0000] {processor.py:179} INFO - Processing /home/airflow/.local/lib/python3.8/site-packages/airflow/example_dags/example_task_group.py took 0.178 seconds
[2023-09-24T05:13:59.876+0000] {processor.py:157} INFO - Started process (PID=68) to work on /home/airflow/.local/lib/python3.8/site-packages/airflow/example_dags/example_task_group.py
[2023-09-24T05:13:59.884+0000] {processor.py:829} INFO - Processing file /home/airflow/.local/lib/python3.8/site-packages/airflow/example_dags/example_task_group.py for tasks to queue
[2023-09-24T05:13:59.889+0000] {logging_mixin.py:151} INFO - [2023-09-24T05:13:59.888+0000] {dagbag.py:539} INFO - Filling up the DagBag from /home/airflow/.local/lib/python3.8/site-packages/airflow/example_dags/example_task_group.py
[2023-09-24T05:13:59.919+0000] {processor.py:839} INFO - DAG(s) dict_keys(['example_task_group']) retrieved from /home/airflow/.local/lib/python3.8/site-packages/airflow/example_dags/example_task_group.py
[2023-09-24T05:13:59.949+0000] {logging_mixin.py:151} INFO - [2023-09-24T05:13:59.948+0000] {dag.py:2915} INFO - Sync 1 DAGs
[2023-09-24T05:14:00.022+0000] {logging_mixin.py:151} INFO - [2023-09-24T05:14:00.021+0000] {dag.py:3696} INFO - Setting next_dagrun for example_task_group to 2023-09-23T05:14:00.020784+00:00, run_after=2023-09-24T05:14:00.020784+00:00
[2023-09-24T05:14:00.082+0000] {processor.py:179} INFO - Processing /home/airflow/.local/lib/python3.8/site-packages/airflow/example_dags/example_task_group.py took 0.225 seconds
[2023-09-24T05:14:30.742+0000] {processor.py:157} INFO - Started process (PID=123) to work on /home/airflow/.local/lib/python3.8/site-packages/airflow/example_dags/example_task_group.py
[2023-09-24T05:14:30.744+0000] {processor.py:829} INFO - Processing file /home/airflow/.local/lib/python3.8/site-packages/airflow/example_dags/example_task_group.py for tasks to queue
[2023-09-24T05:14:30.748+0000] {logging_mixin.py:151} INFO - [2023-09-24T05:14:30.747+0000] {dagbag.py:539} INFO - Filling up the DagBag from /home/airflow/.local/lib/python3.8/site-packages/airflow/example_dags/example_task_group.py
[2023-09-24T05:14:30.763+0000] {processor.py:839} INFO - DAG(s) dict_keys(['example_task_group']) retrieved from /home/airflow/.local/lib/python3.8/site-packages/airflow/example_dags/example_task_group.py
[2023-09-24T05:14:30.816+0000] {logging_mixin.py:151} INFO - [2023-09-24T05:14:30.816+0000] {dag.py:2915} INFO - Sync 1 DAGs
[2023-09-24T05:14:30.866+0000] {logging_mixin.py:151} INFO - [2023-09-24T05:14:30.866+0000] {dag.py:3696} INFO - Setting next_dagrun for example_task_group to 2023-09-23T05:14:30.865435+00:00, run_after=2023-09-24T05:14:30.865435+00:00
[2023-09-24T05:14:30.899+0000] {processor.py:179} INFO - Processing /home/airflow/.local/lib/python3.8/site-packages/airflow/example_dags/example_task_group.py took 0.164 seconds
[2023-09-24T05:15:03.085+0000] {processor.py:157} INFO - Started process (PID=183) to work on /home/airflow/.local/lib/python3.8/site-packages/airflow/example_dags/example_task_group.py
[2023-09-24T05:15:03.087+0000] {processor.py:829} INFO - Processing file /home/airflow/.local/lib/python3.8/site-packages/airflow/example_dags/example_task_group.py for tasks to queue
[2023-09-24T05:15:03.090+0000] {logging_mixin.py:151} INFO - [2023-09-24T05:15:03.090+0000] {dagbag.py:539} INFO - Filling up the DagBag from /home/airflow/.local/lib/python3.8/site-packages/airflow/example_dags/example_task_group.py
[2023-09-24T05:15:03.106+0000] {processor.py:839} INFO - DAG(s) dict_keys(['example_task_group']) retrieved from /home/airflow/.local/lib/python3.8/site-packages/airflow/example_dags/example_task_group.py
[2023-09-24T05:15:03.151+0000] {logging_mixin.py:151} INFO - [2023-09-24T05:15:03.151+0000] {dag.py:2915} INFO - Sync 1 DAGs
[2023-09-24T05:15:03.203+0000] {logging_mixin.py:151} INFO - [2023-09-24T05:15:03.203+0000] {dag.py:3696} INFO - Setting next_dagrun for example_task_group to 2023-09-23T05:15:03.202505+00:00, run_after=2023-09-24T05:15:03.202505+00:00
[2023-09-24T05:15:03.241+0000] {processor.py:179} INFO - Processing /home/airflow/.local/lib/python3.8/site-packages/airflow/example_dags/example_task_group.py took 0.161 seconds
