[2023-09-24T05:00:21.167+0000] {processor.py:157} INFO - Started process (PID=71) to work on /home/airflow/.local/lib/python3.8/site-packages/airflow/example_dags/example_trigger_controller_dag.py
[2023-09-24T05:00:21.169+0000] {processor.py:829} INFO - Processing file /home/airflow/.local/lib/python3.8/site-packages/airflow/example_dags/example_trigger_controller_dag.py for tasks to queue
[2023-09-24T05:00:21.174+0000] {logging_mixin.py:151} INFO - [2023-09-24T05:00:21.173+0000] {dagbag.py:539} INFO - Filling up the DagBag from /home/airflow/.local/lib/python3.8/site-packages/airflow/example_dags/example_trigger_controller_dag.py
[2023-09-24T05:00:21.182+0000] {processor.py:839} INFO - DAG(s) dict_keys(['example_trigger_controller_dag']) retrieved from /home/airflow/.local/lib/python3.8/site-packages/airflow/example_dags/example_trigger_controller_dag.py
[2023-09-24T05:00:21.415+0000] {logging_mixin.py:151} INFO - [2023-09-24T05:00:21.415+0000] {manager.py:499} INFO - Created Permission View: %s
[2023-09-24T05:00:21.437+0000] {logging_mixin.py:151} INFO - [2023-09-24T05:00:21.437+0000] {manager.py:499} INFO - Created Permission View: %s
[2023-09-24T05:00:21.453+0000] {logging_mixin.py:151} INFO - [2023-09-24T05:00:21.452+0000] {manager.py:499} INFO - Created Permission View: %s
[2023-09-24T05:00:21.453+0000] {logging_mixin.py:151} INFO - [2023-09-24T05:00:21.453+0000] {security.py:708} INFO - Not syncing DAG-level permissions for DAG 'DAG:example_trigger_controller_dag' as access control is unset.
[2023-09-24T05:00:21.454+0000] {logging_mixin.py:151} INFO - [2023-09-24T05:00:21.454+0000] {dag.py:2915} INFO - Sync 1 DAGs
[2023-09-24T05:00:21.480+0000] {logging_mixin.py:151} INFO - [2023-09-24T05:00:21.479+0000] {dag.py:2937} INFO - Creating ORM DAG for example_trigger_controller_dag
[2023-09-24T05:00:21.509+0000] {logging_mixin.py:151} INFO - [2023-09-24T05:00:21.509+0000] {dag.py:3696} INFO - Setting next_dagrun for example_trigger_controller_dag to 2021-01-01T00:00:00+00:00, run_after=2021-01-01T00:00:00+00:00
[2023-09-24T05:00:21.547+0000] {processor.py:179} INFO - Processing /home/airflow/.local/lib/python3.8/site-packages/airflow/example_dags/example_trigger_controller_dag.py took 0.388 seconds
[2023-09-24T05:00:52.497+0000] {processor.py:157} INFO - Started process (PID=125) to work on /home/airflow/.local/lib/python3.8/site-packages/airflow/example_dags/example_trigger_controller_dag.py
[2023-09-24T05:00:52.498+0000] {processor.py:829} INFO - Processing file /home/airflow/.local/lib/python3.8/site-packages/airflow/example_dags/example_trigger_controller_dag.py for tasks to queue
[2023-09-24T05:00:52.502+0000] {logging_mixin.py:151} INFO - [2023-09-24T05:00:52.502+0000] {dagbag.py:539} INFO - Filling up the DagBag from /home/airflow/.local/lib/python3.8/site-packages/airflow/example_dags/example_trigger_controller_dag.py
[2023-09-24T05:00:52.508+0000] {processor.py:839} INFO - DAG(s) dict_keys(['example_trigger_controller_dag']) retrieved from /home/airflow/.local/lib/python3.8/site-packages/airflow/example_dags/example_trigger_controller_dag.py
[2023-09-24T05:00:52.537+0000] {logging_mixin.py:151} INFO - [2023-09-24T05:00:52.537+0000] {dag.py:2915} INFO - Sync 1 DAGs
[2023-09-24T05:00:52.571+0000] {logging_mixin.py:151} INFO - [2023-09-24T05:00:52.571+0000] {dag.py:3696} INFO - Setting next_dagrun for example_trigger_controller_dag to 2021-01-01T00:00:00+00:00, run_after=2021-01-01T00:00:00+00:00
[2023-09-24T05:00:52.596+0000] {processor.py:179} INFO - Processing /home/airflow/.local/lib/python3.8/site-packages/airflow/example_dags/example_trigger_controller_dag.py took 0.105 seconds
[2023-09-24T05:01:22.845+0000] {processor.py:157} INFO - Started process (PID=179) to work on /home/airflow/.local/lib/python3.8/site-packages/airflow/example_dags/example_trigger_controller_dag.py
[2023-09-24T05:01:22.847+0000] {processor.py:829} INFO - Processing file /home/airflow/.local/lib/python3.8/site-packages/airflow/example_dags/example_trigger_controller_dag.py for tasks to queue
[2023-09-24T05:01:22.851+0000] {logging_mixin.py:151} INFO - [2023-09-24T05:01:22.850+0000] {dagbag.py:539} INFO - Filling up the DagBag from /home/airflow/.local/lib/python3.8/site-packages/airflow/example_dags/example_trigger_controller_dag.py
[2023-09-24T05:01:22.857+0000] {processor.py:839} INFO - DAG(s) dict_keys(['example_trigger_controller_dag']) retrieved from /home/airflow/.local/lib/python3.8/site-packages/airflow/example_dags/example_trigger_controller_dag.py
[2023-09-24T05:01:22.889+0000] {logging_mixin.py:151} INFO - [2023-09-24T05:01:22.889+0000] {dag.py:2915} INFO - Sync 1 DAGs
[2023-09-24T05:01:22.927+0000] {logging_mixin.py:151} INFO - [2023-09-24T05:01:22.927+0000] {dag.py:3696} INFO - Setting next_dagrun for example_trigger_controller_dag to 2021-01-01T00:00:00+00:00, run_after=2021-01-01T00:00:00+00:00
[2023-09-24T05:01:22.952+0000] {processor.py:179} INFO - Processing /home/airflow/.local/lib/python3.8/site-packages/airflow/example_dags/example_trigger_controller_dag.py took 0.111 seconds
[2023-09-24T05:01:53.184+0000] {processor.py:157} INFO - Started process (PID=233) to work on /home/airflow/.local/lib/python3.8/site-packages/airflow/example_dags/example_trigger_controller_dag.py
[2023-09-24T05:01:53.185+0000] {processor.py:829} INFO - Processing file /home/airflow/.local/lib/python3.8/site-packages/airflow/example_dags/example_trigger_controller_dag.py for tasks to queue
[2023-09-24T05:01:53.189+0000] {logging_mixin.py:151} INFO - [2023-09-24T05:01:53.188+0000] {dagbag.py:539} INFO - Filling up the DagBag from /home/airflow/.local/lib/python3.8/site-packages/airflow/example_dags/example_trigger_controller_dag.py
[2023-09-24T05:01:53.194+0000] {processor.py:839} INFO - DAG(s) dict_keys(['example_trigger_controller_dag']) retrieved from /home/airflow/.local/lib/python3.8/site-packages/airflow/example_dags/example_trigger_controller_dag.py
[2023-09-24T05:01:53.234+0000] {logging_mixin.py:151} INFO - [2023-09-24T05:01:53.234+0000] {dag.py:2915} INFO - Sync 1 DAGs
[2023-09-24T05:01:53.269+0000] {logging_mixin.py:151} INFO - [2023-09-24T05:01:53.269+0000] {dag.py:3696} INFO - Setting next_dagrun for example_trigger_controller_dag to 2021-01-01T00:00:00+00:00, run_after=2021-01-01T00:00:00+00:00
[2023-09-24T05:01:53.296+0000] {processor.py:179} INFO - Processing /home/airflow/.local/lib/python3.8/site-packages/airflow/example_dags/example_trigger_controller_dag.py took 0.116 seconds
[2023-09-24T05:02:23.785+0000] {processor.py:157} INFO - Started process (PID=287) to work on /home/airflow/.local/lib/python3.8/site-packages/airflow/example_dags/example_trigger_controller_dag.py
[2023-09-24T05:02:23.787+0000] {processor.py:829} INFO - Processing file /home/airflow/.local/lib/python3.8/site-packages/airflow/example_dags/example_trigger_controller_dag.py for tasks to queue
[2023-09-24T05:02:23.792+0000] {logging_mixin.py:151} INFO - [2023-09-24T05:02:23.791+0000] {dagbag.py:539} INFO - Filling up the DagBag from /home/airflow/.local/lib/python3.8/site-packages/airflow/example_dags/example_trigger_controller_dag.py
[2023-09-24T05:02:23.797+0000] {processor.py:839} INFO - DAG(s) dict_keys(['example_trigger_controller_dag']) retrieved from /home/airflow/.local/lib/python3.8/site-packages/airflow/example_dags/example_trigger_controller_dag.py
[2023-09-24T05:02:23.827+0000] {logging_mixin.py:151} INFO - [2023-09-24T05:02:23.826+0000] {dag.py:2915} INFO - Sync 1 DAGs
[2023-09-24T05:02:23.862+0000] {logging_mixin.py:151} INFO - [2023-09-24T05:02:23.862+0000] {dag.py:3696} INFO - Setting next_dagrun for example_trigger_controller_dag to 2021-01-01T00:00:00+00:00, run_after=2021-01-01T00:00:00+00:00
[2023-09-24T05:02:23.888+0000] {processor.py:179} INFO - Processing /home/airflow/.local/lib/python3.8/site-packages/airflow/example_dags/example_trigger_controller_dag.py took 0.108 seconds
[2023-09-24T05:02:54.613+0000] {processor.py:157} INFO - Started process (PID=341) to work on /home/airflow/.local/lib/python3.8/site-packages/airflow/example_dags/example_trigger_controller_dag.py
[2023-09-24T05:02:54.614+0000] {processor.py:829} INFO - Processing file /home/airflow/.local/lib/python3.8/site-packages/airflow/example_dags/example_trigger_controller_dag.py for tasks to queue
[2023-09-24T05:02:54.619+0000] {logging_mixin.py:151} INFO - [2023-09-24T05:02:54.618+0000] {dagbag.py:539} INFO - Filling up the DagBag from /home/airflow/.local/lib/python3.8/site-packages/airflow/example_dags/example_trigger_controller_dag.py
[2023-09-24T05:02:54.625+0000] {processor.py:839} INFO - DAG(s) dict_keys(['example_trigger_controller_dag']) retrieved from /home/airflow/.local/lib/python3.8/site-packages/airflow/example_dags/example_trigger_controller_dag.py
[2023-09-24T05:02:54.653+0000] {logging_mixin.py:151} INFO - [2023-09-24T05:02:54.653+0000] {dag.py:2915} INFO - Sync 1 DAGs
[2023-09-24T05:02:54.695+0000] {logging_mixin.py:151} INFO - [2023-09-24T05:02:54.695+0000] {dag.py:3696} INFO - Setting next_dagrun for example_trigger_controller_dag to 2021-01-01T00:00:00+00:00, run_after=2021-01-01T00:00:00+00:00
[2023-09-24T05:02:54.727+0000] {processor.py:179} INFO - Processing /home/airflow/.local/lib/python3.8/site-packages/airflow/example_dags/example_trigger_controller_dag.py took 0.120 seconds
[2023-09-24T05:03:25.148+0000] {processor.py:157} INFO - Started process (PID=396) to work on /home/airflow/.local/lib/python3.8/site-packages/airflow/example_dags/example_trigger_controller_dag.py
[2023-09-24T05:03:25.149+0000] {processor.py:829} INFO - Processing file /home/airflow/.local/lib/python3.8/site-packages/airflow/example_dags/example_trigger_controller_dag.py for tasks to queue
[2023-09-24T05:03:25.153+0000] {logging_mixin.py:151} INFO - [2023-09-24T05:03:25.153+0000] {dagbag.py:539} INFO - Filling up the DagBag from /home/airflow/.local/lib/python3.8/site-packages/airflow/example_dags/example_trigger_controller_dag.py
[2023-09-24T05:03:25.159+0000] {processor.py:839} INFO - DAG(s) dict_keys(['example_trigger_controller_dag']) retrieved from /home/airflow/.local/lib/python3.8/site-packages/airflow/example_dags/example_trigger_controller_dag.py
[2023-09-24T05:03:25.188+0000] {logging_mixin.py:151} INFO - [2023-09-24T05:03:25.187+0000] {dag.py:2915} INFO - Sync 1 DAGs
[2023-09-24T05:03:25.224+0000] {logging_mixin.py:151} INFO - [2023-09-24T05:03:25.224+0000] {dag.py:3696} INFO - Setting next_dagrun for example_trigger_controller_dag to 2021-01-01T00:00:00+00:00, run_after=2021-01-01T00:00:00+00:00
[2023-09-24T05:03:25.255+0000] {processor.py:179} INFO - Processing /home/airflow/.local/lib/python3.8/site-packages/airflow/example_dags/example_trigger_controller_dag.py took 0.112 seconds
[2023-09-24T05:03:55.940+0000] {processor.py:157} INFO - Started process (PID=450) to work on /home/airflow/.local/lib/python3.8/site-packages/airflow/example_dags/example_trigger_controller_dag.py
[2023-09-24T05:03:55.941+0000] {processor.py:829} INFO - Processing file /home/airflow/.local/lib/python3.8/site-packages/airflow/example_dags/example_trigger_controller_dag.py for tasks to queue
[2023-09-24T05:03:55.946+0000] {logging_mixin.py:151} INFO - [2023-09-24T05:03:55.945+0000] {dagbag.py:539} INFO - Filling up the DagBag from /home/airflow/.local/lib/python3.8/site-packages/airflow/example_dags/example_trigger_controller_dag.py
[2023-09-24T05:03:55.952+0000] {processor.py:839} INFO - DAG(s) dict_keys(['example_trigger_controller_dag']) retrieved from /home/airflow/.local/lib/python3.8/site-packages/airflow/example_dags/example_trigger_controller_dag.py
[2023-09-24T05:03:55.979+0000] {logging_mixin.py:151} INFO - [2023-09-24T05:03:55.979+0000] {dag.py:2915} INFO - Sync 1 DAGs
[2023-09-24T05:03:56.014+0000] {logging_mixin.py:151} INFO - [2023-09-24T05:03:56.014+0000] {dag.py:3696} INFO - Setting next_dagrun for example_trigger_controller_dag to 2021-01-01T00:00:00+00:00, run_after=2021-01-01T00:00:00+00:00
[2023-09-24T05:03:56.038+0000] {processor.py:179} INFO - Processing /home/airflow/.local/lib/python3.8/site-packages/airflow/example_dags/example_trigger_controller_dag.py took 0.104 seconds
[2023-09-24T05:10:05.673+0000] {processor.py:157} INFO - Started process (PID=71) to work on /home/airflow/.local/lib/python3.8/site-packages/airflow/example_dags/example_trigger_controller_dag.py
[2023-09-24T05:10:05.680+0000] {processor.py:829} INFO - Processing file /home/airflow/.local/lib/python3.8/site-packages/airflow/example_dags/example_trigger_controller_dag.py for tasks to queue
[2023-09-24T05:10:05.683+0000] {logging_mixin.py:151} INFO - [2023-09-24T05:10:05.683+0000] {dagbag.py:539} INFO - Filling up the DagBag from /home/airflow/.local/lib/python3.8/site-packages/airflow/example_dags/example_trigger_controller_dag.py
[2023-09-24T05:10:05.696+0000] {processor.py:839} INFO - DAG(s) dict_keys(['example_trigger_controller_dag']) retrieved from /home/airflow/.local/lib/python3.8/site-packages/airflow/example_dags/example_trigger_controller_dag.py
[2023-09-24T05:10:05.763+0000] {logging_mixin.py:151} INFO - [2023-09-24T05:10:05.763+0000] {dag.py:2915} INFO - Sync 1 DAGs
[2023-09-24T05:10:05.816+0000] {logging_mixin.py:151} INFO - [2023-09-24T05:10:05.815+0000] {dag.py:3696} INFO - Setting next_dagrun for example_trigger_controller_dag to 2021-01-01T00:00:00+00:00, run_after=2021-01-01T00:00:00+00:00
[2023-09-24T05:10:05.851+0000] {processor.py:179} INFO - Processing /home/airflow/.local/lib/python3.8/site-packages/airflow/example_dags/example_trigger_controller_dag.py took 0.188 seconds
[2023-09-24T05:10:35.914+0000] {processor.py:157} INFO - Started process (PID=124) to work on /home/airflow/.local/lib/python3.8/site-packages/airflow/example_dags/example_trigger_controller_dag.py
[2023-09-24T05:10:35.915+0000] {processor.py:829} INFO - Processing file /home/airflow/.local/lib/python3.8/site-packages/airflow/example_dags/example_trigger_controller_dag.py for tasks to queue
[2023-09-24T05:10:35.919+0000] {logging_mixin.py:151} INFO - [2023-09-24T05:10:35.918+0000] {dagbag.py:539} INFO - Filling up the DagBag from /home/airflow/.local/lib/python3.8/site-packages/airflow/example_dags/example_trigger_controller_dag.py
[2023-09-24T05:10:35.924+0000] {processor.py:839} INFO - DAG(s) dict_keys(['example_trigger_controller_dag']) retrieved from /home/airflow/.local/lib/python3.8/site-packages/airflow/example_dags/example_trigger_controller_dag.py
[2023-09-24T05:10:35.952+0000] {logging_mixin.py:151} INFO - [2023-09-24T05:10:35.951+0000] {dag.py:2915} INFO - Sync 1 DAGs
[2023-09-24T05:10:35.986+0000] {logging_mixin.py:151} INFO - [2023-09-24T05:10:35.986+0000] {dag.py:3696} INFO - Setting next_dagrun for example_trigger_controller_dag to 2021-01-01T00:00:00+00:00, run_after=2021-01-01T00:00:00+00:00
[2023-09-24T05:10:36.011+0000] {processor.py:179} INFO - Processing /home/airflow/.local/lib/python3.8/site-packages/airflow/example_dags/example_trigger_controller_dag.py took 0.101 seconds
[2023-09-24T05:11:06.899+0000] {processor.py:157} INFO - Started process (PID=178) to work on /home/airflow/.local/lib/python3.8/site-packages/airflow/example_dags/example_trigger_controller_dag.py
[2023-09-24T05:11:06.901+0000] {processor.py:829} INFO - Processing file /home/airflow/.local/lib/python3.8/site-packages/airflow/example_dags/example_trigger_controller_dag.py for tasks to queue
[2023-09-24T05:11:06.905+0000] {logging_mixin.py:151} INFO - [2023-09-24T05:11:06.905+0000] {dagbag.py:539} INFO - Filling up the DagBag from /home/airflow/.local/lib/python3.8/site-packages/airflow/example_dags/example_trigger_controller_dag.py
[2023-09-24T05:11:06.912+0000] {processor.py:839} INFO - DAG(s) dict_keys(['example_trigger_controller_dag']) retrieved from /home/airflow/.local/lib/python3.8/site-packages/airflow/example_dags/example_trigger_controller_dag.py
[2023-09-24T05:11:06.946+0000] {logging_mixin.py:151} INFO - [2023-09-24T05:11:06.945+0000] {dag.py:2915} INFO - Sync 1 DAGs
[2023-09-24T05:11:06.985+0000] {logging_mixin.py:151} INFO - [2023-09-24T05:11:06.985+0000] {dag.py:3696} INFO - Setting next_dagrun for example_trigger_controller_dag to 2021-01-01T00:00:00+00:00, run_after=2021-01-01T00:00:00+00:00
[2023-09-24T05:11:07.014+0000] {processor.py:179} INFO - Processing /home/airflow/.local/lib/python3.8/site-packages/airflow/example_dags/example_trigger_controller_dag.py took 0.120 seconds
[2023-09-24T05:11:38.368+0000] {processor.py:157} INFO - Started process (PID=237) to work on /home/airflow/.local/lib/python3.8/site-packages/airflow/example_dags/example_trigger_controller_dag.py
[2023-09-24T05:11:38.369+0000] {processor.py:829} INFO - Processing file /home/airflow/.local/lib/python3.8/site-packages/airflow/example_dags/example_trigger_controller_dag.py for tasks to queue
[2023-09-24T05:11:38.386+0000] {logging_mixin.py:151} INFO - [2023-09-24T05:11:38.383+0000] {dagbag.py:539} INFO - Filling up the DagBag from /home/airflow/.local/lib/python3.8/site-packages/airflow/example_dags/example_trigger_controller_dag.py
[2023-09-24T05:11:38.420+0000] {processor.py:839} INFO - DAG(s) dict_keys(['example_trigger_controller_dag']) retrieved from /home/airflow/.local/lib/python3.8/site-packages/airflow/example_dags/example_trigger_controller_dag.py
[2023-09-24T05:11:38.605+0000] {logging_mixin.py:151} INFO - [2023-09-24T05:11:38.605+0000] {dag.py:2915} INFO - Sync 1 DAGs
[2023-09-24T05:11:38.716+0000] {logging_mixin.py:151} INFO - [2023-09-24T05:11:38.715+0000] {dag.py:3696} INFO - Setting next_dagrun for example_trigger_controller_dag to 2021-01-01T00:00:00+00:00, run_after=2021-01-01T00:00:00+00:00
[2023-09-24T05:11:38.800+0000] {processor.py:179} INFO - Processing /home/airflow/.local/lib/python3.8/site-packages/airflow/example_dags/example_trigger_controller_dag.py took 0.443 seconds
[2023-09-24T05:12:08.970+0000] {processor.py:157} INFO - Started process (PID=295) to work on /home/airflow/.local/lib/python3.8/site-packages/airflow/example_dags/example_trigger_controller_dag.py
[2023-09-24T05:12:08.971+0000] {processor.py:829} INFO - Processing file /home/airflow/.local/lib/python3.8/site-packages/airflow/example_dags/example_trigger_controller_dag.py for tasks to queue
[2023-09-24T05:12:08.975+0000] {logging_mixin.py:151} INFO - [2023-09-24T05:12:08.974+0000] {dagbag.py:539} INFO - Filling up the DagBag from /home/airflow/.local/lib/python3.8/site-packages/airflow/example_dags/example_trigger_controller_dag.py
[2023-09-24T05:12:08.981+0000] {processor.py:839} INFO - DAG(s) dict_keys(['example_trigger_controller_dag']) retrieved from /home/airflow/.local/lib/python3.8/site-packages/airflow/example_dags/example_trigger_controller_dag.py
[2023-09-24T05:12:09.013+0000] {logging_mixin.py:151} INFO - [2023-09-24T05:12:09.012+0000] {dag.py:2915} INFO - Sync 1 DAGs
[2023-09-24T05:12:09.048+0000] {logging_mixin.py:151} INFO - [2023-09-24T05:12:09.048+0000] {dag.py:3696} INFO - Setting next_dagrun for example_trigger_controller_dag to 2021-01-01T00:00:00+00:00, run_after=2021-01-01T00:00:00+00:00
[2023-09-24T05:12:09.073+0000] {processor.py:179} INFO - Processing /home/airflow/.local/lib/python3.8/site-packages/airflow/example_dags/example_trigger_controller_dag.py took 0.107 seconds
[2023-09-24T05:12:39.491+0000] {processor.py:157} INFO - Started process (PID=349) to work on /home/airflow/.local/lib/python3.8/site-packages/airflow/example_dags/example_trigger_controller_dag.py
[2023-09-24T05:12:39.492+0000] {processor.py:829} INFO - Processing file /home/airflow/.local/lib/python3.8/site-packages/airflow/example_dags/example_trigger_controller_dag.py for tasks to queue
[2023-09-24T05:12:39.496+0000] {logging_mixin.py:151} INFO - [2023-09-24T05:12:39.495+0000] {dagbag.py:539} INFO - Filling up the DagBag from /home/airflow/.local/lib/python3.8/site-packages/airflow/example_dags/example_trigger_controller_dag.py
[2023-09-24T05:12:39.502+0000] {processor.py:839} INFO - DAG(s) dict_keys(['example_trigger_controller_dag']) retrieved from /home/airflow/.local/lib/python3.8/site-packages/airflow/example_dags/example_trigger_controller_dag.py
[2023-09-24T05:12:39.535+0000] {logging_mixin.py:151} INFO - [2023-09-24T05:12:39.534+0000] {dag.py:2915} INFO - Sync 1 DAGs
[2023-09-24T05:12:39.576+0000] {logging_mixin.py:151} INFO - [2023-09-24T05:12:39.576+0000] {dag.py:3696} INFO - Setting next_dagrun for example_trigger_controller_dag to 2021-01-01T00:00:00+00:00, run_after=2021-01-01T00:00:00+00:00
[2023-09-24T05:12:39.603+0000] {processor.py:179} INFO - Processing /home/airflow/.local/lib/python3.8/site-packages/airflow/example_dags/example_trigger_controller_dag.py took 0.118 seconds
[2023-09-24T05:13:09.946+0000] {processor.py:157} INFO - Started process (PID=402) to work on /home/airflow/.local/lib/python3.8/site-packages/airflow/example_dags/example_trigger_controller_dag.py
[2023-09-24T05:13:09.947+0000] {processor.py:829} INFO - Processing file /home/airflow/.local/lib/python3.8/site-packages/airflow/example_dags/example_trigger_controller_dag.py for tasks to queue
[2023-09-24T05:13:09.952+0000] {logging_mixin.py:151} INFO - [2023-09-24T05:13:09.951+0000] {dagbag.py:539} INFO - Filling up the DagBag from /home/airflow/.local/lib/python3.8/site-packages/airflow/example_dags/example_trigger_controller_dag.py
[2023-09-24T05:13:09.959+0000] {processor.py:839} INFO - DAG(s) dict_keys(['example_trigger_controller_dag']) retrieved from /home/airflow/.local/lib/python3.8/site-packages/airflow/example_dags/example_trigger_controller_dag.py
[2023-09-24T05:13:09.995+0000] {logging_mixin.py:151} INFO - [2023-09-24T05:13:09.995+0000] {dag.py:2915} INFO - Sync 1 DAGs
[2023-09-24T05:13:10.039+0000] {logging_mixin.py:151} INFO - [2023-09-24T05:13:10.039+0000] {dag.py:3696} INFO - Setting next_dagrun for example_trigger_controller_dag to 2021-01-01T00:00:00+00:00, run_after=2021-01-01T00:00:00+00:00
[2023-09-24T05:13:10.070+0000] {processor.py:179} INFO - Processing /home/airflow/.local/lib/python3.8/site-packages/airflow/example_dags/example_trigger_controller_dag.py took 0.131 seconds
[2023-09-24T05:14:00.203+0000] {processor.py:157} INFO - Started process (PID=71) to work on /home/airflow/.local/lib/python3.8/site-packages/airflow/example_dags/example_trigger_controller_dag.py
[2023-09-24T05:14:00.205+0000] {processor.py:829} INFO - Processing file /home/airflow/.local/lib/python3.8/site-packages/airflow/example_dags/example_trigger_controller_dag.py for tasks to queue
[2023-09-24T05:14:00.210+0000] {logging_mixin.py:151} INFO - [2023-09-24T05:14:00.209+0000] {dagbag.py:539} INFO - Filling up the DagBag from /home/airflow/.local/lib/python3.8/site-packages/airflow/example_dags/example_trigger_controller_dag.py
[2023-09-24T05:14:00.221+0000] {processor.py:839} INFO - DAG(s) dict_keys(['example_trigger_controller_dag']) retrieved from /home/airflow/.local/lib/python3.8/site-packages/airflow/example_dags/example_trigger_controller_dag.py
[2023-09-24T05:14:00.247+0000] {logging_mixin.py:151} INFO - [2023-09-24T05:14:00.247+0000] {dag.py:2915} INFO - Sync 1 DAGs
[2023-09-24T05:14:00.318+0000] {logging_mixin.py:151} INFO - [2023-09-24T05:14:00.318+0000] {dag.py:3696} INFO - Setting next_dagrun for example_trigger_controller_dag to 2021-01-01T00:00:00+00:00, run_after=2021-01-01T00:00:00+00:00
[2023-09-24T05:14:00.362+0000] {processor.py:179} INFO - Processing /home/airflow/.local/lib/python3.8/site-packages/airflow/example_dags/example_trigger_controller_dag.py took 0.167 seconds
[2023-09-24T05:14:30.982+0000] {processor.py:157} INFO - Started process (PID=126) to work on /home/airflow/.local/lib/python3.8/site-packages/airflow/example_dags/example_trigger_controller_dag.py
[2023-09-24T05:14:30.984+0000] {processor.py:829} INFO - Processing file /home/airflow/.local/lib/python3.8/site-packages/airflow/example_dags/example_trigger_controller_dag.py for tasks to queue
[2023-09-24T05:14:30.990+0000] {logging_mixin.py:151} INFO - [2023-09-24T05:14:30.989+0000] {dagbag.py:539} INFO - Filling up the DagBag from /home/airflow/.local/lib/python3.8/site-packages/airflow/example_dags/example_trigger_controller_dag.py
[2023-09-24T05:14:30.999+0000] {processor.py:839} INFO - DAG(s) dict_keys(['example_trigger_controller_dag']) retrieved from /home/airflow/.local/lib/python3.8/site-packages/airflow/example_dags/example_trigger_controller_dag.py
[2023-09-24T05:14:31.053+0000] {logging_mixin.py:151} INFO - [2023-09-24T05:14:31.052+0000] {dag.py:2915} INFO - Sync 1 DAGs
[2023-09-24T05:14:31.123+0000] {logging_mixin.py:151} INFO - [2023-09-24T05:14:31.122+0000] {dag.py:3696} INFO - Setting next_dagrun for example_trigger_controller_dag to 2021-01-01T00:00:00+00:00, run_after=2021-01-01T00:00:00+00:00
[2023-09-24T05:14:31.179+0000] {processor.py:179} INFO - Processing /home/airflow/.local/lib/python3.8/site-packages/airflow/example_dags/example_trigger_controller_dag.py took 0.205 seconds
[2023-09-24T05:15:03.439+0000] {processor.py:157} INFO - Started process (PID=186) to work on /home/airflow/.local/lib/python3.8/site-packages/airflow/example_dags/example_trigger_controller_dag.py
[2023-09-24T05:15:03.441+0000] {processor.py:829} INFO - Processing file /home/airflow/.local/lib/python3.8/site-packages/airflow/example_dags/example_trigger_controller_dag.py for tasks to queue
[2023-09-24T05:15:03.446+0000] {logging_mixin.py:151} INFO - [2023-09-24T05:15:03.445+0000] {dagbag.py:539} INFO - Filling up the DagBag from /home/airflow/.local/lib/python3.8/site-packages/airflow/example_dags/example_trigger_controller_dag.py
[2023-09-24T05:15:03.454+0000] {processor.py:839} INFO - DAG(s) dict_keys(['example_trigger_controller_dag']) retrieved from /home/airflow/.local/lib/python3.8/site-packages/airflow/example_dags/example_trigger_controller_dag.py
[2023-09-24T05:15:03.495+0000] {logging_mixin.py:151} INFO - [2023-09-24T05:15:03.495+0000] {dag.py:2915} INFO - Sync 1 DAGs
[2023-09-24T05:15:03.554+0000] {logging_mixin.py:151} INFO - [2023-09-24T05:15:03.554+0000] {dag.py:3696} INFO - Setting next_dagrun for example_trigger_controller_dag to 2021-01-01T00:00:00+00:00, run_after=2021-01-01T00:00:00+00:00
[2023-09-24T05:15:03.590+0000] {processor.py:179} INFO - Processing /home/airflow/.local/lib/python3.8/site-packages/airflow/example_dags/example_trigger_controller_dag.py took 0.158 seconds
