[2023-09-24T05:00:08.719+0000] {processor.py:157} INFO - Started process (PID=50) to work on /home/airflow/.local/lib/python3.8/site-packages/airflow/example_dags/example_kubernetes_executor.py
[2023-09-24T05:00:08.721+0000] {processor.py:829} INFO - Processing file /home/airflow/.local/lib/python3.8/site-packages/airflow/example_dags/example_kubernetes_executor.py for tasks to queue
[2023-09-24T05:00:08.736+0000] {logging_mixin.py:151} INFO - [2023-09-24T05:00:08.735+0000] {dagbag.py:539} INFO - Filling up the DagBag from /home/airflow/.local/lib/python3.8/site-packages/airflow/example_dags/example_kubernetes_executor.py
[2023-09-24T05:00:15.383+0000] {processor.py:839} INFO - DAG(s) dict_keys(['example_kubernetes_executor']) retrieved from /home/airflow/.local/lib/python3.8/site-packages/airflow/example_dags/example_kubernetes_executor.py
[2023-09-24T05:00:16.034+0000] {logging_mixin.py:151} INFO - [2023-09-24T05:00:16.033+0000] {manager.py:499} INFO - Created Permission View: %s
[2023-09-24T05:00:16.063+0000] {logging_mixin.py:151} INFO - [2023-09-24T05:00:16.063+0000] {manager.py:499} INFO - Created Permission View: %s
[2023-09-24T05:00:16.094+0000] {logging_mixin.py:151} INFO - [2023-09-24T05:00:16.093+0000] {manager.py:499} INFO - Created Permission View: %s
[2023-09-24T05:00:16.095+0000] {logging_mixin.py:151} INFO - [2023-09-24T05:00:16.094+0000] {security.py:708} INFO - Not syncing DAG-level permissions for DAG 'DAG:example_kubernetes_executor' as access control is unset.
[2023-09-24T05:00:16.096+0000] {logging_mixin.py:151} INFO - [2023-09-24T05:00:16.095+0000] {dag.py:2915} INFO - Sync 1 DAGs
[2023-09-24T05:00:16.130+0000] {logging_mixin.py:151} INFO - [2023-09-24T05:00:16.130+0000] {dag.py:2937} INFO - Creating ORM DAG for example_kubernetes_executor
[2023-09-24T05:00:16.131+0000] {logging_mixin.py:151} INFO - [2023-09-24T05:00:16.131+0000] {dag.py:3696} INFO - Setting next_dagrun for example_kubernetes_executor to None, run_after=None
[2023-09-24T05:00:16.189+0000] {processor.py:179} INFO - Processing /home/airflow/.local/lib/python3.8/site-packages/airflow/example_dags/example_kubernetes_executor.py took 7.488 seconds
[2023-09-24T05:00:46.452+0000] {processor.py:157} INFO - Started process (PID=106) to work on /home/airflow/.local/lib/python3.8/site-packages/airflow/example_dags/example_kubernetes_executor.py
[2023-09-24T05:00:46.453+0000] {processor.py:829} INFO - Processing file /home/airflow/.local/lib/python3.8/site-packages/airflow/example_dags/example_kubernetes_executor.py for tasks to queue
[2023-09-24T05:00:46.456+0000] {logging_mixin.py:151} INFO - [2023-09-24T05:00:46.456+0000] {dagbag.py:539} INFO - Filling up the DagBag from /home/airflow/.local/lib/python3.8/site-packages/airflow/example_dags/example_kubernetes_executor.py
[2023-09-24T05:00:47.071+0000] {processor.py:839} INFO - DAG(s) dict_keys(['example_kubernetes_executor']) retrieved from /home/airflow/.local/lib/python3.8/site-packages/airflow/example_dags/example_kubernetes_executor.py
[2023-09-24T05:00:47.167+0000] {logging_mixin.py:151} INFO - [2023-09-24T05:00:47.166+0000] {dag.py:2915} INFO - Sync 1 DAGs
[2023-09-24T05:00:47.196+0000] {logging_mixin.py:151} INFO - [2023-09-24T05:00:47.196+0000] {dag.py:3696} INFO - Setting next_dagrun for example_kubernetes_executor to None, run_after=None
[2023-09-24T05:00:47.236+0000] {processor.py:179} INFO - Processing /home/airflow/.local/lib/python3.8/site-packages/airflow/example_dags/example_kubernetes_executor.py took 0.794 seconds
[2023-09-24T05:01:17.833+0000] {processor.py:157} INFO - Started process (PID=160) to work on /home/airflow/.local/lib/python3.8/site-packages/airflow/example_dags/example_kubernetes_executor.py
[2023-09-24T05:01:17.834+0000] {processor.py:829} INFO - Processing file /home/airflow/.local/lib/python3.8/site-packages/airflow/example_dags/example_kubernetes_executor.py for tasks to queue
[2023-09-24T05:01:17.836+0000] {logging_mixin.py:151} INFO - [2023-09-24T05:01:17.836+0000] {dagbag.py:539} INFO - Filling up the DagBag from /home/airflow/.local/lib/python3.8/site-packages/airflow/example_dags/example_kubernetes_executor.py
[2023-09-24T05:01:18.320+0000] {processor.py:839} INFO - DAG(s) dict_keys(['example_kubernetes_executor']) retrieved from /home/airflow/.local/lib/python3.8/site-packages/airflow/example_dags/example_kubernetes_executor.py
[2023-09-24T05:01:18.387+0000] {logging_mixin.py:151} INFO - [2023-09-24T05:01:18.386+0000] {dag.py:2915} INFO - Sync 1 DAGs
[2023-09-24T05:01:18.407+0000] {logging_mixin.py:151} INFO - [2023-09-24T05:01:18.407+0000] {dag.py:3696} INFO - Setting next_dagrun for example_kubernetes_executor to None, run_after=None
[2023-09-24T05:01:18.432+0000] {processor.py:179} INFO - Processing /home/airflow/.local/lib/python3.8/site-packages/airflow/example_dags/example_kubernetes_executor.py took 0.603 seconds
[2023-09-24T05:01:49.085+0000] {processor.py:157} INFO - Started process (PID=214) to work on /home/airflow/.local/lib/python3.8/site-packages/airflow/example_dags/example_kubernetes_executor.py
[2023-09-24T05:01:49.086+0000] {processor.py:829} INFO - Processing file /home/airflow/.local/lib/python3.8/site-packages/airflow/example_dags/example_kubernetes_executor.py for tasks to queue
[2023-09-24T05:01:49.089+0000] {logging_mixin.py:151} INFO - [2023-09-24T05:01:49.088+0000] {dagbag.py:539} INFO - Filling up the DagBag from /home/airflow/.local/lib/python3.8/site-packages/airflow/example_dags/example_kubernetes_executor.py
[2023-09-24T05:01:49.608+0000] {processor.py:839} INFO - DAG(s) dict_keys(['example_kubernetes_executor']) retrieved from /home/airflow/.local/lib/python3.8/site-packages/airflow/example_dags/example_kubernetes_executor.py
[2023-09-24T05:01:49.675+0000] {logging_mixin.py:151} INFO - [2023-09-24T05:01:49.674+0000] {dag.py:2915} INFO - Sync 1 DAGs
[2023-09-24T05:01:49.697+0000] {logging_mixin.py:151} INFO - [2023-09-24T05:01:49.697+0000] {dag.py:3696} INFO - Setting next_dagrun for example_kubernetes_executor to None, run_after=None
[2023-09-24T05:01:49.724+0000] {processor.py:179} INFO - Processing /home/airflow/.local/lib/python3.8/site-packages/airflow/example_dags/example_kubernetes_executor.py took 0.643 seconds
[2023-09-24T05:02:20.357+0000] {processor.py:157} INFO - Started process (PID=268) to work on /home/airflow/.local/lib/python3.8/site-packages/airflow/example_dags/example_kubernetes_executor.py
[2023-09-24T05:02:20.358+0000] {processor.py:829} INFO - Processing file /home/airflow/.local/lib/python3.8/site-packages/airflow/example_dags/example_kubernetes_executor.py for tasks to queue
[2023-09-24T05:02:20.362+0000] {logging_mixin.py:151} INFO - [2023-09-24T05:02:20.361+0000] {dagbag.py:539} INFO - Filling up the DagBag from /home/airflow/.local/lib/python3.8/site-packages/airflow/example_dags/example_kubernetes_executor.py
[2023-09-24T05:02:20.979+0000] {processor.py:839} INFO - DAG(s) dict_keys(['example_kubernetes_executor']) retrieved from /home/airflow/.local/lib/python3.8/site-packages/airflow/example_dags/example_kubernetes_executor.py
[2023-09-24T05:02:21.063+0000] {logging_mixin.py:151} INFO - [2023-09-24T05:02:21.062+0000] {dag.py:2915} INFO - Sync 1 DAGs
[2023-09-24T05:02:21.089+0000] {logging_mixin.py:151} INFO - [2023-09-24T05:02:21.089+0000] {dag.py:3696} INFO - Setting next_dagrun for example_kubernetes_executor to None, run_after=None
[2023-09-24T05:02:21.122+0000] {processor.py:179} INFO - Processing /home/airflow/.local/lib/python3.8/site-packages/airflow/example_dags/example_kubernetes_executor.py took 0.773 seconds
[2023-09-24T05:02:51.651+0000] {processor.py:157} INFO - Started process (PID=322) to work on /home/airflow/.local/lib/python3.8/site-packages/airflow/example_dags/example_kubernetes_executor.py
[2023-09-24T05:02:51.653+0000] {processor.py:829} INFO - Processing file /home/airflow/.local/lib/python3.8/site-packages/airflow/example_dags/example_kubernetes_executor.py for tasks to queue
[2023-09-24T05:02:51.655+0000] {logging_mixin.py:151} INFO - [2023-09-24T05:02:51.655+0000] {dagbag.py:539} INFO - Filling up the DagBag from /home/airflow/.local/lib/python3.8/site-packages/airflow/example_dags/example_kubernetes_executor.py
[2023-09-24T05:02:52.151+0000] {processor.py:839} INFO - DAG(s) dict_keys(['example_kubernetes_executor']) retrieved from /home/airflow/.local/lib/python3.8/site-packages/airflow/example_dags/example_kubernetes_executor.py
[2023-09-24T05:02:52.224+0000] {logging_mixin.py:151} INFO - [2023-09-24T05:02:52.223+0000] {dag.py:2915} INFO - Sync 1 DAGs
[2023-09-24T05:02:52.250+0000] {logging_mixin.py:151} INFO - [2023-09-24T05:02:52.250+0000] {dag.py:3696} INFO - Setting next_dagrun for example_kubernetes_executor to None, run_after=None
[2023-09-24T05:02:52.275+0000] {processor.py:179} INFO - Processing /home/airflow/.local/lib/python3.8/site-packages/airflow/example_dags/example_kubernetes_executor.py took 0.628 seconds
[2023-09-24T05:03:23.226+0000] {processor.py:157} INFO - Started process (PID=377) to work on /home/airflow/.local/lib/python3.8/site-packages/airflow/example_dags/example_kubernetes_executor.py
[2023-09-24T05:03:23.227+0000] {processor.py:829} INFO - Processing file /home/airflow/.local/lib/python3.8/site-packages/airflow/example_dags/example_kubernetes_executor.py for tasks to queue
[2023-09-24T05:03:23.230+0000] {logging_mixin.py:151} INFO - [2023-09-24T05:03:23.229+0000] {dagbag.py:539} INFO - Filling up the DagBag from /home/airflow/.local/lib/python3.8/site-packages/airflow/example_dags/example_kubernetes_executor.py
[2023-09-24T05:03:23.699+0000] {processor.py:839} INFO - DAG(s) dict_keys(['example_kubernetes_executor']) retrieved from /home/airflow/.local/lib/python3.8/site-packages/airflow/example_dags/example_kubernetes_executor.py
[2023-09-24T05:03:23.763+0000] {logging_mixin.py:151} INFO - [2023-09-24T05:03:23.762+0000] {dag.py:2915} INFO - Sync 1 DAGs
[2023-09-24T05:03:23.782+0000] {logging_mixin.py:151} INFO - [2023-09-24T05:03:23.782+0000] {dag.py:3696} INFO - Setting next_dagrun for example_kubernetes_executor to None, run_after=None
[2023-09-24T05:03:23.809+0000] {processor.py:179} INFO - Processing /home/airflow/.local/lib/python3.8/site-packages/airflow/example_dags/example_kubernetes_executor.py took 0.588 seconds
[2023-09-24T05:03:53.866+0000] {processor.py:157} INFO - Started process (PID=431) to work on /home/airflow/.local/lib/python3.8/site-packages/airflow/example_dags/example_kubernetes_executor.py
[2023-09-24T05:03:53.868+0000] {processor.py:829} INFO - Processing file /home/airflow/.local/lib/python3.8/site-packages/airflow/example_dags/example_kubernetes_executor.py for tasks to queue
[2023-09-24T05:03:53.870+0000] {logging_mixin.py:151} INFO - [2023-09-24T05:03:53.870+0000] {dagbag.py:539} INFO - Filling up the DagBag from /home/airflow/.local/lib/python3.8/site-packages/airflow/example_dags/example_kubernetes_executor.py
[2023-09-24T05:03:54.355+0000] {processor.py:839} INFO - DAG(s) dict_keys(['example_kubernetes_executor']) retrieved from /home/airflow/.local/lib/python3.8/site-packages/airflow/example_dags/example_kubernetes_executor.py
[2023-09-24T05:03:54.418+0000] {logging_mixin.py:151} INFO - [2023-09-24T05:03:54.417+0000] {dag.py:2915} INFO - Sync 1 DAGs
[2023-09-24T05:03:54.437+0000] {logging_mixin.py:151} INFO - [2023-09-24T05:03:54.437+0000] {dag.py:3696} INFO - Setting next_dagrun for example_kubernetes_executor to None, run_after=None
[2023-09-24T05:03:54.462+0000] {processor.py:179} INFO - Processing /home/airflow/.local/lib/python3.8/site-packages/airflow/example_dags/example_kubernetes_executor.py took 0.601 seconds
[2023-09-24T05:09:57.206+0000] {processor.py:157} INFO - Started process (PID=44) to work on /home/airflow/.local/lib/python3.8/site-packages/airflow/example_dags/example_kubernetes_executor.py
[2023-09-24T05:09:57.207+0000] {processor.py:829} INFO - Processing file /home/airflow/.local/lib/python3.8/site-packages/airflow/example_dags/example_kubernetes_executor.py for tasks to queue
[2023-09-24T05:09:57.211+0000] {logging_mixin.py:151} INFO - [2023-09-24T05:09:57.211+0000] {dagbag.py:539} INFO - Filling up the DagBag from /home/airflow/.local/lib/python3.8/site-packages/airflow/example_dags/example_kubernetes_executor.py
[2023-09-24T05:10:01.015+0000] {processor.py:839} INFO - DAG(s) dict_keys(['example_kubernetes_executor']) retrieved from /home/airflow/.local/lib/python3.8/site-packages/airflow/example_dags/example_kubernetes_executor.py
[2023-09-24T05:10:01.218+0000] {logging_mixin.py:151} INFO - [2023-09-24T05:10:01.215+0000] {dag.py:2915} INFO - Sync 1 DAGs
[2023-09-24T05:10:01.296+0000] {logging_mixin.py:151} INFO - [2023-09-24T05:10:01.295+0000] {dag.py:3696} INFO - Setting next_dagrun for example_kubernetes_executor to None, run_after=None
[2023-09-24T05:10:01.349+0000] {processor.py:179} INFO - Processing /home/airflow/.local/lib/python3.8/site-packages/airflow/example_dags/example_kubernetes_executor.py took 4.149 seconds
[2023-09-24T05:10:31.926+0000] {processor.py:157} INFO - Started process (PID=105) to work on /home/airflow/.local/lib/python3.8/site-packages/airflow/example_dags/example_kubernetes_executor.py
[2023-09-24T05:10:31.928+0000] {processor.py:829} INFO - Processing file /home/airflow/.local/lib/python3.8/site-packages/airflow/example_dags/example_kubernetes_executor.py for tasks to queue
[2023-09-24T05:10:31.931+0000] {logging_mixin.py:151} INFO - [2023-09-24T05:10:31.930+0000] {dagbag.py:539} INFO - Filling up the DagBag from /home/airflow/.local/lib/python3.8/site-packages/airflow/example_dags/example_kubernetes_executor.py
[2023-09-24T05:10:32.420+0000] {processor.py:839} INFO - DAG(s) dict_keys(['example_kubernetes_executor']) retrieved from /home/airflow/.local/lib/python3.8/site-packages/airflow/example_dags/example_kubernetes_executor.py
[2023-09-24T05:10:32.492+0000] {logging_mixin.py:151} INFO - [2023-09-24T05:10:32.491+0000] {dag.py:2915} INFO - Sync 1 DAGs
[2023-09-24T05:10:32.519+0000] {logging_mixin.py:151} INFO - [2023-09-24T05:10:32.518+0000] {dag.py:3696} INFO - Setting next_dagrun for example_kubernetes_executor to None, run_after=None
[2023-09-24T05:10:32.548+0000] {processor.py:179} INFO - Processing /home/airflow/.local/lib/python3.8/site-packages/airflow/example_dags/example_kubernetes_executor.py took 0.627 seconds
[2023-09-24T05:11:02.812+0000] {processor.py:157} INFO - Started process (PID=159) to work on /home/airflow/.local/lib/python3.8/site-packages/airflow/example_dags/example_kubernetes_executor.py
[2023-09-24T05:11:02.813+0000] {processor.py:829} INFO - Processing file /home/airflow/.local/lib/python3.8/site-packages/airflow/example_dags/example_kubernetes_executor.py for tasks to queue
[2023-09-24T05:11:02.816+0000] {logging_mixin.py:151} INFO - [2023-09-24T05:11:02.816+0000] {dagbag.py:539} INFO - Filling up the DagBag from /home/airflow/.local/lib/python3.8/site-packages/airflow/example_dags/example_kubernetes_executor.py
[2023-09-24T05:11:03.324+0000] {processor.py:839} INFO - DAG(s) dict_keys(['example_kubernetes_executor']) retrieved from /home/airflow/.local/lib/python3.8/site-packages/airflow/example_dags/example_kubernetes_executor.py
[2023-09-24T05:11:03.415+0000] {logging_mixin.py:151} INFO - [2023-09-24T05:11:03.414+0000] {dag.py:2915} INFO - Sync 1 DAGs
[2023-09-24T05:11:03.441+0000] {logging_mixin.py:151} INFO - [2023-09-24T05:11:03.440+0000] {dag.py:3696} INFO - Setting next_dagrun for example_kubernetes_executor to None, run_after=None
[2023-09-24T05:11:03.468+0000] {processor.py:179} INFO - Processing /home/airflow/.local/lib/python3.8/site-packages/airflow/example_dags/example_kubernetes_executor.py took 0.662 seconds
[2023-09-24T05:11:33.826+0000] {processor.py:157} INFO - Started process (PID=213) to work on /home/airflow/.local/lib/python3.8/site-packages/airflow/example_dags/example_kubernetes_executor.py
[2023-09-24T05:11:33.827+0000] {processor.py:829} INFO - Processing file /home/airflow/.local/lib/python3.8/site-packages/airflow/example_dags/example_kubernetes_executor.py for tasks to queue
[2023-09-24T05:11:33.832+0000] {logging_mixin.py:151} INFO - [2023-09-24T05:11:33.831+0000] {dagbag.py:539} INFO - Filling up the DagBag from /home/airflow/.local/lib/python3.8/site-packages/airflow/example_dags/example_kubernetes_executor.py
[2023-09-24T05:11:34.453+0000] {processor.py:839} INFO - DAG(s) dict_keys(['example_kubernetes_executor']) retrieved from /home/airflow/.local/lib/python3.8/site-packages/airflow/example_dags/example_kubernetes_executor.py
[2023-09-24T05:11:34.530+0000] {logging_mixin.py:151} INFO - [2023-09-24T05:11:34.529+0000] {dag.py:2915} INFO - Sync 1 DAGs
[2023-09-24T05:11:34.553+0000] {logging_mixin.py:151} INFO - [2023-09-24T05:11:34.552+0000] {dag.py:3696} INFO - Setting next_dagrun for example_kubernetes_executor to None, run_after=None
[2023-09-24T05:11:34.580+0000] {processor.py:179} INFO - Processing /home/airflow/.local/lib/python3.8/site-packages/airflow/example_dags/example_kubernetes_executor.py took 0.761 seconds
[2023-09-24T05:12:04.868+0000] {processor.py:157} INFO - Started process (PID=276) to work on /home/airflow/.local/lib/python3.8/site-packages/airflow/example_dags/example_kubernetes_executor.py
[2023-09-24T05:12:04.869+0000] {processor.py:829} INFO - Processing file /home/airflow/.local/lib/python3.8/site-packages/airflow/example_dags/example_kubernetes_executor.py for tasks to queue
[2023-09-24T05:12:04.872+0000] {logging_mixin.py:151} INFO - [2023-09-24T05:12:04.872+0000] {dagbag.py:539} INFO - Filling up the DagBag from /home/airflow/.local/lib/python3.8/site-packages/airflow/example_dags/example_kubernetes_executor.py
[2023-09-24T05:12:05.542+0000] {processor.py:839} INFO - DAG(s) dict_keys(['example_kubernetes_executor']) retrieved from /home/airflow/.local/lib/python3.8/site-packages/airflow/example_dags/example_kubernetes_executor.py
[2023-09-24T05:12:05.614+0000] {logging_mixin.py:151} INFO - [2023-09-24T05:12:05.614+0000] {dag.py:2915} INFO - Sync 1 DAGs
[2023-09-24T05:12:05.636+0000] {logging_mixin.py:151} INFO - [2023-09-24T05:12:05.635+0000] {dag.py:3696} INFO - Setting next_dagrun for example_kubernetes_executor to None, run_after=None
[2023-09-24T05:12:05.663+0000] {processor.py:179} INFO - Processing /home/airflow/.local/lib/python3.8/site-packages/airflow/example_dags/example_kubernetes_executor.py took 0.800 seconds
[2023-09-24T05:12:36.016+0000] {processor.py:157} INFO - Started process (PID=330) to work on /home/airflow/.local/lib/python3.8/site-packages/airflow/example_dags/example_kubernetes_executor.py
[2023-09-24T05:12:36.020+0000] {processor.py:829} INFO - Processing file /home/airflow/.local/lib/python3.8/site-packages/airflow/example_dags/example_kubernetes_executor.py for tasks to queue
[2023-09-24T05:12:36.023+0000] {logging_mixin.py:151} INFO - [2023-09-24T05:12:36.023+0000] {dagbag.py:539} INFO - Filling up the DagBag from /home/airflow/.local/lib/python3.8/site-packages/airflow/example_dags/example_kubernetes_executor.py
[2023-09-24T05:12:36.613+0000] {processor.py:839} INFO - DAG(s) dict_keys(['example_kubernetes_executor']) retrieved from /home/airflow/.local/lib/python3.8/site-packages/airflow/example_dags/example_kubernetes_executor.py
[2023-09-24T05:12:36.745+0000] {logging_mixin.py:151} INFO - [2023-09-24T05:12:36.744+0000] {dag.py:2915} INFO - Sync 1 DAGs
[2023-09-24T05:12:36.775+0000] {logging_mixin.py:151} INFO - [2023-09-24T05:12:36.774+0000] {dag.py:3696} INFO - Setting next_dagrun for example_kubernetes_executor to None, run_after=None
[2023-09-24T05:12:36.807+0000] {processor.py:179} INFO - Processing /home/airflow/.local/lib/python3.8/site-packages/airflow/example_dags/example_kubernetes_executor.py took 0.797 seconds
[2023-09-24T05:13:06.977+0000] {processor.py:157} INFO - Started process (PID=383) to work on /home/airflow/.local/lib/python3.8/site-packages/airflow/example_dags/example_kubernetes_executor.py
[2023-09-24T05:13:06.979+0000] {processor.py:829} INFO - Processing file /home/airflow/.local/lib/python3.8/site-packages/airflow/example_dags/example_kubernetes_executor.py for tasks to queue
[2023-09-24T05:13:06.981+0000] {logging_mixin.py:151} INFO - [2023-09-24T05:13:06.981+0000] {dagbag.py:539} INFO - Filling up the DagBag from /home/airflow/.local/lib/python3.8/site-packages/airflow/example_dags/example_kubernetes_executor.py
[2023-09-24T05:13:07.573+0000] {processor.py:839} INFO - DAG(s) dict_keys(['example_kubernetes_executor']) retrieved from /home/airflow/.local/lib/python3.8/site-packages/airflow/example_dags/example_kubernetes_executor.py
[2023-09-24T05:13:07.644+0000] {logging_mixin.py:151} INFO - [2023-09-24T05:13:07.643+0000] {dag.py:2915} INFO - Sync 1 DAGs
[2023-09-24T05:13:07.668+0000] {logging_mixin.py:151} INFO - [2023-09-24T05:13:07.668+0000] {dag.py:3696} INFO - Setting next_dagrun for example_kubernetes_executor to None, run_after=None
[2023-09-24T05:13:07.694+0000] {processor.py:179} INFO - Processing /home/airflow/.local/lib/python3.8/site-packages/airflow/example_dags/example_kubernetes_executor.py took 0.722 seconds
[2023-09-24T05:13:55.914+0000] {processor.py:157} INFO - Started process (PID=50) to work on /home/airflow/.local/lib/python3.8/site-packages/airflow/example_dags/example_kubernetes_executor.py
[2023-09-24T05:13:55.936+0000] {processor.py:829} INFO - Processing file /home/airflow/.local/lib/python3.8/site-packages/airflow/example_dags/example_kubernetes_executor.py for tasks to queue
[2023-09-24T05:13:55.941+0000] {logging_mixin.py:151} INFO - [2023-09-24T05:13:55.940+0000] {dagbag.py:539} INFO - Filling up the DagBag from /home/airflow/.local/lib/python3.8/site-packages/airflow/example_dags/example_kubernetes_executor.py
[2023-09-24T05:13:57.101+0000] {processor.py:839} INFO - DAG(s) dict_keys(['example_kubernetes_executor']) retrieved from /home/airflow/.local/lib/python3.8/site-packages/airflow/example_dags/example_kubernetes_executor.py
[2023-09-24T05:13:57.132+0000] {logging_mixin.py:151} INFO - [2023-09-24T05:13:57.130+0000] {dag.py:2915} INFO - Sync 1 DAGs
[2023-09-24T05:13:57.189+0000] {logging_mixin.py:151} INFO - [2023-09-24T05:13:57.189+0000] {dag.py:3696} INFO - Setting next_dagrun for example_kubernetes_executor to None, run_after=None
[2023-09-24T05:13:57.272+0000] {processor.py:179} INFO - Processing /home/airflow/.local/lib/python3.8/site-packages/airflow/example_dags/example_kubernetes_executor.py took 1.371 seconds
[2023-09-24T05:14:27.415+0000] {processor.py:157} INFO - Started process (PID=107) to work on /home/airflow/.local/lib/python3.8/site-packages/airflow/example_dags/example_kubernetes_executor.py
[2023-09-24T05:14:27.416+0000] {processor.py:829} INFO - Processing file /home/airflow/.local/lib/python3.8/site-packages/airflow/example_dags/example_kubernetes_executor.py for tasks to queue
[2023-09-24T05:14:27.419+0000] {logging_mixin.py:151} INFO - [2023-09-24T05:14:27.418+0000] {dagbag.py:539} INFO - Filling up the DagBag from /home/airflow/.local/lib/python3.8/site-packages/airflow/example_dags/example_kubernetes_executor.py
[2023-09-24T05:14:27.900+0000] {processor.py:839} INFO - DAG(s) dict_keys(['example_kubernetes_executor']) retrieved from /home/airflow/.local/lib/python3.8/site-packages/airflow/example_dags/example_kubernetes_executor.py
[2023-09-24T05:14:27.966+0000] {logging_mixin.py:151} INFO - [2023-09-24T05:14:27.965+0000] {dag.py:2915} INFO - Sync 1 DAGs
[2023-09-24T05:14:27.987+0000] {logging_mixin.py:151} INFO - [2023-09-24T05:14:27.987+0000] {dag.py:3696} INFO - Setting next_dagrun for example_kubernetes_executor to None, run_after=None
[2023-09-24T05:14:28.012+0000] {processor.py:179} INFO - Processing /home/airflow/.local/lib/python3.8/site-packages/airflow/example_dags/example_kubernetes_executor.py took 0.602 seconds
[2023-09-24T05:14:58.540+0000] {processor.py:157} INFO - Started process (PID=165) to work on /home/airflow/.local/lib/python3.8/site-packages/airflow/example_dags/example_kubernetes_executor.py
[2023-09-24T05:14:58.543+0000] {processor.py:829} INFO - Processing file /home/airflow/.local/lib/python3.8/site-packages/airflow/example_dags/example_kubernetes_executor.py for tasks to queue
[2023-09-24T05:14:58.557+0000] {logging_mixin.py:151} INFO - [2023-09-24T05:14:58.556+0000] {dagbag.py:539} INFO - Filling up the DagBag from /home/airflow/.local/lib/python3.8/site-packages/airflow/example_dags/example_kubernetes_executor.py
[2023-09-24T05:14:59.940+0000] {processor.py:839} INFO - DAG(s) dict_keys(['example_kubernetes_executor']) retrieved from /home/airflow/.local/lib/python3.8/site-packages/airflow/example_dags/example_kubernetes_executor.py
[2023-09-24T05:15:00.078+0000] {logging_mixin.py:151} INFO - [2023-09-24T05:15:00.076+0000] {dag.py:2915} INFO - Sync 1 DAGs
[2023-09-24T05:15:00.129+0000] {logging_mixin.py:151} INFO - [2023-09-24T05:15:00.128+0000] {dag.py:3696} INFO - Setting next_dagrun for example_kubernetes_executor to None, run_after=None
[2023-09-24T05:15:00.220+0000] {processor.py:179} INFO - Processing /home/airflow/.local/lib/python3.8/site-packages/airflow/example_dags/example_kubernetes_executor.py took 1.699 seconds
