[2023-09-24T05:00:16.236+0000] {processor.py:157} INFO - Started process (PID=54) to work on /home/airflow/.local/lib/python3.8/site-packages/airflow/example_dags/example_nested_branch_dag.py
[2023-09-24T05:00:16.238+0000] {processor.py:829} INFO - Processing file /home/airflow/.local/lib/python3.8/site-packages/airflow/example_dags/example_nested_branch_dag.py for tasks to queue
[2023-09-24T05:00:16.241+0000] {logging_mixin.py:151} INFO - [2023-09-24T05:00:16.241+0000] {dagbag.py:539} INFO - Filling up the DagBag from /home/airflow/.local/lib/python3.8/site-packages/airflow/example_dags/example_nested_branch_dag.py
[2023-09-24T05:00:16.269+0000] {processor.py:839} INFO - DAG(s) dict_keys(['example_nested_branch_dag']) retrieved from /home/airflow/.local/lib/python3.8/site-packages/airflow/example_dags/example_nested_branch_dag.py
[2023-09-24T05:00:16.670+0000] {logging_mixin.py:151} INFO - [2023-09-24T05:00:16.669+0000] {manager.py:499} INFO - Created Permission View: %s
[2023-09-24T05:00:16.688+0000] {logging_mixin.py:151} INFO - [2023-09-24T05:00:16.687+0000] {manager.py:499} INFO - Created Permission View: %s
[2023-09-24T05:00:16.699+0000] {logging_mixin.py:151} INFO - [2023-09-24T05:00:16.698+0000] {manager.py:499} INFO - Created Permission View: %s
[2023-09-24T05:00:16.699+0000] {logging_mixin.py:151} INFO - [2023-09-24T05:00:16.699+0000] {security.py:708} INFO - Not syncing DAG-level permissions for DAG 'DAG:example_nested_branch_dag' as access control is unset.
[2023-09-24T05:00:16.700+0000] {logging_mixin.py:151} INFO - [2023-09-24T05:00:16.699+0000] {dag.py:2915} INFO - Sync 1 DAGs
[2023-09-24T05:00:16.723+0000] {logging_mixin.py:151} INFO - [2023-09-24T05:00:16.722+0000] {dag.py:2937} INFO - Creating ORM DAG for example_nested_branch_dag
[2023-09-24T05:00:16.746+0000] {logging_mixin.py:151} INFO - [2023-09-24T05:00:16.746+0000] {dag.py:3696} INFO - Setting next_dagrun for example_nested_branch_dag to 2023-09-23T00:00:00+00:00, run_after=2023-09-24T00:00:00+00:00
[2023-09-24T05:00:16.775+0000] {processor.py:179} INFO - Processing /home/airflow/.local/lib/python3.8/site-packages/airflow/example_dags/example_nested_branch_dag.py took 0.553 seconds
[2023-09-24T05:00:47.267+0000] {processor.py:157} INFO - Started process (PID=108) to work on /home/airflow/.local/lib/python3.8/site-packages/airflow/example_dags/example_nested_branch_dag.py
[2023-09-24T05:00:47.268+0000] {processor.py:829} INFO - Processing file /home/airflow/.local/lib/python3.8/site-packages/airflow/example_dags/example_nested_branch_dag.py for tasks to queue
[2023-09-24T05:00:47.271+0000] {logging_mixin.py:151} INFO - [2023-09-24T05:00:47.270+0000] {dagbag.py:539} INFO - Filling up the DagBag from /home/airflow/.local/lib/python3.8/site-packages/airflow/example_dags/example_nested_branch_dag.py
[2023-09-24T05:00:47.288+0000] {processor.py:839} INFO - DAG(s) dict_keys(['example_nested_branch_dag']) retrieved from /home/airflow/.local/lib/python3.8/site-packages/airflow/example_dags/example_nested_branch_dag.py
[2023-09-24T05:00:47.325+0000] {logging_mixin.py:151} INFO - [2023-09-24T05:00:47.325+0000] {dag.py:2915} INFO - Sync 1 DAGs
[2023-09-24T05:00:47.365+0000] {logging_mixin.py:151} INFO - [2023-09-24T05:00:47.365+0000] {dag.py:3696} INFO - Setting next_dagrun for example_nested_branch_dag to 2023-09-23T00:00:00+00:00, run_after=2023-09-24T00:00:00+00:00
[2023-09-24T05:00:47.392+0000] {processor.py:179} INFO - Processing /home/airflow/.local/lib/python3.8/site-packages/airflow/example_dags/example_nested_branch_dag.py took 0.129 seconds
[2023-09-24T05:01:18.458+0000] {processor.py:157} INFO - Started process (PID=162) to work on /home/airflow/.local/lib/python3.8/site-packages/airflow/example_dags/example_nested_branch_dag.py
[2023-09-24T05:01:18.459+0000] {processor.py:829} INFO - Processing file /home/airflow/.local/lib/python3.8/site-packages/airflow/example_dags/example_nested_branch_dag.py for tasks to queue
[2023-09-24T05:01:18.463+0000] {logging_mixin.py:151} INFO - [2023-09-24T05:01:18.462+0000] {dagbag.py:539} INFO - Filling up the DagBag from /home/airflow/.local/lib/python3.8/site-packages/airflow/example_dags/example_nested_branch_dag.py
[2023-09-24T05:01:18.482+0000] {processor.py:839} INFO - DAG(s) dict_keys(['example_nested_branch_dag']) retrieved from /home/airflow/.local/lib/python3.8/site-packages/airflow/example_dags/example_nested_branch_dag.py
[2023-09-24T05:01:18.518+0000] {logging_mixin.py:151} INFO - [2023-09-24T05:01:18.518+0000] {dag.py:2915} INFO - Sync 1 DAGs
[2023-09-24T05:01:18.557+0000] {logging_mixin.py:151} INFO - [2023-09-24T05:01:18.557+0000] {dag.py:3696} INFO - Setting next_dagrun for example_nested_branch_dag to 2023-09-23T00:00:00+00:00, run_after=2023-09-24T00:00:00+00:00
[2023-09-24T05:01:18.581+0000] {processor.py:179} INFO - Processing /home/airflow/.local/lib/python3.8/site-packages/airflow/example_dags/example_nested_branch_dag.py took 0.128 seconds
[2023-09-24T05:01:49.691+0000] {processor.py:157} INFO - Started process (PID=216) to work on /home/airflow/.local/lib/python3.8/site-packages/airflow/example_dags/example_nested_branch_dag.py
[2023-09-24T05:01:49.692+0000] {processor.py:829} INFO - Processing file /home/airflow/.local/lib/python3.8/site-packages/airflow/example_dags/example_nested_branch_dag.py for tasks to queue
[2023-09-24T05:01:49.695+0000] {logging_mixin.py:151} INFO - [2023-09-24T05:01:49.694+0000] {dagbag.py:539} INFO - Filling up the DagBag from /home/airflow/.local/lib/python3.8/site-packages/airflow/example_dags/example_nested_branch_dag.py
[2023-09-24T05:01:49.711+0000] {processor.py:839} INFO - DAG(s) dict_keys(['example_nested_branch_dag']) retrieved from /home/airflow/.local/lib/python3.8/site-packages/airflow/example_dags/example_nested_branch_dag.py
[2023-09-24T05:01:49.746+0000] {logging_mixin.py:151} INFO - [2023-09-24T05:01:49.746+0000] {dag.py:2915} INFO - Sync 1 DAGs
[2023-09-24T05:01:49.785+0000] {logging_mixin.py:151} INFO - [2023-09-24T05:01:49.785+0000] {dag.py:3696} INFO - Setting next_dagrun for example_nested_branch_dag to 2023-09-23T00:00:00+00:00, run_after=2023-09-24T00:00:00+00:00
[2023-09-24T05:01:49.811+0000] {processor.py:179} INFO - Processing /home/airflow/.local/lib/python3.8/site-packages/airflow/example_dags/example_nested_branch_dag.py took 0.125 seconds
[2023-09-24T05:02:21.136+0000] {processor.py:157} INFO - Started process (PID=270) to work on /home/airflow/.local/lib/python3.8/site-packages/airflow/example_dags/example_nested_branch_dag.py
[2023-09-24T05:02:21.137+0000] {processor.py:829} INFO - Processing file /home/airflow/.local/lib/python3.8/site-packages/airflow/example_dags/example_nested_branch_dag.py for tasks to queue
[2023-09-24T05:02:21.140+0000] {logging_mixin.py:151} INFO - [2023-09-24T05:02:21.140+0000] {dagbag.py:539} INFO - Filling up the DagBag from /home/airflow/.local/lib/python3.8/site-packages/airflow/example_dags/example_nested_branch_dag.py
[2023-09-24T05:02:21.158+0000] {processor.py:839} INFO - DAG(s) dict_keys(['example_nested_branch_dag']) retrieved from /home/airflow/.local/lib/python3.8/site-packages/airflow/example_dags/example_nested_branch_dag.py
[2023-09-24T05:02:21.194+0000] {logging_mixin.py:151} INFO - [2023-09-24T05:02:21.194+0000] {dag.py:2915} INFO - Sync 1 DAGs
[2023-09-24T05:02:21.248+0000] {logging_mixin.py:151} INFO - [2023-09-24T05:02:21.247+0000] {dag.py:3696} INFO - Setting next_dagrun for example_nested_branch_dag to 2023-09-23T00:00:00+00:00, run_after=2023-09-24T00:00:00+00:00
[2023-09-24T05:02:21.289+0000] {processor.py:179} INFO - Processing /home/airflow/.local/lib/python3.8/site-packages/airflow/example_dags/example_nested_branch_dag.py took 0.159 seconds
[2023-09-24T05:02:52.255+0000] {processor.py:157} INFO - Started process (PID=324) to work on /home/airflow/.local/lib/python3.8/site-packages/airflow/example_dags/example_nested_branch_dag.py
[2023-09-24T05:02:52.256+0000] {processor.py:829} INFO - Processing file /home/airflow/.local/lib/python3.8/site-packages/airflow/example_dags/example_nested_branch_dag.py for tasks to queue
[2023-09-24T05:02:52.259+0000] {logging_mixin.py:151} INFO - [2023-09-24T05:02:52.259+0000] {dagbag.py:539} INFO - Filling up the DagBag from /home/airflow/.local/lib/python3.8/site-packages/airflow/example_dags/example_nested_branch_dag.py
[2023-09-24T05:02:52.275+0000] {processor.py:839} INFO - DAG(s) dict_keys(['example_nested_branch_dag']) retrieved from /home/airflow/.local/lib/python3.8/site-packages/airflow/example_dags/example_nested_branch_dag.py
[2023-09-24T05:02:52.310+0000] {logging_mixin.py:151} INFO - [2023-09-24T05:02:52.310+0000] {dag.py:2915} INFO - Sync 1 DAGs
[2023-09-24T05:02:52.349+0000] {logging_mixin.py:151} INFO - [2023-09-24T05:02:52.348+0000] {dag.py:3696} INFO - Setting next_dagrun for example_nested_branch_dag to 2023-09-23T00:00:00+00:00, run_after=2023-09-24T00:00:00+00:00
[2023-09-24T05:02:52.372+0000] {processor.py:179} INFO - Processing /home/airflow/.local/lib/python3.8/site-packages/airflow/example_dags/example_nested_branch_dag.py took 0.121 seconds
[2023-09-24T05:03:23.832+0000] {processor.py:157} INFO - Started process (PID=379) to work on /home/airflow/.local/lib/python3.8/site-packages/airflow/example_dags/example_nested_branch_dag.py
[2023-09-24T05:03:23.833+0000] {processor.py:829} INFO - Processing file /home/airflow/.local/lib/python3.8/site-packages/airflow/example_dags/example_nested_branch_dag.py for tasks to queue
[2023-09-24T05:03:23.836+0000] {logging_mixin.py:151} INFO - [2023-09-24T05:03:23.836+0000] {dagbag.py:539} INFO - Filling up the DagBag from /home/airflow/.local/lib/python3.8/site-packages/airflow/example_dags/example_nested_branch_dag.py
[2023-09-24T05:03:23.851+0000] {processor.py:839} INFO - DAG(s) dict_keys(['example_nested_branch_dag']) retrieved from /home/airflow/.local/lib/python3.8/site-packages/airflow/example_dags/example_nested_branch_dag.py
[2023-09-24T05:03:23.886+0000] {logging_mixin.py:151} INFO - [2023-09-24T05:03:23.886+0000] {dag.py:2915} INFO - Sync 1 DAGs
[2023-09-24T05:03:23.926+0000] {logging_mixin.py:151} INFO - [2023-09-24T05:03:23.926+0000] {dag.py:3696} INFO - Setting next_dagrun for example_nested_branch_dag to 2023-09-23T00:00:00+00:00, run_after=2023-09-24T00:00:00+00:00
[2023-09-24T05:03:23.955+0000] {processor.py:179} INFO - Processing /home/airflow/.local/lib/python3.8/site-packages/airflow/example_dags/example_nested_branch_dag.py took 0.127 seconds
[2023-09-24T05:03:54.468+0000] {processor.py:157} INFO - Started process (PID=433) to work on /home/airflow/.local/lib/python3.8/site-packages/airflow/example_dags/example_nested_branch_dag.py
[2023-09-24T05:03:54.469+0000] {processor.py:829} INFO - Processing file /home/airflow/.local/lib/python3.8/site-packages/airflow/example_dags/example_nested_branch_dag.py for tasks to queue
[2023-09-24T05:03:54.472+0000] {logging_mixin.py:151} INFO - [2023-09-24T05:03:54.472+0000] {dagbag.py:539} INFO - Filling up the DagBag from /home/airflow/.local/lib/python3.8/site-packages/airflow/example_dags/example_nested_branch_dag.py
[2023-09-24T05:03:54.488+0000] {processor.py:839} INFO - DAG(s) dict_keys(['example_nested_branch_dag']) retrieved from /home/airflow/.local/lib/python3.8/site-packages/airflow/example_dags/example_nested_branch_dag.py
[2023-09-24T05:03:54.521+0000] {logging_mixin.py:151} INFO - [2023-09-24T05:03:54.520+0000] {dag.py:2915} INFO - Sync 1 DAGs
[2023-09-24T05:03:54.561+0000] {logging_mixin.py:151} INFO - [2023-09-24T05:03:54.561+0000] {dag.py:3696} INFO - Setting next_dagrun for example_nested_branch_dag to 2023-09-23T00:00:00+00:00, run_after=2023-09-24T00:00:00+00:00
[2023-09-24T05:03:54.588+0000] {processor.py:179} INFO - Processing /home/airflow/.local/lib/python3.8/site-packages/airflow/example_dags/example_nested_branch_dag.py took 0.124 seconds
[2023-09-24T05:10:01.303+0000] {processor.py:157} INFO - Started process (PID=54) to work on /home/airflow/.local/lib/python3.8/site-packages/airflow/example_dags/example_nested_branch_dag.py
[2023-09-24T05:10:01.310+0000] {processor.py:829} INFO - Processing file /home/airflow/.local/lib/python3.8/site-packages/airflow/example_dags/example_nested_branch_dag.py for tasks to queue
[2023-09-24T05:10:01.314+0000] {logging_mixin.py:151} INFO - [2023-09-24T05:10:01.314+0000] {dagbag.py:539} INFO - Filling up the DagBag from /home/airflow/.local/lib/python3.8/site-packages/airflow/example_dags/example_nested_branch_dag.py
[2023-09-24T05:10:01.370+0000] {processor.py:839} INFO - DAG(s) dict_keys(['example_nested_branch_dag']) retrieved from /home/airflow/.local/lib/python3.8/site-packages/airflow/example_dags/example_nested_branch_dag.py
[2023-09-24T05:10:01.533+0000] {logging_mixin.py:151} INFO - [2023-09-24T05:10:01.533+0000] {dag.py:2915} INFO - Sync 1 DAGs
[2023-09-24T05:10:01.626+0000] {logging_mixin.py:151} INFO - [2023-09-24T05:10:01.626+0000] {dag.py:3696} INFO - Setting next_dagrun for example_nested_branch_dag to 2023-09-23T00:00:00+00:00, run_after=2023-09-24T00:00:00+00:00
[2023-09-24T05:10:01.678+0000] {processor.py:179} INFO - Processing /home/airflow/.local/lib/python3.8/site-packages/airflow/example_dags/example_nested_branch_dag.py took 0.394 seconds
[2023-09-24T05:10:32.556+0000] {processor.py:157} INFO - Started process (PID=107) to work on /home/airflow/.local/lib/python3.8/site-packages/airflow/example_dags/example_nested_branch_dag.py
[2023-09-24T05:10:32.557+0000] {processor.py:829} INFO - Processing file /home/airflow/.local/lib/python3.8/site-packages/airflow/example_dags/example_nested_branch_dag.py for tasks to queue
[2023-09-24T05:10:32.561+0000] {logging_mixin.py:151} INFO - [2023-09-24T05:10:32.560+0000] {dagbag.py:539} INFO - Filling up the DagBag from /home/airflow/.local/lib/python3.8/site-packages/airflow/example_dags/example_nested_branch_dag.py
[2023-09-24T05:10:32.583+0000] {processor.py:839} INFO - DAG(s) dict_keys(['example_nested_branch_dag']) retrieved from /home/airflow/.local/lib/python3.8/site-packages/airflow/example_dags/example_nested_branch_dag.py
[2023-09-24T05:10:32.616+0000] {logging_mixin.py:151} INFO - [2023-09-24T05:10:32.616+0000] {dag.py:2915} INFO - Sync 1 DAGs
[2023-09-24T05:10:32.653+0000] {logging_mixin.py:151} INFO - [2023-09-24T05:10:32.653+0000] {dag.py:3696} INFO - Setting next_dagrun for example_nested_branch_dag to 2023-09-23T00:00:00+00:00, run_after=2023-09-24T00:00:00+00:00
[2023-09-24T05:10:32.678+0000] {processor.py:179} INFO - Processing /home/airflow/.local/lib/python3.8/site-packages/airflow/example_dags/example_nested_branch_dag.py took 0.128 seconds
[2023-09-24T05:11:03.461+0000] {processor.py:157} INFO - Started process (PID=161) to work on /home/airflow/.local/lib/python3.8/site-packages/airflow/example_dags/example_nested_branch_dag.py
[2023-09-24T05:11:03.462+0000] {processor.py:829} INFO - Processing file /home/airflow/.local/lib/python3.8/site-packages/airflow/example_dags/example_nested_branch_dag.py for tasks to queue
[2023-09-24T05:11:03.465+0000] {logging_mixin.py:151} INFO - [2023-09-24T05:11:03.465+0000] {dagbag.py:539} INFO - Filling up the DagBag from /home/airflow/.local/lib/python3.8/site-packages/airflow/example_dags/example_nested_branch_dag.py
[2023-09-24T05:11:03.482+0000] {processor.py:839} INFO - DAG(s) dict_keys(['example_nested_branch_dag']) retrieved from /home/airflow/.local/lib/python3.8/site-packages/airflow/example_dags/example_nested_branch_dag.py
[2023-09-24T05:11:03.515+0000] {logging_mixin.py:151} INFO - [2023-09-24T05:11:03.514+0000] {dag.py:2915} INFO - Sync 1 DAGs
[2023-09-24T05:11:03.553+0000] {logging_mixin.py:151} INFO - [2023-09-24T05:11:03.553+0000] {dag.py:3696} INFO - Setting next_dagrun for example_nested_branch_dag to 2023-09-23T00:00:00+00:00, run_after=2023-09-24T00:00:00+00:00
[2023-09-24T05:11:03.576+0000] {processor.py:179} INFO - Processing /home/airflow/.local/lib/python3.8/site-packages/airflow/example_dags/example_nested_branch_dag.py took 0.120 seconds
[2023-09-24T05:11:34.590+0000] {processor.py:157} INFO - Started process (PID=215) to work on /home/airflow/.local/lib/python3.8/site-packages/airflow/example_dags/example_nested_branch_dag.py
[2023-09-24T05:11:34.591+0000] {processor.py:829} INFO - Processing file /home/airflow/.local/lib/python3.8/site-packages/airflow/example_dags/example_nested_branch_dag.py for tasks to queue
[2023-09-24T05:11:34.593+0000] {logging_mixin.py:151} INFO - [2023-09-24T05:11:34.593+0000] {dagbag.py:539} INFO - Filling up the DagBag from /home/airflow/.local/lib/python3.8/site-packages/airflow/example_dags/example_nested_branch_dag.py
[2023-09-24T05:11:34.609+0000] {processor.py:839} INFO - DAG(s) dict_keys(['example_nested_branch_dag']) retrieved from /home/airflow/.local/lib/python3.8/site-packages/airflow/example_dags/example_nested_branch_dag.py
[2023-09-24T05:11:34.644+0000] {logging_mixin.py:151} INFO - [2023-09-24T05:11:34.644+0000] {dag.py:2915} INFO - Sync 1 DAGs
[2023-09-24T05:11:34.686+0000] {logging_mixin.py:151} INFO - [2023-09-24T05:11:34.685+0000] {dag.py:3696} INFO - Setting next_dagrun for example_nested_branch_dag to 2023-09-23T00:00:00+00:00, run_after=2023-09-24T00:00:00+00:00
[2023-09-24T05:11:34.712+0000] {processor.py:179} INFO - Processing /home/airflow/.local/lib/python3.8/site-packages/airflow/example_dags/example_nested_branch_dag.py took 0.127 seconds
[2023-09-24T05:12:05.665+0000] {processor.py:157} INFO - Started process (PID=278) to work on /home/airflow/.local/lib/python3.8/site-packages/airflow/example_dags/example_nested_branch_dag.py
[2023-09-24T05:12:05.666+0000] {processor.py:829} INFO - Processing file /home/airflow/.local/lib/python3.8/site-packages/airflow/example_dags/example_nested_branch_dag.py for tasks to queue
[2023-09-24T05:12:05.669+0000] {logging_mixin.py:151} INFO - [2023-09-24T05:12:05.668+0000] {dagbag.py:539} INFO - Filling up the DagBag from /home/airflow/.local/lib/python3.8/site-packages/airflow/example_dags/example_nested_branch_dag.py
[2023-09-24T05:12:05.686+0000] {processor.py:839} INFO - DAG(s) dict_keys(['example_nested_branch_dag']) retrieved from /home/airflow/.local/lib/python3.8/site-packages/airflow/example_dags/example_nested_branch_dag.py
[2023-09-24T05:12:05.721+0000] {logging_mixin.py:151} INFO - [2023-09-24T05:12:05.721+0000] {dag.py:2915} INFO - Sync 1 DAGs
[2023-09-24T05:12:05.762+0000] {logging_mixin.py:151} INFO - [2023-09-24T05:12:05.761+0000] {dag.py:3696} INFO - Setting next_dagrun for example_nested_branch_dag to 2023-09-23T00:00:00+00:00, run_after=2023-09-24T00:00:00+00:00
[2023-09-24T05:12:05.787+0000] {processor.py:179} INFO - Processing /home/airflow/.local/lib/python3.8/site-packages/airflow/example_dags/example_nested_branch_dag.py took 0.127 seconds
[2023-09-24T05:12:36.843+0000] {processor.py:157} INFO - Started process (PID=332) to work on /home/airflow/.local/lib/python3.8/site-packages/airflow/example_dags/example_nested_branch_dag.py
[2023-09-24T05:12:36.844+0000] {processor.py:829} INFO - Processing file /home/airflow/.local/lib/python3.8/site-packages/airflow/example_dags/example_nested_branch_dag.py for tasks to queue
[2023-09-24T05:12:36.848+0000] {logging_mixin.py:151} INFO - [2023-09-24T05:12:36.847+0000] {dagbag.py:539} INFO - Filling up the DagBag from /home/airflow/.local/lib/python3.8/site-packages/airflow/example_dags/example_nested_branch_dag.py
[2023-09-24T05:12:36.868+0000] {processor.py:839} INFO - DAG(s) dict_keys(['example_nested_branch_dag']) retrieved from /home/airflow/.local/lib/python3.8/site-packages/airflow/example_dags/example_nested_branch_dag.py
[2023-09-24T05:12:36.912+0000] {logging_mixin.py:151} INFO - [2023-09-24T05:12:36.911+0000] {dag.py:2915} INFO - Sync 1 DAGs
[2023-09-24T05:12:36.962+0000] {logging_mixin.py:151} INFO - [2023-09-24T05:12:36.961+0000] {dag.py:3696} INFO - Setting next_dagrun for example_nested_branch_dag to 2023-09-23T00:00:00+00:00, run_after=2023-09-24T00:00:00+00:00
[2023-09-24T05:12:36.995+0000] {processor.py:179} INFO - Processing /home/airflow/.local/lib/python3.8/site-packages/airflow/example_dags/example_nested_branch_dag.py took 0.158 seconds
[2023-09-24T05:13:07.696+0000] {processor.py:157} INFO - Started process (PID=385) to work on /home/airflow/.local/lib/python3.8/site-packages/airflow/example_dags/example_nested_branch_dag.py
[2023-09-24T05:13:07.697+0000] {processor.py:829} INFO - Processing file /home/airflow/.local/lib/python3.8/site-packages/airflow/example_dags/example_nested_branch_dag.py for tasks to queue
[2023-09-24T05:13:07.700+0000] {logging_mixin.py:151} INFO - [2023-09-24T05:13:07.700+0000] {dagbag.py:539} INFO - Filling up the DagBag from /home/airflow/.local/lib/python3.8/site-packages/airflow/example_dags/example_nested_branch_dag.py
[2023-09-24T05:13:07.718+0000] {processor.py:839} INFO - DAG(s) dict_keys(['example_nested_branch_dag']) retrieved from /home/airflow/.local/lib/python3.8/site-packages/airflow/example_dags/example_nested_branch_dag.py
[2023-09-24T05:13:07.757+0000] {logging_mixin.py:151} INFO - [2023-09-24T05:13:07.757+0000] {dag.py:2915} INFO - Sync 1 DAGs
[2023-09-24T05:13:07.797+0000] {logging_mixin.py:151} INFO - [2023-09-24T05:13:07.797+0000] {dag.py:3696} INFO - Setting next_dagrun for example_nested_branch_dag to 2023-09-23T00:00:00+00:00, run_after=2023-09-24T00:00:00+00:00
[2023-09-24T05:13:07.823+0000] {processor.py:179} INFO - Processing /home/airflow/.local/lib/python3.8/site-packages/airflow/example_dags/example_nested_branch_dag.py took 0.131 seconds
[2023-09-24T05:13:57.345+0000] {processor.py:157} INFO - Started process (PID=54) to work on /home/airflow/.local/lib/python3.8/site-packages/airflow/example_dags/example_nested_branch_dag.py
[2023-09-24T05:13:57.355+0000] {processor.py:829} INFO - Processing file /home/airflow/.local/lib/python3.8/site-packages/airflow/example_dags/example_nested_branch_dag.py for tasks to queue
[2023-09-24T05:13:57.359+0000] {logging_mixin.py:151} INFO - [2023-09-24T05:13:57.359+0000] {dagbag.py:539} INFO - Filling up the DagBag from /home/airflow/.local/lib/python3.8/site-packages/airflow/example_dags/example_nested_branch_dag.py
[2023-09-24T05:13:57.416+0000] {processor.py:839} INFO - DAG(s) dict_keys(['example_nested_branch_dag']) retrieved from /home/airflow/.local/lib/python3.8/site-packages/airflow/example_dags/example_nested_branch_dag.py
[2023-09-24T05:13:57.464+0000] {logging_mixin.py:151} INFO - [2023-09-24T05:13:57.463+0000] {dag.py:2915} INFO - Sync 1 DAGs
[2023-09-24T05:13:57.588+0000] {logging_mixin.py:151} INFO - [2023-09-24T05:13:57.587+0000] {dag.py:3696} INFO - Setting next_dagrun for example_nested_branch_dag to 2023-09-23T00:00:00+00:00, run_after=2023-09-24T00:00:00+00:00
[2023-09-24T05:13:57.666+0000] {processor.py:179} INFO - Processing /home/airflow/.local/lib/python3.8/site-packages/airflow/example_dags/example_nested_branch_dag.py took 0.337 seconds
[2023-09-24T05:14:28.048+0000] {processor.py:157} INFO - Started process (PID=108) to work on /home/airflow/.local/lib/python3.8/site-packages/airflow/example_dags/example_nested_branch_dag.py
[2023-09-24T05:14:28.050+0000] {processor.py:829} INFO - Processing file /home/airflow/.local/lib/python3.8/site-packages/airflow/example_dags/example_nested_branch_dag.py for tasks to queue
[2023-09-24T05:14:28.053+0000] {logging_mixin.py:151} INFO - [2023-09-24T05:14:28.053+0000] {dagbag.py:539} INFO - Filling up the DagBag from /home/airflow/.local/lib/python3.8/site-packages/airflow/example_dags/example_nested_branch_dag.py
[2023-09-24T05:14:28.072+0000] {processor.py:839} INFO - DAG(s) dict_keys(['example_nested_branch_dag']) retrieved from /home/airflow/.local/lib/python3.8/site-packages/airflow/example_dags/example_nested_branch_dag.py
[2023-09-24T05:14:28.109+0000] {logging_mixin.py:151} INFO - [2023-09-24T05:14:28.108+0000] {dag.py:2915} INFO - Sync 1 DAGs
[2023-09-24T05:14:28.150+0000] {logging_mixin.py:151} INFO - [2023-09-24T05:14:28.150+0000] {dag.py:3696} INFO - Setting next_dagrun for example_nested_branch_dag to 2023-09-23T00:00:00+00:00, run_after=2023-09-24T00:00:00+00:00
[2023-09-24T05:14:28.175+0000] {processor.py:179} INFO - Processing /home/airflow/.local/lib/python3.8/site-packages/airflow/example_dags/example_nested_branch_dag.py took 0.131 seconds
[2023-09-24T05:14:59.556+0000] {processor.py:157} INFO - Started process (PID=168) to work on /home/airflow/.local/lib/python3.8/site-packages/airflow/example_dags/example_nested_branch_dag.py
[2023-09-24T05:14:59.557+0000] {processor.py:829} INFO - Processing file /home/airflow/.local/lib/python3.8/site-packages/airflow/example_dags/example_nested_branch_dag.py for tasks to queue
[2023-09-24T05:14:59.563+0000] {logging_mixin.py:151} INFO - [2023-09-24T05:14:59.562+0000] {dagbag.py:539} INFO - Filling up the DagBag from /home/airflow/.local/lib/python3.8/site-packages/airflow/example_dags/example_nested_branch_dag.py
[2023-09-24T05:14:59.616+0000] {processor.py:839} INFO - DAG(s) dict_keys(['example_nested_branch_dag']) retrieved from /home/airflow/.local/lib/python3.8/site-packages/airflow/example_dags/example_nested_branch_dag.py
[2023-09-24T05:14:59.748+0000] {logging_mixin.py:151} INFO - [2023-09-24T05:14:59.748+0000] {dag.py:2915} INFO - Sync 1 DAGs
[2023-09-24T05:14:59.846+0000] {logging_mixin.py:151} INFO - [2023-09-24T05:14:59.846+0000] {dag.py:3696} INFO - Setting next_dagrun for example_nested_branch_dag to 2023-09-23T00:00:00+00:00, run_after=2023-09-24T00:00:00+00:00
[2023-09-24T05:14:59.910+0000] {processor.py:179} INFO - Processing /home/airflow/.local/lib/python3.8/site-packages/airflow/example_dags/example_nested_branch_dag.py took 0.372 seconds
