[2023-09-24T05:00:05.082+0000] {processor.py:157} INFO - Started process (PID=37) to work on /home/airflow/.local/lib/python3.8/site-packages/airflow/example_dags/example_branch_python_dop_operator_3.py
[2023-09-24T05:00:05.083+0000] {processor.py:829} INFO - Processing file /home/airflow/.local/lib/python3.8/site-packages/airflow/example_dags/example_branch_python_dop_operator_3.py for tasks to queue
[2023-09-24T05:00:05.087+0000] {logging_mixin.py:151} INFO - [2023-09-24T05:00:05.086+0000] {dagbag.py:539} INFO - Filling up the DagBag from /home/airflow/.local/lib/python3.8/site-packages/airflow/example_dags/example_branch_python_dop_operator_3.py
[2023-09-24T05:00:05.110+0000] {processor.py:839} INFO - DAG(s) dict_keys(['example_branch_dop_operator_v3']) retrieved from /home/airflow/.local/lib/python3.8/site-packages/airflow/example_dags/example_branch_python_dop_operator_3.py
[2023-09-24T05:00:05.428+0000] {logging_mixin.py:151} INFO - [2023-09-24T05:00:05.426+0000] {manager.py:499} INFO - Created Permission View: %s
[2023-09-24T05:00:05.486+0000] {logging_mixin.py:151} INFO - [2023-09-24T05:00:05.486+0000] {manager.py:499} INFO - Created Permission View: %s
[2023-09-24T05:00:05.504+0000] {logging_mixin.py:151} INFO - [2023-09-24T05:00:05.503+0000] {manager.py:499} INFO - Created Permission View: %s
[2023-09-24T05:00:05.505+0000] {logging_mixin.py:151} INFO - [2023-09-24T05:00:05.505+0000] {security.py:708} INFO - Not syncing DAG-level permissions for DAG 'DAG:example_branch_dop_operator_v3' as access control is unset.
[2023-09-24T05:00:05.506+0000] {logging_mixin.py:151} INFO - [2023-09-24T05:00:05.506+0000] {dag.py:2915} INFO - Sync 1 DAGs
[2023-09-24T05:00:05.544+0000] {logging_mixin.py:151} INFO - [2023-09-24T05:00:05.544+0000] {dag.py:2937} INFO - Creating ORM DAG for example_branch_dop_operator_v3
[2023-09-24T05:00:05.595+0000] {logging_mixin.py:151} INFO - [2023-09-24T05:00:05.594+0000] {dag.py:3696} INFO - Setting next_dagrun for example_branch_dop_operator_v3 to 2023-09-24T04:59:00+00:00, run_after=2023-09-24T05:00:00+00:00
[2023-09-24T05:00:05.628+0000] {processor.py:179} INFO - Processing /home/airflow/.local/lib/python3.8/site-packages/airflow/example_dags/example_branch_python_dop_operator_3.py took 0.552 seconds
[2023-09-24T05:00:36.451+0000] {processor.py:157} INFO - Started process (PID=97) to work on /home/airflow/.local/lib/python3.8/site-packages/airflow/example_dags/example_branch_python_dop_operator_3.py
[2023-09-24T05:00:36.452+0000] {processor.py:829} INFO - Processing file /home/airflow/.local/lib/python3.8/site-packages/airflow/example_dags/example_branch_python_dop_operator_3.py for tasks to queue
[2023-09-24T05:00:36.456+0000] {logging_mixin.py:151} INFO - [2023-09-24T05:00:36.455+0000] {dagbag.py:539} INFO - Filling up the DagBag from /home/airflow/.local/lib/python3.8/site-packages/airflow/example_dags/example_branch_python_dop_operator_3.py
[2023-09-24T05:00:36.472+0000] {processor.py:839} INFO - DAG(s) dict_keys(['example_branch_dop_operator_v3']) retrieved from /home/airflow/.local/lib/python3.8/site-packages/airflow/example_dags/example_branch_python_dop_operator_3.py
[2023-09-24T05:00:36.501+0000] {logging_mixin.py:151} INFO - [2023-09-24T05:00:36.500+0000] {dag.py:2915} INFO - Sync 1 DAGs
[2023-09-24T05:00:36.551+0000] {logging_mixin.py:151} INFO - [2023-09-24T05:00:36.551+0000] {dag.py:3696} INFO - Setting next_dagrun for example_branch_dop_operator_v3 to 2023-09-24T04:59:00+00:00, run_after=2023-09-24T05:00:00+00:00
[2023-09-24T05:00:36.586+0000] {processor.py:179} INFO - Processing /home/airflow/.local/lib/python3.8/site-packages/airflow/example_dags/example_branch_python_dop_operator_3.py took 0.139 seconds
[2023-09-24T05:01:06.736+0000] {processor.py:157} INFO - Started process (PID=151) to work on /home/airflow/.local/lib/python3.8/site-packages/airflow/example_dags/example_branch_python_dop_operator_3.py
[2023-09-24T05:01:06.737+0000] {processor.py:829} INFO - Processing file /home/airflow/.local/lib/python3.8/site-packages/airflow/example_dags/example_branch_python_dop_operator_3.py for tasks to queue
[2023-09-24T05:01:06.740+0000] {logging_mixin.py:151} INFO - [2023-09-24T05:01:06.740+0000] {dagbag.py:539} INFO - Filling up the DagBag from /home/airflow/.local/lib/python3.8/site-packages/airflow/example_dags/example_branch_python_dop_operator_3.py
[2023-09-24T05:01:06.756+0000] {processor.py:839} INFO - DAG(s) dict_keys(['example_branch_dop_operator_v3']) retrieved from /home/airflow/.local/lib/python3.8/site-packages/airflow/example_dags/example_branch_python_dop_operator_3.py
[2023-09-24T05:01:06.788+0000] {logging_mixin.py:151} INFO - [2023-09-24T05:01:06.788+0000] {dag.py:2915} INFO - Sync 1 DAGs
[2023-09-24T05:01:06.840+0000] {logging_mixin.py:151} INFO - [2023-09-24T05:01:06.840+0000] {dag.py:3696} INFO - Setting next_dagrun for example_branch_dop_operator_v3 to 2023-09-24T05:00:00+00:00, run_after=2023-09-24T05:01:00+00:00
[2023-09-24T05:01:06.865+0000] {processor.py:179} INFO - Processing /home/airflow/.local/lib/python3.8/site-packages/airflow/example_dags/example_branch_python_dop_operator_3.py took 0.134 seconds
[2023-09-24T05:01:37.119+0000] {processor.py:157} INFO - Started process (PID=205) to work on /home/airflow/.local/lib/python3.8/site-packages/airflow/example_dags/example_branch_python_dop_operator_3.py
[2023-09-24T05:01:37.121+0000] {processor.py:829} INFO - Processing file /home/airflow/.local/lib/python3.8/site-packages/airflow/example_dags/example_branch_python_dop_operator_3.py for tasks to queue
[2023-09-24T05:01:37.124+0000] {logging_mixin.py:151} INFO - [2023-09-24T05:01:37.123+0000] {dagbag.py:539} INFO - Filling up the DagBag from /home/airflow/.local/lib/python3.8/site-packages/airflow/example_dags/example_branch_python_dop_operator_3.py
[2023-09-24T05:01:37.138+0000] {processor.py:839} INFO - DAG(s) dict_keys(['example_branch_dop_operator_v3']) retrieved from /home/airflow/.local/lib/python3.8/site-packages/airflow/example_dags/example_branch_python_dop_operator_3.py
[2023-09-24T05:01:37.168+0000] {logging_mixin.py:151} INFO - [2023-09-24T05:01:37.168+0000] {dag.py:2915} INFO - Sync 1 DAGs
[2023-09-24T05:01:37.215+0000] {logging_mixin.py:151} INFO - [2023-09-24T05:01:37.215+0000] {dag.py:3696} INFO - Setting next_dagrun for example_branch_dop_operator_v3 to 2023-09-24T05:00:00+00:00, run_after=2023-09-24T05:01:00+00:00
[2023-09-24T05:01:37.239+0000] {processor.py:179} INFO - Processing /home/airflow/.local/lib/python3.8/site-packages/airflow/example_dags/example_branch_python_dop_operator_3.py took 0.124 seconds
[2023-09-24T05:02:07.332+0000] {processor.py:157} INFO - Started process (PID=259) to work on /home/airflow/.local/lib/python3.8/site-packages/airflow/example_dags/example_branch_python_dop_operator_3.py
[2023-09-24T05:02:07.333+0000] {processor.py:829} INFO - Processing file /home/airflow/.local/lib/python3.8/site-packages/airflow/example_dags/example_branch_python_dop_operator_3.py for tasks to queue
[2023-09-24T05:02:07.336+0000] {logging_mixin.py:151} INFO - [2023-09-24T05:02:07.336+0000] {dagbag.py:539} INFO - Filling up the DagBag from /home/airflow/.local/lib/python3.8/site-packages/airflow/example_dags/example_branch_python_dop_operator_3.py
[2023-09-24T05:02:07.350+0000] {processor.py:839} INFO - DAG(s) dict_keys(['example_branch_dop_operator_v3']) retrieved from /home/airflow/.local/lib/python3.8/site-packages/airflow/example_dags/example_branch_python_dop_operator_3.py
[2023-09-24T05:02:07.382+0000] {logging_mixin.py:151} INFO - [2023-09-24T05:02:07.381+0000] {dag.py:2915} INFO - Sync 1 DAGs
[2023-09-24T05:02:07.431+0000] {logging_mixin.py:151} INFO - [2023-09-24T05:02:07.430+0000] {dag.py:3696} INFO - Setting next_dagrun for example_branch_dop_operator_v3 to 2023-09-24T05:01:00+00:00, run_after=2023-09-24T05:02:00+00:00
[2023-09-24T05:02:07.459+0000] {processor.py:179} INFO - Processing /home/airflow/.local/lib/python3.8/site-packages/airflow/example_dags/example_branch_python_dop_operator_3.py took 0.131 seconds
[2023-09-24T05:02:37.549+0000] {processor.py:157} INFO - Started process (PID=313) to work on /home/airflow/.local/lib/python3.8/site-packages/airflow/example_dags/example_branch_python_dop_operator_3.py
[2023-09-24T05:02:37.550+0000] {processor.py:829} INFO - Processing file /home/airflow/.local/lib/python3.8/site-packages/airflow/example_dags/example_branch_python_dop_operator_3.py for tasks to queue
[2023-09-24T05:02:37.553+0000] {logging_mixin.py:151} INFO - [2023-09-24T05:02:37.552+0000] {dagbag.py:539} INFO - Filling up the DagBag from /home/airflow/.local/lib/python3.8/site-packages/airflow/example_dags/example_branch_python_dop_operator_3.py
[2023-09-24T05:02:37.567+0000] {processor.py:839} INFO - DAG(s) dict_keys(['example_branch_dop_operator_v3']) retrieved from /home/airflow/.local/lib/python3.8/site-packages/airflow/example_dags/example_branch_python_dop_operator_3.py
[2023-09-24T05:02:37.597+0000] {logging_mixin.py:151} INFO - [2023-09-24T05:02:37.597+0000] {dag.py:2915} INFO - Sync 1 DAGs
[2023-09-24T05:02:37.645+0000] {logging_mixin.py:151} INFO - [2023-09-24T05:02:37.645+0000] {dag.py:3696} INFO - Setting next_dagrun for example_branch_dop_operator_v3 to 2023-09-24T05:01:00+00:00, run_after=2023-09-24T05:02:00+00:00
[2023-09-24T05:02:37.671+0000] {processor.py:179} INFO - Processing /home/airflow/.local/lib/python3.8/site-packages/airflow/example_dags/example_branch_python_dop_operator_3.py took 0.127 seconds
[2023-09-24T05:03:08.241+0000] {processor.py:157} INFO - Started process (PID=368) to work on /home/airflow/.local/lib/python3.8/site-packages/airflow/example_dags/example_branch_python_dop_operator_3.py
[2023-09-24T05:03:08.242+0000] {processor.py:829} INFO - Processing file /home/airflow/.local/lib/python3.8/site-packages/airflow/example_dags/example_branch_python_dop_operator_3.py for tasks to queue
[2023-09-24T05:03:08.245+0000] {logging_mixin.py:151} INFO - [2023-09-24T05:03:08.245+0000] {dagbag.py:539} INFO - Filling up the DagBag from /home/airflow/.local/lib/python3.8/site-packages/airflow/example_dags/example_branch_python_dop_operator_3.py
[2023-09-24T05:03:08.259+0000] {processor.py:839} INFO - DAG(s) dict_keys(['example_branch_dop_operator_v3']) retrieved from /home/airflow/.local/lib/python3.8/site-packages/airflow/example_dags/example_branch_python_dop_operator_3.py
[2023-09-24T05:03:08.294+0000] {logging_mixin.py:151} INFO - [2023-09-24T05:03:08.293+0000] {dag.py:2915} INFO - Sync 1 DAGs
[2023-09-24T05:03:08.339+0000] {logging_mixin.py:151} INFO - [2023-09-24T05:03:08.339+0000] {dag.py:3696} INFO - Setting next_dagrun for example_branch_dop_operator_v3 to 2023-09-24T05:02:00+00:00, run_after=2023-09-24T05:03:00+00:00
[2023-09-24T05:03:08.363+0000] {processor.py:179} INFO - Processing /home/airflow/.local/lib/python3.8/site-packages/airflow/example_dags/example_branch_python_dop_operator_3.py took 0.126 seconds
[2023-09-24T05:03:38.813+0000] {processor.py:157} INFO - Started process (PID=422) to work on /home/airflow/.local/lib/python3.8/site-packages/airflow/example_dags/example_branch_python_dop_operator_3.py
[2023-09-24T05:03:38.814+0000] {processor.py:829} INFO - Processing file /home/airflow/.local/lib/python3.8/site-packages/airflow/example_dags/example_branch_python_dop_operator_3.py for tasks to queue
[2023-09-24T05:03:38.818+0000] {logging_mixin.py:151} INFO - [2023-09-24T05:03:38.817+0000] {dagbag.py:539} INFO - Filling up the DagBag from /home/airflow/.local/lib/python3.8/site-packages/airflow/example_dags/example_branch_python_dop_operator_3.py
[2023-09-24T05:03:38.835+0000] {processor.py:839} INFO - DAG(s) dict_keys(['example_branch_dop_operator_v3']) retrieved from /home/airflow/.local/lib/python3.8/site-packages/airflow/example_dags/example_branch_python_dop_operator_3.py
[2023-09-24T05:03:38.865+0000] {logging_mixin.py:151} INFO - [2023-09-24T05:03:38.865+0000] {dag.py:2915} INFO - Sync 1 DAGs
[2023-09-24T05:03:38.912+0000] {logging_mixin.py:151} INFO - [2023-09-24T05:03:38.912+0000] {dag.py:3696} INFO - Setting next_dagrun for example_branch_dop_operator_v3 to 2023-09-24T05:02:00+00:00, run_after=2023-09-24T05:03:00+00:00
[2023-09-24T05:03:38.947+0000] {processor.py:179} INFO - Processing /home/airflow/.local/lib/python3.8/site-packages/airflow/example_dags/example_branch_python_dop_operator_3.py took 0.138 seconds
[2023-09-24T05:04:09.665+0000] {processor.py:157} INFO - Started process (PID=475) to work on /home/airflow/.local/lib/python3.8/site-packages/airflow/example_dags/example_branch_python_dop_operator_3.py
[2023-09-24T05:04:09.666+0000] {processor.py:829} INFO - Processing file /home/airflow/.local/lib/python3.8/site-packages/airflow/example_dags/example_branch_python_dop_operator_3.py for tasks to queue
[2023-09-24T05:04:09.668+0000] {logging_mixin.py:151} INFO - [2023-09-24T05:04:09.668+0000] {dagbag.py:539} INFO - Filling up the DagBag from /home/airflow/.local/lib/python3.8/site-packages/airflow/example_dags/example_branch_python_dop_operator_3.py
[2023-09-24T05:04:09.683+0000] {processor.py:839} INFO - DAG(s) dict_keys(['example_branch_dop_operator_v3']) retrieved from /home/airflow/.local/lib/python3.8/site-packages/airflow/example_dags/example_branch_python_dop_operator_3.py
[2023-09-24T05:04:09.713+0000] {logging_mixin.py:151} INFO - [2023-09-24T05:04:09.713+0000] {dag.py:2915} INFO - Sync 1 DAGs
[2023-09-24T05:04:09.760+0000] {logging_mixin.py:151} INFO - [2023-09-24T05:04:09.760+0000] {dag.py:3696} INFO - Setting next_dagrun for example_branch_dop_operator_v3 to 2023-09-24T05:03:00+00:00, run_after=2023-09-24T05:04:00+00:00
[2023-09-24T05:04:09.792+0000] {processor.py:179} INFO - Processing /home/airflow/.local/lib/python3.8/site-packages/airflow/example_dags/example_branch_python_dop_operator_3.py took 0.132 seconds
[2023-09-24T05:09:55.873+0000] {processor.py:157} INFO - Started process (PID=37) to work on /home/airflow/.local/lib/python3.8/site-packages/airflow/example_dags/example_branch_python_dop_operator_3.py
[2023-09-24T05:09:55.874+0000] {processor.py:829} INFO - Processing file /home/airflow/.local/lib/python3.8/site-packages/airflow/example_dags/example_branch_python_dop_operator_3.py for tasks to queue
[2023-09-24T05:09:55.877+0000] {logging_mixin.py:151} INFO - [2023-09-24T05:09:55.877+0000] {dagbag.py:539} INFO - Filling up the DagBag from /home/airflow/.local/lib/python3.8/site-packages/airflow/example_dags/example_branch_python_dop_operator_3.py
[2023-09-24T05:09:55.900+0000] {processor.py:839} INFO - DAG(s) dict_keys(['example_branch_dop_operator_v3']) retrieved from /home/airflow/.local/lib/python3.8/site-packages/airflow/example_dags/example_branch_python_dop_operator_3.py
[2023-09-24T05:09:55.954+0000] {logging_mixin.py:151} INFO - [2023-09-24T05:09:55.954+0000] {dag.py:2915} INFO - Sync 1 DAGs
[2023-09-24T05:09:56.013+0000] {logging_mixin.py:151} INFO - [2023-09-24T05:09:56.013+0000] {dag.py:3696} INFO - Setting next_dagrun for example_branch_dop_operator_v3 to 2023-09-24T05:08:00+00:00, run_after=2023-09-24T05:09:00+00:00
[2023-09-24T05:09:56.061+0000] {processor.py:179} INFO - Processing /home/airflow/.local/lib/python3.8/site-packages/airflow/example_dags/example_branch_python_dop_operator_3.py took 0.194 seconds
[2023-09-24T05:10:26.445+0000] {processor.py:157} INFO - Started process (PID=89) to work on /home/airflow/.local/lib/python3.8/site-packages/airflow/example_dags/example_branch_python_dop_operator_3.py
[2023-09-24T05:10:26.447+0000] {processor.py:829} INFO - Processing file /home/airflow/.local/lib/python3.8/site-packages/airflow/example_dags/example_branch_python_dop_operator_3.py for tasks to queue
[2023-09-24T05:10:26.450+0000] {logging_mixin.py:151} INFO - [2023-09-24T05:10:26.449+0000] {dagbag.py:539} INFO - Filling up the DagBag from /home/airflow/.local/lib/python3.8/site-packages/airflow/example_dags/example_branch_python_dop_operator_3.py
[2023-09-24T05:10:26.466+0000] {processor.py:839} INFO - DAG(s) dict_keys(['example_branch_dop_operator_v3']) retrieved from /home/airflow/.local/lib/python3.8/site-packages/airflow/example_dags/example_branch_python_dop_operator_3.py
[2023-09-24T05:10:26.500+0000] {logging_mixin.py:151} INFO - [2023-09-24T05:10:26.500+0000] {dag.py:2915} INFO - Sync 1 DAGs
[2023-09-24T05:10:26.549+0000] {logging_mixin.py:151} INFO - [2023-09-24T05:10:26.549+0000] {dag.py:3696} INFO - Setting next_dagrun for example_branch_dop_operator_v3 to 2023-09-24T05:09:00+00:00, run_after=2023-09-24T05:10:00+00:00
[2023-09-24T05:10:26.578+0000] {processor.py:179} INFO - Processing /home/airflow/.local/lib/python3.8/site-packages/airflow/example_dags/example_branch_python_dop_operator_3.py took 0.139 seconds
[2023-09-24T05:10:56.976+0000] {processor.py:157} INFO - Started process (PID=143) to work on /home/airflow/.local/lib/python3.8/site-packages/airflow/example_dags/example_branch_python_dop_operator_3.py
[2023-09-24T05:10:56.977+0000] {processor.py:829} INFO - Processing file /home/airflow/.local/lib/python3.8/site-packages/airflow/example_dags/example_branch_python_dop_operator_3.py for tasks to queue
[2023-09-24T05:10:56.980+0000] {logging_mixin.py:151} INFO - [2023-09-24T05:10:56.980+0000] {dagbag.py:539} INFO - Filling up the DagBag from /home/airflow/.local/lib/python3.8/site-packages/airflow/example_dags/example_branch_python_dop_operator_3.py
[2023-09-24T05:10:56.997+0000] {processor.py:839} INFO - DAG(s) dict_keys(['example_branch_dop_operator_v3']) retrieved from /home/airflow/.local/lib/python3.8/site-packages/airflow/example_dags/example_branch_python_dop_operator_3.py
[2023-09-24T05:10:57.028+0000] {logging_mixin.py:151} INFO - [2023-09-24T05:10:57.028+0000] {dag.py:2915} INFO - Sync 1 DAGs
[2023-09-24T05:10:57.084+0000] {logging_mixin.py:151} INFO - [2023-09-24T05:10:57.083+0000] {dag.py:3696} INFO - Setting next_dagrun for example_branch_dop_operator_v3 to 2023-09-24T05:09:00+00:00, run_after=2023-09-24T05:10:00+00:00
[2023-09-24T05:10:57.120+0000] {processor.py:179} INFO - Processing /home/airflow/.local/lib/python3.8/site-packages/airflow/example_dags/example_branch_python_dop_operator_3.py took 0.150 seconds
[2023-09-24T05:11:27.523+0000] {processor.py:157} INFO - Started process (PID=197) to work on /home/airflow/.local/lib/python3.8/site-packages/airflow/example_dags/example_branch_python_dop_operator_3.py
[2023-09-24T05:11:27.524+0000] {processor.py:829} INFO - Processing file /home/airflow/.local/lib/python3.8/site-packages/airflow/example_dags/example_branch_python_dop_operator_3.py for tasks to queue
[2023-09-24T05:11:27.528+0000] {logging_mixin.py:151} INFO - [2023-09-24T05:11:27.528+0000] {dagbag.py:539} INFO - Filling up the DagBag from /home/airflow/.local/lib/python3.8/site-packages/airflow/example_dags/example_branch_python_dop_operator_3.py
[2023-09-24T05:11:27.550+0000] {processor.py:839} INFO - DAG(s) dict_keys(['example_branch_dop_operator_v3']) retrieved from /home/airflow/.local/lib/python3.8/site-packages/airflow/example_dags/example_branch_python_dop_operator_3.py
[2023-09-24T05:11:27.591+0000] {logging_mixin.py:151} INFO - [2023-09-24T05:11:27.591+0000] {dag.py:2915} INFO - Sync 1 DAGs
[2023-09-24T05:11:27.661+0000] {logging_mixin.py:151} INFO - [2023-09-24T05:11:27.661+0000] {dag.py:3696} INFO - Setting next_dagrun for example_branch_dop_operator_v3 to 2023-09-24T05:10:00+00:00, run_after=2023-09-24T05:11:00+00:00
[2023-09-24T05:11:27.693+0000] {processor.py:179} INFO - Processing /home/airflow/.local/lib/python3.8/site-packages/airflow/example_dags/example_branch_python_dop_operator_3.py took 0.178 seconds
[2023-09-24T05:11:59.234+0000] {processor.py:157} INFO - Started process (PID=260) to work on /home/airflow/.local/lib/python3.8/site-packages/airflow/example_dags/example_branch_python_dop_operator_3.py
[2023-09-24T05:11:59.244+0000] {processor.py:829} INFO - Processing file /home/airflow/.local/lib/python3.8/site-packages/airflow/example_dags/example_branch_python_dop_operator_3.py for tasks to queue
[2023-09-24T05:11:59.253+0000] {logging_mixin.py:151} INFO - [2023-09-24T05:11:59.252+0000] {dagbag.py:539} INFO - Filling up the DagBag from /home/airflow/.local/lib/python3.8/site-packages/airflow/example_dags/example_branch_python_dop_operator_3.py
[2023-09-24T05:11:59.303+0000] {processor.py:839} INFO - DAG(s) dict_keys(['example_branch_dop_operator_v3']) retrieved from /home/airflow/.local/lib/python3.8/site-packages/airflow/example_dags/example_branch_python_dop_operator_3.py
[2023-09-24T05:11:59.377+0000] {logging_mixin.py:151} INFO - [2023-09-24T05:11:59.377+0000] {dag.py:2915} INFO - Sync 1 DAGs
[2023-09-24T05:11:59.475+0000] {logging_mixin.py:151} INFO - [2023-09-24T05:11:59.474+0000] {dag.py:3696} INFO - Setting next_dagrun for example_branch_dop_operator_v3 to 2023-09-24T05:10:00+00:00, run_after=2023-09-24T05:11:00+00:00
[2023-09-24T05:11:59.530+0000] {processor.py:179} INFO - Processing /home/airflow/.local/lib/python3.8/site-packages/airflow/example_dags/example_branch_python_dop_operator_3.py took 0.306 seconds
[2023-09-24T05:12:30.223+0000] {processor.py:157} INFO - Started process (PID=314) to work on /home/airflow/.local/lib/python3.8/site-packages/airflow/example_dags/example_branch_python_dop_operator_3.py
[2023-09-24T05:12:30.225+0000] {processor.py:829} INFO - Processing file /home/airflow/.local/lib/python3.8/site-packages/airflow/example_dags/example_branch_python_dop_operator_3.py for tasks to queue
[2023-09-24T05:12:30.232+0000] {logging_mixin.py:151} INFO - [2023-09-24T05:12:30.231+0000] {dagbag.py:539} INFO - Filling up the DagBag from /home/airflow/.local/lib/python3.8/site-packages/airflow/example_dags/example_branch_python_dop_operator_3.py
[2023-09-24T05:12:30.273+0000] {processor.py:839} INFO - DAG(s) dict_keys(['example_branch_dop_operator_v3']) retrieved from /home/airflow/.local/lib/python3.8/site-packages/airflow/example_dags/example_branch_python_dop_operator_3.py
[2023-09-24T05:12:30.352+0000] {logging_mixin.py:151} INFO - [2023-09-24T05:12:30.351+0000] {dag.py:2915} INFO - Sync 1 DAGs
[2023-09-24T05:12:30.528+0000] {logging_mixin.py:151} INFO - [2023-09-24T05:12:30.527+0000] {dag.py:3696} INFO - Setting next_dagrun for example_branch_dop_operator_v3 to 2023-09-24T05:11:00+00:00, run_after=2023-09-24T05:12:00+00:00
[2023-09-24T05:12:30.594+0000] {processor.py:179} INFO - Processing /home/airflow/.local/lib/python3.8/site-packages/airflow/example_dags/example_branch_python_dop_operator_3.py took 0.385 seconds
[2023-09-24T05:13:00.889+0000] {processor.py:157} INFO - Started process (PID=368) to work on /home/airflow/.local/lib/python3.8/site-packages/airflow/example_dags/example_branch_python_dop_operator_3.py
[2023-09-24T05:13:00.890+0000] {processor.py:829} INFO - Processing file /home/airflow/.local/lib/python3.8/site-packages/airflow/example_dags/example_branch_python_dop_operator_3.py for tasks to queue
[2023-09-24T05:13:00.893+0000] {logging_mixin.py:151} INFO - [2023-09-24T05:13:00.893+0000] {dagbag.py:539} INFO - Filling up the DagBag from /home/airflow/.local/lib/python3.8/site-packages/airflow/example_dags/example_branch_python_dop_operator_3.py
[2023-09-24T05:13:00.919+0000] {processor.py:839} INFO - DAG(s) dict_keys(['example_branch_dop_operator_v3']) retrieved from /home/airflow/.local/lib/python3.8/site-packages/airflow/example_dags/example_branch_python_dop_operator_3.py
[2023-09-24T05:13:00.958+0000] {logging_mixin.py:151} INFO - [2023-09-24T05:13:00.958+0000] {dag.py:2915} INFO - Sync 1 DAGs
[2023-09-24T05:13:01.013+0000] {logging_mixin.py:151} INFO - [2023-09-24T05:13:01.013+0000] {dag.py:3696} INFO - Setting next_dagrun for example_branch_dop_operator_v3 to 2023-09-24T05:12:00+00:00, run_after=2023-09-24T05:13:00+00:00
[2023-09-24T05:13:01.044+0000] {processor.py:179} INFO - Processing /home/airflow/.local/lib/python3.8/site-packages/airflow/example_dags/example_branch_python_dop_operator_3.py took 0.163 seconds
[2023-09-24T05:13:52.944+0000] {processor.py:157} INFO - Started process (PID=43) to work on /home/airflow/.local/lib/python3.8/site-packages/airflow/example_dags/example_branch_python_dop_operator_3.py
[2023-09-24T05:13:52.946+0000] {processor.py:829} INFO - Processing file /home/airflow/.local/lib/python3.8/site-packages/airflow/example_dags/example_branch_python_dop_operator_3.py for tasks to queue
[2023-09-24T05:13:52.951+0000] {logging_mixin.py:151} INFO - [2023-09-24T05:13:52.950+0000] {dagbag.py:539} INFO - Filling up the DagBag from /home/airflow/.local/lib/python3.8/site-packages/airflow/example_dags/example_branch_python_dop_operator_3.py
[2023-09-24T05:13:53.520+0000] {processor.py:839} INFO - DAG(s) dict_keys(['example_branch_dop_operator_v3']) retrieved from /home/airflow/.local/lib/python3.8/site-packages/airflow/example_dags/example_branch_python_dop_operator_3.py
[2023-09-24T05:13:53.575+0000] {logging_mixin.py:151} INFO - [2023-09-24T05:13:53.575+0000] {dag.py:2915} INFO - Sync 1 DAGs
[2023-09-24T05:13:53.716+0000] {logging_mixin.py:151} INFO - [2023-09-24T05:13:53.715+0000] {dag.py:3696} INFO - Setting next_dagrun for example_branch_dop_operator_v3 to 2023-09-24T05:12:00+00:00, run_after=2023-09-24T05:13:00+00:00
[2023-09-24T05:13:53.807+0000] {processor.py:179} INFO - Processing /home/airflow/.local/lib/python3.8/site-packages/airflow/example_dags/example_branch_python_dop_operator_3.py took 0.870 seconds
[2023-09-24T05:14:24.632+0000] {processor.py:157} INFO - Started process (PID=98) to work on /home/airflow/.local/lib/python3.8/site-packages/airflow/example_dags/example_branch_python_dop_operator_3.py
[2023-09-24T05:14:24.634+0000] {processor.py:829} INFO - Processing file /home/airflow/.local/lib/python3.8/site-packages/airflow/example_dags/example_branch_python_dop_operator_3.py for tasks to queue
[2023-09-24T05:14:24.637+0000] {logging_mixin.py:151} INFO - [2023-09-24T05:14:24.636+0000] {dagbag.py:539} INFO - Filling up the DagBag from /home/airflow/.local/lib/python3.8/site-packages/airflow/example_dags/example_branch_python_dop_operator_3.py
[2023-09-24T05:14:24.659+0000] {processor.py:839} INFO - DAG(s) dict_keys(['example_branch_dop_operator_v3']) retrieved from /home/airflow/.local/lib/python3.8/site-packages/airflow/example_dags/example_branch_python_dop_operator_3.py
[2023-09-24T05:14:24.688+0000] {logging_mixin.py:151} INFO - [2023-09-24T05:14:24.688+0000] {dag.py:2915} INFO - Sync 1 DAGs
[2023-09-24T05:14:24.738+0000] {logging_mixin.py:151} INFO - [2023-09-24T05:14:24.736+0000] {dag.py:3696} INFO - Setting next_dagrun for example_branch_dop_operator_v3 to 2023-09-24T05:13:00+00:00, run_after=2023-09-24T05:14:00+00:00
[2023-09-24T05:14:24.763+0000] {processor.py:179} INFO - Processing /home/airflow/.local/lib/python3.8/site-packages/airflow/example_dags/example_branch_python_dop_operator_3.py took 0.135 seconds
[2023-09-24T05:14:55.073+0000] {processor.py:157} INFO - Started process (PID=158) to work on /home/airflow/.local/lib/python3.8/site-packages/airflow/example_dags/example_branch_python_dop_operator_3.py
[2023-09-24T05:14:55.079+0000] {processor.py:829} INFO - Processing file /home/airflow/.local/lib/python3.8/site-packages/airflow/example_dags/example_branch_python_dop_operator_3.py for tasks to queue
[2023-09-24T05:14:55.090+0000] {logging_mixin.py:151} INFO - [2023-09-24T05:14:55.085+0000] {dagbag.py:539} INFO - Filling up the DagBag from /home/airflow/.local/lib/python3.8/site-packages/airflow/example_dags/example_branch_python_dop_operator_3.py
[2023-09-24T05:14:55.182+0000] {processor.py:839} INFO - DAG(s) dict_keys(['example_branch_dop_operator_v3']) retrieved from /home/airflow/.local/lib/python3.8/site-packages/airflow/example_dags/example_branch_python_dop_operator_3.py
[2023-09-24T05:14:55.346+0000] {logging_mixin.py:151} INFO - [2023-09-24T05:14:55.346+0000] {dag.py:2915} INFO - Sync 1 DAGs
[2023-09-24T05:14:55.528+0000] {logging_mixin.py:151} INFO - [2023-09-24T05:14:55.521+0000] {dag.py:3696} INFO - Setting next_dagrun for example_branch_dop_operator_v3 to 2023-09-24T05:13:00+00:00, run_after=2023-09-24T05:14:00+00:00
[2023-09-24T05:14:55.609+0000] {processor.py:179} INFO - Processing /home/airflow/.local/lib/python3.8/site-packages/airflow/example_dags/example_branch_python_dop_operator_3.py took 0.551 seconds
