[2023-09-24T05:00:17.975+0000] {processor.py:157} INFO - Started process (PID=59) to work on /home/airflow/.local/lib/python3.8/site-packages/airflow/example_dags/example_sensor_decorator.py
[2023-09-24T05:00:17.976+0000] {processor.py:829} INFO - Processing file /home/airflow/.local/lib/python3.8/site-packages/airflow/example_dags/example_sensor_decorator.py for tasks to queue
[2023-09-24T05:00:17.980+0000] {logging_mixin.py:151} INFO - [2023-09-24T05:00:17.979+0000] {dagbag.py:539} INFO - Filling up the DagBag from /home/airflow/.local/lib/python3.8/site-packages/airflow/example_dags/example_sensor_decorator.py
[2023-09-24T05:00:17.999+0000] {processor.py:839} INFO - DAG(s) dict_keys(['example_sensor_decorator']) retrieved from /home/airflow/.local/lib/python3.8/site-packages/airflow/example_dags/example_sensor_decorator.py
[2023-09-24T05:00:18.269+0000] {logging_mixin.py:151} INFO - [2023-09-24T05:00:18.268+0000] {manager.py:499} INFO - Created Permission View: %s
[2023-09-24T05:00:18.286+0000] {logging_mixin.py:151} INFO - [2023-09-24T05:00:18.285+0000] {manager.py:499} INFO - Created Permission View: %s
[2023-09-24T05:00:18.296+0000] {logging_mixin.py:151} INFO - [2023-09-24T05:00:18.296+0000] {manager.py:499} INFO - Created Permission View: %s
[2023-09-24T05:00:18.297+0000] {logging_mixin.py:151} INFO - [2023-09-24T05:00:18.297+0000] {security.py:708} INFO - Not syncing DAG-level permissions for DAG 'DAG:example_sensor_decorator' as access control is unset.
[2023-09-24T05:00:18.297+0000] {logging_mixin.py:151} INFO - [2023-09-24T05:00:18.297+0000] {dag.py:2915} INFO - Sync 1 DAGs
[2023-09-24T05:00:18.322+0000] {logging_mixin.py:151} INFO - [2023-09-24T05:00:18.321+0000] {dag.py:2937} INFO - Creating ORM DAG for example_sensor_decorator
[2023-09-24T05:00:18.323+0000] {logging_mixin.py:151} INFO - [2023-09-24T05:00:18.322+0000] {dag.py:3696} INFO - Setting next_dagrun for example_sensor_decorator to None, run_after=None
[2023-09-24T05:00:18.363+0000] {processor.py:179} INFO - Processing /home/airflow/.local/lib/python3.8/site-packages/airflow/example_dags/example_sensor_decorator.py took 0.394 seconds
[2023-09-24T05:00:48.685+0000] {processor.py:157} INFO - Started process (PID=113) to work on /home/airflow/.local/lib/python3.8/site-packages/airflow/example_dags/example_sensor_decorator.py
[2023-09-24T05:00:48.686+0000] {processor.py:829} INFO - Processing file /home/airflow/.local/lib/python3.8/site-packages/airflow/example_dags/example_sensor_decorator.py for tasks to queue
[2023-09-24T05:00:48.689+0000] {logging_mixin.py:151} INFO - [2023-09-24T05:00:48.688+0000] {dagbag.py:539} INFO - Filling up the DagBag from /home/airflow/.local/lib/python3.8/site-packages/airflow/example_dags/example_sensor_decorator.py
[2023-09-24T05:00:48.697+0000] {processor.py:839} INFO - DAG(s) dict_keys(['example_sensor_decorator']) retrieved from /home/airflow/.local/lib/python3.8/site-packages/airflow/example_dags/example_sensor_decorator.py
[2023-09-24T05:00:48.741+0000] {logging_mixin.py:151} INFO - [2023-09-24T05:00:48.741+0000] {dag.py:2915} INFO - Sync 1 DAGs
[2023-09-24T05:00:48.767+0000] {logging_mixin.py:151} INFO - [2023-09-24T05:00:48.767+0000] {dag.py:3696} INFO - Setting next_dagrun for example_sensor_decorator to None, run_after=None
[2023-09-24T05:00:48.791+0000] {processor.py:179} INFO - Processing /home/airflow/.local/lib/python3.8/site-packages/airflow/example_dags/example_sensor_decorator.py took 0.111 seconds
[2023-09-24T05:01:18.887+0000] {processor.py:157} INFO - Started process (PID=167) to work on /home/airflow/.local/lib/python3.8/site-packages/airflow/example_dags/example_sensor_decorator.py
[2023-09-24T05:01:18.888+0000] {processor.py:829} INFO - Processing file /home/airflow/.local/lib/python3.8/site-packages/airflow/example_dags/example_sensor_decorator.py for tasks to queue
[2023-09-24T05:01:18.892+0000] {logging_mixin.py:151} INFO - [2023-09-24T05:01:18.892+0000] {dagbag.py:539} INFO - Filling up the DagBag from /home/airflow/.local/lib/python3.8/site-packages/airflow/example_dags/example_sensor_decorator.py
[2023-09-24T05:01:18.902+0000] {processor.py:839} INFO - DAG(s) dict_keys(['example_sensor_decorator']) retrieved from /home/airflow/.local/lib/python3.8/site-packages/airflow/example_dags/example_sensor_decorator.py
[2023-09-24T05:01:18.932+0000] {logging_mixin.py:151} INFO - [2023-09-24T05:01:18.931+0000] {dag.py:2915} INFO - Sync 1 DAGs
[2023-09-24T05:01:18.953+0000] {logging_mixin.py:151} INFO - [2023-09-24T05:01:18.952+0000] {dag.py:3696} INFO - Setting next_dagrun for example_sensor_decorator to None, run_after=None
[2023-09-24T05:01:18.978+0000] {processor.py:179} INFO - Processing /home/airflow/.local/lib/python3.8/site-packages/airflow/example_dags/example_sensor_decorator.py took 0.096 seconds
[2023-09-24T05:01:50.106+0000] {processor.py:157} INFO - Started process (PID=221) to work on /home/airflow/.local/lib/python3.8/site-packages/airflow/example_dags/example_sensor_decorator.py
[2023-09-24T05:01:50.107+0000] {processor.py:829} INFO - Processing file /home/airflow/.local/lib/python3.8/site-packages/airflow/example_dags/example_sensor_decorator.py for tasks to queue
[2023-09-24T05:01:50.110+0000] {logging_mixin.py:151} INFO - [2023-09-24T05:01:50.110+0000] {dagbag.py:539} INFO - Filling up the DagBag from /home/airflow/.local/lib/python3.8/site-packages/airflow/example_dags/example_sensor_decorator.py
[2023-09-24T05:01:50.118+0000] {processor.py:839} INFO - DAG(s) dict_keys(['example_sensor_decorator']) retrieved from /home/airflow/.local/lib/python3.8/site-packages/airflow/example_dags/example_sensor_decorator.py
[2023-09-24T05:01:50.149+0000] {logging_mixin.py:151} INFO - [2023-09-24T05:01:50.149+0000] {dag.py:2915} INFO - Sync 1 DAGs
[2023-09-24T05:01:50.172+0000] {logging_mixin.py:151} INFO - [2023-09-24T05:01:50.171+0000] {dag.py:3696} INFO - Setting next_dagrun for example_sensor_decorator to None, run_after=None
[2023-09-24T05:01:50.214+0000] {processor.py:179} INFO - Processing /home/airflow/.local/lib/python3.8/site-packages/airflow/example_dags/example_sensor_decorator.py took 0.112 seconds
[2023-09-24T05:02:21.690+0000] {processor.py:157} INFO - Started process (PID=275) to work on /home/airflow/.local/lib/python3.8/site-packages/airflow/example_dags/example_sensor_decorator.py
[2023-09-24T05:02:21.691+0000] {processor.py:829} INFO - Processing file /home/airflow/.local/lib/python3.8/site-packages/airflow/example_dags/example_sensor_decorator.py for tasks to queue
[2023-09-24T05:02:21.694+0000] {logging_mixin.py:151} INFO - [2023-09-24T05:02:21.693+0000] {dagbag.py:539} INFO - Filling up the DagBag from /home/airflow/.local/lib/python3.8/site-packages/airflow/example_dags/example_sensor_decorator.py
[2023-09-24T05:02:21.703+0000] {processor.py:839} INFO - DAG(s) dict_keys(['example_sensor_decorator']) retrieved from /home/airflow/.local/lib/python3.8/site-packages/airflow/example_dags/example_sensor_decorator.py
[2023-09-24T05:02:21.740+0000] {logging_mixin.py:151} INFO - [2023-09-24T05:02:21.740+0000] {dag.py:2915} INFO - Sync 1 DAGs
[2023-09-24T05:02:21.777+0000] {logging_mixin.py:151} INFO - [2023-09-24T05:02:21.776+0000] {dag.py:3696} INFO - Setting next_dagrun for example_sensor_decorator to None, run_after=None
[2023-09-24T05:02:21.808+0000] {processor.py:179} INFO - Processing /home/airflow/.local/lib/python3.8/site-packages/airflow/example_dags/example_sensor_decorator.py took 0.123 seconds
[2023-09-24T05:02:52.669+0000] {processor.py:157} INFO - Started process (PID=329) to work on /home/airflow/.local/lib/python3.8/site-packages/airflow/example_dags/example_sensor_decorator.py
[2023-09-24T05:02:52.670+0000] {processor.py:829} INFO - Processing file /home/airflow/.local/lib/python3.8/site-packages/airflow/example_dags/example_sensor_decorator.py for tasks to queue
[2023-09-24T05:02:52.673+0000] {logging_mixin.py:151} INFO - [2023-09-24T05:02:52.672+0000] {dagbag.py:539} INFO - Filling up the DagBag from /home/airflow/.local/lib/python3.8/site-packages/airflow/example_dags/example_sensor_decorator.py
[2023-09-24T05:02:52.686+0000] {processor.py:839} INFO - DAG(s) dict_keys(['example_sensor_decorator']) retrieved from /home/airflow/.local/lib/python3.8/site-packages/airflow/example_dags/example_sensor_decorator.py
[2023-09-24T05:02:52.715+0000] {logging_mixin.py:151} INFO - [2023-09-24T05:02:52.715+0000] {dag.py:2915} INFO - Sync 1 DAGs
[2023-09-24T05:02:52.735+0000] {logging_mixin.py:151} INFO - [2023-09-24T05:02:52.735+0000] {dag.py:3696} INFO - Setting next_dagrun for example_sensor_decorator to None, run_after=None
[2023-09-24T05:02:52.760+0000] {processor.py:179} INFO - Processing /home/airflow/.local/lib/python3.8/site-packages/airflow/example_dags/example_sensor_decorator.py took 0.095 seconds
[2023-09-24T05:03:24.277+0000] {processor.py:157} INFO - Started process (PID=384) to work on /home/airflow/.local/lib/python3.8/site-packages/airflow/example_dags/example_sensor_decorator.py
[2023-09-24T05:03:24.279+0000] {processor.py:829} INFO - Processing file /home/airflow/.local/lib/python3.8/site-packages/airflow/example_dags/example_sensor_decorator.py for tasks to queue
[2023-09-24T05:03:24.281+0000] {logging_mixin.py:151} INFO - [2023-09-24T05:03:24.281+0000] {dagbag.py:539} INFO - Filling up the DagBag from /home/airflow/.local/lib/python3.8/site-packages/airflow/example_dags/example_sensor_decorator.py
[2023-09-24T05:03:24.289+0000] {processor.py:839} INFO - DAG(s) dict_keys(['example_sensor_decorator']) retrieved from /home/airflow/.local/lib/python3.8/site-packages/airflow/example_dags/example_sensor_decorator.py
[2023-09-24T05:03:24.318+0000] {logging_mixin.py:151} INFO - [2023-09-24T05:03:24.317+0000] {dag.py:2915} INFO - Sync 1 DAGs
[2023-09-24T05:03:24.338+0000] {logging_mixin.py:151} INFO - [2023-09-24T05:03:24.338+0000] {dag.py:3696} INFO - Setting next_dagrun for example_sensor_decorator to None, run_after=None
[2023-09-24T05:03:24.367+0000] {processor.py:179} INFO - Processing /home/airflow/.local/lib/python3.8/site-packages/airflow/example_dags/example_sensor_decorator.py took 0.094 seconds
[2023-09-24T05:03:54.869+0000] {processor.py:157} INFO - Started process (PID=438) to work on /home/airflow/.local/lib/python3.8/site-packages/airflow/example_dags/example_sensor_decorator.py
[2023-09-24T05:03:54.871+0000] {processor.py:829} INFO - Processing file /home/airflow/.local/lib/python3.8/site-packages/airflow/example_dags/example_sensor_decorator.py for tasks to queue
[2023-09-24T05:03:54.874+0000] {logging_mixin.py:151} INFO - [2023-09-24T05:03:54.873+0000] {dagbag.py:539} INFO - Filling up the DagBag from /home/airflow/.local/lib/python3.8/site-packages/airflow/example_dags/example_sensor_decorator.py
[2023-09-24T05:03:54.882+0000] {processor.py:839} INFO - DAG(s) dict_keys(['example_sensor_decorator']) retrieved from /home/airflow/.local/lib/python3.8/site-packages/airflow/example_dags/example_sensor_decorator.py
[2023-09-24T05:03:54.913+0000] {logging_mixin.py:151} INFO - [2023-09-24T05:03:54.912+0000] {dag.py:2915} INFO - Sync 1 DAGs
[2023-09-24T05:03:54.933+0000] {logging_mixin.py:151} INFO - [2023-09-24T05:03:54.933+0000] {dag.py:3696} INFO - Setting next_dagrun for example_sensor_decorator to None, run_after=None
[2023-09-24T05:03:54.958+0000] {processor.py:179} INFO - Processing /home/airflow/.local/lib/python3.8/site-packages/airflow/example_dags/example_sensor_decorator.py took 0.094 seconds
[2023-09-24T05:10:02.585+0000] {processor.py:157} INFO - Started process (PID=59) to work on /home/airflow/.local/lib/python3.8/site-packages/airflow/example_dags/example_sensor_decorator.py
[2023-09-24T05:10:02.596+0000] {processor.py:829} INFO - Processing file /home/airflow/.local/lib/python3.8/site-packages/airflow/example_dags/example_sensor_decorator.py for tasks to queue
[2023-09-24T05:10:02.599+0000] {logging_mixin.py:151} INFO - [2023-09-24T05:10:02.599+0000] {dagbag.py:539} INFO - Filling up the DagBag from /home/airflow/.local/lib/python3.8/site-packages/airflow/example_dags/example_sensor_decorator.py
[2023-09-24T05:10:02.649+0000] {processor.py:839} INFO - DAG(s) dict_keys(['example_sensor_decorator']) retrieved from /home/airflow/.local/lib/python3.8/site-packages/airflow/example_dags/example_sensor_decorator.py
[2023-09-24T05:10:02.855+0000] {logging_mixin.py:151} INFO - [2023-09-24T05:10:02.855+0000] {dag.py:2915} INFO - Sync 1 DAGs
[2023-09-24T05:10:02.900+0000] {logging_mixin.py:151} INFO - [2023-09-24T05:10:02.899+0000] {dag.py:3696} INFO - Setting next_dagrun for example_sensor_decorator to None, run_after=None
[2023-09-24T05:10:02.982+0000] {processor.py:179} INFO - Processing /home/airflow/.local/lib/python3.8/site-packages/airflow/example_dags/example_sensor_decorator.py took 0.421 seconds
[2023-09-24T05:10:33.967+0000] {processor.py:157} INFO - Started process (PID=112) to work on /home/airflow/.local/lib/python3.8/site-packages/airflow/example_dags/example_sensor_decorator.py
[2023-09-24T05:10:33.968+0000] {processor.py:829} INFO - Processing file /home/airflow/.local/lib/python3.8/site-packages/airflow/example_dags/example_sensor_decorator.py for tasks to queue
[2023-09-24T05:10:33.971+0000] {logging_mixin.py:151} INFO - [2023-09-24T05:10:33.970+0000] {dagbag.py:539} INFO - Filling up the DagBag from /home/airflow/.local/lib/python3.8/site-packages/airflow/example_dags/example_sensor_decorator.py
[2023-09-24T05:10:33.978+0000] {processor.py:839} INFO - DAG(s) dict_keys(['example_sensor_decorator']) retrieved from /home/airflow/.local/lib/python3.8/site-packages/airflow/example_dags/example_sensor_decorator.py
[2023-09-24T05:10:34.009+0000] {logging_mixin.py:151} INFO - [2023-09-24T05:10:34.009+0000] {dag.py:2915} INFO - Sync 1 DAGs
[2023-09-24T05:10:34.031+0000] {logging_mixin.py:151} INFO - [2023-09-24T05:10:34.031+0000] {dag.py:3696} INFO - Setting next_dagrun for example_sensor_decorator to None, run_after=None
[2023-09-24T05:10:34.058+0000] {processor.py:179} INFO - Processing /home/airflow/.local/lib/python3.8/site-packages/airflow/example_dags/example_sensor_decorator.py took 0.096 seconds
[2023-09-24T05:11:04.862+0000] {processor.py:157} INFO - Started process (PID=166) to work on /home/airflow/.local/lib/python3.8/site-packages/airflow/example_dags/example_sensor_decorator.py
[2023-09-24T05:11:04.863+0000] {processor.py:829} INFO - Processing file /home/airflow/.local/lib/python3.8/site-packages/airflow/example_dags/example_sensor_decorator.py for tasks to queue
[2023-09-24T05:11:04.866+0000] {logging_mixin.py:151} INFO - [2023-09-24T05:11:04.866+0000] {dagbag.py:539} INFO - Filling up the DagBag from /home/airflow/.local/lib/python3.8/site-packages/airflow/example_dags/example_sensor_decorator.py
[2023-09-24T05:11:04.875+0000] {processor.py:839} INFO - DAG(s) dict_keys(['example_sensor_decorator']) retrieved from /home/airflow/.local/lib/python3.8/site-packages/airflow/example_dags/example_sensor_decorator.py
[2023-09-24T05:11:04.904+0000] {logging_mixin.py:151} INFO - [2023-09-24T05:11:04.904+0000] {dag.py:2915} INFO - Sync 1 DAGs
[2023-09-24T05:11:04.926+0000] {logging_mixin.py:151} INFO - [2023-09-24T05:11:04.925+0000] {dag.py:3696} INFO - Setting next_dagrun for example_sensor_decorator to None, run_after=None
[2023-09-24T05:11:04.952+0000] {processor.py:179} INFO - Processing /home/airflow/.local/lib/python3.8/site-packages/airflow/example_dags/example_sensor_decorator.py took 0.096 seconds
[2023-09-24T05:11:35.038+0000] {processor.py:157} INFO - Started process (PID=220) to work on /home/airflow/.local/lib/python3.8/site-packages/airflow/example_dags/example_sensor_decorator.py
[2023-09-24T05:11:35.039+0000] {processor.py:829} INFO - Processing file /home/airflow/.local/lib/python3.8/site-packages/airflow/example_dags/example_sensor_decorator.py for tasks to queue
[2023-09-24T05:11:35.042+0000] {logging_mixin.py:151} INFO - [2023-09-24T05:11:35.041+0000] {dagbag.py:539} INFO - Filling up the DagBag from /home/airflow/.local/lib/python3.8/site-packages/airflow/example_dags/example_sensor_decorator.py
[2023-09-24T05:11:35.052+0000] {processor.py:839} INFO - DAG(s) dict_keys(['example_sensor_decorator']) retrieved from /home/airflow/.local/lib/python3.8/site-packages/airflow/example_dags/example_sensor_decorator.py
[2023-09-24T05:11:35.093+0000] {logging_mixin.py:151} INFO - [2023-09-24T05:11:35.091+0000] {dag.py:2915} INFO - Sync 1 DAGs
[2023-09-24T05:11:35.117+0000] {logging_mixin.py:151} INFO - [2023-09-24T05:11:35.117+0000] {dag.py:3696} INFO - Setting next_dagrun for example_sensor_decorator to None, run_after=None
[2023-09-24T05:11:35.150+0000] {processor.py:179} INFO - Processing /home/airflow/.local/lib/python3.8/site-packages/airflow/example_dags/example_sensor_decorator.py took 0.118 seconds
[2023-09-24T05:12:06.081+0000] {processor.py:157} INFO - Started process (PID=283) to work on /home/airflow/.local/lib/python3.8/site-packages/airflow/example_dags/example_sensor_decorator.py
[2023-09-24T05:12:06.082+0000] {processor.py:829} INFO - Processing file /home/airflow/.local/lib/python3.8/site-packages/airflow/example_dags/example_sensor_decorator.py for tasks to queue
[2023-09-24T05:12:06.085+0000] {logging_mixin.py:151} INFO - [2023-09-24T05:12:06.084+0000] {dagbag.py:539} INFO - Filling up the DagBag from /home/airflow/.local/lib/python3.8/site-packages/airflow/example_dags/example_sensor_decorator.py
[2023-09-24T05:12:06.093+0000] {processor.py:839} INFO - DAG(s) dict_keys(['example_sensor_decorator']) retrieved from /home/airflow/.local/lib/python3.8/site-packages/airflow/example_dags/example_sensor_decorator.py
[2023-09-24T05:12:06.123+0000] {logging_mixin.py:151} INFO - [2023-09-24T05:12:06.123+0000] {dag.py:2915} INFO - Sync 1 DAGs
[2023-09-24T05:12:06.143+0000] {logging_mixin.py:151} INFO - [2023-09-24T05:12:06.143+0000] {dag.py:3696} INFO - Setting next_dagrun for example_sensor_decorator to None, run_after=None
[2023-09-24T05:12:06.168+0000] {processor.py:179} INFO - Processing /home/airflow/.local/lib/python3.8/site-packages/airflow/example_dags/example_sensor_decorator.py took 0.093 seconds
[2023-09-24T05:12:37.649+0000] {processor.py:157} INFO - Started process (PID=337) to work on /home/airflow/.local/lib/python3.8/site-packages/airflow/example_dags/example_sensor_decorator.py
[2023-09-24T05:12:37.650+0000] {processor.py:829} INFO - Processing file /home/airflow/.local/lib/python3.8/site-packages/airflow/example_dags/example_sensor_decorator.py for tasks to queue
[2023-09-24T05:12:37.654+0000] {logging_mixin.py:151} INFO - [2023-09-24T05:12:37.653+0000] {dagbag.py:539} INFO - Filling up the DagBag from /home/airflow/.local/lib/python3.8/site-packages/airflow/example_dags/example_sensor_decorator.py
[2023-09-24T05:12:37.664+0000] {processor.py:839} INFO - DAG(s) dict_keys(['example_sensor_decorator']) retrieved from /home/airflow/.local/lib/python3.8/site-packages/airflow/example_dags/example_sensor_decorator.py
[2023-09-24T05:12:37.706+0000] {logging_mixin.py:151} INFO - [2023-09-24T05:12:37.706+0000] {dag.py:2915} INFO - Sync 1 DAGs
[2023-09-24T05:12:37.734+0000] {logging_mixin.py:151} INFO - [2023-09-24T05:12:37.733+0000] {dag.py:3696} INFO - Setting next_dagrun for example_sensor_decorator to None, run_after=None
[2023-09-24T05:12:37.766+0000] {processor.py:179} INFO - Processing /home/airflow/.local/lib/python3.8/site-packages/airflow/example_dags/example_sensor_decorator.py took 0.131 seconds
[2023-09-24T05:13:08.457+0000] {processor.py:157} INFO - Started process (PID=390) to work on /home/airflow/.local/lib/python3.8/site-packages/airflow/example_dags/example_sensor_decorator.py
[2023-09-24T05:13:08.460+0000] {processor.py:829} INFO - Processing file /home/airflow/.local/lib/python3.8/site-packages/airflow/example_dags/example_sensor_decorator.py for tasks to queue
[2023-09-24T05:13:08.466+0000] {logging_mixin.py:151} INFO - [2023-09-24T05:13:08.465+0000] {dagbag.py:539} INFO - Filling up the DagBag from /home/airflow/.local/lib/python3.8/site-packages/airflow/example_dags/example_sensor_decorator.py
[2023-09-24T05:13:08.483+0000] {processor.py:839} INFO - DAG(s) dict_keys(['example_sensor_decorator']) retrieved from /home/airflow/.local/lib/python3.8/site-packages/airflow/example_dags/example_sensor_decorator.py
[2023-09-24T05:13:08.535+0000] {logging_mixin.py:151} INFO - [2023-09-24T05:13:08.535+0000] {dag.py:2915} INFO - Sync 1 DAGs
[2023-09-24T05:13:08.572+0000] {logging_mixin.py:151} INFO - [2023-09-24T05:13:08.572+0000] {dag.py:3696} INFO - Setting next_dagrun for example_sensor_decorator to None, run_after=None
[2023-09-24T05:13:08.639+0000] {processor.py:179} INFO - Processing /home/airflow/.local/lib/python3.8/site-packages/airflow/example_dags/example_sensor_decorator.py took 0.189 seconds
[2023-09-24T05:13:58.685+0000] {processor.py:157} INFO - Started process (PID=59) to work on /home/airflow/.local/lib/python3.8/site-packages/airflow/example_dags/example_sensor_decorator.py
[2023-09-24T05:13:58.694+0000] {processor.py:829} INFO - Processing file /home/airflow/.local/lib/python3.8/site-packages/airflow/example_dags/example_sensor_decorator.py for tasks to queue
[2023-09-24T05:13:58.698+0000] {logging_mixin.py:151} INFO - [2023-09-24T05:13:58.698+0000] {dagbag.py:539} INFO - Filling up the DagBag from /home/airflow/.local/lib/python3.8/site-packages/airflow/example_dags/example_sensor_decorator.py
[2023-09-24T05:13:58.725+0000] {processor.py:839} INFO - DAG(s) dict_keys(['example_sensor_decorator']) retrieved from /home/airflow/.local/lib/python3.8/site-packages/airflow/example_dags/example_sensor_decorator.py
[2023-09-24T05:13:58.756+0000] {logging_mixin.py:151} INFO - [2023-09-24T05:13:58.756+0000] {dag.py:2915} INFO - Sync 1 DAGs
[2023-09-24T05:13:58.792+0000] {logging_mixin.py:151} INFO - [2023-09-24T05:13:58.791+0000] {dag.py:3696} INFO - Setting next_dagrun for example_sensor_decorator to None, run_after=None
[2023-09-24T05:13:58.846+0000] {processor.py:179} INFO - Processing /home/airflow/.local/lib/python3.8/site-packages/airflow/example_dags/example_sensor_decorator.py took 0.169 seconds
[2023-09-24T05:14:29.898+0000] {processor.py:157} INFO - Started process (PID=114) to work on /home/airflow/.local/lib/python3.8/site-packages/airflow/example_dags/example_sensor_decorator.py
[2023-09-24T05:14:29.899+0000] {processor.py:829} INFO - Processing file /home/airflow/.local/lib/python3.8/site-packages/airflow/example_dags/example_sensor_decorator.py for tasks to queue
[2023-09-24T05:14:29.902+0000] {logging_mixin.py:151} INFO - [2023-09-24T05:14:29.902+0000] {dagbag.py:539} INFO - Filling up the DagBag from /home/airflow/.local/lib/python3.8/site-packages/airflow/example_dags/example_sensor_decorator.py
[2023-09-24T05:14:29.910+0000] {processor.py:839} INFO - DAG(s) dict_keys(['example_sensor_decorator']) retrieved from /home/airflow/.local/lib/python3.8/site-packages/airflow/example_dags/example_sensor_decorator.py
[2023-09-24T05:14:29.940+0000] {logging_mixin.py:151} INFO - [2023-09-24T05:14:29.939+0000] {dag.py:2915} INFO - Sync 1 DAGs
[2023-09-24T05:14:29.960+0000] {logging_mixin.py:151} INFO - [2023-09-24T05:14:29.960+0000] {dag.py:3696} INFO - Setting next_dagrun for example_sensor_decorator to None, run_after=None
[2023-09-24T05:14:29.988+0000] {processor.py:179} INFO - Processing /home/airflow/.local/lib/python3.8/site-packages/airflow/example_dags/example_sensor_decorator.py took 0.095 seconds
[2023-09-24T05:15:02.052+0000] {processor.py:157} INFO - Started process (PID=174) to work on /home/airflow/.local/lib/python3.8/site-packages/airflow/example_dags/example_sensor_decorator.py
[2023-09-24T05:15:02.064+0000] {processor.py:829} INFO - Processing file /home/airflow/.local/lib/python3.8/site-packages/airflow/example_dags/example_sensor_decorator.py for tasks to queue
[2023-09-24T05:15:02.070+0000] {logging_mixin.py:151} INFO - [2023-09-24T05:15:02.070+0000] {dagbag.py:539} INFO - Filling up the DagBag from /home/airflow/.local/lib/python3.8/site-packages/airflow/example_dags/example_sensor_decorator.py
[2023-09-24T05:15:02.087+0000] {processor.py:839} INFO - DAG(s) dict_keys(['example_sensor_decorator']) retrieved from /home/airflow/.local/lib/python3.8/site-packages/airflow/example_dags/example_sensor_decorator.py
[2023-09-24T05:15:02.162+0000] {logging_mixin.py:151} INFO - [2023-09-24T05:15:02.161+0000] {dag.py:2915} INFO - Sync 1 DAGs
[2023-09-24T05:15:02.202+0000] {logging_mixin.py:151} INFO - [2023-09-24T05:15:02.202+0000] {dag.py:3696} INFO - Setting next_dagrun for example_sensor_decorator to None, run_after=None
[2023-09-24T05:15:02.246+0000] {processor.py:179} INFO - Processing /home/airflow/.local/lib/python3.8/site-packages/airflow/example_dags/example_sensor_decorator.py took 0.210 seconds
