[2023-09-24T05:00:16.849+0000] {processor.py:157} INFO - Started process (PID=56) to work on /home/airflow/.local/lib/python3.8/site-packages/airflow/example_dags/example_params_ui_tutorial.py
[2023-09-24T05:00:16.851+0000] {processor.py:829} INFO - Processing file /home/airflow/.local/lib/python3.8/site-packages/airflow/example_dags/example_params_ui_tutorial.py for tasks to queue
[2023-09-24T05:00:16.854+0000] {logging_mixin.py:151} INFO - [2023-09-24T05:00:16.854+0000] {dagbag.py:539} INFO - Filling up the DagBag from /home/airflow/.local/lib/python3.8/site-packages/airflow/example_dags/example_params_ui_tutorial.py
[2023-09-24T05:00:17.080+0000] {processor.py:839} INFO - DAG(s) dict_keys(['example_params_ui_tutorial']) retrieved from /home/airflow/.local/lib/python3.8/site-packages/airflow/example_dags/example_params_ui_tutorial.py
[2023-09-24T05:00:17.726+0000] {logging_mixin.py:151} INFO - [2023-09-24T05:00:17.726+0000] {manager.py:499} INFO - Created Permission View: %s
[2023-09-24T05:00:17.773+0000] {logging_mixin.py:151} INFO - [2023-09-24T05:00:17.773+0000] {manager.py:499} INFO - Created Permission View: %s
[2023-09-24T05:00:17.801+0000] {logging_mixin.py:151} INFO - [2023-09-24T05:00:17.801+0000] {manager.py:499} INFO - Created Permission View: %s
[2023-09-24T05:00:17.802+0000] {logging_mixin.py:151} INFO - [2023-09-24T05:00:17.802+0000] {security.py:708} INFO - Not syncing DAG-level permissions for DAG 'DAG:example_params_ui_tutorial' as access control is unset.
[2023-09-24T05:00:17.803+0000] {logging_mixin.py:151} INFO - [2023-09-24T05:00:17.802+0000] {dag.py:2915} INFO - Sync 1 DAGs
[2023-09-24T05:00:17.847+0000] {logging_mixin.py:151} INFO - [2023-09-24T05:00:17.847+0000] {dag.py:2937} INFO - Creating ORM DAG for example_params_ui_tutorial
[2023-09-24T05:00:17.848+0000] {logging_mixin.py:151} INFO - [2023-09-24T05:00:17.848+0000] {dag.py:3696} INFO - Setting next_dagrun for example_params_ui_tutorial to None, run_after=None
[2023-09-24T05:00:17.889+0000] {processor.py:179} INFO - Processing /home/airflow/.local/lib/python3.8/site-packages/airflow/example_dags/example_params_ui_tutorial.py took 1.056 seconds
[2023-09-24T05:00:48.424+0000] {processor.py:157} INFO - Started process (PID=110) to work on /home/airflow/.local/lib/python3.8/site-packages/airflow/example_dags/example_params_ui_tutorial.py
[2023-09-24T05:00:48.425+0000] {processor.py:829} INFO - Processing file /home/airflow/.local/lib/python3.8/site-packages/airflow/example_dags/example_params_ui_tutorial.py for tasks to queue
[2023-09-24T05:00:48.428+0000] {logging_mixin.py:151} INFO - [2023-09-24T05:00:48.428+0000] {dagbag.py:539} INFO - Filling up the DagBag from /home/airflow/.local/lib/python3.8/site-packages/airflow/example_dags/example_params_ui_tutorial.py
[2023-09-24T05:00:48.506+0000] {processor.py:839} INFO - DAG(s) dict_keys(['example_params_ui_tutorial']) retrieved from /home/airflow/.local/lib/python3.8/site-packages/airflow/example_dags/example_params_ui_tutorial.py
[2023-09-24T05:00:48.618+0000] {logging_mixin.py:151} INFO - [2023-09-24T05:00:48.618+0000] {dag.py:2915} INFO - Sync 1 DAGs
[2023-09-24T05:00:48.638+0000] {logging_mixin.py:151} INFO - [2023-09-24T05:00:48.637+0000] {dag.py:3696} INFO - Setting next_dagrun for example_params_ui_tutorial to None, run_after=None
[2023-09-24T05:00:48.662+0000] {processor.py:179} INFO - Processing /home/airflow/.local/lib/python3.8/site-packages/airflow/example_dags/example_params_ui_tutorial.py took 0.242 seconds
[2023-09-24T05:01:18.713+0000] {processor.py:157} INFO - Started process (PID=165) to work on /home/airflow/.local/lib/python3.8/site-packages/airflow/example_dags/example_params_ui_tutorial.py
[2023-09-24T05:01:18.714+0000] {processor.py:829} INFO - Processing file /home/airflow/.local/lib/python3.8/site-packages/airflow/example_dags/example_params_ui_tutorial.py for tasks to queue
[2023-09-24T05:01:18.717+0000] {logging_mixin.py:151} INFO - [2023-09-24T05:01:18.717+0000] {dagbag.py:539} INFO - Filling up the DagBag from /home/airflow/.local/lib/python3.8/site-packages/airflow/example_dags/example_params_ui_tutorial.py
[2023-09-24T05:01:18.785+0000] {processor.py:839} INFO - DAG(s) dict_keys(['example_params_ui_tutorial']) retrieved from /home/airflow/.local/lib/python3.8/site-packages/airflow/example_dags/example_params_ui_tutorial.py
[2023-09-24T05:01:18.896+0000] {logging_mixin.py:151} INFO - [2023-09-24T05:01:18.896+0000] {dag.py:2915} INFO - Sync 1 DAGs
[2023-09-24T05:01:18.917+0000] {logging_mixin.py:151} INFO - [2023-09-24T05:01:18.916+0000] {dag.py:3696} INFO - Setting next_dagrun for example_params_ui_tutorial to None, run_after=None
[2023-09-24T05:01:18.941+0000] {processor.py:179} INFO - Processing /home/airflow/.local/lib/python3.8/site-packages/airflow/example_dags/example_params_ui_tutorial.py took 0.232 seconds
[2023-09-24T05:01:49.837+0000] {processor.py:157} INFO - Started process (PID=218) to work on /home/airflow/.local/lib/python3.8/site-packages/airflow/example_dags/example_params_ui_tutorial.py
[2023-09-24T05:01:49.838+0000] {processor.py:829} INFO - Processing file /home/airflow/.local/lib/python3.8/site-packages/airflow/example_dags/example_params_ui_tutorial.py for tasks to queue
[2023-09-24T05:01:49.840+0000] {logging_mixin.py:151} INFO - [2023-09-24T05:01:49.840+0000] {dagbag.py:539} INFO - Filling up the DagBag from /home/airflow/.local/lib/python3.8/site-packages/airflow/example_dags/example_params_ui_tutorial.py
[2023-09-24T05:01:49.908+0000] {processor.py:839} INFO - DAG(s) dict_keys(['example_params_ui_tutorial']) retrieved from /home/airflow/.local/lib/python3.8/site-packages/airflow/example_dags/example_params_ui_tutorial.py
[2023-09-24T05:01:50.018+0000] {logging_mixin.py:151} INFO - [2023-09-24T05:01:50.018+0000] {dag.py:2915} INFO - Sync 1 DAGs
[2023-09-24T05:01:50.038+0000] {logging_mixin.py:151} INFO - [2023-09-24T05:01:50.038+0000] {dag.py:3696} INFO - Setting next_dagrun for example_params_ui_tutorial to None, run_after=None
[2023-09-24T05:01:50.063+0000] {processor.py:179} INFO - Processing /home/airflow/.local/lib/python3.8/site-packages/airflow/example_dags/example_params_ui_tutorial.py took 0.231 seconds
[2023-09-24T05:02:21.328+0000] {processor.py:157} INFO - Started process (PID=272) to work on /home/airflow/.local/lib/python3.8/site-packages/airflow/example_dags/example_params_ui_tutorial.py
[2023-09-24T05:02:21.331+0000] {processor.py:829} INFO - Processing file /home/airflow/.local/lib/python3.8/site-packages/airflow/example_dags/example_params_ui_tutorial.py for tasks to queue
[2023-09-24T05:02:21.337+0000] {logging_mixin.py:151} INFO - [2023-09-24T05:02:21.336+0000] {dagbag.py:539} INFO - Filling up the DagBag from /home/airflow/.local/lib/python3.8/site-packages/airflow/example_dags/example_params_ui_tutorial.py
[2023-09-24T05:02:21.456+0000] {processor.py:839} INFO - DAG(s) dict_keys(['example_params_ui_tutorial']) retrieved from /home/airflow/.local/lib/python3.8/site-packages/airflow/example_dags/example_params_ui_tutorial.py
[2023-09-24T05:02:21.603+0000] {logging_mixin.py:151} INFO - [2023-09-24T05:02:21.603+0000] {dag.py:2915} INFO - Sync 1 DAGs
[2023-09-24T05:02:21.631+0000] {logging_mixin.py:151} INFO - [2023-09-24T05:02:21.631+0000] {dag.py:3696} INFO - Setting next_dagrun for example_params_ui_tutorial to None, run_after=None
[2023-09-24T05:02:21.662+0000] {processor.py:179} INFO - Processing /home/airflow/.local/lib/python3.8/site-packages/airflow/example_dags/example_params_ui_tutorial.py took 0.342 seconds
[2023-09-24T05:02:52.399+0000] {processor.py:157} INFO - Started process (PID=326) to work on /home/airflow/.local/lib/python3.8/site-packages/airflow/example_dags/example_params_ui_tutorial.py
[2023-09-24T05:02:52.400+0000] {processor.py:829} INFO - Processing file /home/airflow/.local/lib/python3.8/site-packages/airflow/example_dags/example_params_ui_tutorial.py for tasks to queue
[2023-09-24T05:02:52.403+0000] {logging_mixin.py:151} INFO - [2023-09-24T05:02:52.402+0000] {dagbag.py:539} INFO - Filling up the DagBag from /home/airflow/.local/lib/python3.8/site-packages/airflow/example_dags/example_params_ui_tutorial.py
[2023-09-24T05:02:52.473+0000] {processor.py:839} INFO - DAG(s) dict_keys(['example_params_ui_tutorial']) retrieved from /home/airflow/.local/lib/python3.8/site-packages/airflow/example_dags/example_params_ui_tutorial.py
[2023-09-24T05:02:52.580+0000] {logging_mixin.py:151} INFO - [2023-09-24T05:02:52.580+0000] {dag.py:2915} INFO - Sync 1 DAGs
[2023-09-24T05:02:52.599+0000] {logging_mixin.py:151} INFO - [2023-09-24T05:02:52.599+0000] {dag.py:3696} INFO - Setting next_dagrun for example_params_ui_tutorial to None, run_after=None
[2023-09-24T05:02:52.623+0000] {processor.py:179} INFO - Processing /home/airflow/.local/lib/python3.8/site-packages/airflow/example_dags/example_params_ui_tutorial.py took 0.228 seconds
[2023-09-24T05:03:23.979+0000] {processor.py:157} INFO - Started process (PID=381) to work on /home/airflow/.local/lib/python3.8/site-packages/airflow/example_dags/example_params_ui_tutorial.py
[2023-09-24T05:03:23.980+0000] {processor.py:829} INFO - Processing file /home/airflow/.local/lib/python3.8/site-packages/airflow/example_dags/example_params_ui_tutorial.py for tasks to queue
[2023-09-24T05:03:23.983+0000] {logging_mixin.py:151} INFO - [2023-09-24T05:03:23.982+0000] {dagbag.py:539} INFO - Filling up the DagBag from /home/airflow/.local/lib/python3.8/site-packages/airflow/example_dags/example_params_ui_tutorial.py
[2023-09-24T05:03:24.058+0000] {processor.py:839} INFO - DAG(s) dict_keys(['example_params_ui_tutorial']) retrieved from /home/airflow/.local/lib/python3.8/site-packages/airflow/example_dags/example_params_ui_tutorial.py
[2023-09-24T05:03:24.182+0000] {logging_mixin.py:151} INFO - [2023-09-24T05:03:24.182+0000] {dag.py:2915} INFO - Sync 1 DAGs
[2023-09-24T05:03:24.204+0000] {logging_mixin.py:151} INFO - [2023-09-24T05:03:24.204+0000] {dag.py:3696} INFO - Setting next_dagrun for example_params_ui_tutorial to None, run_after=None
[2023-09-24T05:03:24.246+0000] {processor.py:179} INFO - Processing /home/airflow/.local/lib/python3.8/site-packages/airflow/example_dags/example_params_ui_tutorial.py took 0.272 seconds
[2023-09-24T05:03:54.615+0000] {processor.py:157} INFO - Started process (PID=435) to work on /home/airflow/.local/lib/python3.8/site-packages/airflow/example_dags/example_params_ui_tutorial.py
[2023-09-24T05:03:54.616+0000] {processor.py:829} INFO - Processing file /home/airflow/.local/lib/python3.8/site-packages/airflow/example_dags/example_params_ui_tutorial.py for tasks to queue
[2023-09-24T05:03:54.619+0000] {logging_mixin.py:151} INFO - [2023-09-24T05:03:54.618+0000] {dagbag.py:539} INFO - Filling up the DagBag from /home/airflow/.local/lib/python3.8/site-packages/airflow/example_dags/example_params_ui_tutorial.py
[2023-09-24T05:03:54.687+0000] {processor.py:839} INFO - DAG(s) dict_keys(['example_params_ui_tutorial']) retrieved from /home/airflow/.local/lib/python3.8/site-packages/airflow/example_dags/example_params_ui_tutorial.py
[2023-09-24T05:03:54.795+0000] {logging_mixin.py:151} INFO - [2023-09-24T05:03:54.795+0000] {dag.py:2915} INFO - Sync 1 DAGs
[2023-09-24T05:03:54.815+0000] {logging_mixin.py:151} INFO - [2023-09-24T05:03:54.814+0000] {dag.py:3696} INFO - Setting next_dagrun for example_params_ui_tutorial to None, run_after=None
[2023-09-24T05:03:54.845+0000] {processor.py:179} INFO - Processing /home/airflow/.local/lib/python3.8/site-packages/airflow/example_dags/example_params_ui_tutorial.py took 0.235 seconds
[2023-09-24T05:10:01.740+0000] {processor.py:157} INFO - Started process (PID=56) to work on /home/airflow/.local/lib/python3.8/site-packages/airflow/example_dags/example_params_ui_tutorial.py
[2023-09-24T05:10:01.752+0000] {processor.py:829} INFO - Processing file /home/airflow/.local/lib/python3.8/site-packages/airflow/example_dags/example_params_ui_tutorial.py for tasks to queue
[2023-09-24T05:10:01.755+0000] {logging_mixin.py:151} INFO - [2023-09-24T05:10:01.755+0000] {dagbag.py:539} INFO - Filling up the DagBag from /home/airflow/.local/lib/python3.8/site-packages/airflow/example_dags/example_params_ui_tutorial.py
[2023-09-24T05:10:01.917+0000] {processor.py:839} INFO - DAG(s) dict_keys(['example_params_ui_tutorial']) retrieved from /home/airflow/.local/lib/python3.8/site-packages/airflow/example_dags/example_params_ui_tutorial.py
[2023-09-24T05:10:02.233+0000] {logging_mixin.py:151} INFO - [2023-09-24T05:10:02.233+0000] {dag.py:2915} INFO - Sync 1 DAGs
[2023-09-24T05:10:02.275+0000] {logging_mixin.py:151} INFO - [2023-09-24T05:10:02.275+0000] {dag.py:3696} INFO - Setting next_dagrun for example_params_ui_tutorial to None, run_after=None
[2023-09-24T05:10:02.397+0000] {processor.py:179} INFO - Processing /home/airflow/.local/lib/python3.8/site-packages/airflow/example_dags/example_params_ui_tutorial.py took 0.672 seconds
[2023-09-24T05:10:32.707+0000] {processor.py:157} INFO - Started process (PID=109) to work on /home/airflow/.local/lib/python3.8/site-packages/airflow/example_dags/example_params_ui_tutorial.py
[2023-09-24T05:10:32.708+0000] {processor.py:829} INFO - Processing file /home/airflow/.local/lib/python3.8/site-packages/airflow/example_dags/example_params_ui_tutorial.py for tasks to queue
[2023-09-24T05:10:32.711+0000] {logging_mixin.py:151} INFO - [2023-09-24T05:10:32.710+0000] {dagbag.py:539} INFO - Filling up the DagBag from /home/airflow/.local/lib/python3.8/site-packages/airflow/example_dags/example_params_ui_tutorial.py
[2023-09-24T05:10:32.785+0000] {processor.py:839} INFO - DAG(s) dict_keys(['example_params_ui_tutorial']) retrieved from /home/airflow/.local/lib/python3.8/site-packages/airflow/example_dags/example_params_ui_tutorial.py
[2023-09-24T05:10:32.904+0000] {logging_mixin.py:151} INFO - [2023-09-24T05:10:32.903+0000] {dag.py:2915} INFO - Sync 1 DAGs
[2023-09-24T05:10:32.924+0000] {logging_mixin.py:151} INFO - [2023-09-24T05:10:32.923+0000] {dag.py:3696} INFO - Setting next_dagrun for example_params_ui_tutorial to None, run_after=None
[2023-09-24T05:10:32.949+0000] {processor.py:179} INFO - Processing /home/airflow/.local/lib/python3.8/site-packages/airflow/example_dags/example_params_ui_tutorial.py took 0.247 seconds
[2023-09-24T05:11:03.604+0000] {processor.py:157} INFO - Started process (PID=163) to work on /home/airflow/.local/lib/python3.8/site-packages/airflow/example_dags/example_params_ui_tutorial.py
[2023-09-24T05:11:03.605+0000] {processor.py:829} INFO - Processing file /home/airflow/.local/lib/python3.8/site-packages/airflow/example_dags/example_params_ui_tutorial.py for tasks to queue
[2023-09-24T05:11:03.608+0000] {logging_mixin.py:151} INFO - [2023-09-24T05:11:03.608+0000] {dagbag.py:539} INFO - Filling up the DagBag from /home/airflow/.local/lib/python3.8/site-packages/airflow/example_dags/example_params_ui_tutorial.py
[2023-09-24T05:11:03.676+0000] {processor.py:839} INFO - DAG(s) dict_keys(['example_params_ui_tutorial']) retrieved from /home/airflow/.local/lib/python3.8/site-packages/airflow/example_dags/example_params_ui_tutorial.py
[2023-09-24T05:11:03.786+0000] {logging_mixin.py:151} INFO - [2023-09-24T05:11:03.786+0000] {dag.py:2915} INFO - Sync 1 DAGs
[2023-09-24T05:11:03.805+0000] {logging_mixin.py:151} INFO - [2023-09-24T05:11:03.805+0000] {dag.py:3696} INFO - Setting next_dagrun for example_params_ui_tutorial to None, run_after=None
[2023-09-24T05:11:03.831+0000] {processor.py:179} INFO - Processing /home/airflow/.local/lib/python3.8/site-packages/airflow/example_dags/example_params_ui_tutorial.py took 0.231 seconds
[2023-09-24T05:11:34.740+0000] {processor.py:157} INFO - Started process (PID=217) to work on /home/airflow/.local/lib/python3.8/site-packages/airflow/example_dags/example_params_ui_tutorial.py
[2023-09-24T05:11:34.741+0000] {processor.py:829} INFO - Processing file /home/airflow/.local/lib/python3.8/site-packages/airflow/example_dags/example_params_ui_tutorial.py for tasks to queue
[2023-09-24T05:11:34.744+0000] {logging_mixin.py:151} INFO - [2023-09-24T05:11:34.744+0000] {dagbag.py:539} INFO - Filling up the DagBag from /home/airflow/.local/lib/python3.8/site-packages/airflow/example_dags/example_params_ui_tutorial.py
[2023-09-24T05:11:34.822+0000] {processor.py:839} INFO - DAG(s) dict_keys(['example_params_ui_tutorial']) retrieved from /home/airflow/.local/lib/python3.8/site-packages/airflow/example_dags/example_params_ui_tutorial.py
[2023-09-24T05:11:34.956+0000] {logging_mixin.py:151} INFO - [2023-09-24T05:11:34.956+0000] {dag.py:2915} INFO - Sync 1 DAGs
[2023-09-24T05:11:34.980+0000] {logging_mixin.py:151} INFO - [2023-09-24T05:11:34.979+0000] {dag.py:3696} INFO - Setting next_dagrun for example_params_ui_tutorial to None, run_after=None
[2023-09-24T05:11:35.009+0000] {processor.py:179} INFO - Processing /home/airflow/.local/lib/python3.8/site-packages/airflow/example_dags/example_params_ui_tutorial.py took 0.274 seconds
[2023-09-24T05:12:05.815+0000] {processor.py:157} INFO - Started process (PID=280) to work on /home/airflow/.local/lib/python3.8/site-packages/airflow/example_dags/example_params_ui_tutorial.py
[2023-09-24T05:12:05.817+0000] {processor.py:829} INFO - Processing file /home/airflow/.local/lib/python3.8/site-packages/airflow/example_dags/example_params_ui_tutorial.py for tasks to queue
[2023-09-24T05:12:05.819+0000] {logging_mixin.py:151} INFO - [2023-09-24T05:12:05.819+0000] {dagbag.py:539} INFO - Filling up the DagBag from /home/airflow/.local/lib/python3.8/site-packages/airflow/example_dags/example_params_ui_tutorial.py
[2023-09-24T05:12:05.891+0000] {processor.py:839} INFO - DAG(s) dict_keys(['example_params_ui_tutorial']) retrieved from /home/airflow/.local/lib/python3.8/site-packages/airflow/example_dags/example_params_ui_tutorial.py
[2023-09-24T05:12:06.004+0000] {logging_mixin.py:151} INFO - [2023-09-24T05:12:06.004+0000] {dag.py:2915} INFO - Sync 1 DAGs
[2023-09-24T05:12:06.025+0000] {logging_mixin.py:151} INFO - [2023-09-24T05:12:06.025+0000] {dag.py:3696} INFO - Setting next_dagrun for example_params_ui_tutorial to None, run_after=None
[2023-09-24T05:12:06.052+0000] {processor.py:179} INFO - Processing /home/airflow/.local/lib/python3.8/site-packages/airflow/example_dags/example_params_ui_tutorial.py took 0.242 seconds
[2023-09-24T05:12:37.289+0000] {processor.py:157} INFO - Started process (PID=334) to work on /home/airflow/.local/lib/python3.8/site-packages/airflow/example_dags/example_params_ui_tutorial.py
[2023-09-24T05:12:37.290+0000] {processor.py:829} INFO - Processing file /home/airflow/.local/lib/python3.8/site-packages/airflow/example_dags/example_params_ui_tutorial.py for tasks to queue
[2023-09-24T05:12:37.294+0000] {logging_mixin.py:151} INFO - [2023-09-24T05:12:37.294+0000] {dagbag.py:539} INFO - Filling up the DagBag from /home/airflow/.local/lib/python3.8/site-packages/airflow/example_dags/example_params_ui_tutorial.py
[2023-09-24T05:12:37.386+0000] {processor.py:839} INFO - DAG(s) dict_keys(['example_params_ui_tutorial']) retrieved from /home/airflow/.local/lib/python3.8/site-packages/airflow/example_dags/example_params_ui_tutorial.py
[2023-09-24T05:12:37.552+0000] {logging_mixin.py:151} INFO - [2023-09-24T05:12:37.552+0000] {dag.py:2915} INFO - Sync 1 DAGs
[2023-09-24T05:12:37.579+0000] {logging_mixin.py:151} INFO - [2023-09-24T05:12:37.578+0000] {dag.py:3696} INFO - Setting next_dagrun for example_params_ui_tutorial to None, run_after=None
[2023-09-24T05:12:37.611+0000] {processor.py:179} INFO - Processing /home/airflow/.local/lib/python3.8/site-packages/airflow/example_dags/example_params_ui_tutorial.py took 0.328 seconds
[2023-09-24T05:13:07.852+0000] {processor.py:157} INFO - Started process (PID=387) to work on /home/airflow/.local/lib/python3.8/site-packages/airflow/example_dags/example_params_ui_tutorial.py
[2023-09-24T05:13:07.853+0000] {processor.py:829} INFO - Processing file /home/airflow/.local/lib/python3.8/site-packages/airflow/example_dags/example_params_ui_tutorial.py for tasks to queue
[2023-09-24T05:13:07.856+0000] {logging_mixin.py:151} INFO - [2023-09-24T05:13:07.856+0000] {dagbag.py:539} INFO - Filling up the DagBag from /home/airflow/.local/lib/python3.8/site-packages/airflow/example_dags/example_params_ui_tutorial.py
[2023-09-24T05:13:07.939+0000] {processor.py:839} INFO - DAG(s) dict_keys(['example_params_ui_tutorial']) retrieved from /home/airflow/.local/lib/python3.8/site-packages/airflow/example_dags/example_params_ui_tutorial.py
[2023-09-24T05:13:08.110+0000] {logging_mixin.py:151} INFO - [2023-09-24T05:13:08.110+0000] {dag.py:2915} INFO - Sync 1 DAGs
[2023-09-24T05:13:08.141+0000] {logging_mixin.py:151} INFO - [2023-09-24T05:13:08.141+0000] {dag.py:3696} INFO - Setting next_dagrun for example_params_ui_tutorial to None, run_after=None
[2023-09-24T05:13:08.217+0000] {processor.py:179} INFO - Processing /home/airflow/.local/lib/python3.8/site-packages/airflow/example_dags/example_params_ui_tutorial.py took 0.370 seconds
[2023-09-24T05:13:58.073+0000] {processor.py:157} INFO - Started process (PID=56) to work on /home/airflow/.local/lib/python3.8/site-packages/airflow/example_dags/example_params_ui_tutorial.py
[2023-09-24T05:13:58.082+0000] {processor.py:829} INFO - Processing file /home/airflow/.local/lib/python3.8/site-packages/airflow/example_dags/example_params_ui_tutorial.py for tasks to queue
[2023-09-24T05:13:58.086+0000] {logging_mixin.py:151} INFO - [2023-09-24T05:13:58.086+0000] {dagbag.py:539} INFO - Filling up the DagBag from /home/airflow/.local/lib/python3.8/site-packages/airflow/example_dags/example_params_ui_tutorial.py
[2023-09-24T05:13:58.283+0000] {processor.py:839} INFO - DAG(s) dict_keys(['example_params_ui_tutorial']) retrieved from /home/airflow/.local/lib/python3.8/site-packages/airflow/example_dags/example_params_ui_tutorial.py
[2023-09-24T05:13:58.317+0000] {logging_mixin.py:151} INFO - [2023-09-24T05:13:58.316+0000] {dag.py:2915} INFO - Sync 1 DAGs
[2023-09-24T05:13:58.369+0000] {logging_mixin.py:151} INFO - [2023-09-24T05:13:58.368+0000] {dag.py:3696} INFO - Setting next_dagrun for example_params_ui_tutorial to None, run_after=None
[2023-09-24T05:13:58.414+0000] {processor.py:179} INFO - Processing /home/airflow/.local/lib/python3.8/site-packages/airflow/example_dags/example_params_ui_tutorial.py took 0.349 seconds
[2023-09-24T05:14:29.217+0000] {processor.py:157} INFO - Started process (PID=111) to work on /home/airflow/.local/lib/python3.8/site-packages/airflow/example_dags/example_params_ui_tutorial.py
[2023-09-24T05:14:29.219+0000] {processor.py:829} INFO - Processing file /home/airflow/.local/lib/python3.8/site-packages/airflow/example_dags/example_params_ui_tutorial.py for tasks to queue
[2023-09-24T05:14:29.223+0000] {logging_mixin.py:151} INFO - [2023-09-24T05:14:29.223+0000] {dagbag.py:539} INFO - Filling up the DagBag from /home/airflow/.local/lib/python3.8/site-packages/airflow/example_dags/example_params_ui_tutorial.py
[2023-09-24T05:14:29.302+0000] {processor.py:839} INFO - DAG(s) dict_keys(['example_params_ui_tutorial']) retrieved from /home/airflow/.local/lib/python3.8/site-packages/airflow/example_dags/example_params_ui_tutorial.py
[2023-09-24T05:14:29.417+0000] {logging_mixin.py:151} INFO - [2023-09-24T05:14:29.417+0000] {dag.py:2915} INFO - Sync 1 DAGs
[2023-09-24T05:14:29.441+0000] {logging_mixin.py:151} INFO - [2023-09-24T05:14:29.441+0000] {dag.py:3696} INFO - Setting next_dagrun for example_params_ui_tutorial to None, run_after=None
[2023-09-24T05:14:29.478+0000] {processor.py:179} INFO - Processing /home/airflow/.local/lib/python3.8/site-packages/airflow/example_dags/example_params_ui_tutorial.py took 0.266 seconds
[2023-09-24T05:15:00.706+0000] {processor.py:157} INFO - Started process (PID=171) to work on /home/airflow/.local/lib/python3.8/site-packages/airflow/example_dags/example_params_ui_tutorial.py
[2023-09-24T05:15:00.708+0000] {processor.py:829} INFO - Processing file /home/airflow/.local/lib/python3.8/site-packages/airflow/example_dags/example_params_ui_tutorial.py for tasks to queue
[2023-09-24T05:15:00.714+0000] {logging_mixin.py:151} INFO - [2023-09-24T05:15:00.713+0000] {dagbag.py:539} INFO - Filling up the DagBag from /home/airflow/.local/lib/python3.8/site-packages/airflow/example_dags/example_params_ui_tutorial.py
[2023-09-24T05:15:00.997+0000] {processor.py:839} INFO - DAG(s) dict_keys(['example_params_ui_tutorial']) retrieved from /home/airflow/.local/lib/python3.8/site-packages/airflow/example_dags/example_params_ui_tutorial.py
[2023-09-24T05:15:01.240+0000] {logging_mixin.py:151} INFO - [2023-09-24T05:15:01.240+0000] {dag.py:2915} INFO - Sync 1 DAGs
[2023-09-24T05:15:01.282+0000] {logging_mixin.py:151} INFO - [2023-09-24T05:15:01.281+0000] {dag.py:3696} INFO - Setting next_dagrun for example_params_ui_tutorial to None, run_after=None
[2023-09-24T05:15:01.338+0000] {processor.py:179} INFO - Processing /home/airflow/.local/lib/python3.8/site-packages/airflow/example_dags/example_params_ui_tutorial.py took 0.643 seconds
