[2023-09-24T05:00:21.973+0000] {processor.py:157} INFO - Started process (PID=74) to work on /home/airflow/.local/lib/python3.8/site-packages/airflow/example_dags/example_xcomargs.py
[2023-09-24T05:00:21.974+0000] {processor.py:829} INFO - Processing file /home/airflow/.local/lib/python3.8/site-packages/airflow/example_dags/example_xcomargs.py for tasks to queue
[2023-09-24T05:00:21.982+0000] {logging_mixin.py:151} INFO - [2023-09-24T05:00:21.981+0000] {dagbag.py:539} INFO - Filling up the DagBag from /home/airflow/.local/lib/python3.8/site-packages/airflow/example_dags/example_xcomargs.py
[2023-09-24T05:00:21.999+0000] {processor.py:839} INFO - DAG(s) dict_keys(['example_xcom_args', 'example_xcom_args_with_operators']) retrieved from /home/airflow/.local/lib/python3.8/site-packages/airflow/example_dags/example_xcomargs.py
[2023-09-24T05:00:22.234+0000] {logging_mixin.py:151} INFO - [2023-09-24T05:00:22.234+0000] {manager.py:499} INFO - Created Permission View: %s
[2023-09-24T05:00:22.252+0000] {logging_mixin.py:151} INFO - [2023-09-24T05:00:22.252+0000] {manager.py:499} INFO - Created Permission View: %s
[2023-09-24T05:00:22.263+0000] {logging_mixin.py:151} INFO - [2023-09-24T05:00:22.263+0000] {manager.py:499} INFO - Created Permission View: %s
[2023-09-24T05:00:22.264+0000] {logging_mixin.py:151} INFO - [2023-09-24T05:00:22.263+0000] {security.py:708} INFO - Not syncing DAG-level permissions for DAG 'DAG:example_xcom_args' as access control is unset.
[2023-09-24T05:00:22.287+0000] {logging_mixin.py:151} INFO - [2023-09-24T05:00:22.287+0000] {manager.py:499} INFO - Created Permission View: %s
[2023-09-24T05:00:22.298+0000] {logging_mixin.py:151} INFO - [2023-09-24T05:00:22.297+0000] {manager.py:499} INFO - Created Permission View: %s
[2023-09-24T05:00:22.308+0000] {logging_mixin.py:151} INFO - [2023-09-24T05:00:22.308+0000] {manager.py:499} INFO - Created Permission View: %s
[2023-09-24T05:00:22.308+0000] {logging_mixin.py:151} INFO - [2023-09-24T05:00:22.308+0000] {security.py:708} INFO - Not syncing DAG-level permissions for DAG 'DAG:example_xcom_args_with_operators' as access control is unset.
[2023-09-24T05:00:22.309+0000] {logging_mixin.py:151} INFO - [2023-09-24T05:00:22.308+0000] {dag.py:2915} INFO - Sync 2 DAGs
[2023-09-24T05:00:22.335+0000] {logging_mixin.py:151} INFO - [2023-09-24T05:00:22.334+0000] {dag.py:2937} INFO - Creating ORM DAG for example_xcom_args
[2023-09-24T05:00:22.336+0000] {logging_mixin.py:151} INFO - [2023-09-24T05:00:22.336+0000] {dag.py:2937} INFO - Creating ORM DAG for example_xcom_args_with_operators
[2023-09-24T05:00:22.337+0000] {logging_mixin.py:151} INFO - [2023-09-24T05:00:22.337+0000] {dag.py:3696} INFO - Setting next_dagrun for example_xcom_args to None, run_after=None
[2023-09-24T05:00:22.338+0000] {logging_mixin.py:151} INFO - [2023-09-24T05:00:22.338+0000] {dag.py:3696} INFO - Setting next_dagrun for example_xcom_args_with_operators to None, run_after=None
[2023-09-24T05:00:22.368+0000] {processor.py:179} INFO - Processing /home/airflow/.local/lib/python3.8/site-packages/airflow/example_dags/example_xcomargs.py took 0.400 seconds
[2023-09-24T05:00:52.741+0000] {processor.py:157} INFO - Started process (PID=128) to work on /home/airflow/.local/lib/python3.8/site-packages/airflow/example_dags/example_xcomargs.py
[2023-09-24T05:00:52.742+0000] {processor.py:829} INFO - Processing file /home/airflow/.local/lib/python3.8/site-packages/airflow/example_dags/example_xcomargs.py for tasks to queue
[2023-09-24T05:00:52.746+0000] {logging_mixin.py:151} INFO - [2023-09-24T05:00:52.745+0000] {dagbag.py:539} INFO - Filling up the DagBag from /home/airflow/.local/lib/python3.8/site-packages/airflow/example_dags/example_xcomargs.py
[2023-09-24T05:00:52.759+0000] {processor.py:839} INFO - DAG(s) dict_keys(['example_xcom_args_with_operators', 'example_xcom_args']) retrieved from /home/airflow/.local/lib/python3.8/site-packages/airflow/example_dags/example_xcomargs.py
[2023-09-24T05:00:52.796+0000] {logging_mixin.py:151} INFO - [2023-09-24T05:00:52.796+0000] {dag.py:2915} INFO - Sync 2 DAGs
[2023-09-24T05:00:52.817+0000] {logging_mixin.py:151} INFO - [2023-09-24T05:00:52.816+0000] {dag.py:3696} INFO - Setting next_dagrun for example_xcom_args to None, run_after=None
[2023-09-24T05:00:52.822+0000] {logging_mixin.py:151} INFO - [2023-09-24T05:00:52.822+0000] {dag.py:3696} INFO - Setting next_dagrun for example_xcom_args_with_operators to None, run_after=None
[2023-09-24T05:00:52.844+0000] {processor.py:179} INFO - Processing /home/airflow/.local/lib/python3.8/site-packages/airflow/example_dags/example_xcomargs.py took 0.108 seconds
[2023-09-24T05:01:23.098+0000] {processor.py:157} INFO - Started process (PID=182) to work on /home/airflow/.local/lib/python3.8/site-packages/airflow/example_dags/example_xcomargs.py
[2023-09-24T05:01:23.100+0000] {processor.py:829} INFO - Processing file /home/airflow/.local/lib/python3.8/site-packages/airflow/example_dags/example_xcomargs.py for tasks to queue
[2023-09-24T05:01:23.102+0000] {logging_mixin.py:151} INFO - [2023-09-24T05:01:23.102+0000] {dagbag.py:539} INFO - Filling up the DagBag from /home/airflow/.local/lib/python3.8/site-packages/airflow/example_dags/example_xcomargs.py
[2023-09-24T05:01:23.114+0000] {processor.py:839} INFO - DAG(s) dict_keys(['example_xcom_args', 'example_xcom_args_with_operators']) retrieved from /home/airflow/.local/lib/python3.8/site-packages/airflow/example_dags/example_xcomargs.py
[2023-09-24T05:01:23.151+0000] {logging_mixin.py:151} INFO - [2023-09-24T05:01:23.151+0000] {dag.py:2915} INFO - Sync 2 DAGs
[2023-09-24T05:01:23.175+0000] {logging_mixin.py:151} INFO - [2023-09-24T05:01:23.174+0000] {dag.py:3696} INFO - Setting next_dagrun for example_xcom_args to None, run_after=None
[2023-09-24T05:01:23.180+0000] {logging_mixin.py:151} INFO - [2023-09-24T05:01:23.180+0000] {dag.py:3696} INFO - Setting next_dagrun for example_xcom_args_with_operators to None, run_after=None
[2023-09-24T05:01:23.205+0000] {processor.py:179} INFO - Processing /home/airflow/.local/lib/python3.8/site-packages/airflow/example_dags/example_xcomargs.py took 0.111 seconds
[2023-09-24T05:01:53.322+0000] {processor.py:157} INFO - Started process (PID=236) to work on /home/airflow/.local/lib/python3.8/site-packages/airflow/example_dags/example_xcomargs.py
[2023-09-24T05:01:53.323+0000] {processor.py:829} INFO - Processing file /home/airflow/.local/lib/python3.8/site-packages/airflow/example_dags/example_xcomargs.py for tasks to queue
[2023-09-24T05:01:53.326+0000] {logging_mixin.py:151} INFO - [2023-09-24T05:01:53.326+0000] {dagbag.py:539} INFO - Filling up the DagBag from /home/airflow/.local/lib/python3.8/site-packages/airflow/example_dags/example_xcomargs.py
[2023-09-24T05:01:53.338+0000] {processor.py:839} INFO - DAG(s) dict_keys(['example_xcom_args_with_operators', 'example_xcom_args']) retrieved from /home/airflow/.local/lib/python3.8/site-packages/airflow/example_dags/example_xcomargs.py
[2023-09-24T05:01:53.375+0000] {logging_mixin.py:151} INFO - [2023-09-24T05:01:53.374+0000] {dag.py:2915} INFO - Sync 2 DAGs
[2023-09-24T05:01:53.399+0000] {logging_mixin.py:151} INFO - [2023-09-24T05:01:53.399+0000] {dag.py:3696} INFO - Setting next_dagrun for example_xcom_args to None, run_after=None
[2023-09-24T05:01:53.405+0000] {logging_mixin.py:151} INFO - [2023-09-24T05:01:53.404+0000] {dag.py:3696} INFO - Setting next_dagrun for example_xcom_args_with_operators to None, run_after=None
[2023-09-24T05:01:53.430+0000] {processor.py:179} INFO - Processing /home/airflow/.local/lib/python3.8/site-packages/airflow/example_dags/example_xcomargs.py took 0.112 seconds
[2023-09-24T05:02:24.040+0000] {processor.py:157} INFO - Started process (PID=290) to work on /home/airflow/.local/lib/python3.8/site-packages/airflow/example_dags/example_xcomargs.py
[2023-09-24T05:02:24.041+0000] {processor.py:829} INFO - Processing file /home/airflow/.local/lib/python3.8/site-packages/airflow/example_dags/example_xcomargs.py for tasks to queue
[2023-09-24T05:02:24.045+0000] {logging_mixin.py:151} INFO - [2023-09-24T05:02:24.044+0000] {dagbag.py:539} INFO - Filling up the DagBag from /home/airflow/.local/lib/python3.8/site-packages/airflow/example_dags/example_xcomargs.py
[2023-09-24T05:02:24.057+0000] {processor.py:839} INFO - DAG(s) dict_keys(['example_xcom_args_with_operators', 'example_xcom_args']) retrieved from /home/airflow/.local/lib/python3.8/site-packages/airflow/example_dags/example_xcomargs.py
[2023-09-24T05:02:24.093+0000] {logging_mixin.py:151} INFO - [2023-09-24T05:02:24.093+0000] {dag.py:2915} INFO - Sync 2 DAGs
[2023-09-24T05:02:24.115+0000] {logging_mixin.py:151} INFO - [2023-09-24T05:02:24.115+0000] {dag.py:3696} INFO - Setting next_dagrun for example_xcom_args to None, run_after=None
[2023-09-24T05:02:24.120+0000] {logging_mixin.py:151} INFO - [2023-09-24T05:02:24.120+0000] {dag.py:3696} INFO - Setting next_dagrun for example_xcom_args_with_operators to None, run_after=None
[2023-09-24T05:02:24.142+0000] {processor.py:179} INFO - Processing /home/airflow/.local/lib/python3.8/site-packages/airflow/example_dags/example_xcomargs.py took 0.107 seconds
[2023-09-24T05:02:54.754+0000] {processor.py:157} INFO - Started process (PID=344) to work on /home/airflow/.local/lib/python3.8/site-packages/airflow/example_dags/example_xcomargs.py
[2023-09-24T05:02:54.755+0000] {processor.py:829} INFO - Processing file /home/airflow/.local/lib/python3.8/site-packages/airflow/example_dags/example_xcomargs.py for tasks to queue
[2023-09-24T05:02:54.759+0000] {logging_mixin.py:151} INFO - [2023-09-24T05:02:54.759+0000] {dagbag.py:539} INFO - Filling up the DagBag from /home/airflow/.local/lib/python3.8/site-packages/airflow/example_dags/example_xcomargs.py
[2023-09-24T05:02:54.773+0000] {processor.py:839} INFO - DAG(s) dict_keys(['example_xcom_args', 'example_xcom_args_with_operators']) retrieved from /home/airflow/.local/lib/python3.8/site-packages/airflow/example_dags/example_xcomargs.py
[2023-09-24T05:02:54.814+0000] {logging_mixin.py:151} INFO - [2023-09-24T05:02:54.814+0000] {dag.py:2915} INFO - Sync 2 DAGs
[2023-09-24T05:02:54.837+0000] {logging_mixin.py:151} INFO - [2023-09-24T05:02:54.837+0000] {dag.py:3696} INFO - Setting next_dagrun for example_xcom_args to None, run_after=None
[2023-09-24T05:02:54.842+0000] {logging_mixin.py:151} INFO - [2023-09-24T05:02:54.842+0000] {dag.py:3696} INFO - Setting next_dagrun for example_xcom_args_with_operators to None, run_after=None
[2023-09-24T05:02:54.867+0000] {processor.py:179} INFO - Processing /home/airflow/.local/lib/python3.8/site-packages/airflow/example_dags/example_xcomargs.py took 0.117 seconds
[2023-09-24T05:03:25.420+0000] {processor.py:157} INFO - Started process (PID=399) to work on /home/airflow/.local/lib/python3.8/site-packages/airflow/example_dags/example_xcomargs.py
[2023-09-24T05:03:25.421+0000] {processor.py:829} INFO - Processing file /home/airflow/.local/lib/python3.8/site-packages/airflow/example_dags/example_xcomargs.py for tasks to queue
[2023-09-24T05:03:25.424+0000] {logging_mixin.py:151} INFO - [2023-09-24T05:03:25.424+0000] {dagbag.py:539} INFO - Filling up the DagBag from /home/airflow/.local/lib/python3.8/site-packages/airflow/example_dags/example_xcomargs.py
[2023-09-24T05:03:25.437+0000] {processor.py:839} INFO - DAG(s) dict_keys(['example_xcom_args', 'example_xcom_args_with_operators']) retrieved from /home/airflow/.local/lib/python3.8/site-packages/airflow/example_dags/example_xcomargs.py
[2023-09-24T05:03:25.485+0000] {logging_mixin.py:151} INFO - [2023-09-24T05:03:25.485+0000] {dag.py:2915} INFO - Sync 2 DAGs
[2023-09-24T05:03:25.508+0000] {logging_mixin.py:151} INFO - [2023-09-24T05:03:25.508+0000] {dag.py:3696} INFO - Setting next_dagrun for example_xcom_args to None, run_after=None
[2023-09-24T05:03:25.516+0000] {logging_mixin.py:151} INFO - [2023-09-24T05:03:25.516+0000] {dag.py:3696} INFO - Setting next_dagrun for example_xcom_args_with_operators to None, run_after=None
[2023-09-24T05:03:25.541+0000] {processor.py:179} INFO - Processing /home/airflow/.local/lib/python3.8/site-packages/airflow/example_dags/example_xcomargs.py took 0.126 seconds
[2023-09-24T05:03:56.073+0000] {processor.py:157} INFO - Started process (PID=453) to work on /home/airflow/.local/lib/python3.8/site-packages/airflow/example_dags/example_xcomargs.py
[2023-09-24T05:03:56.074+0000] {processor.py:829} INFO - Processing file /home/airflow/.local/lib/python3.8/site-packages/airflow/example_dags/example_xcomargs.py for tasks to queue
[2023-09-24T05:03:56.077+0000] {logging_mixin.py:151} INFO - [2023-09-24T05:03:56.076+0000] {dagbag.py:539} INFO - Filling up the DagBag from /home/airflow/.local/lib/python3.8/site-packages/airflow/example_dags/example_xcomargs.py
[2023-09-24T05:03:56.089+0000] {processor.py:839} INFO - DAG(s) dict_keys(['example_xcom_args', 'example_xcom_args_with_operators']) retrieved from /home/airflow/.local/lib/python3.8/site-packages/airflow/example_dags/example_xcomargs.py
[2023-09-24T05:03:56.126+0000] {logging_mixin.py:151} INFO - [2023-09-24T05:03:56.126+0000] {dag.py:2915} INFO - Sync 2 DAGs
[2023-09-24T05:03:56.146+0000] {logging_mixin.py:151} INFO - [2023-09-24T05:03:56.146+0000] {dag.py:3696} INFO - Setting next_dagrun for example_xcom_args to None, run_after=None
[2023-09-24T05:03:56.152+0000] {logging_mixin.py:151} INFO - [2023-09-24T05:03:56.152+0000] {dag.py:3696} INFO - Setting next_dagrun for example_xcom_args_with_operators to None, run_after=None
[2023-09-24T05:03:56.173+0000] {processor.py:179} INFO - Processing /home/airflow/.local/lib/python3.8/site-packages/airflow/example_dags/example_xcomargs.py took 0.105 seconds
[2023-09-24T05:10:06.130+0000] {processor.py:157} INFO - Started process (PID=74) to work on /home/airflow/.local/lib/python3.8/site-packages/airflow/example_dags/example_xcomargs.py
[2023-09-24T05:10:06.131+0000] {processor.py:829} INFO - Processing file /home/airflow/.local/lib/python3.8/site-packages/airflow/example_dags/example_xcomargs.py for tasks to queue
[2023-09-24T05:10:06.135+0000] {logging_mixin.py:151} INFO - [2023-09-24T05:10:06.134+0000] {dagbag.py:539} INFO - Filling up the DagBag from /home/airflow/.local/lib/python3.8/site-packages/airflow/example_dags/example_xcomargs.py
[2023-09-24T05:10:06.153+0000] {processor.py:839} INFO - DAG(s) dict_keys(['example_xcom_args', 'example_xcom_args_with_operators']) retrieved from /home/airflow/.local/lib/python3.8/site-packages/airflow/example_dags/example_xcomargs.py
[2023-09-24T05:10:06.198+0000] {logging_mixin.py:151} INFO - [2023-09-24T05:10:06.198+0000] {dag.py:2915} INFO - Sync 2 DAGs
[2023-09-24T05:10:06.227+0000] {logging_mixin.py:151} INFO - [2023-09-24T05:10:06.227+0000] {dag.py:3696} INFO - Setting next_dagrun for example_xcom_args to None, run_after=None
[2023-09-24T05:10:06.243+0000] {logging_mixin.py:151} INFO - [2023-09-24T05:10:06.243+0000] {dag.py:3696} INFO - Setting next_dagrun for example_xcom_args_with_operators to None, run_after=None
[2023-09-24T05:10:06.298+0000] {processor.py:179} INFO - Processing /home/airflow/.local/lib/python3.8/site-packages/airflow/example_dags/example_xcomargs.py took 0.187 seconds
[2023-09-24T05:10:37.132+0000] {processor.py:157} INFO - Started process (PID=127) to work on /home/airflow/.local/lib/python3.8/site-packages/airflow/example_dags/example_xcomargs.py
[2023-09-24T05:10:37.133+0000] {processor.py:829} INFO - Processing file /home/airflow/.local/lib/python3.8/site-packages/airflow/example_dags/example_xcomargs.py for tasks to queue
[2023-09-24T05:10:37.137+0000] {logging_mixin.py:151} INFO - [2023-09-24T05:10:37.136+0000] {dagbag.py:539} INFO - Filling up the DagBag from /home/airflow/.local/lib/python3.8/site-packages/airflow/example_dags/example_xcomargs.py
[2023-09-24T05:10:37.149+0000] {processor.py:839} INFO - DAG(s) dict_keys(['example_xcom_args_with_operators', 'example_xcom_args']) retrieved from /home/airflow/.local/lib/python3.8/site-packages/airflow/example_dags/example_xcomargs.py
[2023-09-24T05:10:37.187+0000] {logging_mixin.py:151} INFO - [2023-09-24T05:10:37.187+0000] {dag.py:2915} INFO - Sync 2 DAGs
[2023-09-24T05:10:37.210+0000] {logging_mixin.py:151} INFO - [2023-09-24T05:10:37.210+0000] {dag.py:3696} INFO - Setting next_dagrun for example_xcom_args to None, run_after=None
[2023-09-24T05:10:37.215+0000] {logging_mixin.py:151} INFO - [2023-09-24T05:10:37.215+0000] {dag.py:3696} INFO - Setting next_dagrun for example_xcom_args_with_operators to None, run_after=None
[2023-09-24T05:10:37.241+0000] {processor.py:179} INFO - Processing /home/airflow/.local/lib/python3.8/site-packages/airflow/example_dags/example_xcomargs.py took 0.114 seconds
[2023-09-24T05:11:08.063+0000] {processor.py:157} INFO - Started process (PID=181) to work on /home/airflow/.local/lib/python3.8/site-packages/airflow/example_dags/example_xcomargs.py
[2023-09-24T05:11:08.064+0000] {processor.py:829} INFO - Processing file /home/airflow/.local/lib/python3.8/site-packages/airflow/example_dags/example_xcomargs.py for tasks to queue
[2023-09-24T05:11:08.067+0000] {logging_mixin.py:151} INFO - [2023-09-24T05:11:08.067+0000] {dagbag.py:539} INFO - Filling up the DagBag from /home/airflow/.local/lib/python3.8/site-packages/airflow/example_dags/example_xcomargs.py
[2023-09-24T05:11:08.081+0000] {processor.py:839} INFO - DAG(s) dict_keys(['example_xcom_args', 'example_xcom_args_with_operators']) retrieved from /home/airflow/.local/lib/python3.8/site-packages/airflow/example_dags/example_xcomargs.py
[2023-09-24T05:11:08.125+0000] {logging_mixin.py:151} INFO - [2023-09-24T05:11:08.125+0000] {dag.py:2915} INFO - Sync 2 DAGs
[2023-09-24T05:11:08.151+0000] {logging_mixin.py:151} INFO - [2023-09-24T05:11:08.151+0000] {dag.py:3696} INFO - Setting next_dagrun for example_xcom_args to None, run_after=None
[2023-09-24T05:11:08.158+0000] {logging_mixin.py:151} INFO - [2023-09-24T05:11:08.157+0000] {dag.py:3696} INFO - Setting next_dagrun for example_xcom_args_with_operators to None, run_after=None
[2023-09-24T05:11:08.186+0000] {processor.py:179} INFO - Processing /home/airflow/.local/lib/python3.8/site-packages/airflow/example_dags/example_xcomargs.py took 0.128 seconds
[2023-09-24T05:11:39.227+0000] {processor.py:157} INFO - Started process (PID=240) to work on /home/airflow/.local/lib/python3.8/site-packages/airflow/example_dags/example_xcomargs.py
[2023-09-24T05:11:39.228+0000] {processor.py:829} INFO - Processing file /home/airflow/.local/lib/python3.8/site-packages/airflow/example_dags/example_xcomargs.py for tasks to queue
[2023-09-24T05:11:39.240+0000] {logging_mixin.py:151} INFO - [2023-09-24T05:11:39.232+0000] {dagbag.py:539} INFO - Filling up the DagBag from /home/airflow/.local/lib/python3.8/site-packages/airflow/example_dags/example_xcomargs.py
[2023-09-24T05:11:39.275+0000] {processor.py:839} INFO - DAG(s) dict_keys(['example_xcom_args', 'example_xcom_args_with_operators']) retrieved from /home/airflow/.local/lib/python3.8/site-packages/airflow/example_dags/example_xcomargs.py
[2023-09-24T05:11:39.391+0000] {logging_mixin.py:151} INFO - [2023-09-24T05:11:39.390+0000] {dag.py:2915} INFO - Sync 2 DAGs
[2023-09-24T05:11:39.446+0000] {logging_mixin.py:151} INFO - [2023-09-24T05:11:39.445+0000] {dag.py:3696} INFO - Setting next_dagrun for example_xcom_args to None, run_after=None
[2023-09-24T05:11:39.462+0000] {logging_mixin.py:151} INFO - [2023-09-24T05:11:39.461+0000] {dag.py:3696} INFO - Setting next_dagrun for example_xcom_args_with_operators to None, run_after=None
[2023-09-24T05:11:39.524+0000] {processor.py:179} INFO - Processing /home/airflow/.local/lib/python3.8/site-packages/airflow/example_dags/example_xcomargs.py took 0.310 seconds
[2023-09-24T05:12:10.186+0000] {processor.py:157} INFO - Started process (PID=298) to work on /home/airflow/.local/lib/python3.8/site-packages/airflow/example_dags/example_xcomargs.py
[2023-09-24T05:12:10.188+0000] {processor.py:829} INFO - Processing file /home/airflow/.local/lib/python3.8/site-packages/airflow/example_dags/example_xcomargs.py for tasks to queue
[2023-09-24T05:12:10.191+0000] {logging_mixin.py:151} INFO - [2023-09-24T05:12:10.190+0000] {dagbag.py:539} INFO - Filling up the DagBag from /home/airflow/.local/lib/python3.8/site-packages/airflow/example_dags/example_xcomargs.py
[2023-09-24T05:12:10.213+0000] {processor.py:839} INFO - DAG(s) dict_keys(['example_xcom_args_with_operators', 'example_xcom_args']) retrieved from /home/airflow/.local/lib/python3.8/site-packages/airflow/example_dags/example_xcomargs.py
[2023-09-24T05:12:10.250+0000] {logging_mixin.py:151} INFO - [2023-09-24T05:12:10.249+0000] {dag.py:2915} INFO - Sync 2 DAGs
[2023-09-24T05:12:10.271+0000] {logging_mixin.py:151} INFO - [2023-09-24T05:12:10.271+0000] {dag.py:3696} INFO - Setting next_dagrun for example_xcom_args to None, run_after=None
[2023-09-24T05:12:10.276+0000] {logging_mixin.py:151} INFO - [2023-09-24T05:12:10.276+0000] {dag.py:3696} INFO - Setting next_dagrun for example_xcom_args_with_operators to None, run_after=None
[2023-09-24T05:12:10.298+0000] {processor.py:179} INFO - Processing /home/airflow/.local/lib/python3.8/site-packages/airflow/example_dags/example_xcomargs.py took 0.116 seconds
[2023-09-24T05:12:40.627+0000] {processor.py:157} INFO - Started process (PID=352) to work on /home/airflow/.local/lib/python3.8/site-packages/airflow/example_dags/example_xcomargs.py
[2023-09-24T05:12:40.628+0000] {processor.py:829} INFO - Processing file /home/airflow/.local/lib/python3.8/site-packages/airflow/example_dags/example_xcomargs.py for tasks to queue
[2023-09-24T05:12:40.631+0000] {logging_mixin.py:151} INFO - [2023-09-24T05:12:40.631+0000] {dagbag.py:539} INFO - Filling up the DagBag from /home/airflow/.local/lib/python3.8/site-packages/airflow/example_dags/example_xcomargs.py
[2023-09-24T05:12:40.644+0000] {processor.py:839} INFO - DAG(s) dict_keys(['example_xcom_args_with_operators', 'example_xcom_args']) retrieved from /home/airflow/.local/lib/python3.8/site-packages/airflow/example_dags/example_xcomargs.py
[2023-09-24T05:12:40.682+0000] {logging_mixin.py:151} INFO - [2023-09-24T05:12:40.681+0000] {dag.py:2915} INFO - Sync 2 DAGs
[2023-09-24T05:12:40.704+0000] {logging_mixin.py:151} INFO - [2023-09-24T05:12:40.704+0000] {dag.py:3696} INFO - Setting next_dagrun for example_xcom_args to None, run_after=None
[2023-09-24T05:12:40.710+0000] {logging_mixin.py:151} INFO - [2023-09-24T05:12:40.709+0000] {dag.py:3696} INFO - Setting next_dagrun for example_xcom_args_with_operators to None, run_after=None
[2023-09-24T05:12:40.733+0000] {processor.py:179} INFO - Processing /home/airflow/.local/lib/python3.8/site-packages/airflow/example_dags/example_xcomargs.py took 0.123 seconds
[2023-09-24T05:13:11.203+0000] {processor.py:157} INFO - Started process (PID=405) to work on /home/airflow/.local/lib/python3.8/site-packages/airflow/example_dags/example_xcomargs.py
[2023-09-24T05:13:11.204+0000] {processor.py:829} INFO - Processing file /home/airflow/.local/lib/python3.8/site-packages/airflow/example_dags/example_xcomargs.py for tasks to queue
[2023-09-24T05:13:11.208+0000] {logging_mixin.py:151} INFO - [2023-09-24T05:13:11.207+0000] {dagbag.py:539} INFO - Filling up the DagBag from /home/airflow/.local/lib/python3.8/site-packages/airflow/example_dags/example_xcomargs.py
[2023-09-24T05:13:11.222+0000] {processor.py:839} INFO - DAG(s) dict_keys(['example_xcom_args', 'example_xcom_args_with_operators']) retrieved from /home/airflow/.local/lib/python3.8/site-packages/airflow/example_dags/example_xcomargs.py
[2023-09-24T05:13:11.261+0000] {logging_mixin.py:151} INFO - [2023-09-24T05:13:11.260+0000] {dag.py:2915} INFO - Sync 2 DAGs
[2023-09-24T05:13:11.284+0000] {logging_mixin.py:151} INFO - [2023-09-24T05:13:11.284+0000] {dag.py:3696} INFO - Setting next_dagrun for example_xcom_args to None, run_after=None
[2023-09-24T05:13:11.289+0000] {logging_mixin.py:151} INFO - [2023-09-24T05:13:11.289+0000] {dag.py:3696} INFO - Setting next_dagrun for example_xcom_args_with_operators to None, run_after=None
[2023-09-24T05:13:11.314+0000] {processor.py:179} INFO - Processing /home/airflow/.local/lib/python3.8/site-packages/airflow/example_dags/example_xcomargs.py took 0.117 seconds
[2023-09-24T05:14:00.481+0000] {processor.py:157} INFO - Started process (PID=74) to work on /home/airflow/.local/lib/python3.8/site-packages/airflow/example_dags/example_xcomargs.py
[2023-09-24T05:14:00.483+0000] {processor.py:829} INFO - Processing file /home/airflow/.local/lib/python3.8/site-packages/airflow/example_dags/example_xcomargs.py for tasks to queue
[2023-09-24T05:14:00.488+0000] {logging_mixin.py:151} INFO - [2023-09-24T05:14:00.487+0000] {dagbag.py:539} INFO - Filling up the DagBag from /home/airflow/.local/lib/python3.8/site-packages/airflow/example_dags/example_xcomargs.py
[2023-09-24T05:14:00.507+0000] {processor.py:839} INFO - DAG(s) dict_keys(['example_xcom_args_with_operators', 'example_xcom_args']) retrieved from /home/airflow/.local/lib/python3.8/site-packages/airflow/example_dags/example_xcomargs.py
[2023-09-24T05:14:00.534+0000] {logging_mixin.py:151} INFO - [2023-09-24T05:14:00.533+0000] {dag.py:2915} INFO - Sync 2 DAGs
[2023-09-24T05:14:00.568+0000] {logging_mixin.py:151} INFO - [2023-09-24T05:14:00.568+0000] {dag.py:3696} INFO - Setting next_dagrun for example_xcom_args to None, run_after=None
[2023-09-24T05:14:00.576+0000] {logging_mixin.py:151} INFO - [2023-09-24T05:14:00.576+0000] {dag.py:3696} INFO - Setting next_dagrun for example_xcom_args_with_operators to None, run_after=None
[2023-09-24T05:14:00.610+0000] {processor.py:179} INFO - Processing /home/airflow/.local/lib/python3.8/site-packages/airflow/example_dags/example_xcomargs.py took 0.137 seconds
[2023-09-24T05:14:31.476+0000] {processor.py:157} INFO - Started process (PID=129) to work on /home/airflow/.local/lib/python3.8/site-packages/airflow/example_dags/example_xcomargs.py
[2023-09-24T05:14:31.479+0000] {processor.py:829} INFO - Processing file /home/airflow/.local/lib/python3.8/site-packages/airflow/example_dags/example_xcomargs.py for tasks to queue
[2023-09-24T05:14:31.486+0000] {logging_mixin.py:151} INFO - [2023-09-24T05:14:31.485+0000] {dagbag.py:539} INFO - Filling up the DagBag from /home/airflow/.local/lib/python3.8/site-packages/airflow/example_dags/example_xcomargs.py
[2023-09-24T05:14:31.519+0000] {processor.py:839} INFO - DAG(s) dict_keys(['example_xcom_args_with_operators', 'example_xcom_args']) retrieved from /home/airflow/.local/lib/python3.8/site-packages/airflow/example_dags/example_xcomargs.py
[2023-09-24T05:14:31.619+0000] {logging_mixin.py:151} INFO - [2023-09-24T05:14:31.619+0000] {dag.py:2915} INFO - Sync 2 DAGs
[2023-09-24T05:14:31.681+0000] {logging_mixin.py:151} INFO - [2023-09-24T05:14:31.680+0000] {dag.py:3696} INFO - Setting next_dagrun for example_xcom_args to None, run_after=None
[2023-09-24T05:14:31.697+0000] {logging_mixin.py:151} INFO - [2023-09-24T05:14:31.696+0000] {dag.py:3696} INFO - Setting next_dagrun for example_xcom_args_with_operators to None, run_after=None
[2023-09-24T05:14:31.757+0000] {processor.py:179} INFO - Processing /home/airflow/.local/lib/python3.8/site-packages/airflow/example_dags/example_xcomargs.py took 0.293 seconds
[2023-09-24T05:15:03.824+0000] {processor.py:157} INFO - Started process (PID=189) to work on /home/airflow/.local/lib/python3.8/site-packages/airflow/example_dags/example_xcomargs.py
[2023-09-24T05:15:03.826+0000] {processor.py:829} INFO - Processing file /home/airflow/.local/lib/python3.8/site-packages/airflow/example_dags/example_xcomargs.py for tasks to queue
[2023-09-24T05:15:03.833+0000] {logging_mixin.py:151} INFO - [2023-09-24T05:15:03.832+0000] {dagbag.py:539} INFO - Filling up the DagBag from /home/airflow/.local/lib/python3.8/site-packages/airflow/example_dags/example_xcomargs.py
[2023-09-24T05:15:03.853+0000] {processor.py:839} INFO - DAG(s) dict_keys(['example_xcom_args_with_operators', 'example_xcom_args']) retrieved from /home/airflow/.local/lib/python3.8/site-packages/airflow/example_dags/example_xcomargs.py
[2023-09-24T05:15:03.912+0000] {logging_mixin.py:151} INFO - [2023-09-24T05:15:03.911+0000] {dag.py:2915} INFO - Sync 2 DAGs
[2023-09-24T05:15:03.944+0000] {logging_mixin.py:151} INFO - [2023-09-24T05:15:03.944+0000] {dag.py:3696} INFO - Setting next_dagrun for example_xcom_args to None, run_after=None
[2023-09-24T05:15:03.952+0000] {logging_mixin.py:151} INFO - [2023-09-24T05:15:03.952+0000] {dag.py:3696} INFO - Setting next_dagrun for example_xcom_args_with_operators to None, run_after=None
[2023-09-24T05:15:03.987+0000] {processor.py:179} INFO - Processing /home/airflow/.local/lib/python3.8/site-packages/airflow/example_dags/example_xcomargs.py took 0.171 seconds
