[2023-09-24T05:00:11.714+0000] {processor.py:157} INFO - Started process (PID=53) to work on /home/airflow/.local/lib/python3.8/site-packages/airflow/example_dags/example_local_kubernetes_executor.py
[2023-09-24T05:00:11.725+0000] {processor.py:829} INFO - Processing file /home/airflow/.local/lib/python3.8/site-packages/airflow/example_dags/example_local_kubernetes_executor.py for tasks to queue
[2023-09-24T05:00:11.746+0000] {logging_mixin.py:151} INFO - [2023-09-24T05:00:11.746+0000] {dagbag.py:539} INFO - Filling up the DagBag from /home/airflow/.local/lib/python3.8/site-packages/airflow/example_dags/example_local_kubernetes_executor.py
[2023-09-24T05:00:15.458+0000] {processor.py:839} INFO - DAG(s) dict_keys(['example_local_kubernetes_executor']) retrieved from /home/airflow/.local/lib/python3.8/site-packages/airflow/example_dags/example_local_kubernetes_executor.py
[2023-09-24T05:00:16.106+0000] {logging_mixin.py:151} INFO - [2023-09-24T05:00:16.106+0000] {manager.py:499} INFO - Created Permission View: %s
[2023-09-24T05:00:16.132+0000] {logging_mixin.py:151} INFO - [2023-09-24T05:00:16.132+0000] {manager.py:499} INFO - Created Permission View: %s
[2023-09-24T05:00:16.147+0000] {logging_mixin.py:151} INFO - [2023-09-24T05:00:16.146+0000] {manager.py:499} INFO - Created Permission View: %s
[2023-09-24T05:00:16.148+0000] {logging_mixin.py:151} INFO - [2023-09-24T05:00:16.147+0000] {security.py:708} INFO - Not syncing DAG-level permissions for DAG 'DAG:example_local_kubernetes_executor' as access control is unset.
[2023-09-24T05:00:16.149+0000] {logging_mixin.py:151} INFO - [2023-09-24T05:00:16.148+0000] {dag.py:2915} INFO - Sync 1 DAGs
[2023-09-24T05:00:16.194+0000] {logging_mixin.py:151} INFO - [2023-09-24T05:00:16.191+0000] {dag.py:2937} INFO - Creating ORM DAG for example_local_kubernetes_executor
[2023-09-24T05:00:16.196+0000] {logging_mixin.py:151} INFO - [2023-09-24T05:00:16.195+0000] {dag.py:3696} INFO - Setting next_dagrun for example_local_kubernetes_executor to None, run_after=None
[2023-09-24T05:00:16.225+0000] {processor.py:179} INFO - Processing /home/airflow/.local/lib/python3.8/site-packages/airflow/example_dags/example_local_kubernetes_executor.py took 4.516 seconds
[2023-09-24T05:00:46.461+0000] {processor.py:157} INFO - Started process (PID=107) to work on /home/airflow/.local/lib/python3.8/site-packages/airflow/example_dags/example_local_kubernetes_executor.py
[2023-09-24T05:00:46.462+0000] {processor.py:829} INFO - Processing file /home/airflow/.local/lib/python3.8/site-packages/airflow/example_dags/example_local_kubernetes_executor.py for tasks to queue
[2023-09-24T05:00:46.468+0000] {logging_mixin.py:151} INFO - [2023-09-24T05:00:46.468+0000] {dagbag.py:539} INFO - Filling up the DagBag from /home/airflow/.local/lib/python3.8/site-packages/airflow/example_dags/example_local_kubernetes_executor.py
[2023-09-24T05:00:47.099+0000] {processor.py:839} INFO - DAG(s) dict_keys(['example_local_kubernetes_executor']) retrieved from /home/airflow/.local/lib/python3.8/site-packages/airflow/example_dags/example_local_kubernetes_executor.py
[2023-09-24T05:00:47.182+0000] {logging_mixin.py:151} INFO - [2023-09-24T05:00:47.181+0000] {dag.py:2915} INFO - Sync 1 DAGs
[2023-09-24T05:00:47.214+0000] {logging_mixin.py:151} INFO - [2023-09-24T05:00:47.213+0000] {dag.py:3696} INFO - Setting next_dagrun for example_local_kubernetes_executor to None, run_after=None
[2023-09-24T05:00:47.248+0000] {processor.py:179} INFO - Processing /home/airflow/.local/lib/python3.8/site-packages/airflow/example_dags/example_local_kubernetes_executor.py took 0.794 seconds
[2023-09-24T05:01:17.840+0000] {processor.py:157} INFO - Started process (PID=161) to work on /home/airflow/.local/lib/python3.8/site-packages/airflow/example_dags/example_local_kubernetes_executor.py
[2023-09-24T05:01:17.841+0000] {processor.py:829} INFO - Processing file /home/airflow/.local/lib/python3.8/site-packages/airflow/example_dags/example_local_kubernetes_executor.py for tasks to queue
[2023-09-24T05:01:17.844+0000] {logging_mixin.py:151} INFO - [2023-09-24T05:01:17.844+0000] {dagbag.py:539} INFO - Filling up the DagBag from /home/airflow/.local/lib/python3.8/site-packages/airflow/example_dags/example_local_kubernetes_executor.py
[2023-09-24T05:01:18.350+0000] {processor.py:839} INFO - DAG(s) dict_keys(['example_local_kubernetes_executor']) retrieved from /home/airflow/.local/lib/python3.8/site-packages/airflow/example_dags/example_local_kubernetes_executor.py
[2023-09-24T05:01:18.407+0000] {logging_mixin.py:151} INFO - [2023-09-24T05:01:18.406+0000] {dag.py:2915} INFO - Sync 1 DAGs
[2023-09-24T05:01:18.426+0000] {logging_mixin.py:151} INFO - [2023-09-24T05:01:18.426+0000] {dag.py:3696} INFO - Setting next_dagrun for example_local_kubernetes_executor to None, run_after=None
[2023-09-24T05:01:18.454+0000] {processor.py:179} INFO - Processing /home/airflow/.local/lib/python3.8/site-packages/airflow/example_dags/example_local_kubernetes_executor.py took 0.619 seconds
[2023-09-24T05:01:49.091+0000] {processor.py:157} INFO - Started process (PID=215) to work on /home/airflow/.local/lib/python3.8/site-packages/airflow/example_dags/example_local_kubernetes_executor.py
[2023-09-24T05:01:49.092+0000] {processor.py:829} INFO - Processing file /home/airflow/.local/lib/python3.8/site-packages/airflow/example_dags/example_local_kubernetes_executor.py for tasks to queue
[2023-09-24T05:01:49.095+0000] {logging_mixin.py:151} INFO - [2023-09-24T05:01:49.095+0000] {dagbag.py:539} INFO - Filling up the DagBag from /home/airflow/.local/lib/python3.8/site-packages/airflow/example_dags/example_local_kubernetes_executor.py
[2023-09-24T05:01:49.561+0000] {processor.py:839} INFO - DAG(s) dict_keys(['example_local_kubernetes_executor']) retrieved from /home/airflow/.local/lib/python3.8/site-packages/airflow/example_dags/example_local_kubernetes_executor.py
[2023-09-24T05:01:49.621+0000] {logging_mixin.py:151} INFO - [2023-09-24T05:01:49.620+0000] {dag.py:2915} INFO - Sync 1 DAGs
[2023-09-24T05:01:49.641+0000] {logging_mixin.py:151} INFO - [2023-09-24T05:01:49.640+0000] {dag.py:3696} INFO - Setting next_dagrun for example_local_kubernetes_executor to None, run_after=None
[2023-09-24T05:01:49.664+0000] {processor.py:179} INFO - Processing /home/airflow/.local/lib/python3.8/site-packages/airflow/example_dags/example_local_kubernetes_executor.py took 0.578 seconds
[2023-09-24T05:02:20.365+0000] {processor.py:157} INFO - Started process (PID=269) to work on /home/airflow/.local/lib/python3.8/site-packages/airflow/example_dags/example_local_kubernetes_executor.py
[2023-09-24T05:02:20.366+0000] {processor.py:829} INFO - Processing file /home/airflow/.local/lib/python3.8/site-packages/airflow/example_dags/example_local_kubernetes_executor.py for tasks to queue
[2023-09-24T05:02:20.370+0000] {logging_mixin.py:151} INFO - [2023-09-24T05:02:20.370+0000] {dagbag.py:539} INFO - Filling up the DagBag from /home/airflow/.local/lib/python3.8/site-packages/airflow/example_dags/example_local_kubernetes_executor.py
[2023-09-24T05:02:20.972+0000] {processor.py:839} INFO - DAG(s) dict_keys(['example_local_kubernetes_executor']) retrieved from /home/airflow/.local/lib/python3.8/site-packages/airflow/example_dags/example_local_kubernetes_executor.py
[2023-09-24T05:02:21.045+0000] {logging_mixin.py:151} INFO - [2023-09-24T05:02:21.040+0000] {dag.py:2915} INFO - Sync 1 DAGs
[2023-09-24T05:02:21.071+0000] {logging_mixin.py:151} INFO - [2023-09-24T05:02:21.070+0000] {dag.py:3696} INFO - Setting next_dagrun for example_local_kubernetes_executor to None, run_after=None
[2023-09-24T05:02:21.106+0000] {processor.py:179} INFO - Processing /home/airflow/.local/lib/python3.8/site-packages/airflow/example_dags/example_local_kubernetes_executor.py took 0.746 seconds
[2023-09-24T05:02:51.651+0000] {processor.py:157} INFO - Started process (PID=323) to work on /home/airflow/.local/lib/python3.8/site-packages/airflow/example_dags/example_local_kubernetes_executor.py
[2023-09-24T05:02:51.653+0000] {processor.py:829} INFO - Processing file /home/airflow/.local/lib/python3.8/site-packages/airflow/example_dags/example_local_kubernetes_executor.py for tasks to queue
[2023-09-24T05:02:51.655+0000] {logging_mixin.py:151} INFO - [2023-09-24T05:02:51.655+0000] {dagbag.py:539} INFO - Filling up the DagBag from /home/airflow/.local/lib/python3.8/site-packages/airflow/example_dags/example_local_kubernetes_executor.py
[2023-09-24T05:02:52.111+0000] {processor.py:839} INFO - DAG(s) dict_keys(['example_local_kubernetes_executor']) retrieved from /home/airflow/.local/lib/python3.8/site-packages/airflow/example_dags/example_local_kubernetes_executor.py
[2023-09-24T05:02:52.181+0000] {logging_mixin.py:151} INFO - [2023-09-24T05:02:52.180+0000] {dag.py:2915} INFO - Sync 1 DAGs
[2023-09-24T05:02:52.207+0000] {logging_mixin.py:151} INFO - [2023-09-24T05:02:52.207+0000] {dag.py:3696} INFO - Setting next_dagrun for example_local_kubernetes_executor to None, run_after=None
[2023-09-24T05:02:52.232+0000] {processor.py:179} INFO - Processing /home/airflow/.local/lib/python3.8/site-packages/airflow/example_dags/example_local_kubernetes_executor.py took 0.585 seconds
[2023-09-24T05:03:23.232+0000] {processor.py:157} INFO - Started process (PID=378) to work on /home/airflow/.local/lib/python3.8/site-packages/airflow/example_dags/example_local_kubernetes_executor.py
[2023-09-24T05:03:23.234+0000] {processor.py:829} INFO - Processing file /home/airflow/.local/lib/python3.8/site-packages/airflow/example_dags/example_local_kubernetes_executor.py for tasks to queue
[2023-09-24T05:03:23.236+0000] {logging_mixin.py:151} INFO - [2023-09-24T05:03:23.236+0000] {dagbag.py:539} INFO - Filling up the DagBag from /home/airflow/.local/lib/python3.8/site-packages/airflow/example_dags/example_local_kubernetes_executor.py
[2023-09-24T05:03:23.706+0000] {processor.py:839} INFO - DAG(s) dict_keys(['example_local_kubernetes_executor']) retrieved from /home/airflow/.local/lib/python3.8/site-packages/airflow/example_dags/example_local_kubernetes_executor.py
[2023-09-24T05:03:23.763+0000] {logging_mixin.py:151} INFO - [2023-09-24T05:03:23.762+0000] {dag.py:2915} INFO - Sync 1 DAGs
[2023-09-24T05:03:23.782+0000] {logging_mixin.py:151} INFO - [2023-09-24T05:03:23.782+0000] {dag.py:3696} INFO - Setting next_dagrun for example_local_kubernetes_executor to None, run_after=None
[2023-09-24T05:03:23.809+0000] {processor.py:179} INFO - Processing /home/airflow/.local/lib/python3.8/site-packages/airflow/example_dags/example_local_kubernetes_executor.py took 0.580 seconds
[2023-09-24T05:03:53.873+0000] {processor.py:157} INFO - Started process (PID=432) to work on /home/airflow/.local/lib/python3.8/site-packages/airflow/example_dags/example_local_kubernetes_executor.py
[2023-09-24T05:03:53.874+0000] {processor.py:829} INFO - Processing file /home/airflow/.local/lib/python3.8/site-packages/airflow/example_dags/example_local_kubernetes_executor.py for tasks to queue
[2023-09-24T05:03:53.877+0000] {logging_mixin.py:151} INFO - [2023-09-24T05:03:53.876+0000] {dagbag.py:539} INFO - Filling up the DagBag from /home/airflow/.local/lib/python3.8/site-packages/airflow/example_dags/example_local_kubernetes_executor.py
[2023-09-24T05:03:54.342+0000] {processor.py:839} INFO - DAG(s) dict_keys(['example_local_kubernetes_executor']) retrieved from /home/airflow/.local/lib/python3.8/site-packages/airflow/example_dags/example_local_kubernetes_executor.py
[2023-09-24T05:03:54.401+0000] {logging_mixin.py:151} INFO - [2023-09-24T05:03:54.400+0000] {dag.py:2915} INFO - Sync 1 DAGs
[2023-09-24T05:03:54.421+0000] {logging_mixin.py:151} INFO - [2023-09-24T05:03:54.420+0000] {dag.py:3696} INFO - Setting next_dagrun for example_local_kubernetes_executor to None, run_after=None
[2023-09-24T05:03:54.444+0000] {processor.py:179} INFO - Processing /home/airflow/.local/lib/python3.8/site-packages/airflow/example_dags/example_local_kubernetes_executor.py took 0.576 seconds
[2023-09-24T05:09:57.697+0000] {processor.py:157} INFO - Started process (PID=47) to work on /home/airflow/.local/lib/python3.8/site-packages/airflow/example_dags/example_local_kubernetes_executor.py
[2023-09-24T05:09:57.704+0000] {processor.py:829} INFO - Processing file /home/airflow/.local/lib/python3.8/site-packages/airflow/example_dags/example_local_kubernetes_executor.py for tasks to queue
[2023-09-24T05:09:57.709+0000] {logging_mixin.py:151} INFO - [2023-09-24T05:09:57.708+0000] {dagbag.py:539} INFO - Filling up the DagBag from /home/airflow/.local/lib/python3.8/site-packages/airflow/example_dags/example_local_kubernetes_executor.py
[2023-09-24T05:10:00.959+0000] {processor.py:839} INFO - DAG(s) dict_keys(['example_local_kubernetes_executor']) retrieved from /home/airflow/.local/lib/python3.8/site-packages/airflow/example_dags/example_local_kubernetes_executor.py
[2023-09-24T05:10:01.058+0000] {logging_mixin.py:151} INFO - [2023-09-24T05:10:01.057+0000] {dag.py:2915} INFO - Sync 1 DAGs
[2023-09-24T05:10:01.116+0000] {logging_mixin.py:151} INFO - [2023-09-24T05:10:01.116+0000] {dag.py:3696} INFO - Setting next_dagrun for example_local_kubernetes_executor to None, run_after=None
[2023-09-24T05:10:01.223+0000] {processor.py:179} INFO - Processing /home/airflow/.local/lib/python3.8/site-packages/airflow/example_dags/example_local_kubernetes_executor.py took 3.535 seconds
[2023-09-24T05:10:31.935+0000] {processor.py:157} INFO - Started process (PID=106) to work on /home/airflow/.local/lib/python3.8/site-packages/airflow/example_dags/example_local_kubernetes_executor.py
[2023-09-24T05:10:31.936+0000] {processor.py:829} INFO - Processing file /home/airflow/.local/lib/python3.8/site-packages/airflow/example_dags/example_local_kubernetes_executor.py for tasks to queue
[2023-09-24T05:10:31.939+0000] {logging_mixin.py:151} INFO - [2023-09-24T05:10:31.939+0000] {dagbag.py:539} INFO - Filling up the DagBag from /home/airflow/.local/lib/python3.8/site-packages/airflow/example_dags/example_local_kubernetes_executor.py
[2023-09-24T05:10:32.410+0000] {processor.py:839} INFO - DAG(s) dict_keys(['example_local_kubernetes_executor']) retrieved from /home/airflow/.local/lib/python3.8/site-packages/airflow/example_dags/example_local_kubernetes_executor.py
[2023-09-24T05:10:32.475+0000] {logging_mixin.py:151} INFO - [2023-09-24T05:10:32.474+0000] {dag.py:2915} INFO - Sync 1 DAGs
[2023-09-24T05:10:32.500+0000] {logging_mixin.py:151} INFO - [2023-09-24T05:10:32.500+0000] {dag.py:3696} INFO - Setting next_dagrun for example_local_kubernetes_executor to None, run_after=None
[2023-09-24T05:10:32.530+0000] {processor.py:179} INFO - Processing /home/airflow/.local/lib/python3.8/site-packages/airflow/example_dags/example_local_kubernetes_executor.py took 0.600 seconds
[2023-09-24T05:11:02.819+0000] {processor.py:157} INFO - Started process (PID=160) to work on /home/airflow/.local/lib/python3.8/site-packages/airflow/example_dags/example_local_kubernetes_executor.py
[2023-09-24T05:11:02.820+0000] {processor.py:829} INFO - Processing file /home/airflow/.local/lib/python3.8/site-packages/airflow/example_dags/example_local_kubernetes_executor.py for tasks to queue
[2023-09-24T05:11:02.823+0000] {logging_mixin.py:151} INFO - [2023-09-24T05:11:02.822+0000] {dagbag.py:539} INFO - Filling up the DagBag from /home/airflow/.local/lib/python3.8/site-packages/airflow/example_dags/example_local_kubernetes_executor.py
[2023-09-24T05:11:03.298+0000] {processor.py:839} INFO - DAG(s) dict_keys(['example_local_kubernetes_executor']) retrieved from /home/airflow/.local/lib/python3.8/site-packages/airflow/example_dags/example_local_kubernetes_executor.py
[2023-09-24T05:11:03.376+0000] {logging_mixin.py:151} INFO - [2023-09-24T05:11:03.375+0000] {dag.py:2915} INFO - Sync 1 DAGs
[2023-09-24T05:11:03.403+0000] {logging_mixin.py:151} INFO - [2023-09-24T05:11:03.403+0000] {dag.py:3696} INFO - Setting next_dagrun for example_local_kubernetes_executor to None, run_after=None
[2023-09-24T05:11:03.434+0000] {processor.py:179} INFO - Processing /home/airflow/.local/lib/python3.8/site-packages/airflow/example_dags/example_local_kubernetes_executor.py took 0.620 seconds
[2023-09-24T05:11:33.842+0000] {processor.py:157} INFO - Started process (PID=214) to work on /home/airflow/.local/lib/python3.8/site-packages/airflow/example_dags/example_local_kubernetes_executor.py
[2023-09-24T05:11:33.843+0000] {processor.py:829} INFO - Processing file /home/airflow/.local/lib/python3.8/site-packages/airflow/example_dags/example_local_kubernetes_executor.py for tasks to queue
[2023-09-24T05:11:33.848+0000] {logging_mixin.py:151} INFO - [2023-09-24T05:11:33.847+0000] {dagbag.py:539} INFO - Filling up the DagBag from /home/airflow/.local/lib/python3.8/site-packages/airflow/example_dags/example_local_kubernetes_executor.py
[2023-09-24T05:11:34.446+0000] {processor.py:839} INFO - DAG(s) dict_keys(['example_local_kubernetes_executor']) retrieved from /home/airflow/.local/lib/python3.8/site-packages/airflow/example_dags/example_local_kubernetes_executor.py
[2023-09-24T05:11:34.510+0000] {logging_mixin.py:151} INFO - [2023-09-24T05:11:34.509+0000] {dag.py:2915} INFO - Sync 1 DAGs
[2023-09-24T05:11:34.533+0000] {logging_mixin.py:151} INFO - [2023-09-24T05:11:34.533+0000] {dag.py:3696} INFO - Setting next_dagrun for example_local_kubernetes_executor to None, run_after=None
[2023-09-24T05:11:34.564+0000] {processor.py:179} INFO - Processing /home/airflow/.local/lib/python3.8/site-packages/airflow/example_dags/example_local_kubernetes_executor.py took 0.727 seconds
[2023-09-24T05:12:04.875+0000] {processor.py:157} INFO - Started process (PID=277) to work on /home/airflow/.local/lib/python3.8/site-packages/airflow/example_dags/example_local_kubernetes_executor.py
[2023-09-24T05:12:04.876+0000] {processor.py:829} INFO - Processing file /home/airflow/.local/lib/python3.8/site-packages/airflow/example_dags/example_local_kubernetes_executor.py for tasks to queue
[2023-09-24T05:12:04.879+0000] {logging_mixin.py:151} INFO - [2023-09-24T05:12:04.879+0000] {dagbag.py:539} INFO - Filling up the DagBag from /home/airflow/.local/lib/python3.8/site-packages/airflow/example_dags/example_local_kubernetes_executor.py
[2023-09-24T05:12:05.527+0000] {processor.py:839} INFO - DAG(s) dict_keys(['example_local_kubernetes_executor']) retrieved from /home/airflow/.local/lib/python3.8/site-packages/airflow/example_dags/example_local_kubernetes_executor.py
[2023-09-24T05:12:05.588+0000] {logging_mixin.py:151} INFO - [2023-09-24T05:12:05.587+0000] {dag.py:2915} INFO - Sync 1 DAGs
[2023-09-24T05:12:05.611+0000] {logging_mixin.py:151} INFO - [2023-09-24T05:12:05.611+0000] {dag.py:3696} INFO - Setting next_dagrun for example_local_kubernetes_executor to None, run_after=None
[2023-09-24T05:12:05.637+0000] {processor.py:179} INFO - Processing /home/airflow/.local/lib/python3.8/site-packages/airflow/example_dags/example_local_kubernetes_executor.py took 0.767 seconds
[2023-09-24T05:12:36.026+0000] {processor.py:157} INFO - Started process (PID=331) to work on /home/airflow/.local/lib/python3.8/site-packages/airflow/example_dags/example_local_kubernetes_executor.py
[2023-09-24T05:12:36.043+0000] {processor.py:829} INFO - Processing file /home/airflow/.local/lib/python3.8/site-packages/airflow/example_dags/example_local_kubernetes_executor.py for tasks to queue
[2023-09-24T05:12:36.047+0000] {logging_mixin.py:151} INFO - [2023-09-24T05:12:36.046+0000] {dagbag.py:539} INFO - Filling up the DagBag from /home/airflow/.local/lib/python3.8/site-packages/airflow/example_dags/example_local_kubernetes_executor.py
[2023-09-24T05:12:36.653+0000] {processor.py:839} INFO - DAG(s) dict_keys(['example_local_kubernetes_executor']) retrieved from /home/airflow/.local/lib/python3.8/site-packages/airflow/example_dags/example_local_kubernetes_executor.py
[2023-09-24T05:12:36.751+0000] {logging_mixin.py:151} INFO - [2023-09-24T05:12:36.750+0000] {dag.py:2915} INFO - Sync 1 DAGs
[2023-09-24T05:12:36.780+0000] {logging_mixin.py:151} INFO - [2023-09-24T05:12:36.780+0000] {dag.py:3696} INFO - Setting next_dagrun for example_local_kubernetes_executor to None, run_after=None
[2023-09-24T05:12:36.812+0000] {processor.py:179} INFO - Processing /home/airflow/.local/lib/python3.8/site-packages/airflow/example_dags/example_local_kubernetes_executor.py took 0.793 seconds
[2023-09-24T05:13:06.988+0000] {processor.py:157} INFO - Started process (PID=384) to work on /home/airflow/.local/lib/python3.8/site-packages/airflow/example_dags/example_local_kubernetes_executor.py
[2023-09-24T05:13:06.989+0000] {processor.py:829} INFO - Processing file /home/airflow/.local/lib/python3.8/site-packages/airflow/example_dags/example_local_kubernetes_executor.py for tasks to queue
[2023-09-24T05:13:06.992+0000] {logging_mixin.py:151} INFO - [2023-09-24T05:13:06.991+0000] {dagbag.py:539} INFO - Filling up the DagBag from /home/airflow/.local/lib/python3.8/site-packages/airflow/example_dags/example_local_kubernetes_executor.py
[2023-09-24T05:13:07.547+0000] {processor.py:839} INFO - DAG(s) dict_keys(['example_local_kubernetes_executor']) retrieved from /home/airflow/.local/lib/python3.8/site-packages/airflow/example_dags/example_local_kubernetes_executor.py
[2023-09-24T05:13:07.617+0000] {logging_mixin.py:151} INFO - [2023-09-24T05:13:07.616+0000] {dag.py:2915} INFO - Sync 1 DAGs
[2023-09-24T05:13:07.638+0000] {logging_mixin.py:151} INFO - [2023-09-24T05:13:07.638+0000] {dag.py:3696} INFO - Setting next_dagrun for example_local_kubernetes_executor to None, run_after=None
[2023-09-24T05:13:07.668+0000] {processor.py:179} INFO - Processing /home/airflow/.local/lib/python3.8/site-packages/airflow/example_dags/example_local_kubernetes_executor.py took 0.685 seconds
[2023-09-24T05:13:57.117+0000] {processor.py:157} INFO - Started process (PID=53) to work on /home/airflow/.local/lib/python3.8/site-packages/airflow/example_dags/example_local_kubernetes_executor.py
[2023-09-24T05:13:57.121+0000] {processor.py:829} INFO - Processing file /home/airflow/.local/lib/python3.8/site-packages/airflow/example_dags/example_local_kubernetes_executor.py for tasks to queue
[2023-09-24T05:13:57.128+0000] {logging_mixin.py:151} INFO - [2023-09-24T05:13:57.127+0000] {dagbag.py:539} INFO - Filling up the DagBag from /home/airflow/.local/lib/python3.8/site-packages/airflow/example_dags/example_local_kubernetes_executor.py
[2023-09-24T05:13:58.256+0000] {processor.py:839} INFO - DAG(s) dict_keys(['example_local_kubernetes_executor']) retrieved from /home/airflow/.local/lib/python3.8/site-packages/airflow/example_dags/example_local_kubernetes_executor.py
[2023-09-24T05:13:58.296+0000] {logging_mixin.py:151} INFO - [2023-09-24T05:13:58.295+0000] {dag.py:2915} INFO - Sync 1 DAGs
[2023-09-24T05:13:58.332+0000] {logging_mixin.py:151} INFO - [2023-09-24T05:13:58.331+0000] {dag.py:3696} INFO - Setting next_dagrun for example_local_kubernetes_executor to None, run_after=None
[2023-09-24T05:13:58.385+0000] {processor.py:179} INFO - Processing /home/airflow/.local/lib/python3.8/site-packages/airflow/example_dags/example_local_kubernetes_executor.py took 1.276 seconds
[2023-09-24T05:14:29.208+0000] {processor.py:157} INFO - Started process (PID=110) to work on /home/airflow/.local/lib/python3.8/site-packages/airflow/example_dags/example_local_kubernetes_executor.py
[2023-09-24T05:14:29.210+0000] {processor.py:829} INFO - Processing file /home/airflow/.local/lib/python3.8/site-packages/airflow/example_dags/example_local_kubernetes_executor.py for tasks to queue
[2023-09-24T05:14:29.213+0000] {logging_mixin.py:151} INFO - [2023-09-24T05:14:29.212+0000] {dagbag.py:539} INFO - Filling up the DagBag from /home/airflow/.local/lib/python3.8/site-packages/airflow/example_dags/example_local_kubernetes_executor.py
[2023-09-24T05:14:29.740+0000] {processor.py:839} INFO - DAG(s) dict_keys(['example_local_kubernetes_executor']) retrieved from /home/airflow/.local/lib/python3.8/site-packages/airflow/example_dags/example_local_kubernetes_executor.py
[2023-09-24T05:14:29.811+0000] {logging_mixin.py:151} INFO - [2023-09-24T05:14:29.809+0000] {dag.py:2915} INFO - Sync 1 DAGs
[2023-09-24T05:14:29.832+0000] {logging_mixin.py:151} INFO - [2023-09-24T05:14:29.832+0000] {dag.py:3696} INFO - Setting next_dagrun for example_local_kubernetes_executor to None, run_after=None
[2023-09-24T05:14:29.865+0000] {processor.py:179} INFO - Processing /home/airflow/.local/lib/python3.8/site-packages/airflow/example_dags/example_local_kubernetes_executor.py took 0.663 seconds
[2023-09-24T05:15:00.333+0000] {processor.py:157} INFO - Started process (PID=170) to work on /home/airflow/.local/lib/python3.8/site-packages/airflow/example_dags/example_local_kubernetes_executor.py
[2023-09-24T05:15:00.336+0000] {processor.py:829} INFO - Processing file /home/airflow/.local/lib/python3.8/site-packages/airflow/example_dags/example_local_kubernetes_executor.py for tasks to queue
[2023-09-24T05:15:00.341+0000] {logging_mixin.py:151} INFO - [2023-09-24T05:15:00.340+0000] {dagbag.py:539} INFO - Filling up the DagBag from /home/airflow/.local/lib/python3.8/site-packages/airflow/example_dags/example_local_kubernetes_executor.py
[2023-09-24T05:15:01.770+0000] {processor.py:839} INFO - DAG(s) dict_keys(['example_local_kubernetes_executor']) retrieved from /home/airflow/.local/lib/python3.8/site-packages/airflow/example_dags/example_local_kubernetes_executor.py
[2023-09-24T05:15:01.886+0000] {logging_mixin.py:151} INFO - [2023-09-24T05:15:01.884+0000] {dag.py:2915} INFO - Sync 1 DAGs
[2023-09-24T05:15:01.921+0000] {logging_mixin.py:151} INFO - [2023-09-24T05:15:01.921+0000] {dag.py:3696} INFO - Setting next_dagrun for example_local_kubernetes_executor to None, run_after=None
[2023-09-24T05:15:01.986+0000] {processor.py:179} INFO - Processing /home/airflow/.local/lib/python3.8/site-packages/airflow/example_dags/example_local_kubernetes_executor.py took 1.671 seconds
