[2023-09-24T05:00:18.821+0000] {processor.py:157} INFO - Started process (PID=62) to work on /home/airflow/.local/lib/python3.8/site-packages/airflow/example_dags/example_setup_teardown_taskflow.py
[2023-09-24T05:00:18.822+0000] {processor.py:829} INFO - Processing file /home/airflow/.local/lib/python3.8/site-packages/airflow/example_dags/example_setup_teardown_taskflow.py for tasks to queue
[2023-09-24T05:00:18.826+0000] {logging_mixin.py:151} INFO - [2023-09-24T05:00:18.825+0000] {dagbag.py:539} INFO - Filling up the DagBag from /home/airflow/.local/lib/python3.8/site-packages/airflow/example_dags/example_setup_teardown_taskflow.py
[2023-09-24T05:00:18.906+0000] {processor.py:839} INFO - DAG(s) dict_keys(['example_setup_teardown_taskflow']) retrieved from /home/airflow/.local/lib/python3.8/site-packages/airflow/example_dags/example_setup_teardown_taskflow.py
[2023-09-24T05:00:19.167+0000] {logging_mixin.py:151} INFO - [2023-09-24T05:00:19.167+0000] {manager.py:499} INFO - Created Permission View: %s
[2023-09-24T05:00:19.184+0000] {logging_mixin.py:151} INFO - [2023-09-24T05:00:19.184+0000] {manager.py:499} INFO - Created Permission View: %s
[2023-09-24T05:00:19.196+0000] {logging_mixin.py:151} INFO - [2023-09-24T05:00:19.195+0000] {manager.py:499} INFO - Created Permission View: %s
[2023-09-24T05:00:19.196+0000] {logging_mixin.py:151} INFO - [2023-09-24T05:00:19.196+0000] {security.py:708} INFO - Not syncing DAG-level permissions for DAG 'DAG:example_setup_teardown_taskflow' as access control is unset.
[2023-09-24T05:00:19.197+0000] {logging_mixin.py:151} INFO - [2023-09-24T05:00:19.196+0000] {dag.py:2915} INFO - Sync 1 DAGs
[2023-09-24T05:00:19.225+0000] {logging_mixin.py:151} INFO - [2023-09-24T05:00:19.225+0000] {dag.py:2937} INFO - Creating ORM DAG for example_setup_teardown_taskflow
[2023-09-24T05:00:19.252+0000] {logging_mixin.py:151} INFO - [2023-09-24T05:00:19.252+0000] {dag.py:3696} INFO - Setting next_dagrun for example_setup_teardown_taskflow to 2023-09-23T05:00:19.252074+00:00, run_after=2023-09-24T05:00:19.252074+00:00
[2023-09-24T05:00:19.289+0000] {processor.py:179} INFO - Processing /home/airflow/.local/lib/python3.8/site-packages/airflow/example_dags/example_setup_teardown_taskflow.py took 0.474 seconds
[2023-09-24T05:00:49.953+0000] {processor.py:157} INFO - Started process (PID=116) to work on /home/airflow/.local/lib/python3.8/site-packages/airflow/example_dags/example_setup_teardown_taskflow.py
[2023-09-24T05:00:49.954+0000] {processor.py:829} INFO - Processing file /home/airflow/.local/lib/python3.8/site-packages/airflow/example_dags/example_setup_teardown_taskflow.py for tasks to queue
[2023-09-24T05:00:49.957+0000] {logging_mixin.py:151} INFO - [2023-09-24T05:00:49.956+0000] {dagbag.py:539} INFO - Filling up the DagBag from /home/airflow/.local/lib/python3.8/site-packages/airflow/example_dags/example_setup_teardown_taskflow.py
[2023-09-24T05:00:49.971+0000] {processor.py:839} INFO - DAG(s) dict_keys(['example_setup_teardown_taskflow']) retrieved from /home/airflow/.local/lib/python3.8/site-packages/airflow/example_dags/example_setup_teardown_taskflow.py
[2023-09-24T05:00:50.004+0000] {logging_mixin.py:151} INFO - [2023-09-24T05:00:50.003+0000] {dag.py:2915} INFO - Sync 1 DAGs
[2023-09-24T05:00:50.040+0000] {logging_mixin.py:151} INFO - [2023-09-24T05:00:50.039+0000] {dag.py:3696} INFO - Setting next_dagrun for example_setup_teardown_taskflow to 2023-09-23T05:00:50.039634+00:00, run_after=2023-09-24T05:00:50.039634+00:00
[2023-09-24T05:00:50.070+0000] {processor.py:179} INFO - Processing /home/airflow/.local/lib/python3.8/site-packages/airflow/example_dags/example_setup_teardown_taskflow.py took 0.122 seconds
[2023-09-24T05:01:20.104+0000] {processor.py:157} INFO - Started process (PID=170) to work on /home/airflow/.local/lib/python3.8/site-packages/airflow/example_dags/example_setup_teardown_taskflow.py
[2023-09-24T05:01:20.106+0000] {processor.py:829} INFO - Processing file /home/airflow/.local/lib/python3.8/site-packages/airflow/example_dags/example_setup_teardown_taskflow.py for tasks to queue
[2023-09-24T05:01:20.108+0000] {logging_mixin.py:151} INFO - [2023-09-24T05:01:20.108+0000] {dagbag.py:539} INFO - Filling up the DagBag from /home/airflow/.local/lib/python3.8/site-packages/airflow/example_dags/example_setup_teardown_taskflow.py
[2023-09-24T05:01:20.123+0000] {processor.py:839} INFO - DAG(s) dict_keys(['example_setup_teardown_taskflow']) retrieved from /home/airflow/.local/lib/python3.8/site-packages/airflow/example_dags/example_setup_teardown_taskflow.py
[2023-09-24T05:01:20.157+0000] {logging_mixin.py:151} INFO - [2023-09-24T05:01:20.156+0000] {dag.py:2915} INFO - Sync 1 DAGs
[2023-09-24T05:01:20.191+0000] {logging_mixin.py:151} INFO - [2023-09-24T05:01:20.191+0000] {dag.py:3696} INFO - Setting next_dagrun for example_setup_teardown_taskflow to 2023-09-23T05:01:20.190687+00:00, run_after=2023-09-24T05:01:20.190687+00:00
[2023-09-24T05:01:20.216+0000] {processor.py:179} INFO - Processing /home/airflow/.local/lib/python3.8/site-packages/airflow/example_dags/example_setup_teardown_taskflow.py took 0.116 seconds
[2023-09-24T05:01:50.487+0000] {processor.py:157} INFO - Started process (PID=224) to work on /home/airflow/.local/lib/python3.8/site-packages/airflow/example_dags/example_setup_teardown_taskflow.py
[2023-09-24T05:01:50.489+0000] {processor.py:829} INFO - Processing file /home/airflow/.local/lib/python3.8/site-packages/airflow/example_dags/example_setup_teardown_taskflow.py for tasks to queue
[2023-09-24T05:01:50.493+0000] {logging_mixin.py:151} INFO - [2023-09-24T05:01:50.493+0000] {dagbag.py:539} INFO - Filling up the DagBag from /home/airflow/.local/lib/python3.8/site-packages/airflow/example_dags/example_setup_teardown_taskflow.py
[2023-09-24T05:01:50.511+0000] {processor.py:839} INFO - DAG(s) dict_keys(['example_setup_teardown_taskflow']) retrieved from /home/airflow/.local/lib/python3.8/site-packages/airflow/example_dags/example_setup_teardown_taskflow.py
[2023-09-24T05:01:50.546+0000] {logging_mixin.py:151} INFO - [2023-09-24T05:01:50.546+0000] {dag.py:2915} INFO - Sync 1 DAGs
[2023-09-24T05:01:50.582+0000] {logging_mixin.py:151} INFO - [2023-09-24T05:01:50.581+0000] {dag.py:3696} INFO - Setting next_dagrun for example_setup_teardown_taskflow to 2023-09-23T05:01:50.581342+00:00, run_after=2023-09-24T05:01:50.581342+00:00
[2023-09-24T05:01:50.606+0000] {processor.py:179} INFO - Processing /home/airflow/.local/lib/python3.8/site-packages/airflow/example_dags/example_setup_teardown_taskflow.py took 0.125 seconds
[2023-09-24T05:02:21.980+0000] {processor.py:157} INFO - Started process (PID=278) to work on /home/airflow/.local/lib/python3.8/site-packages/airflow/example_dags/example_setup_teardown_taskflow.py
[2023-09-24T05:02:21.981+0000] {processor.py:829} INFO - Processing file /home/airflow/.local/lib/python3.8/site-packages/airflow/example_dags/example_setup_teardown_taskflow.py for tasks to queue
[2023-09-24T05:02:21.985+0000] {logging_mixin.py:151} INFO - [2023-09-24T05:02:21.984+0000] {dagbag.py:539} INFO - Filling up the DagBag from /home/airflow/.local/lib/python3.8/site-packages/airflow/example_dags/example_setup_teardown_taskflow.py
[2023-09-24T05:02:22.003+0000] {processor.py:839} INFO - DAG(s) dict_keys(['example_setup_teardown_taskflow']) retrieved from /home/airflow/.local/lib/python3.8/site-packages/airflow/example_dags/example_setup_teardown_taskflow.py
[2023-09-24T05:02:22.061+0000] {logging_mixin.py:151} INFO - [2023-09-24T05:02:22.061+0000] {dag.py:2915} INFO - Sync 1 DAGs
[2023-09-24T05:02:22.104+0000] {logging_mixin.py:151} INFO - [2023-09-24T05:02:22.103+0000] {dag.py:3696} INFO - Setting next_dagrun for example_setup_teardown_taskflow to 2023-09-23T05:02:22.103289+00:00, run_after=2023-09-24T05:02:22.103289+00:00
[2023-09-24T05:02:22.149+0000] {processor.py:179} INFO - Processing /home/airflow/.local/lib/python3.8/site-packages/airflow/example_dags/example_setup_teardown_taskflow.py took 0.173 seconds
[2023-09-24T05:02:52.904+0000] {processor.py:157} INFO - Started process (PID=332) to work on /home/airflow/.local/lib/python3.8/site-packages/airflow/example_dags/example_setup_teardown_taskflow.py
[2023-09-24T05:02:52.905+0000] {processor.py:829} INFO - Processing file /home/airflow/.local/lib/python3.8/site-packages/airflow/example_dags/example_setup_teardown_taskflow.py for tasks to queue
[2023-09-24T05:02:52.908+0000] {logging_mixin.py:151} INFO - [2023-09-24T05:02:52.907+0000] {dagbag.py:539} INFO - Filling up the DagBag from /home/airflow/.local/lib/python3.8/site-packages/airflow/example_dags/example_setup_teardown_taskflow.py
[2023-09-24T05:02:52.923+0000] {processor.py:839} INFO - DAG(s) dict_keys(['example_setup_teardown_taskflow']) retrieved from /home/airflow/.local/lib/python3.8/site-packages/airflow/example_dags/example_setup_teardown_taskflow.py
[2023-09-24T05:02:52.958+0000] {logging_mixin.py:151} INFO - [2023-09-24T05:02:52.958+0000] {dag.py:2915} INFO - Sync 1 DAGs
[2023-09-24T05:02:52.992+0000] {logging_mixin.py:151} INFO - [2023-09-24T05:02:52.992+0000] {dag.py:3696} INFO - Setting next_dagrun for example_setup_teardown_taskflow to 2023-09-23T05:02:52.992062+00:00, run_after=2023-09-24T05:02:52.992062+00:00
[2023-09-24T05:02:53.019+0000] {processor.py:179} INFO - Processing /home/airflow/.local/lib/python3.8/site-packages/airflow/example_dags/example_setup_teardown_taskflow.py took 0.119 seconds
[2023-09-24T05:03:24.487+0000] {processor.py:157} INFO - Started process (PID=387) to work on /home/airflow/.local/lib/python3.8/site-packages/airflow/example_dags/example_setup_teardown_taskflow.py
[2023-09-24T05:03:24.488+0000] {processor.py:829} INFO - Processing file /home/airflow/.local/lib/python3.8/site-packages/airflow/example_dags/example_setup_teardown_taskflow.py for tasks to queue
[2023-09-24T05:03:24.491+0000] {logging_mixin.py:151} INFO - [2023-09-24T05:03:24.490+0000] {dagbag.py:539} INFO - Filling up the DagBag from /home/airflow/.local/lib/python3.8/site-packages/airflow/example_dags/example_setup_teardown_taskflow.py
[2023-09-24T05:03:24.507+0000] {processor.py:839} INFO - DAG(s) dict_keys(['example_setup_teardown_taskflow']) retrieved from /home/airflow/.local/lib/python3.8/site-packages/airflow/example_dags/example_setup_teardown_taskflow.py
[2023-09-24T05:03:24.550+0000] {logging_mixin.py:151} INFO - [2023-09-24T05:03:24.550+0000] {dag.py:2915} INFO - Sync 1 DAGs
[2023-09-24T05:03:24.587+0000] {logging_mixin.py:151} INFO - [2023-09-24T05:03:24.587+0000] {dag.py:3696} INFO - Setting next_dagrun for example_setup_teardown_taskflow to 2023-09-23T05:03:24.586830+00:00, run_after=2023-09-24T05:03:24.586830+00:00
[2023-09-24T05:03:24.613+0000] {processor.py:179} INFO - Processing /home/airflow/.local/lib/python3.8/site-packages/airflow/example_dags/example_setup_teardown_taskflow.py took 0.131 seconds
[2023-09-24T05:03:55.108+0000] {processor.py:157} INFO - Started process (PID=441) to work on /home/airflow/.local/lib/python3.8/site-packages/airflow/example_dags/example_setup_teardown_taskflow.py
[2023-09-24T05:03:55.109+0000] {processor.py:829} INFO - Processing file /home/airflow/.local/lib/python3.8/site-packages/airflow/example_dags/example_setup_teardown_taskflow.py for tasks to queue
[2023-09-24T05:03:55.112+0000] {logging_mixin.py:151} INFO - [2023-09-24T05:03:55.112+0000] {dagbag.py:539} INFO - Filling up the DagBag from /home/airflow/.local/lib/python3.8/site-packages/airflow/example_dags/example_setup_teardown_taskflow.py
[2023-09-24T05:03:55.128+0000] {processor.py:839} INFO - DAG(s) dict_keys(['example_setup_teardown_taskflow']) retrieved from /home/airflow/.local/lib/python3.8/site-packages/airflow/example_dags/example_setup_teardown_taskflow.py
[2023-09-24T05:03:55.162+0000] {logging_mixin.py:151} INFO - [2023-09-24T05:03:55.162+0000] {dag.py:2915} INFO - Sync 1 DAGs
[2023-09-24T05:03:55.197+0000] {logging_mixin.py:151} INFO - [2023-09-24T05:03:55.197+0000] {dag.py:3696} INFO - Setting next_dagrun for example_setup_teardown_taskflow to 2023-09-23T05:03:55.197247+00:00, run_after=2023-09-24T05:03:55.197247+00:00
[2023-09-24T05:03:55.223+0000] {processor.py:179} INFO - Processing /home/airflow/.local/lib/python3.8/site-packages/airflow/example_dags/example_setup_teardown_taskflow.py took 0.119 seconds
[2023-09-24T05:10:03.560+0000] {processor.py:157} INFO - Started process (PID=62) to work on /home/airflow/.local/lib/python3.8/site-packages/airflow/example_dags/example_setup_teardown_taskflow.py
[2023-09-24T05:10:03.561+0000] {processor.py:829} INFO - Processing file /home/airflow/.local/lib/python3.8/site-packages/airflow/example_dags/example_setup_teardown_taskflow.py for tasks to queue
[2023-09-24T05:10:03.569+0000] {logging_mixin.py:151} INFO - [2023-09-24T05:10:03.565+0000] {dagbag.py:539} INFO - Filling up the DagBag from /home/airflow/.local/lib/python3.8/site-packages/airflow/example_dags/example_setup_teardown_taskflow.py
[2023-09-24T05:10:03.618+0000] {processor.py:839} INFO - DAG(s) dict_keys(['example_setup_teardown_taskflow']) retrieved from /home/airflow/.local/lib/python3.8/site-packages/airflow/example_dags/example_setup_teardown_taskflow.py
[2023-09-24T05:10:03.704+0000] {logging_mixin.py:151} INFO - [2023-09-24T05:10:03.703+0000] {dag.py:2915} INFO - Sync 1 DAGs
[2023-09-24T05:10:03.792+0000] {logging_mixin.py:151} INFO - [2023-09-24T05:10:03.792+0000] {dag.py:3696} INFO - Setting next_dagrun for example_setup_teardown_taskflow to 2023-09-23T05:10:03.791826+00:00, run_after=2023-09-24T05:10:03.791826+00:00
[2023-09-24T05:10:04.016+0000] {processor.py:179} INFO - Processing /home/airflow/.local/lib/python3.8/site-packages/airflow/example_dags/example_setup_teardown_taskflow.py took 0.466 seconds
[2023-09-24T05:10:34.216+0000] {processor.py:157} INFO - Started process (PID=115) to work on /home/airflow/.local/lib/python3.8/site-packages/airflow/example_dags/example_setup_teardown_taskflow.py
[2023-09-24T05:10:34.217+0000] {processor.py:829} INFO - Processing file /home/airflow/.local/lib/python3.8/site-packages/airflow/example_dags/example_setup_teardown_taskflow.py for tasks to queue
[2023-09-24T05:10:34.220+0000] {logging_mixin.py:151} INFO - [2023-09-24T05:10:34.220+0000] {dagbag.py:539} INFO - Filling up the DagBag from /home/airflow/.local/lib/python3.8/site-packages/airflow/example_dags/example_setup_teardown_taskflow.py
[2023-09-24T05:10:34.235+0000] {processor.py:839} INFO - DAG(s) dict_keys(['example_setup_teardown_taskflow']) retrieved from /home/airflow/.local/lib/python3.8/site-packages/airflow/example_dags/example_setup_teardown_taskflow.py
[2023-09-24T05:10:34.271+0000] {logging_mixin.py:151} INFO - [2023-09-24T05:10:34.271+0000] {dag.py:2915} INFO - Sync 1 DAGs
[2023-09-24T05:10:34.308+0000] {logging_mixin.py:151} INFO - [2023-09-24T05:10:34.308+0000] {dag.py:3696} INFO - Setting next_dagrun for example_setup_teardown_taskflow to 2023-09-23T05:10:34.307699+00:00, run_after=2023-09-24T05:10:34.307699+00:00
[2023-09-24T05:10:34.336+0000] {processor.py:179} INFO - Processing /home/airflow/.local/lib/python3.8/site-packages/airflow/example_dags/example_setup_teardown_taskflow.py took 0.125 seconds
[2023-09-24T05:11:05.108+0000] {processor.py:157} INFO - Started process (PID=169) to work on /home/airflow/.local/lib/python3.8/site-packages/airflow/example_dags/example_setup_teardown_taskflow.py
[2023-09-24T05:11:05.109+0000] {processor.py:829} INFO - Processing file /home/airflow/.local/lib/python3.8/site-packages/airflow/example_dags/example_setup_teardown_taskflow.py for tasks to queue
[2023-09-24T05:11:05.112+0000] {logging_mixin.py:151} INFO - [2023-09-24T05:11:05.112+0000] {dagbag.py:539} INFO - Filling up the DagBag from /home/airflow/.local/lib/python3.8/site-packages/airflow/example_dags/example_setup_teardown_taskflow.py
[2023-09-24T05:11:05.135+0000] {processor.py:839} INFO - DAG(s) dict_keys(['example_setup_teardown_taskflow']) retrieved from /home/airflow/.local/lib/python3.8/site-packages/airflow/example_dags/example_setup_teardown_taskflow.py
[2023-09-24T05:11:05.168+0000] {logging_mixin.py:151} INFO - [2023-09-24T05:11:05.168+0000] {dag.py:2915} INFO - Sync 1 DAGs
[2023-09-24T05:11:05.204+0000] {logging_mixin.py:151} INFO - [2023-09-24T05:11:05.204+0000] {dag.py:3696} INFO - Setting next_dagrun for example_setup_teardown_taskflow to 2023-09-23T05:11:05.204292+00:00, run_after=2023-09-24T05:11:05.204292+00:00
[2023-09-24T05:11:05.230+0000] {processor.py:179} INFO - Processing /home/airflow/.local/lib/python3.8/site-packages/airflow/example_dags/example_setup_teardown_taskflow.py took 0.126 seconds
[2023-09-24T05:11:35.351+0000] {processor.py:157} INFO - Started process (PID=223) to work on /home/airflow/.local/lib/python3.8/site-packages/airflow/example_dags/example_setup_teardown_taskflow.py
[2023-09-24T05:11:35.353+0000] {processor.py:829} INFO - Processing file /home/airflow/.local/lib/python3.8/site-packages/airflow/example_dags/example_setup_teardown_taskflow.py for tasks to queue
[2023-09-24T05:11:35.358+0000] {logging_mixin.py:151} INFO - [2023-09-24T05:11:35.358+0000] {dagbag.py:539} INFO - Filling up the DagBag from /home/airflow/.local/lib/python3.8/site-packages/airflow/example_dags/example_setup_teardown_taskflow.py
[2023-09-24T05:11:35.385+0000] {processor.py:839} INFO - DAG(s) dict_keys(['example_setup_teardown_taskflow']) retrieved from /home/airflow/.local/lib/python3.8/site-packages/airflow/example_dags/example_setup_teardown_taskflow.py
[2023-09-24T05:11:35.437+0000] {logging_mixin.py:151} INFO - [2023-09-24T05:11:35.436+0000] {dag.py:2915} INFO - Sync 1 DAGs
[2023-09-24T05:11:35.496+0000] {logging_mixin.py:151} INFO - [2023-09-24T05:11:35.495+0000] {dag.py:3696} INFO - Setting next_dagrun for example_setup_teardown_taskflow to 2023-09-23T05:11:35.495048+00:00, run_after=2023-09-24T05:11:35.495048+00:00
[2023-09-24T05:11:35.541+0000] {processor.py:179} INFO - Processing /home/airflow/.local/lib/python3.8/site-packages/airflow/example_dags/example_setup_teardown_taskflow.py took 0.197 seconds
[2023-09-24T05:12:06.335+0000] {processor.py:157} INFO - Started process (PID=286) to work on /home/airflow/.local/lib/python3.8/site-packages/airflow/example_dags/example_setup_teardown_taskflow.py
[2023-09-24T05:12:06.337+0000] {processor.py:829} INFO - Processing file /home/airflow/.local/lib/python3.8/site-packages/airflow/example_dags/example_setup_teardown_taskflow.py for tasks to queue
[2023-09-24T05:12:06.340+0000] {logging_mixin.py:151} INFO - [2023-09-24T05:12:06.339+0000] {dagbag.py:539} INFO - Filling up the DagBag from /home/airflow/.local/lib/python3.8/site-packages/airflow/example_dags/example_setup_teardown_taskflow.py
[2023-09-24T05:12:06.356+0000] {processor.py:839} INFO - DAG(s) dict_keys(['example_setup_teardown_taskflow']) retrieved from /home/airflow/.local/lib/python3.8/site-packages/airflow/example_dags/example_setup_teardown_taskflow.py
[2023-09-24T05:12:06.393+0000] {logging_mixin.py:151} INFO - [2023-09-24T05:12:06.393+0000] {dag.py:2915} INFO - Sync 1 DAGs
[2023-09-24T05:12:06.433+0000] {logging_mixin.py:151} INFO - [2023-09-24T05:12:06.433+0000] {dag.py:3696} INFO - Setting next_dagrun for example_setup_teardown_taskflow to 2023-09-23T05:12:06.432742+00:00, run_after=2023-09-24T05:12:06.432742+00:00
[2023-09-24T05:12:06.462+0000] {processor.py:179} INFO - Processing /home/airflow/.local/lib/python3.8/site-packages/airflow/example_dags/example_setup_teardown_taskflow.py took 0.132 seconds
[2023-09-24T05:12:37.890+0000] {processor.py:157} INFO - Started process (PID=340) to work on /home/airflow/.local/lib/python3.8/site-packages/airflow/example_dags/example_setup_teardown_taskflow.py
[2023-09-24T05:12:37.891+0000] {processor.py:829} INFO - Processing file /home/airflow/.local/lib/python3.8/site-packages/airflow/example_dags/example_setup_teardown_taskflow.py for tasks to queue
[2023-09-24T05:12:37.895+0000] {logging_mixin.py:151} INFO - [2023-09-24T05:12:37.895+0000] {dagbag.py:539} INFO - Filling up the DagBag from /home/airflow/.local/lib/python3.8/site-packages/airflow/example_dags/example_setup_teardown_taskflow.py
[2023-09-24T05:12:37.915+0000] {processor.py:839} INFO - DAG(s) dict_keys(['example_setup_teardown_taskflow']) retrieved from /home/airflow/.local/lib/python3.8/site-packages/airflow/example_dags/example_setup_teardown_taskflow.py
[2023-09-24T05:12:37.971+0000] {logging_mixin.py:151} INFO - [2023-09-24T05:12:37.970+0000] {dag.py:2915} INFO - Sync 1 DAGs
[2023-09-24T05:12:38.054+0000] {logging_mixin.py:151} INFO - [2023-09-24T05:12:38.054+0000] {dag.py:3696} INFO - Setting next_dagrun for example_setup_teardown_taskflow to 2023-09-23T05:12:38.053662+00:00, run_after=2023-09-24T05:12:38.053662+00:00
[2023-09-24T05:12:38.090+0000] {processor.py:179} INFO - Processing /home/airflow/.local/lib/python3.8/site-packages/airflow/example_dags/example_setup_teardown_taskflow.py took 0.206 seconds
[2023-09-24T05:13:08.738+0000] {processor.py:157} INFO - Started process (PID=393) to work on /home/airflow/.local/lib/python3.8/site-packages/airflow/example_dags/example_setup_teardown_taskflow.py
[2023-09-24T05:13:08.741+0000] {processor.py:829} INFO - Processing file /home/airflow/.local/lib/python3.8/site-packages/airflow/example_dags/example_setup_teardown_taskflow.py for tasks to queue
[2023-09-24T05:13:08.749+0000] {logging_mixin.py:151} INFO - [2023-09-24T05:13:08.748+0000] {dagbag.py:539} INFO - Filling up the DagBag from /home/airflow/.local/lib/python3.8/site-packages/airflow/example_dags/example_setup_teardown_taskflow.py
[2023-09-24T05:13:08.788+0000] {processor.py:839} INFO - DAG(s) dict_keys(['example_setup_teardown_taskflow']) retrieved from /home/airflow/.local/lib/python3.8/site-packages/airflow/example_dags/example_setup_teardown_taskflow.py
[2023-09-24T05:13:08.882+0000] {logging_mixin.py:151} INFO - [2023-09-24T05:13:08.882+0000] {dag.py:2915} INFO - Sync 1 DAGs
[2023-09-24T05:13:08.951+0000] {logging_mixin.py:151} INFO - [2023-09-24T05:13:08.950+0000] {dag.py:3696} INFO - Setting next_dagrun for example_setup_teardown_taskflow to 2023-09-23T05:13:08.950287+00:00, run_after=2023-09-24T05:13:08.950287+00:00
[2023-09-24T05:13:09.001+0000] {processor.py:179} INFO - Processing /home/airflow/.local/lib/python3.8/site-packages/airflow/example_dags/example_setup_teardown_taskflow.py took 0.273 seconds
[2023-09-24T05:13:59.010+0000] {processor.py:157} INFO - Started process (PID=62) to work on /home/airflow/.local/lib/python3.8/site-packages/airflow/example_dags/example_setup_teardown_taskflow.py
[2023-09-24T05:13:59.012+0000] {processor.py:829} INFO - Processing file /home/airflow/.local/lib/python3.8/site-packages/airflow/example_dags/example_setup_teardown_taskflow.py for tasks to queue
[2023-09-24T05:13:59.016+0000] {logging_mixin.py:151} INFO - [2023-09-24T05:13:59.015+0000] {dagbag.py:539} INFO - Filling up the DagBag from /home/airflow/.local/lib/python3.8/site-packages/airflow/example_dags/example_setup_teardown_taskflow.py
[2023-09-24T05:13:59.045+0000] {processor.py:839} INFO - DAG(s) dict_keys(['example_setup_teardown_taskflow']) retrieved from /home/airflow/.local/lib/python3.8/site-packages/airflow/example_dags/example_setup_teardown_taskflow.py
[2023-09-24T05:13:59.070+0000] {logging_mixin.py:151} INFO - [2023-09-24T05:13:59.069+0000] {dag.py:2915} INFO - Sync 1 DAGs
[2023-09-24T05:13:59.133+0000] {logging_mixin.py:151} INFO - [2023-09-24T05:13:59.132+0000] {dag.py:3696} INFO - Setting next_dagrun for example_setup_teardown_taskflow to 2023-09-23T05:13:59.132119+00:00, run_after=2023-09-24T05:13:59.132119+00:00
[2023-09-24T05:13:59.181+0000] {processor.py:179} INFO - Processing /home/airflow/.local/lib/python3.8/site-packages/airflow/example_dags/example_setup_teardown_taskflow.py took 0.179 seconds
[2023-09-24T05:14:30.279+0000] {processor.py:157} INFO - Started process (PID=117) to work on /home/airflow/.local/lib/python3.8/site-packages/airflow/example_dags/example_setup_teardown_taskflow.py
[2023-09-24T05:14:30.280+0000] {processor.py:829} INFO - Processing file /home/airflow/.local/lib/python3.8/site-packages/airflow/example_dags/example_setup_teardown_taskflow.py for tasks to queue
[2023-09-24T05:14:30.283+0000] {logging_mixin.py:151} INFO - [2023-09-24T05:14:30.283+0000] {dagbag.py:539} INFO - Filling up the DagBag from /home/airflow/.local/lib/python3.8/site-packages/airflow/example_dags/example_setup_teardown_taskflow.py
[2023-09-24T05:14:30.299+0000] {processor.py:839} INFO - DAG(s) dict_keys(['example_setup_teardown_taskflow']) retrieved from /home/airflow/.local/lib/python3.8/site-packages/airflow/example_dags/example_setup_teardown_taskflow.py
[2023-09-24T05:14:30.335+0000] {logging_mixin.py:151} INFO - [2023-09-24T05:14:30.335+0000] {dag.py:2915} INFO - Sync 1 DAGs
[2023-09-24T05:14:30.372+0000] {logging_mixin.py:151} INFO - [2023-09-24T05:14:30.372+0000] {dag.py:3696} INFO - Setting next_dagrun for example_setup_teardown_taskflow to 2023-09-23T05:14:30.371676+00:00, run_after=2023-09-24T05:14:30.371676+00:00
[2023-09-24T05:14:30.397+0000] {processor.py:179} INFO - Processing /home/airflow/.local/lib/python3.8/site-packages/airflow/example_dags/example_setup_teardown_taskflow.py took 0.123 seconds
[2023-09-24T05:15:02.438+0000] {processor.py:157} INFO - Started process (PID=177) to work on /home/airflow/.local/lib/python3.8/site-packages/airflow/example_dags/example_setup_teardown_taskflow.py
[2023-09-24T05:15:02.440+0000] {processor.py:829} INFO - Processing file /home/airflow/.local/lib/python3.8/site-packages/airflow/example_dags/example_setup_teardown_taskflow.py for tasks to queue
[2023-09-24T05:15:02.445+0000] {logging_mixin.py:151} INFO - [2023-09-24T05:15:02.444+0000] {dagbag.py:539} INFO - Filling up the DagBag from /home/airflow/.local/lib/python3.8/site-packages/airflow/example_dags/example_setup_teardown_taskflow.py
[2023-09-24T05:15:02.469+0000] {processor.py:839} INFO - DAG(s) dict_keys(['example_setup_teardown_taskflow']) retrieved from /home/airflow/.local/lib/python3.8/site-packages/airflow/example_dags/example_setup_teardown_taskflow.py
[2023-09-24T05:15:02.527+0000] {logging_mixin.py:151} INFO - [2023-09-24T05:15:02.526+0000] {dag.py:2915} INFO - Sync 1 DAGs
[2023-09-24T05:15:02.592+0000] {logging_mixin.py:151} INFO - [2023-09-24T05:15:02.592+0000] {dag.py:3696} INFO - Setting next_dagrun for example_setup_teardown_taskflow to 2023-09-23T05:15:02.591934+00:00, run_after=2023-09-24T05:15:02.591934+00:00
[2023-09-24T05:15:02.634+0000] {processor.py:179} INFO - Processing /home/airflow/.local/lib/python3.8/site-packages/airflow/example_dags/example_setup_teardown_taskflow.py took 0.203 seconds
