[2023-09-24T05:00:02.700+0000] {processor.py:157} INFO - Started process (PID=32) to work on /home/airflow/.local/lib/python3.8/site-packages/airflow/example_dags/example_branch_datetime_operator.py
[2023-09-24T05:00:02.727+0000] {processor.py:829} INFO - Processing file /home/airflow/.local/lib/python3.8/site-packages/airflow/example_dags/example_branch_datetime_operator.py for tasks to queue
[2023-09-24T05:00:02.759+0000] {logging_mixin.py:151} INFO - [2023-09-24T05:00:02.754+0000] {dagbag.py:539} INFO - Filling up the DagBag from /home/airflow/.local/lib/python3.8/site-packages/airflow/example_dags/example_branch_datetime_operator.py
[2023-09-24T05:00:03.278+0000] {processor.py:839} INFO - DAG(s) dict_keys(['example_branch_datetime_operator_3', 'example_branch_datetime_operator', 'example_branch_datetime_operator_2']) retrieved from /home/airflow/.local/lib/python3.8/site-packages/airflow/example_dags/example_branch_datetime_operator.py
[2023-09-24T05:00:03.788+0000] {logging_mixin.py:151} INFO - [2023-09-24T05:00:03.788+0000] {manager.py:499} INFO - Created Permission View: %s
[2023-09-24T05:00:03.816+0000] {logging_mixin.py:151} INFO - [2023-09-24T05:00:03.815+0000] {manager.py:499} INFO - Created Permission View: %s
[2023-09-24T05:00:03.827+0000] {logging_mixin.py:151} INFO - [2023-09-24T05:00:03.826+0000] {manager.py:499} INFO - Created Permission View: %s
[2023-09-24T05:00:03.827+0000] {logging_mixin.py:151} INFO - [2023-09-24T05:00:03.827+0000] {security.py:708} INFO - Not syncing DAG-level permissions for DAG 'DAG:example_branch_datetime_operator_3' as access control is unset.
[2023-09-24T05:00:03.854+0000] {logging_mixin.py:151} INFO - [2023-09-24T05:00:03.854+0000] {manager.py:499} INFO - Created Permission View: %s
[2023-09-24T05:00:03.866+0000] {logging_mixin.py:151} INFO - [2023-09-24T05:00:03.865+0000] {manager.py:499} INFO - Created Permission View: %s
[2023-09-24T05:00:03.882+0000] {logging_mixin.py:151} INFO - [2023-09-24T05:00:03.881+0000] {manager.py:499} INFO - Created Permission View: %s
[2023-09-24T05:00:03.882+0000] {logging_mixin.py:151} INFO - [2023-09-24T05:00:03.882+0000] {security.py:708} INFO - Not syncing DAG-level permissions for DAG 'DAG:example_branch_datetime_operator' as access control is unset.
[2023-09-24T05:00:03.923+0000] {logging_mixin.py:151} INFO - [2023-09-24T05:00:03.923+0000] {manager.py:499} INFO - Created Permission View: %s
[2023-09-24T05:00:03.934+0000] {logging_mixin.py:151} INFO - [2023-09-24T05:00:03.934+0000] {manager.py:499} INFO - Created Permission View: %s
[2023-09-24T05:00:03.945+0000] {logging_mixin.py:151} INFO - [2023-09-24T05:00:03.944+0000] {manager.py:499} INFO - Created Permission View: %s
[2023-09-24T05:00:03.945+0000] {logging_mixin.py:151} INFO - [2023-09-24T05:00:03.945+0000] {security.py:708} INFO - Not syncing DAG-level permissions for DAG 'DAG:example_branch_datetime_operator_2' as access control is unset.
[2023-09-24T05:00:03.946+0000] {logging_mixin.py:151} INFO - [2023-09-24T05:00:03.946+0000] {dag.py:2915} INFO - Sync 3 DAGs
[2023-09-24T05:00:03.971+0000] {logging_mixin.py:151} INFO - [2023-09-24T05:00:03.970+0000] {dag.py:2937} INFO - Creating ORM DAG for example_branch_datetime_operator
[2023-09-24T05:00:03.972+0000] {logging_mixin.py:151} INFO - [2023-09-24T05:00:03.971+0000] {dag.py:2937} INFO - Creating ORM DAG for example_branch_datetime_operator_2
[2023-09-24T05:00:03.973+0000] {logging_mixin.py:151} INFO - [2023-09-24T05:00:03.972+0000] {dag.py:2937} INFO - Creating ORM DAG for example_branch_datetime_operator_3
[2023-09-24T05:00:04.010+0000] {logging_mixin.py:151} INFO - [2023-09-24T05:00:04.009+0000] {dag.py:3696} INFO - Setting next_dagrun for example_branch_datetime_operator to 2023-09-23T00:00:00+00:00, run_after=2023-09-24T00:00:00+00:00
[2023-09-24T05:00:04.021+0000] {logging_mixin.py:151} INFO - [2023-09-24T05:00:04.021+0000] {dag.py:3696} INFO - Setting next_dagrun for example_branch_datetime_operator_2 to 2023-09-23T00:00:00+00:00, run_after=2023-09-24T00:00:00+00:00
[2023-09-24T05:00:04.032+0000] {logging_mixin.py:151} INFO - [2023-09-24T05:00:04.031+0000] {dag.py:3696} INFO - Setting next_dagrun for example_branch_datetime_operator_3 to 2023-09-23T00:00:00+00:00, run_after=2023-09-24T00:00:00+00:00
[2023-09-24T05:00:04.086+0000] {processor.py:179} INFO - Processing /home/airflow/.local/lib/python3.8/site-packages/airflow/example_dags/example_branch_datetime_operator.py took 1.434 seconds
[2023-09-24T05:00:34.258+0000] {processor.py:157} INFO - Started process (PID=85) to work on /home/airflow/.local/lib/python3.8/site-packages/airflow/example_dags/example_branch_datetime_operator.py
[2023-09-24T05:00:34.258+0000] {processor.py:829} INFO - Processing file /home/airflow/.local/lib/python3.8/site-packages/airflow/example_dags/example_branch_datetime_operator.py for tasks to queue
[2023-09-24T05:00:34.267+0000] {logging_mixin.py:151} INFO - [2023-09-24T05:00:34.267+0000] {dagbag.py:539} INFO - Filling up the DagBag from /home/airflow/.local/lib/python3.8/site-packages/airflow/example_dags/example_branch_datetime_operator.py
[2023-09-24T05:00:34.285+0000] {processor.py:839} INFO - DAG(s) dict_keys(['example_branch_datetime_operator_3', 'example_branch_datetime_operator', 'example_branch_datetime_operator_2']) retrieved from /home/airflow/.local/lib/python3.8/site-packages/airflow/example_dags/example_branch_datetime_operator.py
[2023-09-24T05:00:34.326+0000] {logging_mixin.py:151} INFO - [2023-09-24T05:00:34.326+0000] {dag.py:2915} INFO - Sync 3 DAGs
[2023-09-24T05:00:34.365+0000] {logging_mixin.py:151} INFO - [2023-09-24T05:00:34.365+0000] {dag.py:3696} INFO - Setting next_dagrun for example_branch_datetime_operator to 2023-09-23T00:00:00+00:00, run_after=2023-09-24T00:00:00+00:00
[2023-09-24T05:00:34.373+0000] {logging_mixin.py:151} INFO - [2023-09-24T05:00:34.373+0000] {dag.py:3696} INFO - Setting next_dagrun for example_branch_datetime_operator_2 to 2023-09-23T00:00:00+00:00, run_after=2023-09-24T00:00:00+00:00
[2023-09-24T05:00:34.378+0000] {logging_mixin.py:151} INFO - [2023-09-24T05:00:34.378+0000] {dag.py:3696} INFO - Setting next_dagrun for example_branch_datetime_operator_3 to 2023-09-23T00:00:00+00:00, run_after=2023-09-24T00:00:00+00:00
[2023-09-24T05:00:34.401+0000] {processor.py:179} INFO - Processing /home/airflow/.local/lib/python3.8/site-packages/airflow/example_dags/example_branch_datetime_operator.py took 0.148 seconds
[2023-09-24T05:01:04.561+0000] {processor.py:157} INFO - Started process (PID=139) to work on /home/airflow/.local/lib/python3.8/site-packages/airflow/example_dags/example_branch_datetime_operator.py
[2023-09-24T05:01:04.562+0000] {processor.py:829} INFO - Processing file /home/airflow/.local/lib/python3.8/site-packages/airflow/example_dags/example_branch_datetime_operator.py for tasks to queue
[2023-09-24T05:01:04.565+0000] {logging_mixin.py:151} INFO - [2023-09-24T05:01:04.564+0000] {dagbag.py:539} INFO - Filling up the DagBag from /home/airflow/.local/lib/python3.8/site-packages/airflow/example_dags/example_branch_datetime_operator.py
[2023-09-24T05:01:04.582+0000] {processor.py:839} INFO - DAG(s) dict_keys(['example_branch_datetime_operator', 'example_branch_datetime_operator_2', 'example_branch_datetime_operator_3']) retrieved from /home/airflow/.local/lib/python3.8/site-packages/airflow/example_dags/example_branch_datetime_operator.py
[2023-09-24T05:01:04.629+0000] {logging_mixin.py:151} INFO - [2023-09-24T05:01:04.629+0000] {dag.py:2915} INFO - Sync 3 DAGs
[2023-09-24T05:01:04.669+0000] {logging_mixin.py:151} INFO - [2023-09-24T05:01:04.669+0000] {dag.py:3696} INFO - Setting next_dagrun for example_branch_datetime_operator to 2023-09-23T00:00:00+00:00, run_after=2023-09-24T00:00:00+00:00
[2023-09-24T05:01:04.677+0000] {logging_mixin.py:151} INFO - [2023-09-24T05:01:04.677+0000] {dag.py:3696} INFO - Setting next_dagrun for example_branch_datetime_operator_2 to 2023-09-23T00:00:00+00:00, run_after=2023-09-24T00:00:00+00:00
[2023-09-24T05:01:04.682+0000] {logging_mixin.py:151} INFO - [2023-09-24T05:01:04.682+0000] {dag.py:3696} INFO - Setting next_dagrun for example_branch_datetime_operator_3 to 2023-09-23T00:00:00+00:00, run_after=2023-09-24T00:00:00+00:00
[2023-09-24T05:01:04.705+0000] {processor.py:179} INFO - Processing /home/airflow/.local/lib/python3.8/site-packages/airflow/example_dags/example_branch_datetime_operator.py took 0.150 seconds
[2023-09-24T05:01:34.774+0000] {processor.py:157} INFO - Started process (PID=193) to work on /home/airflow/.local/lib/python3.8/site-packages/airflow/example_dags/example_branch_datetime_operator.py
[2023-09-24T05:01:34.776+0000] {processor.py:829} INFO - Processing file /home/airflow/.local/lib/python3.8/site-packages/airflow/example_dags/example_branch_datetime_operator.py for tasks to queue
[2023-09-24T05:01:34.779+0000] {logging_mixin.py:151} INFO - [2023-09-24T05:01:34.779+0000] {dagbag.py:539} INFO - Filling up the DagBag from /home/airflow/.local/lib/python3.8/site-packages/airflow/example_dags/example_branch_datetime_operator.py
[2023-09-24T05:01:34.802+0000] {processor.py:839} INFO - DAG(s) dict_keys(['example_branch_datetime_operator_2', 'example_branch_datetime_operator_3', 'example_branch_datetime_operator']) retrieved from /home/airflow/.local/lib/python3.8/site-packages/airflow/example_dags/example_branch_datetime_operator.py
[2023-09-24T05:01:34.850+0000] {logging_mixin.py:151} INFO - [2023-09-24T05:01:34.850+0000] {dag.py:2915} INFO - Sync 3 DAGs
[2023-09-24T05:01:34.890+0000] {logging_mixin.py:151} INFO - [2023-09-24T05:01:34.890+0000] {dag.py:3696} INFO - Setting next_dagrun for example_branch_datetime_operator to 2023-09-23T00:00:00+00:00, run_after=2023-09-24T00:00:00+00:00
[2023-09-24T05:01:34.898+0000] {logging_mixin.py:151} INFO - [2023-09-24T05:01:34.898+0000] {dag.py:3696} INFO - Setting next_dagrun for example_branch_datetime_operator_2 to 2023-09-23T00:00:00+00:00, run_after=2023-09-24T00:00:00+00:00
[2023-09-24T05:01:34.903+0000] {logging_mixin.py:151} INFO - [2023-09-24T05:01:34.903+0000] {dag.py:3696} INFO - Setting next_dagrun for example_branch_datetime_operator_3 to 2023-09-23T00:00:00+00:00, run_after=2023-09-24T00:00:00+00:00
[2023-09-24T05:01:34.925+0000] {processor.py:179} INFO - Processing /home/airflow/.local/lib/python3.8/site-packages/airflow/example_dags/example_branch_datetime_operator.py took 0.166 seconds
[2023-09-24T05:02:04.981+0000] {processor.py:157} INFO - Started process (PID=247) to work on /home/airflow/.local/lib/python3.8/site-packages/airflow/example_dags/example_branch_datetime_operator.py
[2023-09-24T05:02:04.982+0000] {processor.py:829} INFO - Processing file /home/airflow/.local/lib/python3.8/site-packages/airflow/example_dags/example_branch_datetime_operator.py for tasks to queue
[2023-09-24T05:02:04.985+0000] {logging_mixin.py:151} INFO - [2023-09-24T05:02:04.985+0000] {dagbag.py:539} INFO - Filling up the DagBag from /home/airflow/.local/lib/python3.8/site-packages/airflow/example_dags/example_branch_datetime_operator.py
[2023-09-24T05:02:05.003+0000] {processor.py:839} INFO - DAG(s) dict_keys(['example_branch_datetime_operator_3', 'example_branch_datetime_operator_2', 'example_branch_datetime_operator']) retrieved from /home/airflow/.local/lib/python3.8/site-packages/airflow/example_dags/example_branch_datetime_operator.py
[2023-09-24T05:02:05.059+0000] {logging_mixin.py:151} INFO - [2023-09-24T05:02:05.059+0000] {dag.py:2915} INFO - Sync 3 DAGs
[2023-09-24T05:02:05.101+0000] {logging_mixin.py:151} INFO - [2023-09-24T05:02:05.101+0000] {dag.py:3696} INFO - Setting next_dagrun for example_branch_datetime_operator to 2023-09-23T00:00:00+00:00, run_after=2023-09-24T00:00:00+00:00
[2023-09-24T05:02:05.110+0000] {logging_mixin.py:151} INFO - [2023-09-24T05:02:05.109+0000] {dag.py:3696} INFO - Setting next_dagrun for example_branch_datetime_operator_2 to 2023-09-23T00:00:00+00:00, run_after=2023-09-24T00:00:00+00:00
[2023-09-24T05:02:05.115+0000] {logging_mixin.py:151} INFO - [2023-09-24T05:02:05.115+0000] {dag.py:3696} INFO - Setting next_dagrun for example_branch_datetime_operator_3 to 2023-09-23T00:00:00+00:00, run_after=2023-09-24T00:00:00+00:00
[2023-09-24T05:02:05.138+0000] {processor.py:179} INFO - Processing /home/airflow/.local/lib/python3.8/site-packages/airflow/example_dags/example_branch_datetime_operator.py took 0.162 seconds
[2023-09-24T05:02:35.190+0000] {processor.py:157} INFO - Started process (PID=301) to work on /home/airflow/.local/lib/python3.8/site-packages/airflow/example_dags/example_branch_datetime_operator.py
[2023-09-24T05:02:35.190+0000] {processor.py:829} INFO - Processing file /home/airflow/.local/lib/python3.8/site-packages/airflow/example_dags/example_branch_datetime_operator.py for tasks to queue
[2023-09-24T05:02:35.193+0000] {logging_mixin.py:151} INFO - [2023-09-24T05:02:35.193+0000] {dagbag.py:539} INFO - Filling up the DagBag from /home/airflow/.local/lib/python3.8/site-packages/airflow/example_dags/example_branch_datetime_operator.py
[2023-09-24T05:02:35.210+0000] {processor.py:839} INFO - DAG(s) dict_keys(['example_branch_datetime_operator', 'example_branch_datetime_operator_2', 'example_branch_datetime_operator_3']) retrieved from /home/airflow/.local/lib/python3.8/site-packages/airflow/example_dags/example_branch_datetime_operator.py
[2023-09-24T05:02:35.260+0000] {logging_mixin.py:151} INFO - [2023-09-24T05:02:35.259+0000] {dag.py:2915} INFO - Sync 3 DAGs
[2023-09-24T05:02:35.303+0000] {logging_mixin.py:151} INFO - [2023-09-24T05:02:35.303+0000] {dag.py:3696} INFO - Setting next_dagrun for example_branch_datetime_operator to 2023-09-23T00:00:00+00:00, run_after=2023-09-24T00:00:00+00:00
[2023-09-24T05:02:35.312+0000] {logging_mixin.py:151} INFO - [2023-09-24T05:02:35.311+0000] {dag.py:3696} INFO - Setting next_dagrun for example_branch_datetime_operator_2 to 2023-09-23T00:00:00+00:00, run_after=2023-09-24T00:00:00+00:00
[2023-09-24T05:02:35.319+0000] {logging_mixin.py:151} INFO - [2023-09-24T05:02:35.317+0000] {dag.py:3696} INFO - Setting next_dagrun for example_branch_datetime_operator_3 to 2023-09-23T00:00:00+00:00, run_after=2023-09-24T00:00:00+00:00
[2023-09-24T05:02:35.343+0000] {processor.py:179} INFO - Processing /home/airflow/.local/lib/python3.8/site-packages/airflow/example_dags/example_branch_datetime_operator.py took 0.158 seconds
[2023-09-24T05:03:05.907+0000] {processor.py:157} INFO - Started process (PID=355) to work on /home/airflow/.local/lib/python3.8/site-packages/airflow/example_dags/example_branch_datetime_operator.py
[2023-09-24T05:03:05.909+0000] {processor.py:829} INFO - Processing file /home/airflow/.local/lib/python3.8/site-packages/airflow/example_dags/example_branch_datetime_operator.py for tasks to queue
[2023-09-24T05:03:05.911+0000] {logging_mixin.py:151} INFO - [2023-09-24T05:03:05.911+0000] {dagbag.py:539} INFO - Filling up the DagBag from /home/airflow/.local/lib/python3.8/site-packages/airflow/example_dags/example_branch_datetime_operator.py
[2023-09-24T05:03:05.934+0000] {processor.py:839} INFO - DAG(s) dict_keys(['example_branch_datetime_operator_3', 'example_branch_datetime_operator_2', 'example_branch_datetime_operator']) retrieved from /home/airflow/.local/lib/python3.8/site-packages/airflow/example_dags/example_branch_datetime_operator.py
[2023-09-24T05:03:05.979+0000] {logging_mixin.py:151} INFO - [2023-09-24T05:03:05.979+0000] {dag.py:2915} INFO - Sync 3 DAGs
[2023-09-24T05:03:06.019+0000] {logging_mixin.py:151} INFO - [2023-09-24T05:03:06.018+0000] {dag.py:3696} INFO - Setting next_dagrun for example_branch_datetime_operator to 2023-09-23T00:00:00+00:00, run_after=2023-09-24T00:00:00+00:00
[2023-09-24T05:03:06.027+0000] {logging_mixin.py:151} INFO - [2023-09-24T05:03:06.026+0000] {dag.py:3696} INFO - Setting next_dagrun for example_branch_datetime_operator_2 to 2023-09-23T00:00:00+00:00, run_after=2023-09-24T00:00:00+00:00
[2023-09-24T05:03:06.032+0000] {logging_mixin.py:151} INFO - [2023-09-24T05:03:06.031+0000] {dag.py:3696} INFO - Setting next_dagrun for example_branch_datetime_operator_3 to 2023-09-23T00:00:00+00:00, run_after=2023-09-24T00:00:00+00:00
[2023-09-24T05:03:06.055+0000] {processor.py:179} INFO - Processing /home/airflow/.local/lib/python3.8/site-packages/airflow/example_dags/example_branch_datetime_operator.py took 0.152 seconds
[2023-09-24T05:03:36.633+0000] {processor.py:157} INFO - Started process (PID=410) to work on /home/airflow/.local/lib/python3.8/site-packages/airflow/example_dags/example_branch_datetime_operator.py
[2023-09-24T05:03:36.635+0000] {processor.py:829} INFO - Processing file /home/airflow/.local/lib/python3.8/site-packages/airflow/example_dags/example_branch_datetime_operator.py for tasks to queue
[2023-09-24T05:03:36.640+0000] {logging_mixin.py:151} INFO - [2023-09-24T05:03:36.639+0000] {dagbag.py:539} INFO - Filling up the DagBag from /home/airflow/.local/lib/python3.8/site-packages/airflow/example_dags/example_branch_datetime_operator.py
[2023-09-24T05:03:36.663+0000] {processor.py:839} INFO - DAG(s) dict_keys(['example_branch_datetime_operator_2', 'example_branch_datetime_operator', 'example_branch_datetime_operator_3']) retrieved from /home/airflow/.local/lib/python3.8/site-packages/airflow/example_dags/example_branch_datetime_operator.py
[2023-09-24T05:03:36.709+0000] {logging_mixin.py:151} INFO - [2023-09-24T05:03:36.709+0000] {dag.py:2915} INFO - Sync 3 DAGs
[2023-09-24T05:03:36.751+0000] {logging_mixin.py:151} INFO - [2023-09-24T05:03:36.750+0000] {dag.py:3696} INFO - Setting next_dagrun for example_branch_datetime_operator to 2023-09-23T00:00:00+00:00, run_after=2023-09-24T00:00:00+00:00
[2023-09-24T05:03:36.759+0000] {logging_mixin.py:151} INFO - [2023-09-24T05:03:36.759+0000] {dag.py:3696} INFO - Setting next_dagrun for example_branch_datetime_operator_2 to 2023-09-23T00:00:00+00:00, run_after=2023-09-24T00:00:00+00:00
[2023-09-24T05:03:36.764+0000] {logging_mixin.py:151} INFO - [2023-09-24T05:03:36.764+0000] {dag.py:3696} INFO - Setting next_dagrun for example_branch_datetime_operator_3 to 2023-09-23T00:00:00+00:00, run_after=2023-09-24T00:00:00+00:00
[2023-09-24T05:03:36.786+0000] {processor.py:179} INFO - Processing /home/airflow/.local/lib/python3.8/site-packages/airflow/example_dags/example_branch_datetime_operator.py took 0.162 seconds
[2023-09-24T05:04:07.317+0000] {processor.py:157} INFO - Started process (PID=470) to work on /home/airflow/.local/lib/python3.8/site-packages/airflow/example_dags/example_branch_datetime_operator.py
[2023-09-24T05:04:07.318+0000] {processor.py:829} INFO - Processing file /home/airflow/.local/lib/python3.8/site-packages/airflow/example_dags/example_branch_datetime_operator.py for tasks to queue
[2023-09-24T05:04:07.320+0000] {logging_mixin.py:151} INFO - [2023-09-24T05:04:07.320+0000] {dagbag.py:539} INFO - Filling up the DagBag from /home/airflow/.local/lib/python3.8/site-packages/airflow/example_dags/example_branch_datetime_operator.py
[2023-09-24T05:04:07.341+0000] {processor.py:839} INFO - DAG(s) dict_keys(['example_branch_datetime_operator_2', 'example_branch_datetime_operator_3', 'example_branch_datetime_operator']) retrieved from /home/airflow/.local/lib/python3.8/site-packages/airflow/example_dags/example_branch_datetime_operator.py
[2023-09-24T05:04:07.387+0000] {logging_mixin.py:151} INFO - [2023-09-24T05:04:07.387+0000] {dag.py:2915} INFO - Sync 3 DAGs
[2023-09-24T05:04:07.426+0000] {logging_mixin.py:151} INFO - [2023-09-24T05:04:07.426+0000] {dag.py:3696} INFO - Setting next_dagrun for example_branch_datetime_operator to 2023-09-23T00:00:00+00:00, run_after=2023-09-24T00:00:00+00:00
[2023-09-24T05:04:07.435+0000] {logging_mixin.py:151} INFO - [2023-09-24T05:04:07.435+0000] {dag.py:3696} INFO - Setting next_dagrun for example_branch_datetime_operator_2 to 2023-09-23T00:00:00+00:00, run_after=2023-09-24T00:00:00+00:00
[2023-09-24T05:04:07.440+0000] {logging_mixin.py:151} INFO - [2023-09-24T05:04:07.439+0000] {dag.py:3696} INFO - Setting next_dagrun for example_branch_datetime_operator_3 to 2023-09-23T00:00:00+00:00, run_after=2023-09-24T00:00:00+00:00
[2023-09-24T05:04:07.472+0000] {processor.py:179} INFO - Processing /home/airflow/.local/lib/python3.8/site-packages/airflow/example_dags/example_branch_datetime_operator.py took 0.160 seconds
[2023-09-24T05:09:55.089+0000] {processor.py:157} INFO - Started process (PID=32) to work on /home/airflow/.local/lib/python3.8/site-packages/airflow/example_dags/example_branch_datetime_operator.py
[2023-09-24T05:09:55.090+0000] {processor.py:829} INFO - Processing file /home/airflow/.local/lib/python3.8/site-packages/airflow/example_dags/example_branch_datetime_operator.py for tasks to queue
[2023-09-24T05:09:55.095+0000] {logging_mixin.py:151} INFO - [2023-09-24T05:09:55.094+0000] {dagbag.py:539} INFO - Filling up the DagBag from /home/airflow/.local/lib/python3.8/site-packages/airflow/example_dags/example_branch_datetime_operator.py
[2023-09-24T05:09:55.140+0000] {processor.py:839} INFO - DAG(s) dict_keys(['example_branch_datetime_operator', 'example_branch_datetime_operator_3', 'example_branch_datetime_operator_2']) retrieved from /home/airflow/.local/lib/python3.8/site-packages/airflow/example_dags/example_branch_datetime_operator.py
[2023-09-24T05:09:55.256+0000] {logging_mixin.py:151} INFO - [2023-09-24T05:09:55.256+0000] {dag.py:2915} INFO - Sync 3 DAGs
[2023-09-24T05:09:55.308+0000] {logging_mixin.py:151} INFO - [2023-09-24T05:09:55.307+0000] {dag.py:3696} INFO - Setting next_dagrun for example_branch_datetime_operator to 2023-09-23T00:00:00+00:00, run_after=2023-09-24T00:00:00+00:00
[2023-09-24T05:09:55.319+0000] {logging_mixin.py:151} INFO - [2023-09-24T05:09:55.318+0000] {dag.py:3696} INFO - Setting next_dagrun for example_branch_datetime_operator_2 to 2023-09-23T00:00:00+00:00, run_after=2023-09-24T00:00:00+00:00
[2023-09-24T05:09:55.325+0000] {logging_mixin.py:151} INFO - [2023-09-24T05:09:55.325+0000] {dag.py:3696} INFO - Setting next_dagrun for example_branch_datetime_operator_3 to 2023-09-23T00:00:00+00:00, run_after=2023-09-24T00:00:00+00:00
[2023-09-24T05:09:55.356+0000] {processor.py:179} INFO - Processing /home/airflow/.local/lib/python3.8/site-packages/airflow/example_dags/example_branch_datetime_operator.py took 0.281 seconds
[2023-09-24T05:10:26.098+0000] {processor.py:157} INFO - Started process (PID=85) to work on /home/airflow/.local/lib/python3.8/site-packages/airflow/example_dags/example_branch_datetime_operator.py
[2023-09-24T05:10:26.100+0000] {processor.py:829} INFO - Processing file /home/airflow/.local/lib/python3.8/site-packages/airflow/example_dags/example_branch_datetime_operator.py for tasks to queue
[2023-09-24T05:10:26.103+0000] {logging_mixin.py:151} INFO - [2023-09-24T05:10:26.103+0000] {dagbag.py:539} INFO - Filling up the DagBag from /home/airflow/.local/lib/python3.8/site-packages/airflow/example_dags/example_branch_datetime_operator.py
[2023-09-24T05:10:26.122+0000] {processor.py:839} INFO - DAG(s) dict_keys(['example_branch_datetime_operator', 'example_branch_datetime_operator_2', 'example_branch_datetime_operator_3']) retrieved from /home/airflow/.local/lib/python3.8/site-packages/airflow/example_dags/example_branch_datetime_operator.py
[2023-09-24T05:10:26.165+0000] {logging_mixin.py:151} INFO - [2023-09-24T05:10:26.165+0000] {dag.py:2915} INFO - Sync 3 DAGs
[2023-09-24T05:10:26.212+0000] {logging_mixin.py:151} INFO - [2023-09-24T05:10:26.212+0000] {dag.py:3696} INFO - Setting next_dagrun for example_branch_datetime_operator to 2023-09-23T00:00:00+00:00, run_after=2023-09-24T00:00:00+00:00
[2023-09-24T05:10:26.220+0000] {logging_mixin.py:151} INFO - [2023-09-24T05:10:26.220+0000] {dag.py:3696} INFO - Setting next_dagrun for example_branch_datetime_operator_2 to 2023-09-23T00:00:00+00:00, run_after=2023-09-24T00:00:00+00:00
[2023-09-24T05:10:26.225+0000] {logging_mixin.py:151} INFO - [2023-09-24T05:10:26.225+0000] {dag.py:3696} INFO - Setting next_dagrun for example_branch_datetime_operator_3 to 2023-09-23T00:00:00+00:00, run_after=2023-09-24T00:00:00+00:00
[2023-09-24T05:10:26.256+0000] {processor.py:179} INFO - Processing /home/airflow/.local/lib/python3.8/site-packages/airflow/example_dags/example_branch_datetime_operator.py took 0.164 seconds
[2023-09-24T05:10:56.364+0000] {processor.py:157} INFO - Started process (PID=138) to work on /home/airflow/.local/lib/python3.8/site-packages/airflow/example_dags/example_branch_datetime_operator.py
[2023-09-24T05:10:56.365+0000] {processor.py:829} INFO - Processing file /home/airflow/.local/lib/python3.8/site-packages/airflow/example_dags/example_branch_datetime_operator.py for tasks to queue
[2023-09-24T05:10:56.368+0000] {logging_mixin.py:151} INFO - [2023-09-24T05:10:56.367+0000] {dagbag.py:539} INFO - Filling up the DagBag from /home/airflow/.local/lib/python3.8/site-packages/airflow/example_dags/example_branch_datetime_operator.py
[2023-09-24T05:10:56.388+0000] {processor.py:839} INFO - DAG(s) dict_keys(['example_branch_datetime_operator_2', 'example_branch_datetime_operator', 'example_branch_datetime_operator_3']) retrieved from /home/airflow/.local/lib/python3.8/site-packages/airflow/example_dags/example_branch_datetime_operator.py
[2023-09-24T05:10:56.440+0000] {logging_mixin.py:151} INFO - [2023-09-24T05:10:56.439+0000] {dag.py:2915} INFO - Sync 3 DAGs
[2023-09-24T05:10:56.489+0000] {logging_mixin.py:151} INFO - [2023-09-24T05:10:56.489+0000] {dag.py:3696} INFO - Setting next_dagrun for example_branch_datetime_operator to 2023-09-23T00:00:00+00:00, run_after=2023-09-24T00:00:00+00:00
[2023-09-24T05:10:56.498+0000] {logging_mixin.py:151} INFO - [2023-09-24T05:10:56.498+0000] {dag.py:3696} INFO - Setting next_dagrun for example_branch_datetime_operator_2 to 2023-09-23T00:00:00+00:00, run_after=2023-09-24T00:00:00+00:00
[2023-09-24T05:10:56.503+0000] {logging_mixin.py:151} INFO - [2023-09-24T05:10:56.503+0000] {dag.py:3696} INFO - Setting next_dagrun for example_branch_datetime_operator_3 to 2023-09-23T00:00:00+00:00, run_after=2023-09-24T00:00:00+00:00
[2023-09-24T05:10:56.533+0000] {processor.py:179} INFO - Processing /home/airflow/.local/lib/python3.8/site-packages/airflow/example_dags/example_branch_datetime_operator.py took 0.174 seconds
[2023-09-24T05:11:26.817+0000] {processor.py:157} INFO - Started process (PID=192) to work on /home/airflow/.local/lib/python3.8/site-packages/airflow/example_dags/example_branch_datetime_operator.py
[2023-09-24T05:11:26.818+0000] {processor.py:829} INFO - Processing file /home/airflow/.local/lib/python3.8/site-packages/airflow/example_dags/example_branch_datetime_operator.py for tasks to queue
[2023-09-24T05:11:26.821+0000] {logging_mixin.py:151} INFO - [2023-09-24T05:11:26.821+0000] {dagbag.py:539} INFO - Filling up the DagBag from /home/airflow/.local/lib/python3.8/site-packages/airflow/example_dags/example_branch_datetime_operator.py
[2023-09-24T05:11:26.841+0000] {processor.py:839} INFO - DAG(s) dict_keys(['example_branch_datetime_operator', 'example_branch_datetime_operator_2', 'example_branch_datetime_operator_3']) retrieved from /home/airflow/.local/lib/python3.8/site-packages/airflow/example_dags/example_branch_datetime_operator.py
[2023-09-24T05:11:26.898+0000] {logging_mixin.py:151} INFO - [2023-09-24T05:11:26.898+0000] {dag.py:2915} INFO - Sync 3 DAGs
[2023-09-24T05:11:26.951+0000] {logging_mixin.py:151} INFO - [2023-09-24T05:11:26.950+0000] {dag.py:3696} INFO - Setting next_dagrun for example_branch_datetime_operator to 2023-09-23T00:00:00+00:00, run_after=2023-09-24T00:00:00+00:00
[2023-09-24T05:11:26.966+0000] {logging_mixin.py:151} INFO - [2023-09-24T05:11:26.966+0000] {dag.py:3696} INFO - Setting next_dagrun for example_branch_datetime_operator_2 to 2023-09-23T00:00:00+00:00, run_after=2023-09-24T00:00:00+00:00
[2023-09-24T05:11:26.975+0000] {logging_mixin.py:151} INFO - [2023-09-24T05:11:26.975+0000] {dag.py:3696} INFO - Setting next_dagrun for example_branch_datetime_operator_3 to 2023-09-23T00:00:00+00:00, run_after=2023-09-24T00:00:00+00:00
[2023-09-24T05:11:27.030+0000] {processor.py:179} INFO - Processing /home/airflow/.local/lib/python3.8/site-packages/airflow/example_dags/example_branch_datetime_operator.py took 0.219 seconds
[2023-09-24T05:11:57.875+0000] {processor.py:157} INFO - Started process (PID=255) to work on /home/airflow/.local/lib/python3.8/site-packages/airflow/example_dags/example_branch_datetime_operator.py
[2023-09-24T05:11:57.876+0000] {processor.py:829} INFO - Processing file /home/airflow/.local/lib/python3.8/site-packages/airflow/example_dags/example_branch_datetime_operator.py for tasks to queue
[2023-09-24T05:11:57.881+0000] {logging_mixin.py:151} INFO - [2023-09-24T05:11:57.881+0000] {dagbag.py:539} INFO - Filling up the DagBag from /home/airflow/.local/lib/python3.8/site-packages/airflow/example_dags/example_branch_datetime_operator.py
[2023-09-24T05:11:57.925+0000] {processor.py:839} INFO - DAG(s) dict_keys(['example_branch_datetime_operator_3', 'example_branch_datetime_operator_2', 'example_branch_datetime_operator']) retrieved from /home/airflow/.local/lib/python3.8/site-packages/airflow/example_dags/example_branch_datetime_operator.py
[2023-09-24T05:11:58.133+0000] {logging_mixin.py:151} INFO - [2023-09-24T05:11:58.132+0000] {dag.py:2915} INFO - Sync 3 DAGs
[2023-09-24T05:11:58.260+0000] {logging_mixin.py:151} INFO - [2023-09-24T05:11:58.259+0000] {dag.py:3696} INFO - Setting next_dagrun for example_branch_datetime_operator to 2023-09-23T00:00:00+00:00, run_after=2023-09-24T00:00:00+00:00
[2023-09-24T05:11:58.279+0000] {logging_mixin.py:151} INFO - [2023-09-24T05:11:58.278+0000] {dag.py:3696} INFO - Setting next_dagrun for example_branch_datetime_operator_2 to 2023-09-23T00:00:00+00:00, run_after=2023-09-24T00:00:00+00:00
[2023-09-24T05:11:58.290+0000] {logging_mixin.py:151} INFO - [2023-09-24T05:11:58.289+0000] {dag.py:3696} INFO - Setting next_dagrun for example_branch_datetime_operator_3 to 2023-09-23T00:00:00+00:00, run_after=2023-09-24T00:00:00+00:00
[2023-09-24T05:11:58.354+0000] {processor.py:179} INFO - Processing /home/airflow/.local/lib/python3.8/site-packages/airflow/example_dags/example_branch_datetime_operator.py took 0.488 seconds
[2023-09-24T05:12:28.748+0000] {processor.py:157} INFO - Started process (PID=309) to work on /home/airflow/.local/lib/python3.8/site-packages/airflow/example_dags/example_branch_datetime_operator.py
[2023-09-24T05:12:28.750+0000] {processor.py:829} INFO - Processing file /home/airflow/.local/lib/python3.8/site-packages/airflow/example_dags/example_branch_datetime_operator.py for tasks to queue
[2023-09-24T05:12:28.754+0000] {logging_mixin.py:151} INFO - [2023-09-24T05:12:28.754+0000] {dagbag.py:539} INFO - Filling up the DagBag from /home/airflow/.local/lib/python3.8/site-packages/airflow/example_dags/example_branch_datetime_operator.py
[2023-09-24T05:12:28.783+0000] {processor.py:839} INFO - DAG(s) dict_keys(['example_branch_datetime_operator_2', 'example_branch_datetime_operator_3', 'example_branch_datetime_operator']) retrieved from /home/airflow/.local/lib/python3.8/site-packages/airflow/example_dags/example_branch_datetime_operator.py
[2023-09-24T05:12:28.880+0000] {logging_mixin.py:151} INFO - [2023-09-24T05:12:28.880+0000] {dag.py:2915} INFO - Sync 3 DAGs
[2023-09-24T05:12:28.964+0000] {logging_mixin.py:151} INFO - [2023-09-24T05:12:28.964+0000] {dag.py:3696} INFO - Setting next_dagrun for example_branch_datetime_operator to 2023-09-23T00:00:00+00:00, run_after=2023-09-24T00:00:00+00:00
[2023-09-24T05:12:28.983+0000] {logging_mixin.py:151} INFO - [2023-09-24T05:12:28.983+0000] {dag.py:3696} INFO - Setting next_dagrun for example_branch_datetime_operator_2 to 2023-09-23T00:00:00+00:00, run_after=2023-09-24T00:00:00+00:00
[2023-09-24T05:12:28.995+0000] {logging_mixin.py:151} INFO - [2023-09-24T05:12:28.994+0000] {dag.py:3696} INFO - Setting next_dagrun for example_branch_datetime_operator_3 to 2023-09-23T00:00:00+00:00, run_after=2023-09-24T00:00:00+00:00
[2023-09-24T05:12:29.039+0000] {processor.py:179} INFO - Processing /home/airflow/.local/lib/python3.8/site-packages/airflow/example_dags/example_branch_datetime_operator.py took 0.297 seconds
[2023-09-24T05:12:59.335+0000] {processor.py:157} INFO - Started process (PID=363) to work on /home/airflow/.local/lib/python3.8/site-packages/airflow/example_dags/example_branch_datetime_operator.py
[2023-09-24T05:12:59.337+0000] {processor.py:829} INFO - Processing file /home/airflow/.local/lib/python3.8/site-packages/airflow/example_dags/example_branch_datetime_operator.py for tasks to queue
[2023-09-24T05:12:59.340+0000] {logging_mixin.py:151} INFO - [2023-09-24T05:12:59.339+0000] {dagbag.py:539} INFO - Filling up the DagBag from /home/airflow/.local/lib/python3.8/site-packages/airflow/example_dags/example_branch_datetime_operator.py
[2023-09-24T05:12:59.358+0000] {processor.py:839} INFO - DAG(s) dict_keys(['example_branch_datetime_operator_3', 'example_branch_datetime_operator_2', 'example_branch_datetime_operator']) retrieved from /home/airflow/.local/lib/python3.8/site-packages/airflow/example_dags/example_branch_datetime_operator.py
[2023-09-24T05:12:59.408+0000] {logging_mixin.py:151} INFO - [2023-09-24T05:12:59.408+0000] {dag.py:2915} INFO - Sync 3 DAGs
[2023-09-24T05:12:59.450+0000] {logging_mixin.py:151} INFO - [2023-09-24T05:12:59.449+0000] {dag.py:3696} INFO - Setting next_dagrun for example_branch_datetime_operator to 2023-09-23T00:00:00+00:00, run_after=2023-09-24T00:00:00+00:00
[2023-09-24T05:12:59.458+0000] {logging_mixin.py:151} INFO - [2023-09-24T05:12:59.458+0000] {dag.py:3696} INFO - Setting next_dagrun for example_branch_datetime_operator_2 to 2023-09-23T00:00:00+00:00, run_after=2023-09-24T00:00:00+00:00
[2023-09-24T05:12:59.463+0000] {logging_mixin.py:151} INFO - [2023-09-24T05:12:59.463+0000] {dag.py:3696} INFO - Setting next_dagrun for example_branch_datetime_operator_3 to 2023-09-23T00:00:00+00:00, run_after=2023-09-24T00:00:00+00:00
[2023-09-24T05:12:59.489+0000] {processor.py:179} INFO - Processing /home/airflow/.local/lib/python3.8/site-packages/airflow/example_dags/example_branch_datetime_operator.py took 0.159 seconds
[2023-09-24T05:13:48.990+0000] {processor.py:157} INFO - Started process (PID=38) to work on /home/airflow/.local/lib/python3.8/site-packages/airflow/example_dags/example_branch_datetime_operator.py
[2023-09-24T05:13:49.001+0000] {processor.py:829} INFO - Processing file /home/airflow/.local/lib/python3.8/site-packages/airflow/example_dags/example_branch_datetime_operator.py for tasks to queue
[2023-09-24T05:13:49.006+0000] {logging_mixin.py:151} INFO - [2023-09-24T05:13:49.005+0000] {dagbag.py:539} INFO - Filling up the DagBag from /home/airflow/.local/lib/python3.8/site-packages/airflow/example_dags/example_branch_datetime_operator.py
[2023-09-24T05:13:49.131+0000] {processor.py:839} INFO - DAG(s) dict_keys(['example_branch_datetime_operator_2', 'example_branch_datetime_operator_3', 'example_branch_datetime_operator']) retrieved from /home/airflow/.local/lib/python3.8/site-packages/airflow/example_dags/example_branch_datetime_operator.py
[2023-09-24T05:13:49.215+0000] {logging_mixin.py:151} INFO - [2023-09-24T05:13:49.214+0000] {dag.py:2915} INFO - Sync 3 DAGs
[2023-09-24T05:13:50.244+0000] {logging_mixin.py:151} INFO - [2023-09-24T05:13:50.243+0000] {dag.py:3696} INFO - Setting next_dagrun for example_branch_datetime_operator to 2023-09-23T00:00:00+00:00, run_after=2023-09-24T00:00:00+00:00
[2023-09-24T05:13:50.319+0000] {logging_mixin.py:151} INFO - [2023-09-24T05:13:50.319+0000] {dag.py:3696} INFO - Setting next_dagrun for example_branch_datetime_operator_2 to 2023-09-23T00:00:00+00:00, run_after=2023-09-24T00:00:00+00:00
[2023-09-24T05:13:50.368+0000] {logging_mixin.py:151} INFO - [2023-09-24T05:13:50.339+0000] {dag.py:3696} INFO - Setting next_dagrun for example_branch_datetime_operator_3 to 2023-09-23T00:00:00+00:00, run_after=2023-09-24T00:00:00+00:00
[2023-09-24T05:13:50.512+0000] {processor.py:179} INFO - Processing /home/airflow/.local/lib/python3.8/site-packages/airflow/example_dags/example_branch_datetime_operator.py took 1.537 seconds
[2023-09-24T05:14:21.183+0000] {processor.py:157} INFO - Started process (PID=93) to work on /home/airflow/.local/lib/python3.8/site-packages/airflow/example_dags/example_branch_datetime_operator.py
[2023-09-24T05:14:21.184+0000] {processor.py:829} INFO - Processing file /home/airflow/.local/lib/python3.8/site-packages/airflow/example_dags/example_branch_datetime_operator.py for tasks to queue
[2023-09-24T05:14:21.187+0000] {logging_mixin.py:151} INFO - [2023-09-24T05:14:21.187+0000] {dagbag.py:539} INFO - Filling up the DagBag from /home/airflow/.local/lib/python3.8/site-packages/airflow/example_dags/example_branch_datetime_operator.py
[2023-09-24T05:14:21.206+0000] {processor.py:839} INFO - DAG(s) dict_keys(['example_branch_datetime_operator_2', 'example_branch_datetime_operator', 'example_branch_datetime_operator_3']) retrieved from /home/airflow/.local/lib/python3.8/site-packages/airflow/example_dags/example_branch_datetime_operator.py
[2023-09-24T05:14:21.250+0000] {logging_mixin.py:151} INFO - [2023-09-24T05:14:21.249+0000] {dag.py:2915} INFO - Sync 3 DAGs
[2023-09-24T05:14:21.289+0000] {logging_mixin.py:151} INFO - [2023-09-24T05:14:21.289+0000] {dag.py:3696} INFO - Setting next_dagrun for example_branch_datetime_operator to 2023-09-23T00:00:00+00:00, run_after=2023-09-24T00:00:00+00:00
[2023-09-24T05:14:21.299+0000] {logging_mixin.py:151} INFO - [2023-09-24T05:14:21.298+0000] {dag.py:3696} INFO - Setting next_dagrun for example_branch_datetime_operator_2 to 2023-09-23T00:00:00+00:00, run_after=2023-09-24T00:00:00+00:00
[2023-09-24T05:14:21.304+0000] {logging_mixin.py:151} INFO - [2023-09-24T05:14:21.304+0000] {dag.py:3696} INFO - Setting next_dagrun for example_branch_datetime_operator_3 to 2023-09-23T00:00:00+00:00, run_after=2023-09-24T00:00:00+00:00
[2023-09-24T05:14:21.328+0000] {processor.py:179} INFO - Processing /home/airflow/.local/lib/python3.8/site-packages/airflow/example_dags/example_branch_datetime_operator.py took 0.150 seconds
[2023-09-24T05:14:51.651+0000] {processor.py:157} INFO - Started process (PID=148) to work on /home/airflow/.local/lib/python3.8/site-packages/airflow/example_dags/example_branch_datetime_operator.py
[2023-09-24T05:14:51.655+0000] {processor.py:829} INFO - Processing file /home/airflow/.local/lib/python3.8/site-packages/airflow/example_dags/example_branch_datetime_operator.py for tasks to queue
[2023-09-24T05:14:51.660+0000] {logging_mixin.py:151} INFO - [2023-09-24T05:14:51.659+0000] {dagbag.py:539} INFO - Filling up the DagBag from /home/airflow/.local/lib/python3.8/site-packages/airflow/example_dags/example_branch_datetime_operator.py
[2023-09-24T05:14:51.718+0000] {processor.py:839} INFO - DAG(s) dict_keys(['example_branch_datetime_operator_2', 'example_branch_datetime_operator_3', 'example_branch_datetime_operator']) retrieved from /home/airflow/.local/lib/python3.8/site-packages/airflow/example_dags/example_branch_datetime_operator.py
[2023-09-24T05:14:51.880+0000] {logging_mixin.py:151} INFO - [2023-09-24T05:14:51.880+0000] {dag.py:2915} INFO - Sync 3 DAGs
[2023-09-24T05:14:51.964+0000] {logging_mixin.py:151} INFO - [2023-09-24T05:14:51.963+0000] {dag.py:3696} INFO - Setting next_dagrun for example_branch_datetime_operator to 2023-09-23T00:00:00+00:00, run_after=2023-09-24T00:00:00+00:00
[2023-09-24T05:14:51.979+0000] {logging_mixin.py:151} INFO - [2023-09-24T05:14:51.978+0000] {dag.py:3696} INFO - Setting next_dagrun for example_branch_datetime_operator_2 to 2023-09-23T00:00:00+00:00, run_after=2023-09-24T00:00:00+00:00
[2023-09-24T05:14:51.987+0000] {logging_mixin.py:151} INFO - [2023-09-24T05:14:51.987+0000] {dag.py:3696} INFO - Setting next_dagrun for example_branch_datetime_operator_3 to 2023-09-23T00:00:00+00:00, run_after=2023-09-24T00:00:00+00:00
[2023-09-24T05:14:52.037+0000] {processor.py:179} INFO - Processing /home/airflow/.local/lib/python3.8/site-packages/airflow/example_dags/example_branch_datetime_operator.py took 0.404 seconds
