[2023-09-24T05:00:06.136+0000] {processor.py:157} INFO - Started process (PID=46) to work on /home/airflow/.local/lib/python3.8/site-packages/airflow/example_dags/example_datasets.py
[2023-09-24T05:00:06.137+0000] {processor.py:829} INFO - Processing file /home/airflow/.local/lib/python3.8/site-packages/airflow/example_dags/example_datasets.py for tasks to queue
[2023-09-24T05:00:06.141+0000] {logging_mixin.py:151} INFO - [2023-09-24T05:00:06.140+0000] {dagbag.py:539} INFO - Filling up the DagBag from /home/airflow/.local/lib/python3.8/site-packages/airflow/example_dags/example_datasets.py
[2023-09-24T05:00:06.165+0000] {processor.py:839} INFO - DAG(s) dict_keys(['dataset_produces_2', 'dataset_consumes_1_never_scheduled', 'dataset_consumes_unknown_never_scheduled', 'dataset_consumes_1', 'dataset_produces_1', 'dataset_consumes_1_and_2']) retrieved from /home/airflow/.local/lib/python3.8/site-packages/airflow/example_dags/example_datasets.py
[2023-09-24T05:00:06.475+0000] {logging_mixin.py:151} INFO - [2023-09-24T05:00:06.475+0000] {manager.py:499} INFO - Created Permission View: %s
[2023-09-24T05:00:06.512+0000] {logging_mixin.py:151} INFO - [2023-09-24T05:00:06.512+0000] {manager.py:499} INFO - Created Permission View: %s
[2023-09-24T05:00:06.530+0000] {logging_mixin.py:151} INFO - [2023-09-24T05:00:06.530+0000] {manager.py:499} INFO - Created Permission View: %s
[2023-09-24T05:00:06.530+0000] {logging_mixin.py:151} INFO - [2023-09-24T05:00:06.530+0000] {security.py:708} INFO - Not syncing DAG-level permissions for DAG 'DAG:dataset_produces_2' as access control is unset.
[2023-09-24T05:00:06.562+0000] {logging_mixin.py:151} INFO - [2023-09-24T05:00:06.562+0000] {manager.py:499} INFO - Created Permission View: %s
[2023-09-24T05:00:06.605+0000] {logging_mixin.py:151} INFO - [2023-09-24T05:00:06.605+0000] {manager.py:499} INFO - Created Permission View: %s
[2023-09-24T05:00:06.633+0000] {logging_mixin.py:151} INFO - [2023-09-24T05:00:06.632+0000] {manager.py:499} INFO - Created Permission View: %s
[2023-09-24T05:00:06.634+0000] {logging_mixin.py:151} INFO - [2023-09-24T05:00:06.633+0000] {security.py:708} INFO - Not syncing DAG-level permissions for DAG 'DAG:dataset_consumes_1_never_scheduled' as access control is unset.
[2023-09-24T05:00:06.673+0000] {logging_mixin.py:151} INFO - [2023-09-24T05:00:06.673+0000] {manager.py:499} INFO - Created Permission View: %s
[2023-09-24T05:00:06.719+0000] {logging_mixin.py:151} INFO - [2023-09-24T05:00:06.719+0000] {manager.py:499} INFO - Created Permission View: %s
[2023-09-24T05:00:06.743+0000] {logging_mixin.py:151} INFO - [2023-09-24T05:00:06.743+0000] {manager.py:499} INFO - Created Permission View: %s
[2023-09-24T05:00:06.744+0000] {logging_mixin.py:151} INFO - [2023-09-24T05:00:06.743+0000] {security.py:708} INFO - Not syncing DAG-level permissions for DAG 'DAG:dataset_consumes_unknown_never_scheduled' as access control is unset.
[2023-09-24T05:00:06.933+0000] {logging_mixin.py:151} INFO - [2023-09-24T05:00:06.932+0000] {manager.py:499} INFO - Created Permission View: %s
[2023-09-24T05:00:06.984+0000] {logging_mixin.py:151} INFO - [2023-09-24T05:00:06.983+0000] {manager.py:499} INFO - Created Permission View: %s
[2023-09-24T05:00:07.017+0000] {logging_mixin.py:151} INFO - [2023-09-24T05:00:07.016+0000] {manager.py:499} INFO - Created Permission View: %s
[2023-09-24T05:00:07.017+0000] {logging_mixin.py:151} INFO - [2023-09-24T05:00:07.017+0000] {security.py:708} INFO - Not syncing DAG-level permissions for DAG 'DAG:dataset_consumes_1' as access control is unset.
[2023-09-24T05:00:07.092+0000] {logging_mixin.py:151} INFO - [2023-09-24T05:00:07.092+0000] {manager.py:499} INFO - Created Permission View: %s
[2023-09-24T05:00:07.137+0000] {logging_mixin.py:151} INFO - [2023-09-24T05:00:07.137+0000] {manager.py:499} INFO - Created Permission View: %s
[2023-09-24T05:00:07.182+0000] {logging_mixin.py:151} INFO - [2023-09-24T05:00:07.181+0000] {manager.py:499} INFO - Created Permission View: %s
[2023-09-24T05:00:07.182+0000] {logging_mixin.py:151} INFO - [2023-09-24T05:00:07.182+0000] {security.py:708} INFO - Not syncing DAG-level permissions for DAG 'DAG:dataset_produces_1' as access control is unset.
[2023-09-24T05:00:07.263+0000] {logging_mixin.py:151} INFO - [2023-09-24T05:00:07.262+0000] {manager.py:499} INFO - Created Permission View: %s
[2023-09-24T05:00:07.322+0000] {logging_mixin.py:151} INFO - [2023-09-24T05:00:07.322+0000] {manager.py:499} INFO - Created Permission View: %s
[2023-09-24T05:00:07.373+0000] {logging_mixin.py:151} INFO - [2023-09-24T05:00:07.373+0000] {manager.py:499} INFO - Created Permission View: %s
[2023-09-24T05:00:07.373+0000] {logging_mixin.py:151} INFO - [2023-09-24T05:00:07.373+0000] {security.py:708} INFO - Not syncing DAG-level permissions for DAG 'DAG:dataset_consumes_1_and_2' as access control is unset.
[2023-09-24T05:00:07.374+0000] {logging_mixin.py:151} INFO - [2023-09-24T05:00:07.374+0000] {dag.py:2915} INFO - Sync 6 DAGs
[2023-09-24T05:00:07.458+0000] {logging_mixin.py:151} INFO - [2023-09-24T05:00:07.458+0000] {dag.py:2937} INFO - Creating ORM DAG for dataset_consumes_1
[2023-09-24T05:00:07.460+0000] {logging_mixin.py:151} INFO - [2023-09-24T05:00:07.459+0000] {dag.py:2937} INFO - Creating ORM DAG for dataset_consumes_1_and_2
[2023-09-24T05:00:07.461+0000] {logging_mixin.py:151} INFO - [2023-09-24T05:00:07.460+0000] {dag.py:2937} INFO - Creating ORM DAG for dataset_consumes_1_never_scheduled
[2023-09-24T05:00:07.467+0000] {logging_mixin.py:151} INFO - [2023-09-24T05:00:07.467+0000] {dag.py:2937} INFO - Creating ORM DAG for dataset_produces_2
[2023-09-24T05:00:07.480+0000] {logging_mixin.py:151} INFO - [2023-09-24T05:00:07.479+0000] {dag.py:2937} INFO - Creating ORM DAG for dataset_consumes_unknown_never_scheduled
[2023-09-24T05:00:07.488+0000] {logging_mixin.py:151} INFO - [2023-09-24T05:00:07.488+0000] {dag.py:2937} INFO - Creating ORM DAG for dataset_produces_1
[2023-09-24T05:00:07.560+0000] {logging_mixin.py:151} INFO - [2023-09-24T05:00:07.560+0000] {dag.py:3696} INFO - Setting next_dagrun for dataset_consumes_1 to None, run_after=None
[2023-09-24T05:00:07.569+0000] {logging_mixin.py:151} INFO - [2023-09-24T05:00:07.562+0000] {dag.py:3696} INFO - Setting next_dagrun for dataset_consumes_1_and_2 to None, run_after=None
[2023-09-24T05:00:07.570+0000] {logging_mixin.py:151} INFO - [2023-09-24T05:00:07.570+0000] {dag.py:3696} INFO - Setting next_dagrun for dataset_consumes_1_never_scheduled to None, run_after=None
[2023-09-24T05:00:07.578+0000] {logging_mixin.py:151} INFO - [2023-09-24T05:00:07.577+0000] {dag.py:3696} INFO - Setting next_dagrun for dataset_consumes_unknown_never_scheduled to None, run_after=None
[2023-09-24T05:00:07.600+0000] {logging_mixin.py:151} INFO - [2023-09-24T05:00:07.600+0000] {dag.py:3696} INFO - Setting next_dagrun for dataset_produces_1 to 2023-09-23T00:00:00+00:00, run_after=2023-09-24T00:00:00+00:00
[2023-09-24T05:00:07.602+0000] {logging_mixin.py:151} INFO - [2023-09-24T05:00:07.601+0000] {dag.py:3696} INFO - Setting next_dagrun for dataset_produces_2 to None, run_after=None
[2023-09-24T05:00:07.907+0000] {processor.py:179} INFO - Processing /home/airflow/.local/lib/python3.8/site-packages/airflow/example_dags/example_datasets.py took 1.777 seconds
[2023-09-24T05:00:38.012+0000] {processor.py:157} INFO - Started process (PID=100) to work on /home/airflow/.local/lib/python3.8/site-packages/airflow/example_dags/example_datasets.py
[2023-09-24T05:00:38.013+0000] {processor.py:829} INFO - Processing file /home/airflow/.local/lib/python3.8/site-packages/airflow/example_dags/example_datasets.py for tasks to queue
[2023-09-24T05:00:38.016+0000] {logging_mixin.py:151} INFO - [2023-09-24T05:00:38.016+0000] {dagbag.py:539} INFO - Filling up the DagBag from /home/airflow/.local/lib/python3.8/site-packages/airflow/example_dags/example_datasets.py
[2023-09-24T05:00:38.030+0000] {processor.py:839} INFO - DAG(s) dict_keys(['dataset_consumes_1_and_2', 'dataset_produces_2', 'dataset_consumes_unknown_never_scheduled', 'dataset_consumes_1', 'dataset_consumes_1_never_scheduled', 'dataset_produces_1']) retrieved from /home/airflow/.local/lib/python3.8/site-packages/airflow/example_dags/example_datasets.py
[2023-09-24T05:00:38.089+0000] {logging_mixin.py:151} INFO - [2023-09-24T05:00:38.089+0000] {dag.py:2915} INFO - Sync 6 DAGs
[2023-09-24T05:00:38.128+0000] {logging_mixin.py:151} INFO - [2023-09-24T05:00:38.127+0000] {dag.py:3696} INFO - Setting next_dagrun for dataset_consumes_1 to None, run_after=None
[2023-09-24T05:00:38.133+0000] {logging_mixin.py:151} INFO - [2023-09-24T05:00:38.133+0000] {dag.py:3696} INFO - Setting next_dagrun for dataset_consumes_1_and_2 to None, run_after=None
[2023-09-24T05:00:38.135+0000] {logging_mixin.py:151} INFO - [2023-09-24T05:00:38.135+0000] {dag.py:3696} INFO - Setting next_dagrun for dataset_consumes_1_never_scheduled to None, run_after=None
[2023-09-24T05:00:38.137+0000] {logging_mixin.py:151} INFO - [2023-09-24T05:00:38.137+0000] {dag.py:3696} INFO - Setting next_dagrun for dataset_consumes_unknown_never_scheduled to None, run_after=None
[2023-09-24T05:00:38.141+0000] {logging_mixin.py:151} INFO - [2023-09-24T05:00:38.141+0000] {dag.py:3696} INFO - Setting next_dagrun for dataset_produces_1 to 2023-09-23T00:00:00+00:00, run_after=2023-09-24T00:00:00+00:00
[2023-09-24T05:00:38.143+0000] {logging_mixin.py:151} INFO - [2023-09-24T05:00:38.143+0000] {dag.py:3696} INFO - Setting next_dagrun for dataset_produces_2 to None, run_after=None
[2023-09-24T05:00:38.185+0000] {processor.py:179} INFO - Processing /home/airflow/.local/lib/python3.8/site-packages/airflow/example_dags/example_datasets.py took 0.178 seconds
[2023-09-24T05:01:08.450+0000] {processor.py:157} INFO - Started process (PID=154) to work on /home/airflow/.local/lib/python3.8/site-packages/airflow/example_dags/example_datasets.py
[2023-09-24T05:01:08.451+0000] {processor.py:829} INFO - Processing file /home/airflow/.local/lib/python3.8/site-packages/airflow/example_dags/example_datasets.py for tasks to queue
[2023-09-24T05:01:08.454+0000] {logging_mixin.py:151} INFO - [2023-09-24T05:01:08.453+0000] {dagbag.py:539} INFO - Filling up the DagBag from /home/airflow/.local/lib/python3.8/site-packages/airflow/example_dags/example_datasets.py
[2023-09-24T05:01:08.470+0000] {processor.py:839} INFO - DAG(s) dict_keys(['dataset_consumes_1_and_2', 'dataset_consumes_1', 'dataset_consumes_1_never_scheduled', 'dataset_produces_2', 'dataset_consumes_unknown_never_scheduled', 'dataset_produces_1']) retrieved from /home/airflow/.local/lib/python3.8/site-packages/airflow/example_dags/example_datasets.py
[2023-09-24T05:01:08.525+0000] {logging_mixin.py:151} INFO - [2023-09-24T05:01:08.524+0000] {dag.py:2915} INFO - Sync 6 DAGs
[2023-09-24T05:01:08.562+0000] {logging_mixin.py:151} INFO - [2023-09-24T05:01:08.562+0000] {dag.py:3696} INFO - Setting next_dagrun for dataset_consumes_1 to None, run_after=None
[2023-09-24T05:01:08.568+0000] {logging_mixin.py:151} INFO - [2023-09-24T05:01:08.568+0000] {dag.py:3696} INFO - Setting next_dagrun for dataset_consumes_1_and_2 to None, run_after=None
[2023-09-24T05:01:08.569+0000] {logging_mixin.py:151} INFO - [2023-09-24T05:01:08.569+0000] {dag.py:3696} INFO - Setting next_dagrun for dataset_consumes_1_never_scheduled to None, run_after=None
[2023-09-24T05:01:08.571+0000] {logging_mixin.py:151} INFO - [2023-09-24T05:01:08.571+0000] {dag.py:3696} INFO - Setting next_dagrun for dataset_consumes_unknown_never_scheduled to None, run_after=None
[2023-09-24T05:01:08.576+0000] {logging_mixin.py:151} INFO - [2023-09-24T05:01:08.576+0000] {dag.py:3696} INFO - Setting next_dagrun for dataset_produces_1 to 2023-09-23T00:00:00+00:00, run_after=2023-09-24T00:00:00+00:00
[2023-09-24T05:01:08.577+0000] {logging_mixin.py:151} INFO - [2023-09-24T05:01:08.577+0000] {dag.py:3696} INFO - Setting next_dagrun for dataset_produces_2 to None, run_after=None
[2023-09-24T05:01:08.618+0000] {processor.py:179} INFO - Processing /home/airflow/.local/lib/python3.8/site-packages/airflow/example_dags/example_datasets.py took 0.173 seconds
[2023-09-24T05:01:39.311+0000] {processor.py:157} INFO - Started process (PID=208) to work on /home/airflow/.local/lib/python3.8/site-packages/airflow/example_dags/example_datasets.py
[2023-09-24T05:01:39.312+0000] {processor.py:829} INFO - Processing file /home/airflow/.local/lib/python3.8/site-packages/airflow/example_dags/example_datasets.py for tasks to queue
[2023-09-24T05:01:39.315+0000] {logging_mixin.py:151} INFO - [2023-09-24T05:01:39.314+0000] {dagbag.py:539} INFO - Filling up the DagBag from /home/airflow/.local/lib/python3.8/site-packages/airflow/example_dags/example_datasets.py
[2023-09-24T05:01:39.329+0000] {processor.py:839} INFO - DAG(s) dict_keys(['dataset_produces_2', 'dataset_consumes_1_never_scheduled', 'dataset_consumes_1', 'dataset_produces_1', 'dataset_consumes_unknown_never_scheduled', 'dataset_consumes_1_and_2']) retrieved from /home/airflow/.local/lib/python3.8/site-packages/airflow/example_dags/example_datasets.py
[2023-09-24T05:01:39.384+0000] {logging_mixin.py:151} INFO - [2023-09-24T05:01:39.384+0000] {dag.py:2915} INFO - Sync 6 DAGs
[2023-09-24T05:01:39.421+0000] {logging_mixin.py:151} INFO - [2023-09-24T05:01:39.420+0000] {dag.py:3696} INFO - Setting next_dagrun for dataset_consumes_1 to None, run_after=None
[2023-09-24T05:01:39.427+0000] {logging_mixin.py:151} INFO - [2023-09-24T05:01:39.427+0000] {dag.py:3696} INFO - Setting next_dagrun for dataset_consumes_1_and_2 to None, run_after=None
[2023-09-24T05:01:39.429+0000] {logging_mixin.py:151} INFO - [2023-09-24T05:01:39.428+0000] {dag.py:3696} INFO - Setting next_dagrun for dataset_consumes_1_never_scheduled to None, run_after=None
[2023-09-24T05:01:39.431+0000] {logging_mixin.py:151} INFO - [2023-09-24T05:01:39.430+0000] {dag.py:3696} INFO - Setting next_dagrun for dataset_consumes_unknown_never_scheduled to None, run_after=None
[2023-09-24T05:01:39.435+0000] {logging_mixin.py:151} INFO - [2023-09-24T05:01:39.435+0000] {dag.py:3696} INFO - Setting next_dagrun for dataset_produces_1 to 2023-09-23T00:00:00+00:00, run_after=2023-09-24T00:00:00+00:00
[2023-09-24T05:01:39.437+0000] {logging_mixin.py:151} INFO - [2023-09-24T05:01:39.437+0000] {dag.py:3696} INFO - Setting next_dagrun for dataset_produces_2 to None, run_after=None
[2023-09-24T05:01:39.481+0000] {processor.py:179} INFO - Processing /home/airflow/.local/lib/python3.8/site-packages/airflow/example_dags/example_datasets.py took 0.175 seconds
[2023-09-24T05:02:09.505+0000] {processor.py:157} INFO - Started process (PID=261) to work on /home/airflow/.local/lib/python3.8/site-packages/airflow/example_dags/example_datasets.py
[2023-09-24T05:02:09.506+0000] {processor.py:829} INFO - Processing file /home/airflow/.local/lib/python3.8/site-packages/airflow/example_dags/example_datasets.py for tasks to queue
[2023-09-24T05:02:09.509+0000] {logging_mixin.py:151} INFO - [2023-09-24T05:02:09.508+0000] {dagbag.py:539} INFO - Filling up the DagBag from /home/airflow/.local/lib/python3.8/site-packages/airflow/example_dags/example_datasets.py
[2023-09-24T05:02:09.524+0000] {processor.py:839} INFO - DAG(s) dict_keys(['dataset_consumes_unknown_never_scheduled', 'dataset_consumes_1_never_scheduled', 'dataset_produces_1', 'dataset_produces_2', 'dataset_consumes_1_and_2', 'dataset_consumes_1']) retrieved from /home/airflow/.local/lib/python3.8/site-packages/airflow/example_dags/example_datasets.py
[2023-09-24T05:02:09.580+0000] {logging_mixin.py:151} INFO - [2023-09-24T05:02:09.580+0000] {dag.py:2915} INFO - Sync 6 DAGs
[2023-09-24T05:02:09.617+0000] {logging_mixin.py:151} INFO - [2023-09-24T05:02:09.616+0000] {dag.py:3696} INFO - Setting next_dagrun for dataset_consumes_1 to None, run_after=None
[2023-09-24T05:02:09.622+0000] {logging_mixin.py:151} INFO - [2023-09-24T05:02:09.622+0000] {dag.py:3696} INFO - Setting next_dagrun for dataset_consumes_1_and_2 to None, run_after=None
[2023-09-24T05:02:09.624+0000] {logging_mixin.py:151} INFO - [2023-09-24T05:02:09.624+0000] {dag.py:3696} INFO - Setting next_dagrun for dataset_consumes_1_never_scheduled to None, run_after=None
[2023-09-24T05:02:09.626+0000] {logging_mixin.py:151} INFO - [2023-09-24T05:02:09.626+0000] {dag.py:3696} INFO - Setting next_dagrun for dataset_consumes_unknown_never_scheduled to None, run_after=None
[2023-09-24T05:02:09.632+0000] {logging_mixin.py:151} INFO - [2023-09-24T05:02:09.632+0000] {dag.py:3696} INFO - Setting next_dagrun for dataset_produces_1 to 2023-09-23T00:00:00+00:00, run_after=2023-09-24T00:00:00+00:00
[2023-09-24T05:02:09.634+0000] {logging_mixin.py:151} INFO - [2023-09-24T05:02:09.634+0000] {dag.py:3696} INFO - Setting next_dagrun for dataset_produces_2 to None, run_after=None
[2023-09-24T05:02:09.676+0000] {processor.py:179} INFO - Processing /home/airflow/.local/lib/python3.8/site-packages/airflow/example_dags/example_datasets.py took 0.177 seconds
[2023-09-24T05:02:39.727+0000] {processor.py:157} INFO - Started process (PID=315) to work on /home/airflow/.local/lib/python3.8/site-packages/airflow/example_dags/example_datasets.py
[2023-09-24T05:02:39.728+0000] {processor.py:829} INFO - Processing file /home/airflow/.local/lib/python3.8/site-packages/airflow/example_dags/example_datasets.py for tasks to queue
[2023-09-24T05:02:39.731+0000] {logging_mixin.py:151} INFO - [2023-09-24T05:02:39.730+0000] {dagbag.py:539} INFO - Filling up the DagBag from /home/airflow/.local/lib/python3.8/site-packages/airflow/example_dags/example_datasets.py
[2023-09-24T05:02:39.745+0000] {processor.py:839} INFO - DAG(s) dict_keys(['dataset_consumes_1', 'dataset_consumes_1_never_scheduled', 'dataset_consumes_1_and_2', 'dataset_produces_1', 'dataset_consumes_unknown_never_scheduled', 'dataset_produces_2']) retrieved from /home/airflow/.local/lib/python3.8/site-packages/airflow/example_dags/example_datasets.py
[2023-09-24T05:02:39.803+0000] {logging_mixin.py:151} INFO - [2023-09-24T05:02:39.802+0000] {dag.py:2915} INFO - Sync 6 DAGs
[2023-09-24T05:02:39.839+0000] {logging_mixin.py:151} INFO - [2023-09-24T05:02:39.839+0000] {dag.py:3696} INFO - Setting next_dagrun for dataset_consumes_1 to None, run_after=None
[2023-09-24T05:02:39.844+0000] {logging_mixin.py:151} INFO - [2023-09-24T05:02:39.844+0000] {dag.py:3696} INFO - Setting next_dagrun for dataset_consumes_1_and_2 to None, run_after=None
[2023-09-24T05:02:39.845+0000] {logging_mixin.py:151} INFO - [2023-09-24T05:02:39.845+0000] {dag.py:3696} INFO - Setting next_dagrun for dataset_consumes_1_never_scheduled to None, run_after=None
[2023-09-24T05:02:39.847+0000] {logging_mixin.py:151} INFO - [2023-09-24T05:02:39.847+0000] {dag.py:3696} INFO - Setting next_dagrun for dataset_consumes_unknown_never_scheduled to None, run_after=None
[2023-09-24T05:02:39.851+0000] {logging_mixin.py:151} INFO - [2023-09-24T05:02:39.851+0000] {dag.py:3696} INFO - Setting next_dagrun for dataset_produces_1 to 2023-09-23T00:00:00+00:00, run_after=2023-09-24T00:00:00+00:00
[2023-09-24T05:02:39.853+0000] {logging_mixin.py:151} INFO - [2023-09-24T05:02:39.853+0000] {dag.py:3696} INFO - Setting next_dagrun for dataset_produces_2 to None, run_after=None
[2023-09-24T05:02:39.894+0000] {processor.py:179} INFO - Processing /home/airflow/.local/lib/python3.8/site-packages/airflow/example_dags/example_datasets.py took 0.172 seconds
[2023-09-24T05:03:10.417+0000] {processor.py:157} INFO - Started process (PID=370) to work on /home/airflow/.local/lib/python3.8/site-packages/airflow/example_dags/example_datasets.py
[2023-09-24T05:03:10.419+0000] {processor.py:829} INFO - Processing file /home/airflow/.local/lib/python3.8/site-packages/airflow/example_dags/example_datasets.py for tasks to queue
[2023-09-24T05:03:10.421+0000] {logging_mixin.py:151} INFO - [2023-09-24T05:03:10.421+0000] {dagbag.py:539} INFO - Filling up the DagBag from /home/airflow/.local/lib/python3.8/site-packages/airflow/example_dags/example_datasets.py
[2023-09-24T05:03:10.436+0000] {processor.py:839} INFO - DAG(s) dict_keys(['dataset_produces_1', 'dataset_consumes_1_and_2', 'dataset_consumes_1_never_scheduled', 'dataset_consumes_1', 'dataset_consumes_unknown_never_scheduled', 'dataset_produces_2']) retrieved from /home/airflow/.local/lib/python3.8/site-packages/airflow/example_dags/example_datasets.py
[2023-09-24T05:03:10.490+0000] {logging_mixin.py:151} INFO - [2023-09-24T05:03:10.489+0000] {dag.py:2915} INFO - Sync 6 DAGs
[2023-09-24T05:03:10.526+0000] {logging_mixin.py:151} INFO - [2023-09-24T05:03:10.526+0000] {dag.py:3696} INFO - Setting next_dagrun for dataset_consumes_1 to None, run_after=None
[2023-09-24T05:03:10.531+0000] {logging_mixin.py:151} INFO - [2023-09-24T05:03:10.531+0000] {dag.py:3696} INFO - Setting next_dagrun for dataset_consumes_1_and_2 to None, run_after=None
[2023-09-24T05:03:10.533+0000] {logging_mixin.py:151} INFO - [2023-09-24T05:03:10.533+0000] {dag.py:3696} INFO - Setting next_dagrun for dataset_consumes_1_never_scheduled to None, run_after=None
[2023-09-24T05:03:10.535+0000] {logging_mixin.py:151} INFO - [2023-09-24T05:03:10.534+0000] {dag.py:3696} INFO - Setting next_dagrun for dataset_consumes_unknown_never_scheduled to None, run_after=None
[2023-09-24T05:03:10.539+0000] {logging_mixin.py:151} INFO - [2023-09-24T05:03:10.539+0000] {dag.py:3696} INFO - Setting next_dagrun for dataset_produces_1 to 2023-09-23T00:00:00+00:00, run_after=2023-09-24T00:00:00+00:00
[2023-09-24T05:03:10.541+0000] {logging_mixin.py:151} INFO - [2023-09-24T05:03:10.541+0000] {dag.py:3696} INFO - Setting next_dagrun for dataset_produces_2 to None, run_after=None
[2023-09-24T05:03:10.581+0000] {processor.py:179} INFO - Processing /home/airflow/.local/lib/python3.8/site-packages/airflow/example_dags/example_datasets.py took 0.169 seconds
[2023-09-24T05:03:41.007+0000] {processor.py:157} INFO - Started process (PID=424) to work on /home/airflow/.local/lib/python3.8/site-packages/airflow/example_dags/example_datasets.py
[2023-09-24T05:03:41.008+0000] {processor.py:829} INFO - Processing file /home/airflow/.local/lib/python3.8/site-packages/airflow/example_dags/example_datasets.py for tasks to queue
[2023-09-24T05:03:41.011+0000] {logging_mixin.py:151} INFO - [2023-09-24T05:03:41.011+0000] {dagbag.py:539} INFO - Filling up the DagBag from /home/airflow/.local/lib/python3.8/site-packages/airflow/example_dags/example_datasets.py
[2023-09-24T05:03:41.031+0000] {processor.py:839} INFO - DAG(s) dict_keys(['dataset_produces_2', 'dataset_consumes_1_and_2', 'dataset_consumes_1', 'dataset_consumes_1_never_scheduled', 'dataset_produces_1', 'dataset_consumes_unknown_never_scheduled']) retrieved from /home/airflow/.local/lib/python3.8/site-packages/airflow/example_dags/example_datasets.py
[2023-09-24T05:03:41.102+0000] {logging_mixin.py:151} INFO - [2023-09-24T05:03:41.102+0000] {dag.py:2915} INFO - Sync 6 DAGs
[2023-09-24T05:03:41.143+0000] {logging_mixin.py:151} INFO - [2023-09-24T05:03:41.143+0000] {dag.py:3696} INFO - Setting next_dagrun for dataset_consumes_1 to None, run_after=None
[2023-09-24T05:03:41.149+0000] {logging_mixin.py:151} INFO - [2023-09-24T05:03:41.149+0000] {dag.py:3696} INFO - Setting next_dagrun for dataset_consumes_1_and_2 to None, run_after=None
[2023-09-24T05:03:41.151+0000] {logging_mixin.py:151} INFO - [2023-09-24T05:03:41.151+0000] {dag.py:3696} INFO - Setting next_dagrun for dataset_consumes_1_never_scheduled to None, run_after=None
[2023-09-24T05:03:41.153+0000] {logging_mixin.py:151} INFO - [2023-09-24T05:03:41.153+0000] {dag.py:3696} INFO - Setting next_dagrun for dataset_consumes_unknown_never_scheduled to None, run_after=None
[2023-09-24T05:03:41.159+0000] {logging_mixin.py:151} INFO - [2023-09-24T05:03:41.159+0000] {dag.py:3696} INFO - Setting next_dagrun for dataset_produces_1 to 2023-09-23T00:00:00+00:00, run_after=2023-09-24T00:00:00+00:00
[2023-09-24T05:03:41.161+0000] {logging_mixin.py:151} INFO - [2023-09-24T05:03:41.161+0000] {dag.py:3696} INFO - Setting next_dagrun for dataset_produces_2 to None, run_after=None
[2023-09-24T05:03:41.210+0000] {processor.py:179} INFO - Processing /home/airflow/.local/lib/python3.8/site-packages/airflow/example_dags/example_datasets.py took 0.208 seconds
[2023-09-24T05:04:11.830+0000] {processor.py:157} INFO - Started process (PID=477) to work on /home/airflow/.local/lib/python3.8/site-packages/airflow/example_dags/example_datasets.py
[2023-09-24T05:04:11.831+0000] {processor.py:829} INFO - Processing file /home/airflow/.local/lib/python3.8/site-packages/airflow/example_dags/example_datasets.py for tasks to queue
[2023-09-24T05:04:11.834+0000] {logging_mixin.py:151} INFO - [2023-09-24T05:04:11.833+0000] {dagbag.py:539} INFO - Filling up the DagBag from /home/airflow/.local/lib/python3.8/site-packages/airflow/example_dags/example_datasets.py
[2023-09-24T05:04:11.849+0000] {processor.py:839} INFO - DAG(s) dict_keys(['dataset_produces_2', 'dataset_consumes_1', 'dataset_produces_1', 'dataset_consumes_1_never_scheduled', 'dataset_consumes_unknown_never_scheduled', 'dataset_consumes_1_and_2']) retrieved from /home/airflow/.local/lib/python3.8/site-packages/airflow/example_dags/example_datasets.py
[2023-09-24T05:04:11.908+0000] {logging_mixin.py:151} INFO - [2023-09-24T05:04:11.908+0000] {dag.py:2915} INFO - Sync 6 DAGs
[2023-09-24T05:04:11.946+0000] {logging_mixin.py:151} INFO - [2023-09-24T05:04:11.946+0000] {dag.py:3696} INFO - Setting next_dagrun for dataset_consumes_1 to None, run_after=None
[2023-09-24T05:04:11.951+0000] {logging_mixin.py:151} INFO - [2023-09-24T05:04:11.951+0000] {dag.py:3696} INFO - Setting next_dagrun for dataset_consumes_1_and_2 to None, run_after=None
[2023-09-24T05:04:11.953+0000] {logging_mixin.py:151} INFO - [2023-09-24T05:04:11.953+0000] {dag.py:3696} INFO - Setting next_dagrun for dataset_consumes_1_never_scheduled to None, run_after=None
[2023-09-24T05:04:11.955+0000] {logging_mixin.py:151} INFO - [2023-09-24T05:04:11.954+0000] {dag.py:3696} INFO - Setting next_dagrun for dataset_consumes_unknown_never_scheduled to None, run_after=None
[2023-09-24T05:04:11.960+0000] {logging_mixin.py:151} INFO - [2023-09-24T05:04:11.959+0000] {dag.py:3696} INFO - Setting next_dagrun for dataset_produces_1 to 2023-09-23T00:00:00+00:00, run_after=2023-09-24T00:00:00+00:00
[2023-09-24T05:04:11.962+0000] {logging_mixin.py:151} INFO - [2023-09-24T05:04:11.962+0000] {dag.py:3696} INFO - Setting next_dagrun for dataset_produces_2 to None, run_after=None
[2023-09-24T05:04:12.002+0000] {processor.py:179} INFO - Processing /home/airflow/.local/lib/python3.8/site-packages/airflow/example_dags/example_datasets.py took 0.177 seconds
[2023-09-24T05:09:56.345+0000] {processor.py:157} INFO - Started process (PID=40) to work on /home/airflow/.local/lib/python3.8/site-packages/airflow/example_dags/example_datasets.py
[2023-09-24T05:09:56.348+0000] {processor.py:829} INFO - Processing file /home/airflow/.local/lib/python3.8/site-packages/airflow/example_dags/example_datasets.py for tasks to queue
[2023-09-24T05:09:56.352+0000] {logging_mixin.py:151} INFO - [2023-09-24T05:09:56.351+0000] {dagbag.py:539} INFO - Filling up the DagBag from /home/airflow/.local/lib/python3.8/site-packages/airflow/example_dags/example_datasets.py
[2023-09-24T05:09:56.379+0000] {processor.py:839} INFO - DAG(s) dict_keys(['dataset_consumes_1', 'dataset_produces_1', 'dataset_consumes_1_never_scheduled', 'dataset_consumes_1_and_2', 'dataset_consumes_unknown_never_scheduled', 'dataset_produces_2']) retrieved from /home/airflow/.local/lib/python3.8/site-packages/airflow/example_dags/example_datasets.py
[2023-09-24T05:09:56.479+0000] {logging_mixin.py:151} INFO - [2023-09-24T05:09:56.479+0000] {dag.py:2915} INFO - Sync 6 DAGs
[2023-09-24T05:09:56.527+0000] {logging_mixin.py:151} INFO - [2023-09-24T05:09:56.526+0000] {dag.py:3696} INFO - Setting next_dagrun for dataset_consumes_1 to None, run_after=None
[2023-09-24T05:09:56.533+0000] {logging_mixin.py:151} INFO - [2023-09-24T05:09:56.533+0000] {dag.py:3696} INFO - Setting next_dagrun for dataset_consumes_1_and_2 to None, run_after=None
[2023-09-24T05:09:56.535+0000] {logging_mixin.py:151} INFO - [2023-09-24T05:09:56.535+0000] {dag.py:3696} INFO - Setting next_dagrun for dataset_consumes_1_never_scheduled to None, run_after=None
[2023-09-24T05:09:56.538+0000] {logging_mixin.py:151} INFO - [2023-09-24T05:09:56.538+0000] {dag.py:3696} INFO - Setting next_dagrun for dataset_consumes_unknown_never_scheduled to None, run_after=None
[2023-09-24T05:09:56.545+0000] {logging_mixin.py:151} INFO - [2023-09-24T05:09:56.544+0000] {dag.py:3696} INFO - Setting next_dagrun for dataset_produces_1 to 2023-09-23T00:00:00+00:00, run_after=2023-09-24T00:00:00+00:00
[2023-09-24T05:09:56.547+0000] {logging_mixin.py:151} INFO - [2023-09-24T05:09:56.547+0000] {dag.py:3696} INFO - Setting next_dagrun for dataset_produces_2 to None, run_after=None
[2023-09-24T05:09:56.611+0000] {processor.py:179} INFO - Processing /home/airflow/.local/lib/python3.8/site-packages/airflow/example_dags/example_datasets.py took 0.274 seconds
[2023-09-24T05:10:26.740+0000] {processor.py:157} INFO - Started process (PID=92) to work on /home/airflow/.local/lib/python3.8/site-packages/airflow/example_dags/example_datasets.py
[2023-09-24T05:10:26.741+0000] {processor.py:829} INFO - Processing file /home/airflow/.local/lib/python3.8/site-packages/airflow/example_dags/example_datasets.py for tasks to queue
[2023-09-24T05:10:26.745+0000] {logging_mixin.py:151} INFO - [2023-09-24T05:10:26.745+0000] {dagbag.py:539} INFO - Filling up the DagBag from /home/airflow/.local/lib/python3.8/site-packages/airflow/example_dags/example_datasets.py
[2023-09-24T05:10:26.761+0000] {processor.py:839} INFO - DAG(s) dict_keys(['dataset_consumes_1_and_2', 'dataset_consumes_unknown_never_scheduled', 'dataset_produces_2', 'dataset_consumes_1_never_scheduled', 'dataset_consumes_1', 'dataset_produces_1']) retrieved from /home/airflow/.local/lib/python3.8/site-packages/airflow/example_dags/example_datasets.py
[2023-09-24T05:10:26.822+0000] {logging_mixin.py:151} INFO - [2023-09-24T05:10:26.821+0000] {dag.py:2915} INFO - Sync 6 DAGs
[2023-09-24T05:10:26.865+0000] {logging_mixin.py:151} INFO - [2023-09-24T05:10:26.864+0000] {dag.py:3696} INFO - Setting next_dagrun for dataset_consumes_1 to None, run_after=None
[2023-09-24T05:10:26.870+0000] {logging_mixin.py:151} INFO - [2023-09-24T05:10:26.870+0000] {dag.py:3696} INFO - Setting next_dagrun for dataset_consumes_1_and_2 to None, run_after=None
[2023-09-24T05:10:26.872+0000] {logging_mixin.py:151} INFO - [2023-09-24T05:10:26.871+0000] {dag.py:3696} INFO - Setting next_dagrun for dataset_consumes_1_never_scheduled to None, run_after=None
[2023-09-24T05:10:26.873+0000] {logging_mixin.py:151} INFO - [2023-09-24T05:10:26.873+0000] {dag.py:3696} INFO - Setting next_dagrun for dataset_consumes_unknown_never_scheduled to None, run_after=None
[2023-09-24T05:10:26.879+0000] {logging_mixin.py:151} INFO - [2023-09-24T05:10:26.879+0000] {dag.py:3696} INFO - Setting next_dagrun for dataset_produces_1 to 2023-09-23T00:00:00+00:00, run_after=2023-09-24T00:00:00+00:00
[2023-09-24T05:10:26.881+0000] {logging_mixin.py:151} INFO - [2023-09-24T05:10:26.881+0000] {dag.py:3696} INFO - Setting next_dagrun for dataset_produces_2 to None, run_after=None
[2023-09-24T05:10:26.927+0000] {processor.py:179} INFO - Processing /home/airflow/.local/lib/python3.8/site-packages/airflow/example_dags/example_datasets.py took 0.191 seconds
[2023-09-24T05:10:57.158+0000] {processor.py:157} INFO - Started process (PID=145) to work on /home/airflow/.local/lib/python3.8/site-packages/airflow/example_dags/example_datasets.py
[2023-09-24T05:10:57.160+0000] {processor.py:829} INFO - Processing file /home/airflow/.local/lib/python3.8/site-packages/airflow/example_dags/example_datasets.py for tasks to queue
[2023-09-24T05:10:57.163+0000] {logging_mixin.py:151} INFO - [2023-09-24T05:10:57.163+0000] {dagbag.py:539} INFO - Filling up the DagBag from /home/airflow/.local/lib/python3.8/site-packages/airflow/example_dags/example_datasets.py
[2023-09-24T05:10:57.179+0000] {processor.py:839} INFO - DAG(s) dict_keys(['dataset_consumes_unknown_never_scheduled', 'dataset_consumes_1', 'dataset_produces_2', 'dataset_produces_1', 'dataset_consumes_1_and_2', 'dataset_consumes_1_never_scheduled']) retrieved from /home/airflow/.local/lib/python3.8/site-packages/airflow/example_dags/example_datasets.py
[2023-09-24T05:10:57.252+0000] {logging_mixin.py:151} INFO - [2023-09-24T05:10:57.251+0000] {dag.py:2915} INFO - Sync 6 DAGs
[2023-09-24T05:10:57.293+0000] {logging_mixin.py:151} INFO - [2023-09-24T05:10:57.293+0000] {dag.py:3696} INFO - Setting next_dagrun for dataset_consumes_1 to None, run_after=None
[2023-09-24T05:10:57.299+0000] {logging_mixin.py:151} INFO - [2023-09-24T05:10:57.298+0000] {dag.py:3696} INFO - Setting next_dagrun for dataset_consumes_1_and_2 to None, run_after=None
[2023-09-24T05:10:57.301+0000] {logging_mixin.py:151} INFO - [2023-09-24T05:10:57.300+0000] {dag.py:3696} INFO - Setting next_dagrun for dataset_consumes_1_never_scheduled to None, run_after=None
[2023-09-24T05:10:57.302+0000] {logging_mixin.py:151} INFO - [2023-09-24T05:10:57.302+0000] {dag.py:3696} INFO - Setting next_dagrun for dataset_consumes_unknown_never_scheduled to None, run_after=None
[2023-09-24T05:10:57.307+0000] {logging_mixin.py:151} INFO - [2023-09-24T05:10:57.307+0000] {dag.py:3696} INFO - Setting next_dagrun for dataset_produces_1 to 2023-09-23T00:00:00+00:00, run_after=2023-09-24T00:00:00+00:00
[2023-09-24T05:10:57.309+0000] {logging_mixin.py:151} INFO - [2023-09-24T05:10:57.309+0000] {dag.py:3696} INFO - Setting next_dagrun for dataset_produces_2 to None, run_after=None
[2023-09-24T05:10:57.356+0000] {processor.py:179} INFO - Processing /home/airflow/.local/lib/python3.8/site-packages/airflow/example_dags/example_datasets.py took 0.204 seconds
[2023-09-24T05:11:27.731+0000] {processor.py:157} INFO - Started process (PID=199) to work on /home/airflow/.local/lib/python3.8/site-packages/airflow/example_dags/example_datasets.py
[2023-09-24T05:11:27.733+0000] {processor.py:829} INFO - Processing file /home/airflow/.local/lib/python3.8/site-packages/airflow/example_dags/example_datasets.py for tasks to queue
[2023-09-24T05:11:27.738+0000] {logging_mixin.py:151} INFO - [2023-09-24T05:11:27.737+0000] {dagbag.py:539} INFO - Filling up the DagBag from /home/airflow/.local/lib/python3.8/site-packages/airflow/example_dags/example_datasets.py
[2023-09-24T05:11:27.760+0000] {processor.py:839} INFO - DAG(s) dict_keys(['dataset_produces_2', 'dataset_produces_1', 'dataset_consumes_1_never_scheduled', 'dataset_consumes_1', 'dataset_consumes_unknown_never_scheduled', 'dataset_consumes_1_and_2']) retrieved from /home/airflow/.local/lib/python3.8/site-packages/airflow/example_dags/example_datasets.py
[2023-09-24T05:11:27.849+0000] {logging_mixin.py:151} INFO - [2023-09-24T05:11:27.848+0000] {dag.py:2915} INFO - Sync 6 DAGs
[2023-09-24T05:11:27.901+0000] {logging_mixin.py:151} INFO - [2023-09-24T05:11:27.901+0000] {dag.py:3696} INFO - Setting next_dagrun for dataset_consumes_1 to None, run_after=None
[2023-09-24T05:11:27.908+0000] {logging_mixin.py:151} INFO - [2023-09-24T05:11:27.908+0000] {dag.py:3696} INFO - Setting next_dagrun for dataset_consumes_1_and_2 to None, run_after=None
[2023-09-24T05:11:27.910+0000] {logging_mixin.py:151} INFO - [2023-09-24T05:11:27.910+0000] {dag.py:3696} INFO - Setting next_dagrun for dataset_consumes_1_never_scheduled to None, run_after=None
[2023-09-24T05:11:27.912+0000] {logging_mixin.py:151} INFO - [2023-09-24T05:11:27.911+0000] {dag.py:3696} INFO - Setting next_dagrun for dataset_consumes_unknown_never_scheduled to None, run_after=None
[2023-09-24T05:11:27.918+0000] {logging_mixin.py:151} INFO - [2023-09-24T05:11:27.918+0000] {dag.py:3696} INFO - Setting next_dagrun for dataset_produces_1 to 2023-09-23T00:00:00+00:00, run_after=2023-09-24T00:00:00+00:00
[2023-09-24T05:11:27.920+0000] {logging_mixin.py:151} INFO - [2023-09-24T05:11:27.920+0000] {dag.py:3696} INFO - Setting next_dagrun for dataset_produces_2 to None, run_after=None
[2023-09-24T05:11:27.972+0000] {processor.py:179} INFO - Processing /home/airflow/.local/lib/python3.8/site-packages/airflow/example_dags/example_datasets.py took 0.247 seconds
[2023-09-24T05:11:59.590+0000] {processor.py:157} INFO - Started process (PID=262) to work on /home/airflow/.local/lib/python3.8/site-packages/airflow/example_dags/example_datasets.py
[2023-09-24T05:11:59.599+0000] {processor.py:829} INFO - Processing file /home/airflow/.local/lib/python3.8/site-packages/airflow/example_dags/example_datasets.py for tasks to queue
[2023-09-24T05:11:59.605+0000] {logging_mixin.py:151} INFO - [2023-09-24T05:11:59.604+0000] {dagbag.py:539} INFO - Filling up the DagBag from /home/airflow/.local/lib/python3.8/site-packages/airflow/example_dags/example_datasets.py
[2023-09-24T05:11:59.656+0000] {processor.py:839} INFO - DAG(s) dict_keys(['dataset_consumes_1', 'dataset_consumes_unknown_never_scheduled', 'dataset_produces_2', 'dataset_consumes_1_and_2', 'dataset_consumes_1_never_scheduled', 'dataset_produces_1']) retrieved from /home/airflow/.local/lib/python3.8/site-packages/airflow/example_dags/example_datasets.py
[2023-09-24T05:11:59.787+0000] {logging_mixin.py:151} INFO - [2023-09-24T05:11:59.786+0000] {dag.py:2915} INFO - Sync 6 DAGs
[2023-09-24T05:11:59.884+0000] {logging_mixin.py:151} INFO - [2023-09-24T05:11:59.884+0000] {dag.py:3696} INFO - Setting next_dagrun for dataset_consumes_1 to None, run_after=None
[2023-09-24T05:11:59.902+0000] {logging_mixin.py:151} INFO - [2023-09-24T05:11:59.902+0000] {dag.py:3696} INFO - Setting next_dagrun for dataset_consumes_1_and_2 to None, run_after=None
[2023-09-24T05:11:59.909+0000] {logging_mixin.py:151} INFO - [2023-09-24T05:11:59.908+0000] {dag.py:3696} INFO - Setting next_dagrun for dataset_consumes_1_never_scheduled to None, run_after=None
[2023-09-24T05:11:59.914+0000] {logging_mixin.py:151} INFO - [2023-09-24T05:11:59.913+0000] {dag.py:3696} INFO - Setting next_dagrun for dataset_consumes_unknown_never_scheduled to None, run_after=None
[2023-09-24T05:11:59.929+0000] {logging_mixin.py:151} INFO - [2023-09-24T05:11:59.929+0000] {dag.py:3696} INFO - Setting next_dagrun for dataset_produces_1 to 2023-09-23T00:00:00+00:00, run_after=2023-09-24T00:00:00+00:00
[2023-09-24T05:11:59.934+0000] {logging_mixin.py:151} INFO - [2023-09-24T05:11:59.933+0000] {dag.py:3696} INFO - Setting next_dagrun for dataset_produces_2 to None, run_after=None
[2023-09-24T05:12:00.072+0000] {processor.py:179} INFO - Processing /home/airflow/.local/lib/python3.8/site-packages/airflow/example_dags/example_datasets.py took 0.492 seconds
[2023-09-24T05:12:30.676+0000] {processor.py:157} INFO - Started process (PID=316) to work on /home/airflow/.local/lib/python3.8/site-packages/airflow/example_dags/example_datasets.py
[2023-09-24T05:12:30.679+0000] {processor.py:829} INFO - Processing file /home/airflow/.local/lib/python3.8/site-packages/airflow/example_dags/example_datasets.py for tasks to queue
[2023-09-24T05:12:30.687+0000] {logging_mixin.py:151} INFO - [2023-09-24T05:12:30.686+0000] {dagbag.py:539} INFO - Filling up the DagBag from /home/airflow/.local/lib/python3.8/site-packages/airflow/example_dags/example_datasets.py
[2023-09-24T05:12:30.739+0000] {processor.py:839} INFO - DAG(s) dict_keys(['dataset_consumes_1_never_scheduled', 'dataset_produces_1', 'dataset_consumes_1', 'dataset_consumes_unknown_never_scheduled', 'dataset_consumes_1_and_2', 'dataset_produces_2']) retrieved from /home/airflow/.local/lib/python3.8/site-packages/airflow/example_dags/example_datasets.py
[2023-09-24T05:12:30.927+0000] {logging_mixin.py:151} INFO - [2023-09-24T05:12:30.924+0000] {dag.py:2915} INFO - Sync 6 DAGs
[2023-09-24T05:12:31.076+0000] {logging_mixin.py:151} INFO - [2023-09-24T05:12:31.075+0000] {dag.py:3696} INFO - Setting next_dagrun for dataset_consumes_1 to None, run_after=None
[2023-09-24T05:12:31.093+0000] {logging_mixin.py:151} INFO - [2023-09-24T05:12:31.092+0000] {dag.py:3696} INFO - Setting next_dagrun for dataset_consumes_1_and_2 to None, run_after=None
[2023-09-24T05:12:31.099+0000] {logging_mixin.py:151} INFO - [2023-09-24T05:12:31.098+0000] {dag.py:3696} INFO - Setting next_dagrun for dataset_consumes_1_never_scheduled to None, run_after=None
[2023-09-24T05:12:31.103+0000] {logging_mixin.py:151} INFO - [2023-09-24T05:12:31.103+0000] {dag.py:3696} INFO - Setting next_dagrun for dataset_consumes_unknown_never_scheduled to None, run_after=None
[2023-09-24T05:12:31.124+0000] {logging_mixin.py:151} INFO - [2023-09-24T05:12:31.123+0000] {dag.py:3696} INFO - Setting next_dagrun for dataset_produces_1 to 2023-09-23T00:00:00+00:00, run_after=2023-09-24T00:00:00+00:00
[2023-09-24T05:12:31.128+0000] {logging_mixin.py:151} INFO - [2023-09-24T05:12:31.127+0000] {dag.py:3696} INFO - Setting next_dagrun for dataset_produces_2 to None, run_after=None
[2023-09-24T05:12:31.266+0000] {processor.py:179} INFO - Processing /home/airflow/.local/lib/python3.8/site-packages/airflow/example_dags/example_datasets.py took 0.603 seconds
[2023-09-24T05:13:01.929+0000] {processor.py:157} INFO - Started process (PID=370) to work on /home/airflow/.local/lib/python3.8/site-packages/airflow/example_dags/example_datasets.py
[2023-09-24T05:13:01.931+0000] {processor.py:829} INFO - Processing file /home/airflow/.local/lib/python3.8/site-packages/airflow/example_dags/example_datasets.py for tasks to queue
[2023-09-24T05:13:01.935+0000] {logging_mixin.py:151} INFO - [2023-09-24T05:13:01.934+0000] {dagbag.py:539} INFO - Filling up the DagBag from /home/airflow/.local/lib/python3.8/site-packages/airflow/example_dags/example_datasets.py
[2023-09-24T05:13:01.957+0000] {processor.py:839} INFO - DAG(s) dict_keys(['dataset_consumes_unknown_never_scheduled', 'dataset_produces_2', 'dataset_consumes_1_and_2', 'dataset_produces_1', 'dataset_consumes_1_never_scheduled', 'dataset_consumes_1']) retrieved from /home/airflow/.local/lib/python3.8/site-packages/airflow/example_dags/example_datasets.py
[2023-09-24T05:13:02.032+0000] {logging_mixin.py:151} INFO - [2023-09-24T05:13:02.032+0000] {dag.py:2915} INFO - Sync 6 DAGs
[2023-09-24T05:13:02.073+0000] {logging_mixin.py:151} INFO - [2023-09-24T05:13:02.073+0000] {dag.py:3696} INFO - Setting next_dagrun for dataset_consumes_1 to None, run_after=None
[2023-09-24T05:13:02.079+0000] {logging_mixin.py:151} INFO - [2023-09-24T05:13:02.078+0000] {dag.py:3696} INFO - Setting next_dagrun for dataset_consumes_1_and_2 to None, run_after=None
[2023-09-24T05:13:02.082+0000] {logging_mixin.py:151} INFO - [2023-09-24T05:13:02.081+0000] {dag.py:3696} INFO - Setting next_dagrun for dataset_consumes_1_never_scheduled to None, run_after=None
[2023-09-24T05:13:02.085+0000] {logging_mixin.py:151} INFO - [2023-09-24T05:13:02.084+0000] {dag.py:3696} INFO - Setting next_dagrun for dataset_consumes_unknown_never_scheduled to None, run_after=None
[2023-09-24T05:13:02.092+0000] {logging_mixin.py:151} INFO - [2023-09-24T05:13:02.092+0000] {dag.py:3696} INFO - Setting next_dagrun for dataset_produces_1 to 2023-09-23T00:00:00+00:00, run_after=2023-09-24T00:00:00+00:00
[2023-09-24T05:13:02.094+0000] {logging_mixin.py:151} INFO - [2023-09-24T05:13:02.094+0000] {dag.py:3696} INFO - Setting next_dagrun for dataset_produces_2 to None, run_after=None
[2023-09-24T05:13:02.148+0000] {processor.py:179} INFO - Processing /home/airflow/.local/lib/python3.8/site-packages/airflow/example_dags/example_datasets.py took 0.227 seconds
[2023-09-24T05:13:54.086+0000] {processor.py:157} INFO - Started process (PID=46) to work on /home/airflow/.local/lib/python3.8/site-packages/airflow/example_dags/example_datasets.py
[2023-09-24T05:13:54.089+0000] {processor.py:829} INFO - Processing file /home/airflow/.local/lib/python3.8/site-packages/airflow/example_dags/example_datasets.py for tasks to queue
[2023-09-24T05:13:54.100+0000] {logging_mixin.py:151} INFO - [2023-09-24T05:13:54.097+0000] {dagbag.py:539} INFO - Filling up the DagBag from /home/airflow/.local/lib/python3.8/site-packages/airflow/example_dags/example_datasets.py
[2023-09-24T05:13:54.188+0000] {processor.py:839} INFO - DAG(s) dict_keys(['dataset_produces_1', 'dataset_produces_2', 'dataset_consumes_unknown_never_scheduled', 'dataset_consumes_1_and_2', 'dataset_consumes_1', 'dataset_consumes_1_never_scheduled']) retrieved from /home/airflow/.local/lib/python3.8/site-packages/airflow/example_dags/example_datasets.py
[2023-09-24T05:13:54.285+0000] {logging_mixin.py:151} INFO - [2023-09-24T05:13:54.285+0000] {dag.py:2915} INFO - Sync 6 DAGs
[2023-09-24T05:13:54.467+0000] {logging_mixin.py:151} INFO - [2023-09-24T05:13:54.466+0000] {dag.py:3696} INFO - Setting next_dagrun for dataset_consumes_1 to None, run_after=None
[2023-09-24T05:13:54.487+0000] {logging_mixin.py:151} INFO - [2023-09-24T05:13:54.487+0000] {dag.py:3696} INFO - Setting next_dagrun for dataset_consumes_1_and_2 to None, run_after=None
[2023-09-24T05:13:54.490+0000] {logging_mixin.py:151} INFO - [2023-09-24T05:13:54.490+0000] {dag.py:3696} INFO - Setting next_dagrun for dataset_consumes_1_never_scheduled to None, run_after=None
[2023-09-24T05:13:54.505+0000] {logging_mixin.py:151} INFO - [2023-09-24T05:13:54.504+0000] {dag.py:3696} INFO - Setting next_dagrun for dataset_consumes_unknown_never_scheduled to None, run_after=None
[2023-09-24T05:13:54.513+0000] {logging_mixin.py:151} INFO - [2023-09-24T05:13:54.513+0000] {dag.py:3696} INFO - Setting next_dagrun for dataset_produces_1 to 2023-09-23T00:00:00+00:00, run_after=2023-09-24T00:00:00+00:00
[2023-09-24T05:13:54.534+0000] {logging_mixin.py:151} INFO - [2023-09-24T05:13:54.533+0000] {dag.py:3696} INFO - Setting next_dagrun for dataset_produces_2 to None, run_after=None
[2023-09-24T05:13:54.779+0000] {processor.py:179} INFO - Processing /home/airflow/.local/lib/python3.8/site-packages/airflow/example_dags/example_datasets.py took 0.712 seconds
[2023-09-24T05:14:25.819+0000] {processor.py:157} INFO - Started process (PID=101) to work on /home/airflow/.local/lib/python3.8/site-packages/airflow/example_dags/example_datasets.py
[2023-09-24T05:14:25.820+0000] {processor.py:829} INFO - Processing file /home/airflow/.local/lib/python3.8/site-packages/airflow/example_dags/example_datasets.py for tasks to queue
[2023-09-24T05:14:25.822+0000] {logging_mixin.py:151} INFO - [2023-09-24T05:14:25.822+0000] {dagbag.py:539} INFO - Filling up the DagBag from /home/airflow/.local/lib/python3.8/site-packages/airflow/example_dags/example_datasets.py
[2023-09-24T05:14:25.837+0000] {processor.py:839} INFO - DAG(s) dict_keys(['dataset_consumes_1_never_scheduled', 'dataset_consumes_1', 'dataset_consumes_unknown_never_scheduled', 'dataset_consumes_1_and_2', 'dataset_produces_2', 'dataset_produces_1']) retrieved from /home/airflow/.local/lib/python3.8/site-packages/airflow/example_dags/example_datasets.py
[2023-09-24T05:14:25.894+0000] {logging_mixin.py:151} INFO - [2023-09-24T05:14:25.894+0000] {dag.py:2915} INFO - Sync 6 DAGs
[2023-09-24T05:14:25.932+0000] {logging_mixin.py:151} INFO - [2023-09-24T05:14:25.932+0000] {dag.py:3696} INFO - Setting next_dagrun for dataset_consumes_1 to None, run_after=None
[2023-09-24T05:14:25.938+0000] {logging_mixin.py:151} INFO - [2023-09-24T05:14:25.937+0000] {dag.py:3696} INFO - Setting next_dagrun for dataset_consumes_1_and_2 to None, run_after=None
[2023-09-24T05:14:25.939+0000] {logging_mixin.py:151} INFO - [2023-09-24T05:14:25.939+0000] {dag.py:3696} INFO - Setting next_dagrun for dataset_consumes_1_never_scheduled to None, run_after=None
[2023-09-24T05:14:25.941+0000] {logging_mixin.py:151} INFO - [2023-09-24T05:14:25.941+0000] {dag.py:3696} INFO - Setting next_dagrun for dataset_consumes_unknown_never_scheduled to None, run_after=None
[2023-09-24T05:14:25.946+0000] {logging_mixin.py:151} INFO - [2023-09-24T05:14:25.945+0000] {dag.py:3696} INFO - Setting next_dagrun for dataset_produces_1 to 2023-09-23T00:00:00+00:00, run_after=2023-09-24T00:00:00+00:00
[2023-09-24T05:14:25.948+0000] {logging_mixin.py:151} INFO - [2023-09-24T05:14:25.947+0000] {dag.py:3696} INFO - Setting next_dagrun for dataset_produces_2 to None, run_after=None
[2023-09-24T05:14:25.994+0000] {processor.py:179} INFO - Processing /home/airflow/.local/lib/python3.8/site-packages/airflow/example_dags/example_datasets.py took 0.180 seconds
[2023-09-24T05:14:56.734+0000] {processor.py:157} INFO - Started process (PID=161) to work on /home/airflow/.local/lib/python3.8/site-packages/airflow/example_dags/example_datasets.py
[2023-09-24T05:14:56.744+0000] {processor.py:829} INFO - Processing file /home/airflow/.local/lib/python3.8/site-packages/airflow/example_dags/example_datasets.py for tasks to queue
[2023-09-24T05:14:56.750+0000] {logging_mixin.py:151} INFO - [2023-09-24T05:14:56.749+0000] {dagbag.py:539} INFO - Filling up the DagBag from /home/airflow/.local/lib/python3.8/site-packages/airflow/example_dags/example_datasets.py
[2023-09-24T05:14:56.807+0000] {processor.py:839} INFO - DAG(s) dict_keys(['dataset_consumes_1_and_2', 'dataset_consumes_1', 'dataset_consumes_1_never_scheduled', 'dataset_produces_1', 'dataset_consumes_unknown_never_scheduled', 'dataset_produces_2']) retrieved from /home/airflow/.local/lib/python3.8/site-packages/airflow/example_dags/example_datasets.py
[2023-09-24T05:14:56.969+0000] {logging_mixin.py:151} INFO - [2023-09-24T05:14:56.968+0000] {dag.py:2915} INFO - Sync 6 DAGs
[2023-09-24T05:14:57.120+0000] {logging_mixin.py:151} INFO - [2023-09-24T05:14:57.120+0000] {dag.py:3696} INFO - Setting next_dagrun for dataset_consumes_1 to None, run_after=None
[2023-09-24T05:14:57.149+0000] {logging_mixin.py:151} INFO - [2023-09-24T05:14:57.148+0000] {dag.py:3696} INFO - Setting next_dagrun for dataset_consumes_1_and_2 to None, run_after=None
[2023-09-24T05:14:57.160+0000] {logging_mixin.py:151} INFO - [2023-09-24T05:14:57.159+0000] {dag.py:3696} INFO - Setting next_dagrun for dataset_consumes_1_never_scheduled to None, run_after=None
[2023-09-24T05:14:57.169+0000] {logging_mixin.py:151} INFO - [2023-09-24T05:14:57.169+0000] {dag.py:3696} INFO - Setting next_dagrun for dataset_consumes_unknown_never_scheduled to None, run_after=None
[2023-09-24T05:14:57.198+0000] {logging_mixin.py:151} INFO - [2023-09-24T05:14:57.197+0000] {dag.py:3696} INFO - Setting next_dagrun for dataset_produces_1 to 2023-09-23T00:00:00+00:00, run_after=2023-09-24T00:00:00+00:00
[2023-09-24T05:14:57.205+0000] {logging_mixin.py:151} INFO - [2023-09-24T05:14:57.204+0000] {dag.py:3696} INFO - Setting next_dagrun for dataset_produces_2 to None, run_after=None
[2023-09-24T05:14:57.458+0000] {processor.py:179} INFO - Processing /home/airflow/.local/lib/python3.8/site-packages/airflow/example_dags/example_datasets.py took 0.745 seconds
