[2023-09-24T05:00:16.299+0000] {processor.py:157} INFO - Started process (PID=55) to work on /home/airflow/.local/lib/python3.8/site-packages/airflow/example_dags/example_params_trigger_ui.py
[2023-09-24T05:00:16.301+0000] {processor.py:829} INFO - Processing file /home/airflow/.local/lib/python3.8/site-packages/airflow/example_dags/example_params_trigger_ui.py for tasks to queue
[2023-09-24T05:00:16.304+0000] {logging_mixin.py:151} INFO - [2023-09-24T05:00:16.304+0000] {dagbag.py:539} INFO - Filling up the DagBag from /home/airflow/.local/lib/python3.8/site-packages/airflow/example_dags/example_params_trigger_ui.py
[2023-09-24T05:00:16.356+0000] {processor.py:839} INFO - DAG(s) dict_keys(['example_params_trigger_ui']) retrieved from /home/airflow/.local/lib/python3.8/site-packages/airflow/example_dags/example_params_trigger_ui.py
[2023-09-24T05:00:16.877+0000] {logging_mixin.py:151} INFO - [2023-09-24T05:00:16.877+0000] {manager.py:499} INFO - Created Permission View: %s
[2023-09-24T05:00:16.917+0000] {logging_mixin.py:151} INFO - [2023-09-24T05:00:16.917+0000] {manager.py:499} INFO - Created Permission View: %s
[2023-09-24T05:00:16.944+0000] {logging_mixin.py:151} INFO - [2023-09-24T05:00:16.943+0000] {manager.py:499} INFO - Created Permission View: %s
[2023-09-24T05:00:16.944+0000] {logging_mixin.py:151} INFO - [2023-09-24T05:00:16.944+0000] {security.py:708} INFO - Not syncing DAG-level permissions for DAG 'DAG:example_params_trigger_ui' as access control is unset.
[2023-09-24T05:00:16.944+0000] {logging_mixin.py:151} INFO - [2023-09-24T05:00:16.944+0000] {dag.py:2915} INFO - Sync 1 DAGs
[2023-09-24T05:00:16.984+0000] {logging_mixin.py:151} INFO - [2023-09-24T05:00:16.984+0000] {dag.py:2937} INFO - Creating ORM DAG for example_params_trigger_ui
[2023-09-24T05:00:16.985+0000] {logging_mixin.py:151} INFO - [2023-09-24T05:00:16.985+0000] {dag.py:3696} INFO - Setting next_dagrun for example_params_trigger_ui to None, run_after=None
[2023-09-24T05:00:17.079+0000] {processor.py:179} INFO - Processing /home/airflow/.local/lib/python3.8/site-packages/airflow/example_dags/example_params_trigger_ui.py took 0.792 seconds
[2023-09-24T05:00:47.281+0000] {processor.py:157} INFO - Started process (PID=109) to work on /home/airflow/.local/lib/python3.8/site-packages/airflow/example_dags/example_params_trigger_ui.py
[2023-09-24T05:00:47.282+0000] {processor.py:829} INFO - Processing file /home/airflow/.local/lib/python3.8/site-packages/airflow/example_dags/example_params_trigger_ui.py for tasks to queue
[2023-09-24T05:00:47.285+0000] {logging_mixin.py:151} INFO - [2023-09-24T05:00:47.285+0000] {dagbag.py:539} INFO - Filling up the DagBag from /home/airflow/.local/lib/python3.8/site-packages/airflow/example_dags/example_params_trigger_ui.py
[2023-09-24T05:00:47.313+0000] {processor.py:839} INFO - DAG(s) dict_keys(['example_params_trigger_ui']) retrieved from /home/airflow/.local/lib/python3.8/site-packages/airflow/example_dags/example_params_trigger_ui.py
[2023-09-24T05:00:47.422+0000] {logging_mixin.py:151} INFO - [2023-09-24T05:00:47.422+0000] {dag.py:2915} INFO - Sync 1 DAGs
[2023-09-24T05:00:47.444+0000] {logging_mixin.py:151} INFO - [2023-09-24T05:00:47.443+0000] {dag.py:3696} INFO - Setting next_dagrun for example_params_trigger_ui to None, run_after=None
[2023-09-24T05:00:47.468+0000] {processor.py:179} INFO - Processing /home/airflow/.local/lib/python3.8/site-packages/airflow/example_dags/example_params_trigger_ui.py took 0.191 seconds
[2023-09-24T05:01:18.491+0000] {processor.py:157} INFO - Started process (PID=163) to work on /home/airflow/.local/lib/python3.8/site-packages/airflow/example_dags/example_params_trigger_ui.py
[2023-09-24T05:01:18.492+0000] {processor.py:829} INFO - Processing file /home/airflow/.local/lib/python3.8/site-packages/airflow/example_dags/example_params_trigger_ui.py for tasks to queue
[2023-09-24T05:01:18.496+0000] {logging_mixin.py:151} INFO - [2023-09-24T05:01:18.495+0000] {dagbag.py:539} INFO - Filling up the DagBag from /home/airflow/.local/lib/python3.8/site-packages/airflow/example_dags/example_params_trigger_ui.py
[2023-09-24T05:01:18.523+0000] {processor.py:839} INFO - DAG(s) dict_keys(['example_params_trigger_ui']) retrieved from /home/airflow/.local/lib/python3.8/site-packages/airflow/example_dags/example_params_trigger_ui.py
[2023-09-24T05:01:18.640+0000] {logging_mixin.py:151} INFO - [2023-09-24T05:01:18.640+0000] {dag.py:2915} INFO - Sync 1 DAGs
[2023-09-24T05:01:18.661+0000] {logging_mixin.py:151} INFO - [2023-09-24T05:01:18.661+0000] {dag.py:3696} INFO - Setting next_dagrun for example_params_trigger_ui to None, run_after=None
[2023-09-24T05:01:18.686+0000] {processor.py:179} INFO - Processing /home/airflow/.local/lib/python3.8/site-packages/airflow/example_dags/example_params_trigger_ui.py took 0.200 seconds
[2023-09-24T05:01:49.750+0000] {processor.py:157} INFO - Started process (PID=217) to work on /home/airflow/.local/lib/python3.8/site-packages/airflow/example_dags/example_params_trigger_ui.py
[2023-09-24T05:01:49.751+0000] {processor.py:829} INFO - Processing file /home/airflow/.local/lib/python3.8/site-packages/airflow/example_dags/example_params_trigger_ui.py for tasks to queue
[2023-09-24T05:01:49.754+0000] {logging_mixin.py:151} INFO - [2023-09-24T05:01:49.754+0000] {dagbag.py:539} INFO - Filling up the DagBag from /home/airflow/.local/lib/python3.8/site-packages/airflow/example_dags/example_params_trigger_ui.py
[2023-09-24T05:01:49.781+0000] {processor.py:839} INFO - DAG(s) dict_keys(['example_params_trigger_ui']) retrieved from /home/airflow/.local/lib/python3.8/site-packages/airflow/example_dags/example_params_trigger_ui.py
[2023-09-24T05:01:49.882+0000] {logging_mixin.py:151} INFO - [2023-09-24T05:01:49.882+0000] {dag.py:2915} INFO - Sync 1 DAGs
[2023-09-24T05:01:49.902+0000] {logging_mixin.py:151} INFO - [2023-09-24T05:01:49.902+0000] {dag.py:3696} INFO - Setting next_dagrun for example_params_trigger_ui to None, run_after=None
[2023-09-24T05:01:49.926+0000] {processor.py:179} INFO - Processing /home/airflow/.local/lib/python3.8/site-packages/airflow/example_dags/example_params_trigger_ui.py took 0.181 seconds
[2023-09-24T05:02:21.153+0000] {processor.py:157} INFO - Started process (PID=271) to work on /home/airflow/.local/lib/python3.8/site-packages/airflow/example_dags/example_params_trigger_ui.py
[2023-09-24T05:02:21.154+0000] {processor.py:829} INFO - Processing file /home/airflow/.local/lib/python3.8/site-packages/airflow/example_dags/example_params_trigger_ui.py for tasks to queue
[2023-09-24T05:02:21.157+0000] {logging_mixin.py:151} INFO - [2023-09-24T05:02:21.156+0000] {dagbag.py:539} INFO - Filling up the DagBag from /home/airflow/.local/lib/python3.8/site-packages/airflow/example_dags/example_params_trigger_ui.py
[2023-09-24T05:02:21.186+0000] {processor.py:839} INFO - DAG(s) dict_keys(['example_params_trigger_ui']) retrieved from /home/airflow/.local/lib/python3.8/site-packages/airflow/example_dags/example_params_trigger_ui.py
[2023-09-24T05:02:21.341+0000] {logging_mixin.py:151} INFO - [2023-09-24T05:02:21.341+0000] {dag.py:2915} INFO - Sync 1 DAGs
[2023-09-24T05:02:21.383+0000] {logging_mixin.py:151} INFO - [2023-09-24T05:02:21.383+0000] {dag.py:3696} INFO - Setting next_dagrun for example_params_trigger_ui to None, run_after=None
[2023-09-24T05:02:21.425+0000] {processor.py:179} INFO - Processing /home/airflow/.local/lib/python3.8/site-packages/airflow/example_dags/example_params_trigger_ui.py took 0.278 seconds
[2023-09-24T05:02:52.302+0000] {processor.py:157} INFO - Started process (PID=325) to work on /home/airflow/.local/lib/python3.8/site-packages/airflow/example_dags/example_params_trigger_ui.py
[2023-09-24T05:02:52.303+0000] {processor.py:829} INFO - Processing file /home/airflow/.local/lib/python3.8/site-packages/airflow/example_dags/example_params_trigger_ui.py for tasks to queue
[2023-09-24T05:02:52.306+0000] {logging_mixin.py:151} INFO - [2023-09-24T05:02:52.305+0000] {dagbag.py:539} INFO - Filling up the DagBag from /home/airflow/.local/lib/python3.8/site-packages/airflow/example_dags/example_params_trigger_ui.py
[2023-09-24T05:02:52.333+0000] {processor.py:839} INFO - DAG(s) dict_keys(['example_params_trigger_ui']) retrieved from /home/airflow/.local/lib/python3.8/site-packages/airflow/example_dags/example_params_trigger_ui.py
[2023-09-24T05:02:52.435+0000] {logging_mixin.py:151} INFO - [2023-09-24T05:02:52.434+0000] {dag.py:2915} INFO - Sync 1 DAGs
[2023-09-24T05:02:52.454+0000] {logging_mixin.py:151} INFO - [2023-09-24T05:02:52.454+0000] {dag.py:3696} INFO - Setting next_dagrun for example_params_trigger_ui to None, run_after=None
[2023-09-24T05:02:52.495+0000] {processor.py:179} INFO - Processing /home/airflow/.local/lib/python3.8/site-packages/airflow/example_dags/example_params_trigger_ui.py took 0.198 seconds
[2023-09-24T05:03:23.840+0000] {processor.py:157} INFO - Started process (PID=380) to work on /home/airflow/.local/lib/python3.8/site-packages/airflow/example_dags/example_params_trigger_ui.py
[2023-09-24T05:03:23.841+0000] {processor.py:829} INFO - Processing file /home/airflow/.local/lib/python3.8/site-packages/airflow/example_dags/example_params_trigger_ui.py for tasks to queue
[2023-09-24T05:03:23.844+0000] {logging_mixin.py:151} INFO - [2023-09-24T05:03:23.843+0000] {dagbag.py:539} INFO - Filling up the DagBag from /home/airflow/.local/lib/python3.8/site-packages/airflow/example_dags/example_params_trigger_ui.py
[2023-09-24T05:03:23.872+0000] {processor.py:839} INFO - DAG(s) dict_keys(['example_params_trigger_ui']) retrieved from /home/airflow/.local/lib/python3.8/site-packages/airflow/example_dags/example_params_trigger_ui.py
[2023-09-24T05:03:23.973+0000] {logging_mixin.py:151} INFO - [2023-09-24T05:03:23.972+0000] {dag.py:2915} INFO - Sync 1 DAGs
[2023-09-24T05:03:23.994+0000] {logging_mixin.py:151} INFO - [2023-09-24T05:03:23.994+0000] {dag.py:3696} INFO - Setting next_dagrun for example_params_trigger_ui to None, run_after=None
[2023-09-24T05:03:24.020+0000] {processor.py:179} INFO - Processing /home/airflow/.local/lib/python3.8/site-packages/airflow/example_dags/example_params_trigger_ui.py took 0.185 seconds
[2023-09-24T05:03:54.489+0000] {processor.py:157} INFO - Started process (PID=434) to work on /home/airflow/.local/lib/python3.8/site-packages/airflow/example_dags/example_params_trigger_ui.py
[2023-09-24T05:03:54.490+0000] {processor.py:829} INFO - Processing file /home/airflow/.local/lib/python3.8/site-packages/airflow/example_dags/example_params_trigger_ui.py for tasks to queue
[2023-09-24T05:03:54.493+0000] {logging_mixin.py:151} INFO - [2023-09-24T05:03:54.493+0000] {dagbag.py:539} INFO - Filling up the DagBag from /home/airflow/.local/lib/python3.8/site-packages/airflow/example_dags/example_params_trigger_ui.py
[2023-09-24T05:03:54.523+0000] {processor.py:839} INFO - DAG(s) dict_keys(['example_params_trigger_ui']) retrieved from /home/airflow/.local/lib/python3.8/site-packages/airflow/example_dags/example_params_trigger_ui.py
[2023-09-24T05:03:54.629+0000] {logging_mixin.py:151} INFO - [2023-09-24T05:03:54.629+0000] {dag.py:2915} INFO - Sync 1 DAGs
[2023-09-24T05:03:54.649+0000] {logging_mixin.py:151} INFO - [2023-09-24T05:03:54.649+0000] {dag.py:3696} INFO - Setting next_dagrun for example_params_trigger_ui to None, run_after=None
[2023-09-24T05:03:54.672+0000] {processor.py:179} INFO - Processing /home/airflow/.local/lib/python3.8/site-packages/airflow/example_dags/example_params_trigger_ui.py took 0.188 seconds
[2023-09-24T05:10:01.413+0000] {processor.py:157} INFO - Started process (PID=55) to work on /home/airflow/.local/lib/python3.8/site-packages/airflow/example_dags/example_params_trigger_ui.py
[2023-09-24T05:10:01.416+0000] {processor.py:829} INFO - Processing file /home/airflow/.local/lib/python3.8/site-packages/airflow/example_dags/example_params_trigger_ui.py for tasks to queue
[2023-09-24T05:10:01.423+0000] {logging_mixin.py:151} INFO - [2023-09-24T05:10:01.423+0000] {dagbag.py:539} INFO - Filling up the DagBag from /home/airflow/.local/lib/python3.8/site-packages/airflow/example_dags/example_params_trigger_ui.py
[2023-09-24T05:10:01.550+0000] {processor.py:839} INFO - DAG(s) dict_keys(['example_params_trigger_ui']) retrieved from /home/airflow/.local/lib/python3.8/site-packages/airflow/example_dags/example_params_trigger_ui.py
[2023-09-24T05:10:01.960+0000] {logging_mixin.py:151} INFO - [2023-09-24T05:10:01.960+0000] {dag.py:2915} INFO - Sync 1 DAGs
[2023-09-24T05:10:02.029+0000] {logging_mixin.py:151} INFO - [2023-09-24T05:10:02.028+0000] {dag.py:3696} INFO - Setting next_dagrun for example_params_trigger_ui to None, run_after=None
[2023-09-24T05:10:02.111+0000] {processor.py:179} INFO - Processing /home/airflow/.local/lib/python3.8/site-packages/airflow/example_dags/example_params_trigger_ui.py took 0.712 seconds
[2023-09-24T05:10:32.577+0000] {processor.py:157} INFO - Started process (PID=108) to work on /home/airflow/.local/lib/python3.8/site-packages/airflow/example_dags/example_params_trigger_ui.py
[2023-09-24T05:10:32.578+0000] {processor.py:829} INFO - Processing file /home/airflow/.local/lib/python3.8/site-packages/airflow/example_dags/example_params_trigger_ui.py for tasks to queue
[2023-09-24T05:10:32.581+0000] {logging_mixin.py:151} INFO - [2023-09-24T05:10:32.581+0000] {dagbag.py:539} INFO - Filling up the DagBag from /home/airflow/.local/lib/python3.8/site-packages/airflow/example_dags/example_params_trigger_ui.py
[2023-09-24T05:10:32.609+0000] {processor.py:839} INFO - DAG(s) dict_keys(['example_params_trigger_ui']) retrieved from /home/airflow/.local/lib/python3.8/site-packages/airflow/example_dags/example_params_trigger_ui.py
[2023-09-24T05:10:32.712+0000] {logging_mixin.py:151} INFO - [2023-09-24T05:10:32.712+0000] {dag.py:2915} INFO - Sync 1 DAGs
[2023-09-24T05:10:32.732+0000] {logging_mixin.py:151} INFO - [2023-09-24T05:10:32.732+0000] {dag.py:3696} INFO - Setting next_dagrun for example_params_trigger_ui to None, run_after=None
[2023-09-24T05:10:32.757+0000] {processor.py:179} INFO - Processing /home/airflow/.local/lib/python3.8/site-packages/airflow/example_dags/example_params_trigger_ui.py took 0.184 seconds
[2023-09-24T05:11:03.496+0000] {processor.py:157} INFO - Started process (PID=162) to work on /home/airflow/.local/lib/python3.8/site-packages/airflow/example_dags/example_params_trigger_ui.py
[2023-09-24T05:11:03.498+0000] {processor.py:829} INFO - Processing file /home/airflow/.local/lib/python3.8/site-packages/airflow/example_dags/example_params_trigger_ui.py for tasks to queue
[2023-09-24T05:11:03.501+0000] {logging_mixin.py:151} INFO - [2023-09-24T05:11:03.500+0000] {dagbag.py:539} INFO - Filling up the DagBag from /home/airflow/.local/lib/python3.8/site-packages/airflow/example_dags/example_params_trigger_ui.py
[2023-09-24T05:11:03.528+0000] {processor.py:839} INFO - DAG(s) dict_keys(['example_params_trigger_ui']) retrieved from /home/airflow/.local/lib/python3.8/site-packages/airflow/example_dags/example_params_trigger_ui.py
[2023-09-24T05:11:03.632+0000] {logging_mixin.py:151} INFO - [2023-09-24T05:11:03.632+0000] {dag.py:2915} INFO - Sync 1 DAGs
[2023-09-24T05:11:03.652+0000] {logging_mixin.py:151} INFO - [2023-09-24T05:11:03.652+0000] {dag.py:3696} INFO - Setting next_dagrun for example_params_trigger_ui to None, run_after=None
[2023-09-24T05:11:03.677+0000] {processor.py:179} INFO - Processing /home/airflow/.local/lib/python3.8/site-packages/airflow/example_dags/example_params_trigger_ui.py took 0.186 seconds
[2023-09-24T05:11:34.613+0000] {processor.py:157} INFO - Started process (PID=216) to work on /home/airflow/.local/lib/python3.8/site-packages/airflow/example_dags/example_params_trigger_ui.py
[2023-09-24T05:11:34.614+0000] {processor.py:829} INFO - Processing file /home/airflow/.local/lib/python3.8/site-packages/airflow/example_dags/example_params_trigger_ui.py for tasks to queue
[2023-09-24T05:11:34.617+0000] {logging_mixin.py:151} INFO - [2023-09-24T05:11:34.617+0000] {dagbag.py:539} INFO - Filling up the DagBag from /home/airflow/.local/lib/python3.8/site-packages/airflow/example_dags/example_params_trigger_ui.py
[2023-09-24T05:11:34.646+0000] {processor.py:839} INFO - DAG(s) dict_keys(['example_params_trigger_ui']) retrieved from /home/airflow/.local/lib/python3.8/site-packages/airflow/example_dags/example_params_trigger_ui.py
[2023-09-24T05:11:34.758+0000] {logging_mixin.py:151} INFO - [2023-09-24T05:11:34.758+0000] {dag.py:2915} INFO - Sync 1 DAGs
[2023-09-24T05:11:34.781+0000] {logging_mixin.py:151} INFO - [2023-09-24T05:11:34.781+0000] {dag.py:3696} INFO - Setting next_dagrun for example_params_trigger_ui to None, run_after=None
[2023-09-24T05:11:34.807+0000] {processor.py:179} INFO - Processing /home/airflow/.local/lib/python3.8/site-packages/airflow/example_dags/example_params_trigger_ui.py took 0.199 seconds
[2023-09-24T05:12:05.695+0000] {processor.py:157} INFO - Started process (PID=279) to work on /home/airflow/.local/lib/python3.8/site-packages/airflow/example_dags/example_params_trigger_ui.py
[2023-09-24T05:12:05.697+0000] {processor.py:829} INFO - Processing file /home/airflow/.local/lib/python3.8/site-packages/airflow/example_dags/example_params_trigger_ui.py for tasks to queue
[2023-09-24T05:12:05.700+0000] {logging_mixin.py:151} INFO - [2023-09-24T05:12:05.699+0000] {dagbag.py:539} INFO - Filling up the DagBag from /home/airflow/.local/lib/python3.8/site-packages/airflow/example_dags/example_params_trigger_ui.py
[2023-09-24T05:12:05.729+0000] {processor.py:839} INFO - DAG(s) dict_keys(['example_params_trigger_ui']) retrieved from /home/airflow/.local/lib/python3.8/site-packages/airflow/example_dags/example_params_trigger_ui.py
[2023-09-24T05:12:05.837+0000] {logging_mixin.py:151} INFO - [2023-09-24T05:12:05.837+0000] {dag.py:2915} INFO - Sync 1 DAGs
[2023-09-24T05:12:05.858+0000] {logging_mixin.py:151} INFO - [2023-09-24T05:12:05.858+0000] {dag.py:3696} INFO - Setting next_dagrun for example_params_trigger_ui to None, run_after=None
[2023-09-24T05:12:05.884+0000] {processor.py:179} INFO - Processing /home/airflow/.local/lib/python3.8/site-packages/airflow/example_dags/example_params_trigger_ui.py took 0.194 seconds
[2023-09-24T05:12:37.028+0000] {processor.py:157} INFO - Started process (PID=333) to work on /home/airflow/.local/lib/python3.8/site-packages/airflow/example_dags/example_params_trigger_ui.py
[2023-09-24T05:12:37.029+0000] {processor.py:829} INFO - Processing file /home/airflow/.local/lib/python3.8/site-packages/airflow/example_dags/example_params_trigger_ui.py for tasks to queue
[2023-09-24T05:12:37.033+0000] {logging_mixin.py:151} INFO - [2023-09-24T05:12:37.032+0000] {dagbag.py:539} INFO - Filling up the DagBag from /home/airflow/.local/lib/python3.8/site-packages/airflow/example_dags/example_params_trigger_ui.py
[2023-09-24T05:12:37.069+0000] {processor.py:839} INFO - DAG(s) dict_keys(['example_params_trigger_ui']) retrieved from /home/airflow/.local/lib/python3.8/site-packages/airflow/example_dags/example_params_trigger_ui.py
[2023-09-24T05:12:37.199+0000] {logging_mixin.py:151} INFO - [2023-09-24T05:12:37.198+0000] {dag.py:2915} INFO - Sync 1 DAGs
[2023-09-24T05:12:37.223+0000] {logging_mixin.py:151} INFO - [2023-09-24T05:12:37.223+0000] {dag.py:3696} INFO - Setting next_dagrun for example_params_trigger_ui to None, run_after=None
[2023-09-24T05:12:37.258+0000] {processor.py:179} INFO - Processing /home/airflow/.local/lib/python3.8/site-packages/airflow/example_dags/example_params_trigger_ui.py took 0.237 seconds
[2023-09-24T05:13:07.732+0000] {processor.py:157} INFO - Started process (PID=386) to work on /home/airflow/.local/lib/python3.8/site-packages/airflow/example_dags/example_params_trigger_ui.py
[2023-09-24T05:13:07.733+0000] {processor.py:829} INFO - Processing file /home/airflow/.local/lib/python3.8/site-packages/airflow/example_dags/example_params_trigger_ui.py for tasks to queue
[2023-09-24T05:13:07.737+0000] {logging_mixin.py:151} INFO - [2023-09-24T05:13:07.736+0000] {dagbag.py:539} INFO - Filling up the DagBag from /home/airflow/.local/lib/python3.8/site-packages/airflow/example_dags/example_params_trigger_ui.py
[2023-09-24T05:13:07.772+0000] {processor.py:839} INFO - DAG(s) dict_keys(['example_params_trigger_ui']) retrieved from /home/airflow/.local/lib/python3.8/site-packages/airflow/example_dags/example_params_trigger_ui.py
[2023-09-24T05:13:07.876+0000] {logging_mixin.py:151} INFO - [2023-09-24T05:13:07.876+0000] {dag.py:2915} INFO - Sync 1 DAGs
[2023-09-24T05:13:07.899+0000] {logging_mixin.py:151} INFO - [2023-09-24T05:13:07.899+0000] {dag.py:3696} INFO - Setting next_dagrun for example_params_trigger_ui to None, run_after=None
[2023-09-24T05:13:07.933+0000] {processor.py:179} INFO - Processing /home/airflow/.local/lib/python3.8/site-packages/airflow/example_dags/example_params_trigger_ui.py took 0.208 seconds
[2023-09-24T05:13:57.731+0000] {processor.py:157} INFO - Started process (PID=55) to work on /home/airflow/.local/lib/python3.8/site-packages/airflow/example_dags/example_params_trigger_ui.py
[2023-09-24T05:13:57.747+0000] {processor.py:829} INFO - Processing file /home/airflow/.local/lib/python3.8/site-packages/airflow/example_dags/example_params_trigger_ui.py for tasks to queue
[2023-09-24T05:13:57.759+0000] {logging_mixin.py:151} INFO - [2023-09-24T05:13:57.755+0000] {dagbag.py:539} INFO - Filling up the DagBag from /home/airflow/.local/lib/python3.8/site-packages/airflow/example_dags/example_params_trigger_ui.py
[2023-09-24T05:13:57.812+0000] {processor.py:839} INFO - DAG(s) dict_keys(['example_params_trigger_ui']) retrieved from /home/airflow/.local/lib/python3.8/site-packages/airflow/example_dags/example_params_trigger_ui.py
[2023-09-24T05:13:57.876+0000] {logging_mixin.py:151} INFO - [2023-09-24T05:13:57.874+0000] {dag.py:2915} INFO - Sync 1 DAGs
[2023-09-24T05:13:57.937+0000] {logging_mixin.py:151} INFO - [2023-09-24T05:13:57.937+0000] {dag.py:3696} INFO - Setting next_dagrun for example_params_trigger_ui to None, run_after=None
[2023-09-24T05:13:58.004+0000] {processor.py:179} INFO - Processing /home/airflow/.local/lib/python3.8/site-packages/airflow/example_dags/example_params_trigger_ui.py took 0.289 seconds
[2023-09-24T05:14:28.058+0000] {processor.py:157} INFO - Started process (PID=109) to work on /home/airflow/.local/lib/python3.8/site-packages/airflow/example_dags/example_params_trigger_ui.py
[2023-09-24T05:14:28.060+0000] {processor.py:829} INFO - Processing file /home/airflow/.local/lib/python3.8/site-packages/airflow/example_dags/example_params_trigger_ui.py for tasks to queue
[2023-09-24T05:14:28.063+0000] {logging_mixin.py:151} INFO - [2023-09-24T05:14:28.062+0000] {dagbag.py:539} INFO - Filling up the DagBag from /home/airflow/.local/lib/python3.8/site-packages/airflow/example_dags/example_params_trigger_ui.py
[2023-09-24T05:14:28.095+0000] {processor.py:839} INFO - DAG(s) dict_keys(['example_params_trigger_ui']) retrieved from /home/airflow/.local/lib/python3.8/site-packages/airflow/example_dags/example_params_trigger_ui.py
[2023-09-24T05:14:28.198+0000] {logging_mixin.py:151} INFO - [2023-09-24T05:14:28.198+0000] {dag.py:2915} INFO - Sync 1 DAGs
[2023-09-24T05:14:28.220+0000] {logging_mixin.py:151} INFO - [2023-09-24T05:14:28.220+0000] {dag.py:3696} INFO - Setting next_dagrun for example_params_trigger_ui to None, run_after=None
[2023-09-24T05:14:28.246+0000] {processor.py:179} INFO - Processing /home/airflow/.local/lib/python3.8/site-packages/airflow/example_dags/example_params_trigger_ui.py took 0.193 seconds
[2023-09-24T05:14:59.981+0000] {processor.py:157} INFO - Started process (PID=169) to work on /home/airflow/.local/lib/python3.8/site-packages/airflow/example_dags/example_params_trigger_ui.py
[2023-09-24T05:14:59.983+0000] {processor.py:829} INFO - Processing file /home/airflow/.local/lib/python3.8/site-packages/airflow/example_dags/example_params_trigger_ui.py for tasks to queue
[2023-09-24T05:14:59.989+0000] {logging_mixin.py:151} INFO - [2023-09-24T05:14:59.988+0000] {dagbag.py:539} INFO - Filling up the DagBag from /home/airflow/.local/lib/python3.8/site-packages/airflow/example_dags/example_params_trigger_ui.py
[2023-09-24T05:15:00.040+0000] {processor.py:839} INFO - DAG(s) dict_keys(['example_params_trigger_ui']) retrieved from /home/airflow/.local/lib/python3.8/site-packages/airflow/example_dags/example_params_trigger_ui.py
[2023-09-24T05:15:00.383+0000] {logging_mixin.py:151} INFO - [2023-09-24T05:15:00.383+0000] {dag.py:2915} INFO - Sync 1 DAGs
[2023-09-24T05:15:00.491+0000] {logging_mixin.py:151} INFO - [2023-09-24T05:15:00.490+0000] {dag.py:3696} INFO - Setting next_dagrun for example_params_trigger_ui to None, run_after=None
[2023-09-24T05:15:00.625+0000] {processor.py:179} INFO - Processing /home/airflow/.local/lib/python3.8/site-packages/airflow/example_dags/example_params_trigger_ui.py took 0.654 seconds
