[2023-09-24T05:00:08.346+0000] {processor.py:157} INFO - Started process (PID=49) to work on /home/airflow/.local/lib/python3.8/site-packages/airflow/example_dags/example_external_task_marker_dag.py
[2023-09-24T05:00:08.348+0000] {processor.py:829} INFO - Processing file /home/airflow/.local/lib/python3.8/site-packages/airflow/example_dags/example_external_task_marker_dag.py for tasks to queue
[2023-09-24T05:00:08.362+0000] {logging_mixin.py:151} INFO - [2023-09-24T05:00:08.362+0000] {dagbag.py:539} INFO - Filling up the DagBag from /home/airflow/.local/lib/python3.8/site-packages/airflow/example_dags/example_external_task_marker_dag.py
[2023-09-24T05:00:08.404+0000] {processor.py:839} INFO - DAG(s) dict_keys(['example_external_task_marker_child', 'example_external_task_marker_parent']) retrieved from /home/airflow/.local/lib/python3.8/site-packages/airflow/example_dags/example_external_task_marker_dag.py
[2023-09-24T05:00:09.120+0000] {logging_mixin.py:151} INFO - [2023-09-24T05:00:09.120+0000] {manager.py:499} INFO - Created Permission View: %s
[2023-09-24T05:00:09.149+0000] {logging_mixin.py:151} INFO - [2023-09-24T05:00:09.149+0000] {manager.py:499} INFO - Created Permission View: %s
[2023-09-24T05:00:09.167+0000] {logging_mixin.py:151} INFO - [2023-09-24T05:00:09.167+0000] {manager.py:499} INFO - Created Permission View: %s
[2023-09-24T05:00:09.167+0000] {logging_mixin.py:151} INFO - [2023-09-24T05:00:09.167+0000] {security.py:708} INFO - Not syncing DAG-level permissions for DAG 'DAG:example_external_task_marker_child' as access control is unset.
[2023-09-24T05:00:09.221+0000] {logging_mixin.py:151} INFO - [2023-09-24T05:00:09.221+0000] {manager.py:499} INFO - Created Permission View: %s
[2023-09-24T05:00:09.241+0000] {logging_mixin.py:151} INFO - [2023-09-24T05:00:09.241+0000] {manager.py:499} INFO - Created Permission View: %s
[2023-09-24T05:00:09.268+0000] {logging_mixin.py:151} INFO - [2023-09-24T05:00:09.268+0000] {manager.py:499} INFO - Created Permission View: %s
[2023-09-24T05:00:09.270+0000] {logging_mixin.py:151} INFO - [2023-09-24T05:00:09.269+0000] {security.py:708} INFO - Not syncing DAG-level permissions for DAG 'DAG:example_external_task_marker_parent' as access control is unset.
[2023-09-24T05:00:09.270+0000] {logging_mixin.py:151} INFO - [2023-09-24T05:00:09.270+0000] {dag.py:2915} INFO - Sync 2 DAGs
[2023-09-24T05:00:09.364+0000] {logging_mixin.py:151} INFO - [2023-09-24T05:00:09.363+0000] {dag.py:2937} INFO - Creating ORM DAG for example_external_task_marker_parent
[2023-09-24T05:00:09.365+0000] {logging_mixin.py:151} INFO - [2023-09-24T05:00:09.365+0000] {dag.py:2937} INFO - Creating ORM DAG for example_external_task_marker_child
[2023-09-24T05:00:09.368+0000] {logging_mixin.py:151} INFO - [2023-09-24T05:00:09.367+0000] {dag.py:3696} INFO - Setting next_dagrun for example_external_task_marker_child to None, run_after=None
[2023-09-24T05:00:09.378+0000] {logging_mixin.py:151} INFO - [2023-09-24T05:00:09.372+0000] {dag.py:3696} INFO - Setting next_dagrun for example_external_task_marker_parent to None, run_after=None
[2023-09-24T05:00:09.449+0000] {processor.py:179} INFO - Processing /home/airflow/.local/lib/python3.8/site-packages/airflow/example_dags/example_external_task_marker_dag.py took 1.120 seconds
[2023-09-24T05:00:40.263+0000] {processor.py:157} INFO - Started process (PID=103) to work on /home/airflow/.local/lib/python3.8/site-packages/airflow/example_dags/example_external_task_marker_dag.py
[2023-09-24T05:00:40.264+0000] {processor.py:829} INFO - Processing file /home/airflow/.local/lib/python3.8/site-packages/airflow/example_dags/example_external_task_marker_dag.py for tasks to queue
[2023-09-24T05:00:40.267+0000] {logging_mixin.py:151} INFO - [2023-09-24T05:00:40.266+0000] {dagbag.py:539} INFO - Filling up the DagBag from /home/airflow/.local/lib/python3.8/site-packages/airflow/example_dags/example_external_task_marker_dag.py
[2023-09-24T05:00:40.275+0000] {processor.py:839} INFO - DAG(s) dict_keys(['example_external_task_marker_parent', 'example_external_task_marker_child']) retrieved from /home/airflow/.local/lib/python3.8/site-packages/airflow/example_dags/example_external_task_marker_dag.py
[2023-09-24T05:00:40.312+0000] {logging_mixin.py:151} INFO - [2023-09-24T05:00:40.312+0000] {dag.py:2915} INFO - Sync 2 DAGs
[2023-09-24T05:00:40.334+0000] {logging_mixin.py:151} INFO - [2023-09-24T05:00:40.334+0000] {dag.py:3696} INFO - Setting next_dagrun for example_external_task_marker_child to None, run_after=None
[2023-09-24T05:00:40.339+0000] {logging_mixin.py:151} INFO - [2023-09-24T05:00:40.339+0000] {dag.py:3696} INFO - Setting next_dagrun for example_external_task_marker_parent to None, run_after=None
[2023-09-24T05:00:40.359+0000] {processor.py:179} INFO - Processing /home/airflow/.local/lib/python3.8/site-packages/airflow/example_dags/example_external_task_marker_dag.py took 0.101 seconds
[2023-09-24T05:01:10.598+0000] {processor.py:157} INFO - Started process (PID=157) to work on /home/airflow/.local/lib/python3.8/site-packages/airflow/example_dags/example_external_task_marker_dag.py
[2023-09-24T05:01:10.599+0000] {processor.py:829} INFO - Processing file /home/airflow/.local/lib/python3.8/site-packages/airflow/example_dags/example_external_task_marker_dag.py for tasks to queue
[2023-09-24T05:01:10.602+0000] {logging_mixin.py:151} INFO - [2023-09-24T05:01:10.602+0000] {dagbag.py:539} INFO - Filling up the DagBag from /home/airflow/.local/lib/python3.8/site-packages/airflow/example_dags/example_external_task_marker_dag.py
[2023-09-24T05:01:10.610+0000] {processor.py:839} INFO - DAG(s) dict_keys(['example_external_task_marker_parent', 'example_external_task_marker_child']) retrieved from /home/airflow/.local/lib/python3.8/site-packages/airflow/example_dags/example_external_task_marker_dag.py
[2023-09-24T05:01:10.644+0000] {logging_mixin.py:151} INFO - [2023-09-24T05:01:10.644+0000] {dag.py:2915} INFO - Sync 2 DAGs
[2023-09-24T05:01:10.667+0000] {logging_mixin.py:151} INFO - [2023-09-24T05:01:10.667+0000] {dag.py:3696} INFO - Setting next_dagrun for example_external_task_marker_child to None, run_after=None
[2023-09-24T05:01:10.672+0000] {logging_mixin.py:151} INFO - [2023-09-24T05:01:10.672+0000] {dag.py:3696} INFO - Setting next_dagrun for example_external_task_marker_parent to None, run_after=None
[2023-09-24T05:01:10.694+0000] {processor.py:179} INFO - Processing /home/airflow/.local/lib/python3.8/site-packages/airflow/example_dags/example_external_task_marker_dag.py took 0.100 seconds
[2023-09-24T05:01:40.849+0000] {processor.py:157} INFO - Started process (PID=211) to work on /home/airflow/.local/lib/python3.8/site-packages/airflow/example_dags/example_external_task_marker_dag.py
[2023-09-24T05:01:40.850+0000] {processor.py:829} INFO - Processing file /home/airflow/.local/lib/python3.8/site-packages/airflow/example_dags/example_external_task_marker_dag.py for tasks to queue
[2023-09-24T05:01:40.853+0000] {logging_mixin.py:151} INFO - [2023-09-24T05:01:40.853+0000] {dagbag.py:539} INFO - Filling up the DagBag from /home/airflow/.local/lib/python3.8/site-packages/airflow/example_dags/example_external_task_marker_dag.py
[2023-09-24T05:01:40.862+0000] {processor.py:839} INFO - DAG(s) dict_keys(['example_external_task_marker_child', 'example_external_task_marker_parent']) retrieved from /home/airflow/.local/lib/python3.8/site-packages/airflow/example_dags/example_external_task_marker_dag.py
[2023-09-24T05:01:40.897+0000] {logging_mixin.py:151} INFO - [2023-09-24T05:01:40.896+0000] {dag.py:2915} INFO - Sync 2 DAGs
[2023-09-24T05:01:40.917+0000] {logging_mixin.py:151} INFO - [2023-09-24T05:01:40.917+0000] {dag.py:3696} INFO - Setting next_dagrun for example_external_task_marker_child to None, run_after=None
[2023-09-24T05:01:40.922+0000] {logging_mixin.py:151} INFO - [2023-09-24T05:01:40.921+0000] {dag.py:3696} INFO - Setting next_dagrun for example_external_task_marker_parent to None, run_after=None
[2023-09-24T05:01:40.942+0000] {processor.py:179} INFO - Processing /home/airflow/.local/lib/python3.8/site-packages/airflow/example_dags/example_external_task_marker_dag.py took 0.098 seconds
[2023-09-24T05:02:11.074+0000] {processor.py:157} INFO - Started process (PID=265) to work on /home/airflow/.local/lib/python3.8/site-packages/airflow/example_dags/example_external_task_marker_dag.py
[2023-09-24T05:02:11.075+0000] {processor.py:829} INFO - Processing file /home/airflow/.local/lib/python3.8/site-packages/airflow/example_dags/example_external_task_marker_dag.py for tasks to queue
[2023-09-24T05:02:11.078+0000] {logging_mixin.py:151} INFO - [2023-09-24T05:02:11.078+0000] {dagbag.py:539} INFO - Filling up the DagBag from /home/airflow/.local/lib/python3.8/site-packages/airflow/example_dags/example_external_task_marker_dag.py
[2023-09-24T05:02:11.087+0000] {processor.py:839} INFO - DAG(s) dict_keys(['example_external_task_marker_child', 'example_external_task_marker_parent']) retrieved from /home/airflow/.local/lib/python3.8/site-packages/airflow/example_dags/example_external_task_marker_dag.py
[2023-09-24T05:02:11.127+0000] {logging_mixin.py:151} INFO - [2023-09-24T05:02:11.126+0000] {dag.py:2915} INFO - Sync 2 DAGs
[2023-09-24T05:02:11.149+0000] {logging_mixin.py:151} INFO - [2023-09-24T05:02:11.149+0000] {dag.py:3696} INFO - Setting next_dagrun for example_external_task_marker_child to None, run_after=None
[2023-09-24T05:02:11.154+0000] {logging_mixin.py:151} INFO - [2023-09-24T05:02:11.154+0000] {dag.py:3696} INFO - Setting next_dagrun for example_external_task_marker_parent to None, run_after=None
[2023-09-24T05:02:11.175+0000] {processor.py:179} INFO - Processing /home/airflow/.local/lib/python3.8/site-packages/airflow/example_dags/example_external_task_marker_dag.py took 0.106 seconds
[2023-09-24T05:02:41.355+0000] {processor.py:157} INFO - Started process (PID=319) to work on /home/airflow/.local/lib/python3.8/site-packages/airflow/example_dags/example_external_task_marker_dag.py
[2023-09-24T05:02:41.356+0000] {processor.py:829} INFO - Processing file /home/airflow/.local/lib/python3.8/site-packages/airflow/example_dags/example_external_task_marker_dag.py for tasks to queue
[2023-09-24T05:02:41.361+0000] {logging_mixin.py:151} INFO - [2023-09-24T05:02:41.360+0000] {dagbag.py:539} INFO - Filling up the DagBag from /home/airflow/.local/lib/python3.8/site-packages/airflow/example_dags/example_external_task_marker_dag.py
[2023-09-24T05:02:41.369+0000] {processor.py:839} INFO - DAG(s) dict_keys(['example_external_task_marker_parent', 'example_external_task_marker_child']) retrieved from /home/airflow/.local/lib/python3.8/site-packages/airflow/example_dags/example_external_task_marker_dag.py
[2023-09-24T05:02:41.409+0000] {logging_mixin.py:151} INFO - [2023-09-24T05:02:41.409+0000] {dag.py:2915} INFO - Sync 2 DAGs
[2023-09-24T05:02:41.432+0000] {logging_mixin.py:151} INFO - [2023-09-24T05:02:41.432+0000] {dag.py:3696} INFO - Setting next_dagrun for example_external_task_marker_child to None, run_after=None
[2023-09-24T05:02:41.438+0000] {logging_mixin.py:151} INFO - [2023-09-24T05:02:41.437+0000] {dag.py:3696} INFO - Setting next_dagrun for example_external_task_marker_parent to None, run_after=None
[2023-09-24T05:02:41.463+0000] {processor.py:179} INFO - Processing /home/airflow/.local/lib/python3.8/site-packages/airflow/example_dags/example_external_task_marker_dag.py took 0.113 seconds
[2023-09-24T05:03:11.840+0000] {processor.py:157} INFO - Started process (PID=374) to work on /home/airflow/.local/lib/python3.8/site-packages/airflow/example_dags/example_external_task_marker_dag.py
[2023-09-24T05:03:11.841+0000] {processor.py:829} INFO - Processing file /home/airflow/.local/lib/python3.8/site-packages/airflow/example_dags/example_external_task_marker_dag.py for tasks to queue
[2023-09-24T05:03:11.844+0000] {logging_mixin.py:151} INFO - [2023-09-24T05:03:11.844+0000] {dagbag.py:539} INFO - Filling up the DagBag from /home/airflow/.local/lib/python3.8/site-packages/airflow/example_dags/example_external_task_marker_dag.py
[2023-09-24T05:03:11.853+0000] {processor.py:839} INFO - DAG(s) dict_keys(['example_external_task_marker_child', 'example_external_task_marker_parent']) retrieved from /home/airflow/.local/lib/python3.8/site-packages/airflow/example_dags/example_external_task_marker_dag.py
[2023-09-24T05:03:11.887+0000] {logging_mixin.py:151} INFO - [2023-09-24T05:03:11.887+0000] {dag.py:2915} INFO - Sync 2 DAGs
[2023-09-24T05:03:11.907+0000] {logging_mixin.py:151} INFO - [2023-09-24T05:03:11.907+0000] {dag.py:3696} INFO - Setting next_dagrun for example_external_task_marker_child to None, run_after=None
[2023-09-24T05:03:11.913+0000] {logging_mixin.py:151} INFO - [2023-09-24T05:03:11.912+0000] {dag.py:3696} INFO - Setting next_dagrun for example_external_task_marker_parent to None, run_after=None
[2023-09-24T05:03:11.935+0000] {processor.py:179} INFO - Processing /home/airflow/.local/lib/python3.8/site-packages/airflow/example_dags/example_external_task_marker_dag.py took 0.100 seconds
[2023-09-24T05:03:42.439+0000] {processor.py:157} INFO - Started process (PID=428) to work on /home/airflow/.local/lib/python3.8/site-packages/airflow/example_dags/example_external_task_marker_dag.py
[2023-09-24T05:03:42.440+0000] {processor.py:829} INFO - Processing file /home/airflow/.local/lib/python3.8/site-packages/airflow/example_dags/example_external_task_marker_dag.py for tasks to queue
[2023-09-24T05:03:42.443+0000] {logging_mixin.py:151} INFO - [2023-09-24T05:03:42.443+0000] {dagbag.py:539} INFO - Filling up the DagBag from /home/airflow/.local/lib/python3.8/site-packages/airflow/example_dags/example_external_task_marker_dag.py
[2023-09-24T05:03:42.452+0000] {processor.py:839} INFO - DAG(s) dict_keys(['example_external_task_marker_parent', 'example_external_task_marker_child']) retrieved from /home/airflow/.local/lib/python3.8/site-packages/airflow/example_dags/example_external_task_marker_dag.py
[2023-09-24T05:03:42.493+0000] {logging_mixin.py:151} INFO - [2023-09-24T05:03:42.492+0000] {dag.py:2915} INFO - Sync 2 DAGs
[2023-09-24T05:03:42.514+0000] {logging_mixin.py:151} INFO - [2023-09-24T05:03:42.514+0000] {dag.py:3696} INFO - Setting next_dagrun for example_external_task_marker_child to None, run_after=None
[2023-09-24T05:03:42.521+0000] {logging_mixin.py:151} INFO - [2023-09-24T05:03:42.520+0000] {dag.py:3696} INFO - Setting next_dagrun for example_external_task_marker_parent to None, run_after=None
[2023-09-24T05:03:42.544+0000] {processor.py:179} INFO - Processing /home/airflow/.local/lib/python3.8/site-packages/airflow/example_dags/example_external_task_marker_dag.py took 0.111 seconds
[2023-09-24T05:04:13.237+0000] {processor.py:157} INFO - Started process (PID=481) to work on /home/airflow/.local/lib/python3.8/site-packages/airflow/example_dags/example_external_task_marker_dag.py
[2023-09-24T05:04:13.238+0000] {processor.py:829} INFO - Processing file /home/airflow/.local/lib/python3.8/site-packages/airflow/example_dags/example_external_task_marker_dag.py for tasks to queue
[2023-09-24T05:04:13.240+0000] {logging_mixin.py:151} INFO - [2023-09-24T05:04:13.240+0000] {dagbag.py:539} INFO - Filling up the DagBag from /home/airflow/.local/lib/python3.8/site-packages/airflow/example_dags/example_external_task_marker_dag.py
[2023-09-24T05:04:13.249+0000] {processor.py:839} INFO - DAG(s) dict_keys(['example_external_task_marker_child', 'example_external_task_marker_parent']) retrieved from /home/airflow/.local/lib/python3.8/site-packages/airflow/example_dags/example_external_task_marker_dag.py
[2023-09-24T05:04:13.285+0000] {logging_mixin.py:151} INFO - [2023-09-24T05:04:13.285+0000] {dag.py:2915} INFO - Sync 2 DAGs
[2023-09-24T05:04:13.305+0000] {logging_mixin.py:151} INFO - [2023-09-24T05:04:13.305+0000] {dag.py:3696} INFO - Setting next_dagrun for example_external_task_marker_child to None, run_after=None
[2023-09-24T05:04:13.312+0000] {logging_mixin.py:151} INFO - [2023-09-24T05:04:13.311+0000] {dag.py:3696} INFO - Setting next_dagrun for example_external_task_marker_parent to None, run_after=None
[2023-09-24T05:04:13.334+0000] {processor.py:179} INFO - Processing /home/airflow/.local/lib/python3.8/site-packages/airflow/example_dags/example_external_task_marker_dag.py took 0.102 seconds
[2023-09-24T05:09:57.076+0000] {processor.py:157} INFO - Started process (PID=43) to work on /home/airflow/.local/lib/python3.8/site-packages/airflow/example_dags/example_external_task_marker_dag.py
[2023-09-24T05:09:57.078+0000] {processor.py:829} INFO - Processing file /home/airflow/.local/lib/python3.8/site-packages/airflow/example_dags/example_external_task_marker_dag.py for tasks to queue
[2023-09-24T05:09:57.082+0000] {logging_mixin.py:151} INFO - [2023-09-24T05:09:57.081+0000] {dagbag.py:539} INFO - Filling up the DagBag from /home/airflow/.local/lib/python3.8/site-packages/airflow/example_dags/example_external_task_marker_dag.py
[2023-09-24T05:09:57.103+0000] {processor.py:839} INFO - DAG(s) dict_keys(['example_external_task_marker_parent', 'example_external_task_marker_child']) retrieved from /home/airflow/.local/lib/python3.8/site-packages/airflow/example_dags/example_external_task_marker_dag.py
[2023-09-24T05:09:57.155+0000] {logging_mixin.py:151} INFO - [2023-09-24T05:09:57.155+0000] {dag.py:2915} INFO - Sync 2 DAGs
[2023-09-24T05:09:57.186+0000] {logging_mixin.py:151} INFO - [2023-09-24T05:09:57.186+0000] {dag.py:3696} INFO - Setting next_dagrun for example_external_task_marker_child to None, run_after=None
[2023-09-24T05:09:57.194+0000] {logging_mixin.py:151} INFO - [2023-09-24T05:09:57.193+0000] {dag.py:3696} INFO - Setting next_dagrun for example_external_task_marker_parent to None, run_after=None
[2023-09-24T05:09:57.225+0000] {processor.py:179} INFO - Processing /home/airflow/.local/lib/python3.8/site-packages/airflow/example_dags/example_external_task_marker_dag.py took 0.155 seconds
[2023-09-24T05:10:27.674+0000] {processor.py:157} INFO - Started process (PID=96) to work on /home/airflow/.local/lib/python3.8/site-packages/airflow/example_dags/example_external_task_marker_dag.py
[2023-09-24T05:10:27.675+0000] {processor.py:829} INFO - Processing file /home/airflow/.local/lib/python3.8/site-packages/airflow/example_dags/example_external_task_marker_dag.py for tasks to queue
[2023-09-24T05:10:27.678+0000] {logging_mixin.py:151} INFO - [2023-09-24T05:10:27.678+0000] {dagbag.py:539} INFO - Filling up the DagBag from /home/airflow/.local/lib/python3.8/site-packages/airflow/example_dags/example_external_task_marker_dag.py
[2023-09-24T05:10:27.687+0000] {processor.py:839} INFO - DAG(s) dict_keys(['example_external_task_marker_parent', 'example_external_task_marker_child']) retrieved from /home/airflow/.local/lib/python3.8/site-packages/airflow/example_dags/example_external_task_marker_dag.py
[2023-09-24T05:10:27.731+0000] {logging_mixin.py:151} INFO - [2023-09-24T05:10:27.731+0000] {dag.py:2915} INFO - Sync 2 DAGs
[2023-09-24T05:10:27.752+0000] {logging_mixin.py:151} INFO - [2023-09-24T05:10:27.751+0000] {dag.py:3696} INFO - Setting next_dagrun for example_external_task_marker_child to None, run_after=None
[2023-09-24T05:10:27.756+0000] {logging_mixin.py:151} INFO - [2023-09-24T05:10:27.756+0000] {dag.py:3696} INFO - Setting next_dagrun for example_external_task_marker_parent to None, run_after=None
[2023-09-24T05:10:27.778+0000] {processor.py:179} INFO - Processing /home/airflow/.local/lib/python3.8/site-packages/airflow/example_dags/example_external_task_marker_dag.py took 0.119 seconds
[2023-09-24T05:10:58.395+0000] {processor.py:157} INFO - Started process (PID=149) to work on /home/airflow/.local/lib/python3.8/site-packages/airflow/example_dags/example_external_task_marker_dag.py
[2023-09-24T05:10:58.396+0000] {processor.py:829} INFO - Processing file /home/airflow/.local/lib/python3.8/site-packages/airflow/example_dags/example_external_task_marker_dag.py for tasks to queue
[2023-09-24T05:10:58.399+0000] {logging_mixin.py:151} INFO - [2023-09-24T05:10:58.399+0000] {dagbag.py:539} INFO - Filling up the DagBag from /home/airflow/.local/lib/python3.8/site-packages/airflow/example_dags/example_external_task_marker_dag.py
[2023-09-24T05:10:58.413+0000] {processor.py:839} INFO - DAG(s) dict_keys(['example_external_task_marker_child', 'example_external_task_marker_parent']) retrieved from /home/airflow/.local/lib/python3.8/site-packages/airflow/example_dags/example_external_task_marker_dag.py
[2023-09-24T05:10:58.452+0000] {logging_mixin.py:151} INFO - [2023-09-24T05:10:58.452+0000] {dag.py:2915} INFO - Sync 2 DAGs
[2023-09-24T05:10:58.478+0000] {logging_mixin.py:151} INFO - [2023-09-24T05:10:58.477+0000] {dag.py:3696} INFO - Setting next_dagrun for example_external_task_marker_child to None, run_after=None
[2023-09-24T05:10:58.483+0000] {logging_mixin.py:151} INFO - [2023-09-24T05:10:58.482+0000] {dag.py:3696} INFO - Setting next_dagrun for example_external_task_marker_parent to None, run_after=None
[2023-09-24T05:10:58.504+0000] {processor.py:179} INFO - Processing /home/airflow/.local/lib/python3.8/site-packages/airflow/example_dags/example_external_task_marker_dag.py took 0.117 seconds
[2023-09-24T05:11:29.029+0000] {processor.py:157} INFO - Started process (PID=203) to work on /home/airflow/.local/lib/python3.8/site-packages/airflow/example_dags/example_external_task_marker_dag.py
[2023-09-24T05:11:29.031+0000] {processor.py:829} INFO - Processing file /home/airflow/.local/lib/python3.8/site-packages/airflow/example_dags/example_external_task_marker_dag.py for tasks to queue
[2023-09-24T05:11:29.038+0000] {logging_mixin.py:151} INFO - [2023-09-24T05:11:29.037+0000] {dagbag.py:539} INFO - Filling up the DagBag from /home/airflow/.local/lib/python3.8/site-packages/airflow/example_dags/example_external_task_marker_dag.py
[2023-09-24T05:11:29.060+0000] {processor.py:839} INFO - DAG(s) dict_keys(['example_external_task_marker_parent', 'example_external_task_marker_child']) retrieved from /home/airflow/.local/lib/python3.8/site-packages/airflow/example_dags/example_external_task_marker_dag.py
[2023-09-24T05:11:29.142+0000] {logging_mixin.py:151} INFO - [2023-09-24T05:11:29.141+0000] {dag.py:2915} INFO - Sync 2 DAGs
[2023-09-24T05:11:29.184+0000] {logging_mixin.py:151} INFO - [2023-09-24T05:11:29.184+0000] {dag.py:3696} INFO - Setting next_dagrun for example_external_task_marker_child to None, run_after=None
[2023-09-24T05:11:29.197+0000] {logging_mixin.py:151} INFO - [2023-09-24T05:11:29.196+0000] {dag.py:3696} INFO - Setting next_dagrun for example_external_task_marker_parent to None, run_after=None
[2023-09-24T05:11:29.248+0000] {processor.py:179} INFO - Processing /home/airflow/.local/lib/python3.8/site-packages/airflow/example_dags/example_external_task_marker_dag.py took 0.228 seconds
[2023-09-24T05:12:00.293+0000] {processor.py:157} INFO - Started process (PID=265) to work on /home/airflow/.local/lib/python3.8/site-packages/airflow/example_dags/example_external_task_marker_dag.py
[2023-09-24T05:12:00.304+0000] {processor.py:829} INFO - Processing file /home/airflow/.local/lib/python3.8/site-packages/airflow/example_dags/example_external_task_marker_dag.py for tasks to queue
[2023-09-24T05:12:00.309+0000] {logging_mixin.py:151} INFO - [2023-09-24T05:12:00.308+0000] {dagbag.py:539} INFO - Filling up the DagBag from /home/airflow/.local/lib/python3.8/site-packages/airflow/example_dags/example_external_task_marker_dag.py
[2023-09-24T05:12:00.343+0000] {processor.py:839} INFO - DAG(s) dict_keys(['example_external_task_marker_child', 'example_external_task_marker_parent']) retrieved from /home/airflow/.local/lib/python3.8/site-packages/airflow/example_dags/example_external_task_marker_dag.py
[2023-09-24T05:12:00.442+0000] {logging_mixin.py:151} INFO - [2023-09-24T05:12:00.441+0000] {dag.py:2915} INFO - Sync 2 DAGs
[2023-09-24T05:12:00.496+0000] {logging_mixin.py:151} INFO - [2023-09-24T05:12:00.496+0000] {dag.py:3696} INFO - Setting next_dagrun for example_external_task_marker_child to None, run_after=None
[2023-09-24T05:12:00.507+0000] {logging_mixin.py:151} INFO - [2023-09-24T05:12:00.507+0000] {dag.py:3696} INFO - Setting next_dagrun for example_external_task_marker_parent to None, run_after=None
[2023-09-24T05:12:00.571+0000] {processor.py:179} INFO - Processing /home/airflow/.local/lib/python3.8/site-packages/airflow/example_dags/example_external_task_marker_dag.py took 0.303 seconds
[2023-09-24T05:12:31.610+0000] {processor.py:157} INFO - Started process (PID=319) to work on /home/airflow/.local/lib/python3.8/site-packages/airflow/example_dags/example_external_task_marker_dag.py
[2023-09-24T05:12:31.613+0000] {processor.py:829} INFO - Processing file /home/airflow/.local/lib/python3.8/site-packages/airflow/example_dags/example_external_task_marker_dag.py for tasks to queue
[2023-09-24T05:12:31.621+0000] {logging_mixin.py:151} INFO - [2023-09-24T05:12:31.620+0000] {dagbag.py:539} INFO - Filling up the DagBag from /home/airflow/.local/lib/python3.8/site-packages/airflow/example_dags/example_external_task_marker_dag.py
[2023-09-24T05:12:31.651+0000] {processor.py:839} INFO - DAG(s) dict_keys(['example_external_task_marker_child', 'example_external_task_marker_parent']) retrieved from /home/airflow/.local/lib/python3.8/site-packages/airflow/example_dags/example_external_task_marker_dag.py
[2023-09-24T05:12:31.787+0000] {logging_mixin.py:151} INFO - [2023-09-24T05:12:31.786+0000] {dag.py:2915} INFO - Sync 2 DAGs
[2023-09-24T05:12:31.857+0000] {logging_mixin.py:151} INFO - [2023-09-24T05:12:31.857+0000] {dag.py:3696} INFO - Setting next_dagrun for example_external_task_marker_child to None, run_after=None
[2023-09-24T05:12:31.874+0000] {logging_mixin.py:151} INFO - [2023-09-24T05:12:31.873+0000] {dag.py:3696} INFO - Setting next_dagrun for example_external_task_marker_parent to None, run_after=None
[2023-09-24T05:12:31.949+0000] {processor.py:179} INFO - Processing /home/airflow/.local/lib/python3.8/site-packages/airflow/example_dags/example_external_task_marker_dag.py took 0.353 seconds
[2023-09-24T05:13:02.257+0000] {processor.py:157} INFO - Started process (PID=373) to work on /home/airflow/.local/lib/python3.8/site-packages/airflow/example_dags/example_external_task_marker_dag.py
[2023-09-24T05:13:02.258+0000] {processor.py:829} INFO - Processing file /home/airflow/.local/lib/python3.8/site-packages/airflow/example_dags/example_external_task_marker_dag.py for tasks to queue
[2023-09-24T05:13:02.263+0000] {logging_mixin.py:151} INFO - [2023-09-24T05:13:02.262+0000] {dagbag.py:539} INFO - Filling up the DagBag from /home/airflow/.local/lib/python3.8/site-packages/airflow/example_dags/example_external_task_marker_dag.py
[2023-09-24T05:13:02.273+0000] {processor.py:839} INFO - DAG(s) dict_keys(['example_external_task_marker_child', 'example_external_task_marker_parent']) retrieved from /home/airflow/.local/lib/python3.8/site-packages/airflow/example_dags/example_external_task_marker_dag.py
[2023-09-24T05:13:02.315+0000] {logging_mixin.py:151} INFO - [2023-09-24T05:13:02.315+0000] {dag.py:2915} INFO - Sync 2 DAGs
[2023-09-24T05:13:02.338+0000] {logging_mixin.py:151} INFO - [2023-09-24T05:13:02.338+0000] {dag.py:3696} INFO - Setting next_dagrun for example_external_task_marker_child to None, run_after=None
[2023-09-24T05:13:02.343+0000] {logging_mixin.py:151} INFO - [2023-09-24T05:13:02.343+0000] {dag.py:3696} INFO - Setting next_dagrun for example_external_task_marker_parent to None, run_after=None
[2023-09-24T05:13:02.366+0000] {processor.py:179} INFO - Processing /home/airflow/.local/lib/python3.8/site-packages/airflow/example_dags/example_external_task_marker_dag.py took 0.114 seconds
[2023-09-24T05:13:55.690+0000] {processor.py:157} INFO - Started process (PID=49) to work on /home/airflow/.local/lib/python3.8/site-packages/airflow/example_dags/example_external_task_marker_dag.py
[2023-09-24T05:13:55.702+0000] {processor.py:829} INFO - Processing file /home/airflow/.local/lib/python3.8/site-packages/airflow/example_dags/example_external_task_marker_dag.py for tasks to queue
[2023-09-24T05:13:55.709+0000] {logging_mixin.py:151} INFO - [2023-09-24T05:13:55.708+0000] {dagbag.py:539} INFO - Filling up the DagBag from /home/airflow/.local/lib/python3.8/site-packages/airflow/example_dags/example_external_task_marker_dag.py
[2023-09-24T05:13:55.764+0000] {processor.py:839} INFO - DAG(s) dict_keys(['example_external_task_marker_parent', 'example_external_task_marker_child']) retrieved from /home/airflow/.local/lib/python3.8/site-packages/airflow/example_dags/example_external_task_marker_dag.py
[2023-09-24T05:13:55.806+0000] {logging_mixin.py:151} INFO - [2023-09-24T05:13:55.805+0000] {dag.py:2915} INFO - Sync 2 DAGs
[2023-09-24T05:13:55.870+0000] {logging_mixin.py:151} INFO - [2023-09-24T05:13:55.869+0000] {dag.py:3696} INFO - Setting next_dagrun for example_external_task_marker_child to None, run_after=None
[2023-09-24T05:13:55.899+0000] {logging_mixin.py:151} INFO - [2023-09-24T05:13:55.898+0000] {dag.py:3696} INFO - Setting next_dagrun for example_external_task_marker_parent to None, run_after=None
[2023-09-24T05:13:56.057+0000] {processor.py:179} INFO - Processing /home/airflow/.local/lib/python3.8/site-packages/airflow/example_dags/example_external_task_marker_dag.py took 0.386 seconds
[2023-09-24T05:14:26.223+0000] {processor.py:157} INFO - Started process (PID=104) to work on /home/airflow/.local/lib/python3.8/site-packages/airflow/example_dags/example_external_task_marker_dag.py
[2023-09-24T05:14:26.224+0000] {processor.py:829} INFO - Processing file /home/airflow/.local/lib/python3.8/site-packages/airflow/example_dags/example_external_task_marker_dag.py for tasks to queue
[2023-09-24T05:14:26.227+0000] {logging_mixin.py:151} INFO - [2023-09-24T05:14:26.227+0000] {dagbag.py:539} INFO - Filling up the DagBag from /home/airflow/.local/lib/python3.8/site-packages/airflow/example_dags/example_external_task_marker_dag.py
[2023-09-24T05:14:26.236+0000] {processor.py:839} INFO - DAG(s) dict_keys(['example_external_task_marker_child', 'example_external_task_marker_parent']) retrieved from /home/airflow/.local/lib/python3.8/site-packages/airflow/example_dags/example_external_task_marker_dag.py
[2023-09-24T05:14:26.275+0000] {logging_mixin.py:151} INFO - [2023-09-24T05:14:26.274+0000] {dag.py:2915} INFO - Sync 2 DAGs
[2023-09-24T05:14:26.296+0000] {logging_mixin.py:151} INFO - [2023-09-24T05:14:26.296+0000] {dag.py:3696} INFO - Setting next_dagrun for example_external_task_marker_child to None, run_after=None
[2023-09-24T05:14:26.302+0000] {logging_mixin.py:151} INFO - [2023-09-24T05:14:26.301+0000] {dag.py:3696} INFO - Setting next_dagrun for example_external_task_marker_parent to None, run_after=None
[2023-09-24T05:14:26.323+0000] {processor.py:179} INFO - Processing /home/airflow/.local/lib/python3.8/site-packages/airflow/example_dags/example_external_task_marker_dag.py took 0.104 seconds
[2023-09-24T05:14:58.194+0000] {processor.py:157} INFO - Started process (PID=164) to work on /home/airflow/.local/lib/python3.8/site-packages/airflow/example_dags/example_external_task_marker_dag.py
[2023-09-24T05:14:58.209+0000] {processor.py:829} INFO - Processing file /home/airflow/.local/lib/python3.8/site-packages/airflow/example_dags/example_external_task_marker_dag.py for tasks to queue
[2023-09-24T05:14:58.215+0000] {logging_mixin.py:151} INFO - [2023-09-24T05:14:58.214+0000] {dagbag.py:539} INFO - Filling up the DagBag from /home/airflow/.local/lib/python3.8/site-packages/airflow/example_dags/example_external_task_marker_dag.py
[2023-09-24T05:14:58.253+0000] {processor.py:839} INFO - DAG(s) dict_keys(['example_external_task_marker_parent', 'example_external_task_marker_child']) retrieved from /home/airflow/.local/lib/python3.8/site-packages/airflow/example_dags/example_external_task_marker_dag.py
[2023-09-24T05:14:58.452+0000] {logging_mixin.py:151} INFO - [2023-09-24T05:14:58.451+0000] {dag.py:2915} INFO - Sync 2 DAGs
[2023-09-24T05:14:58.521+0000] {logging_mixin.py:151} INFO - [2023-09-24T05:14:58.519+0000] {dag.py:3696} INFO - Setting next_dagrun for example_external_task_marker_child to None, run_after=None
[2023-09-24T05:14:58.546+0000] {logging_mixin.py:151} INFO - [2023-09-24T05:14:58.545+0000] {dag.py:3696} INFO - Setting next_dagrun for example_external_task_marker_parent to None, run_after=None
[2023-09-24T05:14:58.644+0000] {processor.py:179} INFO - Processing /home/airflow/.local/lib/python3.8/site-packages/airflow/example_dags/example_external_task_marker_dag.py took 0.473 seconds
