[2023-09-24T05:00:21.579+0000] {processor.py:157} INFO - Started process (PID=73) to work on /home/airflow/.local/lib/python3.8/site-packages/airflow/example_dags/example_xcom.py
[2023-09-24T05:00:21.580+0000] {processor.py:829} INFO - Processing file /home/airflow/.local/lib/python3.8/site-packages/airflow/example_dags/example_xcom.py for tasks to queue
[2023-09-24T05:00:21.584+0000] {logging_mixin.py:151} INFO - [2023-09-24T05:00:21.583+0000] {dagbag.py:539} INFO - Filling up the DagBag from /home/airflow/.local/lib/python3.8/site-packages/airflow/example_dags/example_xcom.py
[2023-09-24T05:00:21.601+0000] {processor.py:839} INFO - DAG(s) dict_keys(['example_xcom']) retrieved from /home/airflow/.local/lib/python3.8/site-packages/airflow/example_dags/example_xcom.py
[2023-09-24T05:00:21.836+0000] {logging_mixin.py:151} INFO - [2023-09-24T05:00:21.836+0000] {manager.py:499} INFO - Created Permission View: %s
[2023-09-24T05:00:21.852+0000] {logging_mixin.py:151} INFO - [2023-09-24T05:00:21.852+0000] {manager.py:499} INFO - Created Permission View: %s
[2023-09-24T05:00:21.863+0000] {logging_mixin.py:151} INFO - [2023-09-24T05:00:21.862+0000] {manager.py:499} INFO - Created Permission View: %s
[2023-09-24T05:00:21.863+0000] {logging_mixin.py:151} INFO - [2023-09-24T05:00:21.863+0000] {security.py:708} INFO - Not syncing DAG-level permissions for DAG 'DAG:example_xcom' as access control is unset.
[2023-09-24T05:00:21.864+0000] {logging_mixin.py:151} INFO - [2023-09-24T05:00:21.864+0000] {dag.py:2915} INFO - Sync 1 DAGs
[2023-09-24T05:00:21.888+0000] {logging_mixin.py:151} INFO - [2023-09-24T05:00:21.888+0000] {dag.py:2937} INFO - Creating ORM DAG for example_xcom
[2023-09-24T05:00:21.908+0000] {logging_mixin.py:151} INFO - [2023-09-24T05:00:21.907+0000] {dag.py:3696} INFO - Setting next_dagrun for example_xcom to 2021-01-01T00:00:00+00:00, run_after=2021-01-01T00:00:00+00:00
[2023-09-24T05:00:21.939+0000] {processor.py:179} INFO - Processing /home/airflow/.local/lib/python3.8/site-packages/airflow/example_dags/example_xcom.py took 0.366 seconds
[2023-09-24T05:00:52.614+0000] {processor.py:157} INFO - Started process (PID=127) to work on /home/airflow/.local/lib/python3.8/site-packages/airflow/example_dags/example_xcom.py
[2023-09-24T05:00:52.615+0000] {processor.py:829} INFO - Processing file /home/airflow/.local/lib/python3.8/site-packages/airflow/example_dags/example_xcom.py for tasks to queue
[2023-09-24T05:00:52.618+0000] {logging_mixin.py:151} INFO - [2023-09-24T05:00:52.618+0000] {dagbag.py:539} INFO - Filling up the DagBag from /home/airflow/.local/lib/python3.8/site-packages/airflow/example_dags/example_xcom.py
[2023-09-24T05:00:52.629+0000] {processor.py:839} INFO - DAG(s) dict_keys(['example_xcom']) retrieved from /home/airflow/.local/lib/python3.8/site-packages/airflow/example_dags/example_xcom.py
[2023-09-24T05:00:52.661+0000] {logging_mixin.py:151} INFO - [2023-09-24T05:00:52.660+0000] {dag.py:2915} INFO - Sync 1 DAGs
[2023-09-24T05:00:52.695+0000] {logging_mixin.py:151} INFO - [2023-09-24T05:00:52.695+0000] {dag.py:3696} INFO - Setting next_dagrun for example_xcom to 2021-01-01T00:00:00+00:00, run_after=2021-01-01T00:00:00+00:00
[2023-09-24T05:00:52.719+0000] {processor.py:179} INFO - Processing /home/airflow/.local/lib/python3.8/site-packages/airflow/example_dags/example_xcom.py took 0.109 seconds
[2023-09-24T05:01:22.968+0000] {processor.py:157} INFO - Started process (PID=181) to work on /home/airflow/.local/lib/python3.8/site-packages/airflow/example_dags/example_xcom.py
[2023-09-24T05:01:22.969+0000] {processor.py:829} INFO - Processing file /home/airflow/.local/lib/python3.8/site-packages/airflow/example_dags/example_xcom.py for tasks to queue
[2023-09-24T05:01:22.972+0000] {logging_mixin.py:151} INFO - [2023-09-24T05:01:22.971+0000] {dagbag.py:539} INFO - Filling up the DagBag from /home/airflow/.local/lib/python3.8/site-packages/airflow/example_dags/example_xcom.py
[2023-09-24T05:01:22.984+0000] {processor.py:839} INFO - DAG(s) dict_keys(['example_xcom']) retrieved from /home/airflow/.local/lib/python3.8/site-packages/airflow/example_dags/example_xcom.py
[2023-09-24T05:01:23.017+0000] {logging_mixin.py:151} INFO - [2023-09-24T05:01:23.017+0000] {dag.py:2915} INFO - Sync 1 DAGs
[2023-09-24T05:01:23.052+0000] {logging_mixin.py:151} INFO - [2023-09-24T05:01:23.052+0000] {dag.py:3696} INFO - Setting next_dagrun for example_xcom to 2021-01-01T00:00:00+00:00, run_after=2021-01-01T00:00:00+00:00
[2023-09-24T05:01:23.077+0000] {processor.py:179} INFO - Processing /home/airflow/.local/lib/python3.8/site-packages/airflow/example_dags/example_xcom.py took 0.114 seconds
[2023-09-24T05:01:53.302+0000] {processor.py:157} INFO - Started process (PID=235) to work on /home/airflow/.local/lib/python3.8/site-packages/airflow/example_dags/example_xcom.py
[2023-09-24T05:01:53.303+0000] {processor.py:829} INFO - Processing file /home/airflow/.local/lib/python3.8/site-packages/airflow/example_dags/example_xcom.py for tasks to queue
[2023-09-24T05:01:53.306+0000] {logging_mixin.py:151} INFO - [2023-09-24T05:01:53.306+0000] {dagbag.py:539} INFO - Filling up the DagBag from /home/airflow/.local/lib/python3.8/site-packages/airflow/example_dags/example_xcom.py
[2023-09-24T05:01:53.318+0000] {processor.py:839} INFO - DAG(s) dict_keys(['example_xcom']) retrieved from /home/airflow/.local/lib/python3.8/site-packages/airflow/example_dags/example_xcom.py
[2023-09-24T05:01:53.351+0000] {logging_mixin.py:151} INFO - [2023-09-24T05:01:53.351+0000] {dag.py:2915} INFO - Sync 1 DAGs
[2023-09-24T05:01:53.387+0000] {logging_mixin.py:151} INFO - [2023-09-24T05:01:53.387+0000] {dag.py:3696} INFO - Setting next_dagrun for example_xcom to 2021-01-01T00:00:00+00:00, run_after=2021-01-01T00:00:00+00:00
[2023-09-24T05:01:53.416+0000] {processor.py:179} INFO - Processing /home/airflow/.local/lib/python3.8/site-packages/airflow/example_dags/example_xcom.py took 0.118 seconds
[2023-09-24T05:02:23.910+0000] {processor.py:157} INFO - Started process (PID=289) to work on /home/airflow/.local/lib/python3.8/site-packages/airflow/example_dags/example_xcom.py
[2023-09-24T05:02:23.911+0000] {processor.py:829} INFO - Processing file /home/airflow/.local/lib/python3.8/site-packages/airflow/example_dags/example_xcom.py for tasks to queue
[2023-09-24T05:02:23.914+0000] {logging_mixin.py:151} INFO - [2023-09-24T05:02:23.913+0000] {dagbag.py:539} INFO - Filling up the DagBag from /home/airflow/.local/lib/python3.8/site-packages/airflow/example_dags/example_xcom.py
[2023-09-24T05:02:23.925+0000] {processor.py:839} INFO - DAG(s) dict_keys(['example_xcom']) retrieved from /home/airflow/.local/lib/python3.8/site-packages/airflow/example_dags/example_xcom.py
[2023-09-24T05:02:23.958+0000] {logging_mixin.py:151} INFO - [2023-09-24T05:02:23.957+0000] {dag.py:2915} INFO - Sync 1 DAGs
[2023-09-24T05:02:23.995+0000] {logging_mixin.py:151} INFO - [2023-09-24T05:02:23.995+0000] {dag.py:3696} INFO - Setting next_dagrun for example_xcom to 2021-01-01T00:00:00+00:00, run_after=2021-01-01T00:00:00+00:00
[2023-09-24T05:02:24.019+0000] {processor.py:179} INFO - Processing /home/airflow/.local/lib/python3.8/site-packages/airflow/example_dags/example_xcom.py took 0.114 seconds
[2023-09-24T05:02:54.739+0000] {processor.py:157} INFO - Started process (PID=343) to work on /home/airflow/.local/lib/python3.8/site-packages/airflow/example_dags/example_xcom.py
[2023-09-24T05:02:54.740+0000] {processor.py:829} INFO - Processing file /home/airflow/.local/lib/python3.8/site-packages/airflow/example_dags/example_xcom.py for tasks to queue
[2023-09-24T05:02:54.743+0000] {logging_mixin.py:151} INFO - [2023-09-24T05:02:54.743+0000] {dagbag.py:539} INFO - Filling up the DagBag from /home/airflow/.local/lib/python3.8/site-packages/airflow/example_dags/example_xcom.py
[2023-09-24T05:02:54.755+0000] {processor.py:839} INFO - DAG(s) dict_keys(['example_xcom']) retrieved from /home/airflow/.local/lib/python3.8/site-packages/airflow/example_dags/example_xcom.py
[2023-09-24T05:02:54.792+0000] {logging_mixin.py:151} INFO - [2023-09-24T05:02:54.792+0000] {dag.py:2915} INFO - Sync 1 DAGs
[2023-09-24T05:02:54.831+0000] {logging_mixin.py:151} INFO - [2023-09-24T05:02:54.830+0000] {dag.py:3696} INFO - Setting next_dagrun for example_xcom to 2021-01-01T00:00:00+00:00, run_after=2021-01-01T00:00:00+00:00
[2023-09-24T05:02:54.857+0000] {processor.py:179} INFO - Processing /home/airflow/.local/lib/python3.8/site-packages/airflow/example_dags/example_xcom.py took 0.123 seconds
[2023-09-24T05:03:25.279+0000] {processor.py:157} INFO - Started process (PID=398) to work on /home/airflow/.local/lib/python3.8/site-packages/airflow/example_dags/example_xcom.py
[2023-09-24T05:03:25.281+0000] {processor.py:829} INFO - Processing file /home/airflow/.local/lib/python3.8/site-packages/airflow/example_dags/example_xcom.py for tasks to queue
[2023-09-24T05:03:25.284+0000] {logging_mixin.py:151} INFO - [2023-09-24T05:03:25.283+0000] {dagbag.py:539} INFO - Filling up the DagBag from /home/airflow/.local/lib/python3.8/site-packages/airflow/example_dags/example_xcom.py
[2023-09-24T05:03:25.296+0000] {processor.py:839} INFO - DAG(s) dict_keys(['example_xcom']) retrieved from /home/airflow/.local/lib/python3.8/site-packages/airflow/example_dags/example_xcom.py
[2023-09-24T05:03:25.333+0000] {logging_mixin.py:151} INFO - [2023-09-24T05:03:25.332+0000] {dag.py:2915} INFO - Sync 1 DAGs
[2023-09-24T05:03:25.367+0000] {logging_mixin.py:151} INFO - [2023-09-24T05:03:25.366+0000] {dag.py:3696} INFO - Setting next_dagrun for example_xcom to 2021-01-01T00:00:00+00:00, run_after=2021-01-01T00:00:00+00:00
[2023-09-24T05:03:25.397+0000] {processor.py:179} INFO - Processing /home/airflow/.local/lib/python3.8/site-packages/airflow/example_dags/example_xcom.py took 0.123 seconds
[2023-09-24T05:03:56.060+0000] {processor.py:157} INFO - Started process (PID=452) to work on /home/airflow/.local/lib/python3.8/site-packages/airflow/example_dags/example_xcom.py
[2023-09-24T05:03:56.061+0000] {processor.py:829} INFO - Processing file /home/airflow/.local/lib/python3.8/site-packages/airflow/example_dags/example_xcom.py for tasks to queue
[2023-09-24T05:03:56.064+0000] {logging_mixin.py:151} INFO - [2023-09-24T05:03:56.064+0000] {dagbag.py:539} INFO - Filling up the DagBag from /home/airflow/.local/lib/python3.8/site-packages/airflow/example_dags/example_xcom.py
[2023-09-24T05:03:56.075+0000] {processor.py:839} INFO - DAG(s) dict_keys(['example_xcom']) retrieved from /home/airflow/.local/lib/python3.8/site-packages/airflow/example_dags/example_xcom.py
[2023-09-24T05:03:56.106+0000] {logging_mixin.py:151} INFO - [2023-09-24T05:03:56.106+0000] {dag.py:2915} INFO - Sync 1 DAGs
[2023-09-24T05:03:56.140+0000] {logging_mixin.py:151} INFO - [2023-09-24T05:03:56.140+0000] {dag.py:3696} INFO - Setting next_dagrun for example_xcom to 2021-01-01T00:00:00+00:00, run_after=2021-01-01T00:00:00+00:00
[2023-09-24T05:03:56.164+0000] {processor.py:179} INFO - Processing /home/airflow/.local/lib/python3.8/site-packages/airflow/example_dags/example_xcom.py took 0.108 seconds
[2023-09-24T05:10:05.892+0000] {processor.py:157} INFO - Started process (PID=73) to work on /home/airflow/.local/lib/python3.8/site-packages/airflow/example_dags/example_xcom.py
[2023-09-24T05:10:05.901+0000] {processor.py:829} INFO - Processing file /home/airflow/.local/lib/python3.8/site-packages/airflow/example_dags/example_xcom.py for tasks to queue
[2023-09-24T05:10:05.904+0000] {logging_mixin.py:151} INFO - [2023-09-24T05:10:05.904+0000] {dagbag.py:539} INFO - Filling up the DagBag from /home/airflow/.local/lib/python3.8/site-packages/airflow/example_dags/example_xcom.py
[2023-09-24T05:10:05.927+0000] {processor.py:839} INFO - DAG(s) dict_keys(['example_xcom']) retrieved from /home/airflow/.local/lib/python3.8/site-packages/airflow/example_dags/example_xcom.py
[2023-09-24T05:10:06.045+0000] {logging_mixin.py:151} INFO - [2023-09-24T05:10:06.045+0000] {dag.py:2915} INFO - Sync 1 DAGs
[2023-09-24T05:10:06.101+0000] {logging_mixin.py:151} INFO - [2023-09-24T05:10:06.101+0000] {dag.py:3696} INFO - Setting next_dagrun for example_xcom to 2021-01-01T00:00:00+00:00, run_after=2021-01-01T00:00:00+00:00
[2023-09-24T05:10:06.200+0000] {processor.py:179} INFO - Processing /home/airflow/.local/lib/python3.8/site-packages/airflow/example_dags/example_xcom.py took 0.314 seconds
[2023-09-24T05:10:37.001+0000] {processor.py:157} INFO - Started process (PID=126) to work on /home/airflow/.local/lib/python3.8/site-packages/airflow/example_dags/example_xcom.py
[2023-09-24T05:10:37.004+0000] {processor.py:829} INFO - Processing file /home/airflow/.local/lib/python3.8/site-packages/airflow/example_dags/example_xcom.py for tasks to queue
[2023-09-24T05:10:37.007+0000] {logging_mixin.py:151} INFO - [2023-09-24T05:10:37.007+0000] {dagbag.py:539} INFO - Filling up the DagBag from /home/airflow/.local/lib/python3.8/site-packages/airflow/example_dags/example_xcom.py
[2023-09-24T05:10:37.023+0000] {processor.py:839} INFO - DAG(s) dict_keys(['example_xcom']) retrieved from /home/airflow/.local/lib/python3.8/site-packages/airflow/example_dags/example_xcom.py
[2023-09-24T05:10:37.059+0000] {logging_mixin.py:151} INFO - [2023-09-24T05:10:37.059+0000] {dag.py:2915} INFO - Sync 1 DAGs
[2023-09-24T05:10:37.096+0000] {logging_mixin.py:151} INFO - [2023-09-24T05:10:37.096+0000] {dag.py:3696} INFO - Setting next_dagrun for example_xcom to 2021-01-01T00:00:00+00:00, run_after=2021-01-01T00:00:00+00:00
[2023-09-24T05:10:37.124+0000] {processor.py:179} INFO - Processing /home/airflow/.local/lib/python3.8/site-packages/airflow/example_dags/example_xcom.py took 0.129 seconds
[2023-09-24T05:11:07.953+0000] {processor.py:157} INFO - Started process (PID=180) to work on /home/airflow/.local/lib/python3.8/site-packages/airflow/example_dags/example_xcom.py
[2023-09-24T05:11:07.955+0000] {processor.py:829} INFO - Processing file /home/airflow/.local/lib/python3.8/site-packages/airflow/example_dags/example_xcom.py for tasks to queue
[2023-09-24T05:11:07.958+0000] {logging_mixin.py:151} INFO - [2023-09-24T05:11:07.957+0000] {dagbag.py:539} INFO - Filling up the DagBag from /home/airflow/.local/lib/python3.8/site-packages/airflow/example_dags/example_xcom.py
[2023-09-24T05:11:07.970+0000] {processor.py:839} INFO - DAG(s) dict_keys(['example_xcom']) retrieved from /home/airflow/.local/lib/python3.8/site-packages/airflow/example_dags/example_xcom.py
[2023-09-24T05:11:08.005+0000] {logging_mixin.py:151} INFO - [2023-09-24T05:11:08.004+0000] {dag.py:2915} INFO - Sync 1 DAGs
[2023-09-24T05:11:08.047+0000] {logging_mixin.py:151} INFO - [2023-09-24T05:11:08.047+0000] {dag.py:3696} INFO - Setting next_dagrun for example_xcom to 2021-01-01T00:00:00+00:00, run_after=2021-01-01T00:00:00+00:00
[2023-09-24T05:11:08.075+0000] {processor.py:179} INFO - Processing /home/airflow/.local/lib/python3.8/site-packages/airflow/example_dags/example_xcom.py took 0.127 seconds
[2023-09-24T05:11:39.212+0000] {processor.py:157} INFO - Started process (PID=239) to work on /home/airflow/.local/lib/python3.8/site-packages/airflow/example_dags/example_xcom.py
[2023-09-24T05:11:39.214+0000] {processor.py:829} INFO - Processing file /home/airflow/.local/lib/python3.8/site-packages/airflow/example_dags/example_xcom.py for tasks to queue
[2023-09-24T05:11:39.223+0000] {logging_mixin.py:151} INFO - [2023-09-24T05:11:39.222+0000] {dagbag.py:539} INFO - Filling up the DagBag from /home/airflow/.local/lib/python3.8/site-packages/airflow/example_dags/example_xcom.py
[2023-09-24T05:11:39.267+0000] {processor.py:839} INFO - DAG(s) dict_keys(['example_xcom']) retrieved from /home/airflow/.local/lib/python3.8/site-packages/airflow/example_dags/example_xcom.py
[2023-09-24T05:11:39.361+0000] {logging_mixin.py:151} INFO - [2023-09-24T05:11:39.360+0000] {dag.py:2915} INFO - Sync 1 DAGs
[2023-09-24T05:11:39.486+0000] {logging_mixin.py:151} INFO - [2023-09-24T05:11:39.485+0000] {dag.py:3696} INFO - Setting next_dagrun for example_xcom to 2021-01-01T00:00:00+00:00, run_after=2021-01-01T00:00:00+00:00
[2023-09-24T05:11:39.550+0000] {processor.py:179} INFO - Processing /home/airflow/.local/lib/python3.8/site-packages/airflow/example_dags/example_xcom.py took 0.348 seconds
[2023-09-24T05:12:10.077+0000] {processor.py:157} INFO - Started process (PID=297) to work on /home/airflow/.local/lib/python3.8/site-packages/airflow/example_dags/example_xcom.py
[2023-09-24T05:12:10.078+0000] {processor.py:829} INFO - Processing file /home/airflow/.local/lib/python3.8/site-packages/airflow/example_dags/example_xcom.py for tasks to queue
[2023-09-24T05:12:10.082+0000] {logging_mixin.py:151} INFO - [2023-09-24T05:12:10.081+0000] {dagbag.py:539} INFO - Filling up the DagBag from /home/airflow/.local/lib/python3.8/site-packages/airflow/example_dags/example_xcom.py
[2023-09-24T05:12:10.095+0000] {processor.py:839} INFO - DAG(s) dict_keys(['example_xcom']) retrieved from /home/airflow/.local/lib/python3.8/site-packages/airflow/example_dags/example_xcom.py
[2023-09-24T05:12:10.129+0000] {logging_mixin.py:151} INFO - [2023-09-24T05:12:10.128+0000] {dag.py:2915} INFO - Sync 1 DAGs
[2023-09-24T05:12:10.165+0000] {logging_mixin.py:151} INFO - [2023-09-24T05:12:10.164+0000] {dag.py:3696} INFO - Setting next_dagrun for example_xcom to 2021-01-01T00:00:00+00:00, run_after=2021-01-01T00:00:00+00:00
[2023-09-24T05:12:10.192+0000] {processor.py:179} INFO - Processing /home/airflow/.local/lib/python3.8/site-packages/airflow/example_dags/example_xcom.py took 0.121 seconds
[2023-09-24T05:12:40.508+0000] {processor.py:157} INFO - Started process (PID=351) to work on /home/airflow/.local/lib/python3.8/site-packages/airflow/example_dags/example_xcom.py
[2023-09-24T05:12:40.509+0000] {processor.py:829} INFO - Processing file /home/airflow/.local/lib/python3.8/site-packages/airflow/example_dags/example_xcom.py for tasks to queue
[2023-09-24T05:12:40.512+0000] {logging_mixin.py:151} INFO - [2023-09-24T05:12:40.511+0000] {dagbag.py:539} INFO - Filling up the DagBag from /home/airflow/.local/lib/python3.8/site-packages/airflow/example_dags/example_xcom.py
[2023-09-24T05:12:40.524+0000] {processor.py:839} INFO - DAG(s) dict_keys(['example_xcom']) retrieved from /home/airflow/.local/lib/python3.8/site-packages/airflow/example_dags/example_xcom.py
[2023-09-24T05:12:40.557+0000] {logging_mixin.py:151} INFO - [2023-09-24T05:12:40.557+0000] {dag.py:2915} INFO - Sync 1 DAGs
[2023-09-24T05:12:40.594+0000] {logging_mixin.py:151} INFO - [2023-09-24T05:12:40.594+0000] {dag.py:3696} INFO - Setting next_dagrun for example_xcom to 2021-01-01T00:00:00+00:00, run_after=2021-01-01T00:00:00+00:00
[2023-09-24T05:12:40.621+0000] {processor.py:179} INFO - Processing /home/airflow/.local/lib/python3.8/site-packages/airflow/example_dags/example_xcom.py took 0.118 seconds
[2023-09-24T05:13:11.095+0000] {processor.py:157} INFO - Started process (PID=404) to work on /home/airflow/.local/lib/python3.8/site-packages/airflow/example_dags/example_xcom.py
[2023-09-24T05:13:11.096+0000] {processor.py:829} INFO - Processing file /home/airflow/.local/lib/python3.8/site-packages/airflow/example_dags/example_xcom.py for tasks to queue
[2023-09-24T05:13:11.099+0000] {logging_mixin.py:151} INFO - [2023-09-24T05:13:11.099+0000] {dagbag.py:539} INFO - Filling up the DagBag from /home/airflow/.local/lib/python3.8/site-packages/airflow/example_dags/example_xcom.py
[2023-09-24T05:13:11.111+0000] {processor.py:839} INFO - DAG(s) dict_keys(['example_xcom']) retrieved from /home/airflow/.local/lib/python3.8/site-packages/airflow/example_dags/example_xcom.py
[2023-09-24T05:13:11.144+0000] {logging_mixin.py:151} INFO - [2023-09-24T05:13:11.143+0000] {dag.py:2915} INFO - Sync 1 DAGs
[2023-09-24T05:13:11.180+0000] {logging_mixin.py:151} INFO - [2023-09-24T05:13:11.179+0000] {dag.py:3696} INFO - Setting next_dagrun for example_xcom to 2021-01-01T00:00:00+00:00, run_after=2021-01-01T00:00:00+00:00
[2023-09-24T05:13:11.208+0000] {processor.py:179} INFO - Processing /home/airflow/.local/lib/python3.8/site-packages/airflow/example_dags/example_xcom.py took 0.118 seconds
[2023-09-24T05:14:00.404+0000] {processor.py:157} INFO - Started process (PID=73) to work on /home/airflow/.local/lib/python3.8/site-packages/airflow/example_dags/example_xcom.py
[2023-09-24T05:14:00.406+0000] {processor.py:829} INFO - Processing file /home/airflow/.local/lib/python3.8/site-packages/airflow/example_dags/example_xcom.py for tasks to queue
[2023-09-24T05:14:00.412+0000] {logging_mixin.py:151} INFO - [2023-09-24T05:14:00.412+0000] {dagbag.py:539} INFO - Filling up the DagBag from /home/airflow/.local/lib/python3.8/site-packages/airflow/example_dags/example_xcom.py
[2023-09-24T05:14:00.431+0000] {processor.py:839} INFO - DAG(s) dict_keys(['example_xcom']) retrieved from /home/airflow/.local/lib/python3.8/site-packages/airflow/example_dags/example_xcom.py
[2023-09-24T05:14:00.458+0000] {logging_mixin.py:151} INFO - [2023-09-24T05:14:00.458+0000] {dag.py:2915} INFO - Sync 1 DAGs
[2023-09-24T05:14:00.517+0000] {logging_mixin.py:151} INFO - [2023-09-24T05:14:00.517+0000] {dag.py:3696} INFO - Setting next_dagrun for example_xcom to 2021-01-01T00:00:00+00:00, run_after=2021-01-01T00:00:00+00:00
[2023-09-24T05:14:00.556+0000] {processor.py:179} INFO - Processing /home/airflow/.local/lib/python3.8/site-packages/airflow/example_dags/example_xcom.py took 0.160 seconds
[2023-09-24T05:14:31.243+0000] {processor.py:157} INFO - Started process (PID=128) to work on /home/airflow/.local/lib/python3.8/site-packages/airflow/example_dags/example_xcom.py
[2023-09-24T05:14:31.247+0000] {processor.py:829} INFO - Processing file /home/airflow/.local/lib/python3.8/site-packages/airflow/example_dags/example_xcom.py for tasks to queue
[2023-09-24T05:14:31.253+0000] {logging_mixin.py:151} INFO - [2023-09-24T05:14:31.252+0000] {dagbag.py:539} INFO - Filling up the DagBag from /home/airflow/.local/lib/python3.8/site-packages/airflow/example_dags/example_xcom.py
[2023-09-24T05:14:31.279+0000] {processor.py:839} INFO - DAG(s) dict_keys(['example_xcom']) retrieved from /home/airflow/.local/lib/python3.8/site-packages/airflow/example_dags/example_xcom.py
[2023-09-24T05:14:31.359+0000] {logging_mixin.py:151} INFO - [2023-09-24T05:14:31.358+0000] {dag.py:2915} INFO - Sync 1 DAGs
[2023-09-24T05:14:31.455+0000] {logging_mixin.py:151} INFO - [2023-09-24T05:14:31.454+0000] {dag.py:3696} INFO - Setting next_dagrun for example_xcom to 2021-01-01T00:00:00+00:00, run_after=2021-01-01T00:00:00+00:00
[2023-09-24T05:14:31.518+0000] {processor.py:179} INFO - Processing /home/airflow/.local/lib/python3.8/site-packages/airflow/example_dags/example_xcom.py took 0.287 seconds
[2023-09-24T05:15:03.637+0000] {processor.py:157} INFO - Started process (PID=188) to work on /home/airflow/.local/lib/python3.8/site-packages/airflow/example_dags/example_xcom.py
[2023-09-24T05:15:03.639+0000] {processor.py:829} INFO - Processing file /home/airflow/.local/lib/python3.8/site-packages/airflow/example_dags/example_xcom.py for tasks to queue
[2023-09-24T05:15:03.643+0000] {logging_mixin.py:151} INFO - [2023-09-24T05:15:03.642+0000] {dagbag.py:539} INFO - Filling up the DagBag from /home/airflow/.local/lib/python3.8/site-packages/airflow/example_dags/example_xcom.py
[2023-09-24T05:15:03.660+0000] {processor.py:839} INFO - DAG(s) dict_keys(['example_xcom']) retrieved from /home/airflow/.local/lib/python3.8/site-packages/airflow/example_dags/example_xcom.py
[2023-09-24T05:15:03.711+0000] {logging_mixin.py:151} INFO - [2023-09-24T05:15:03.710+0000] {dag.py:2915} INFO - Sync 1 DAGs
[2023-09-24T05:15:03.769+0000] {logging_mixin.py:151} INFO - [2023-09-24T05:15:03.769+0000] {dag.py:3696} INFO - Setting next_dagrun for example_xcom to 2021-01-01T00:00:00+00:00, run_after=2021-01-01T00:00:00+00:00
[2023-09-24T05:15:03.813+0000] {processor.py:179} INFO - Processing /home/airflow/.local/lib/python3.8/site-packages/airflow/example_dags/example_xcom.py took 0.183 seconds
