[2023-09-24T05:00:10.447+0000] {processor.py:157} INFO - Started process (PID=52) to work on /home/airflow/.local/lib/python3.8/site-packages/airflow/example_dags/example_latest_only_with_trigger.py
[2023-09-24T05:00:10.448+0000] {processor.py:829} INFO - Processing file /home/airflow/.local/lib/python3.8/site-packages/airflow/example_dags/example_latest_only_with_trigger.py for tasks to queue
[2023-09-24T05:00:10.457+0000] {logging_mixin.py:151} INFO - [2023-09-24T05:00:10.454+0000] {dagbag.py:539} INFO - Filling up the DagBag from /home/airflow/.local/lib/python3.8/site-packages/airflow/example_dags/example_latest_only_with_trigger.py
[2023-09-24T05:00:10.569+0000] {processor.py:839} INFO - DAG(s) dict_keys(['latest_only_with_trigger']) retrieved from /home/airflow/.local/lib/python3.8/site-packages/airflow/example_dags/example_latest_only_with_trigger.py
[2023-09-24T05:00:11.409+0000] {logging_mixin.py:151} INFO - [2023-09-24T05:00:11.409+0000] {manager.py:499} INFO - Created Permission View: %s
[2023-09-24T05:00:11.488+0000] {logging_mixin.py:151} INFO - [2023-09-24T05:00:11.488+0000] {manager.py:499} INFO - Created Permission View: %s
[2023-09-24T05:00:11.513+0000] {logging_mixin.py:151} INFO - [2023-09-24T05:00:11.513+0000] {manager.py:499} INFO - Created Permission View: %s
[2023-09-24T05:00:11.515+0000] {logging_mixin.py:151} INFO - [2023-09-24T05:00:11.514+0000] {security.py:708} INFO - Not syncing DAG-level permissions for DAG 'DAG:latest_only_with_trigger' as access control is unset.
[2023-09-24T05:00:11.515+0000] {logging_mixin.py:151} INFO - [2023-09-24T05:00:11.515+0000] {dag.py:2915} INFO - Sync 1 DAGs
[2023-09-24T05:00:11.564+0000] {logging_mixin.py:151} INFO - [2023-09-24T05:00:11.564+0000] {dag.py:2937} INFO - Creating ORM DAG for latest_only_with_trigger
[2023-09-24T05:00:11.594+0000] {logging_mixin.py:151} INFO - [2023-09-24T05:00:11.594+0000] {dag.py:3696} INFO - Setting next_dagrun for latest_only_with_trigger to 2023-09-24T01:00:11.593901+00:00, run_after=2023-09-24T05:00:11.593901+00:00
[2023-09-24T05:00:11.653+0000] {processor.py:179} INFO - Processing /home/airflow/.local/lib/python3.8/site-packages/airflow/example_dags/example_latest_only_with_trigger.py took 1.216 seconds
[2023-09-24T05:00:42.395+0000] {processor.py:157} INFO - Started process (PID=105) to work on /home/airflow/.local/lib/python3.8/site-packages/airflow/example_dags/example_latest_only_with_trigger.py
[2023-09-24T05:00:42.396+0000] {processor.py:829} INFO - Processing file /home/airflow/.local/lib/python3.8/site-packages/airflow/example_dags/example_latest_only_with_trigger.py for tasks to queue
[2023-09-24T05:00:42.399+0000] {logging_mixin.py:151} INFO - [2023-09-24T05:00:42.399+0000] {dagbag.py:539} INFO - Filling up the DagBag from /home/airflow/.local/lib/python3.8/site-packages/airflow/example_dags/example_latest_only_with_trigger.py
[2023-09-24T05:00:42.407+0000] {processor.py:839} INFO - DAG(s) dict_keys(['latest_only_with_trigger']) retrieved from /home/airflow/.local/lib/python3.8/site-packages/airflow/example_dags/example_latest_only_with_trigger.py
[2023-09-24T05:00:42.437+0000] {logging_mixin.py:151} INFO - [2023-09-24T05:00:42.436+0000] {dag.py:2915} INFO - Sync 1 DAGs
[2023-09-24T05:00:42.473+0000] {logging_mixin.py:151} INFO - [2023-09-24T05:00:42.473+0000] {dag.py:3696} INFO - Setting next_dagrun for latest_only_with_trigger to 2023-09-24T01:00:42.472889+00:00, run_after=2023-09-24T05:00:42.472889+00:00
[2023-09-24T05:00:42.506+0000] {processor.py:179} INFO - Processing /home/airflow/.local/lib/python3.8/site-packages/airflow/example_dags/example_latest_only_with_trigger.py took 0.115 seconds
[2023-09-24T05:01:12.775+0000] {processor.py:157} INFO - Started process (PID=159) to work on /home/airflow/.local/lib/python3.8/site-packages/airflow/example_dags/example_latest_only_with_trigger.py
[2023-09-24T05:01:12.775+0000] {processor.py:829} INFO - Processing file /home/airflow/.local/lib/python3.8/site-packages/airflow/example_dags/example_latest_only_with_trigger.py for tasks to queue
[2023-09-24T05:01:12.779+0000] {logging_mixin.py:151} INFO - [2023-09-24T05:01:12.778+0000] {dagbag.py:539} INFO - Filling up the DagBag from /home/airflow/.local/lib/python3.8/site-packages/airflow/example_dags/example_latest_only_with_trigger.py
[2023-09-24T05:01:12.787+0000] {processor.py:839} INFO - DAG(s) dict_keys(['latest_only_with_trigger']) retrieved from /home/airflow/.local/lib/python3.8/site-packages/airflow/example_dags/example_latest_only_with_trigger.py
[2023-09-24T05:01:12.817+0000] {logging_mixin.py:151} INFO - [2023-09-24T05:01:12.817+0000] {dag.py:2915} INFO - Sync 1 DAGs
[2023-09-24T05:01:12.853+0000] {logging_mixin.py:151} INFO - [2023-09-24T05:01:12.852+0000] {dag.py:3696} INFO - Setting next_dagrun for latest_only_with_trigger to 2023-09-24T01:01:12.852644+00:00, run_after=2023-09-24T05:01:12.852644+00:00
[2023-09-24T05:01:12.876+0000] {processor.py:179} INFO - Processing /home/airflow/.local/lib/python3.8/site-packages/airflow/example_dags/example_latest_only_with_trigger.py took 0.106 seconds
[2023-09-24T05:01:42.987+0000] {processor.py:157} INFO - Started process (PID=213) to work on /home/airflow/.local/lib/python3.8/site-packages/airflow/example_dags/example_latest_only_with_trigger.py
[2023-09-24T05:01:42.988+0000] {processor.py:829} INFO - Processing file /home/airflow/.local/lib/python3.8/site-packages/airflow/example_dags/example_latest_only_with_trigger.py for tasks to queue
[2023-09-24T05:01:42.991+0000] {logging_mixin.py:151} INFO - [2023-09-24T05:01:42.991+0000] {dagbag.py:539} INFO - Filling up the DagBag from /home/airflow/.local/lib/python3.8/site-packages/airflow/example_dags/example_latest_only_with_trigger.py
[2023-09-24T05:01:42.999+0000] {processor.py:839} INFO - DAG(s) dict_keys(['latest_only_with_trigger']) retrieved from /home/airflow/.local/lib/python3.8/site-packages/airflow/example_dags/example_latest_only_with_trigger.py
[2023-09-24T05:01:43.030+0000] {logging_mixin.py:151} INFO - [2023-09-24T05:01:43.030+0000] {dag.py:2915} INFO - Sync 1 DAGs
[2023-09-24T05:01:43.063+0000] {logging_mixin.py:151} INFO - [2023-09-24T05:01:43.063+0000] {dag.py:3696} INFO - Setting next_dagrun for latest_only_with_trigger to 2023-09-24T01:01:43.063342+00:00, run_after=2023-09-24T05:01:43.063342+00:00
[2023-09-24T05:01:43.090+0000] {processor.py:179} INFO - Processing /home/airflow/.local/lib/python3.8/site-packages/airflow/example_dags/example_latest_only_with_trigger.py took 0.113 seconds
[2023-09-24T05:02:13.233+0000] {processor.py:157} INFO - Started process (PID=267) to work on /home/airflow/.local/lib/python3.8/site-packages/airflow/example_dags/example_latest_only_with_trigger.py
[2023-09-24T05:02:13.234+0000] {processor.py:829} INFO - Processing file /home/airflow/.local/lib/python3.8/site-packages/airflow/example_dags/example_latest_only_with_trigger.py for tasks to queue
[2023-09-24T05:02:13.238+0000] {logging_mixin.py:151} INFO - [2023-09-24T05:02:13.237+0000] {dagbag.py:539} INFO - Filling up the DagBag from /home/airflow/.local/lib/python3.8/site-packages/airflow/example_dags/example_latest_only_with_trigger.py
[2023-09-24T05:02:13.246+0000] {processor.py:839} INFO - DAG(s) dict_keys(['latest_only_with_trigger']) retrieved from /home/airflow/.local/lib/python3.8/site-packages/airflow/example_dags/example_latest_only_with_trigger.py
[2023-09-24T05:02:13.277+0000] {logging_mixin.py:151} INFO - [2023-09-24T05:02:13.277+0000] {dag.py:2915} INFO - Sync 1 DAGs
[2023-09-24T05:02:13.313+0000] {logging_mixin.py:151} INFO - [2023-09-24T05:02:13.313+0000] {dag.py:3696} INFO - Setting next_dagrun for latest_only_with_trigger to 2023-09-24T01:02:13.313049+00:00, run_after=2023-09-24T05:02:13.313049+00:00
[2023-09-24T05:02:13.339+0000] {processor.py:179} INFO - Processing /home/airflow/.local/lib/python3.8/site-packages/airflow/example_dags/example_latest_only_with_trigger.py took 0.111 seconds
[2023-09-24T05:02:43.391+0000] {processor.py:157} INFO - Started process (PID=321) to work on /home/airflow/.local/lib/python3.8/site-packages/airflow/example_dags/example_latest_only_with_trigger.py
[2023-09-24T05:02:43.393+0000] {processor.py:829} INFO - Processing file /home/airflow/.local/lib/python3.8/site-packages/airflow/example_dags/example_latest_only_with_trigger.py for tasks to queue
[2023-09-24T05:02:43.398+0000] {logging_mixin.py:151} INFO - [2023-09-24T05:02:43.397+0000] {dagbag.py:539} INFO - Filling up the DagBag from /home/airflow/.local/lib/python3.8/site-packages/airflow/example_dags/example_latest_only_with_trigger.py
[2023-09-24T05:02:43.407+0000] {processor.py:839} INFO - DAG(s) dict_keys(['latest_only_with_trigger']) retrieved from /home/airflow/.local/lib/python3.8/site-packages/airflow/example_dags/example_latest_only_with_trigger.py
[2023-09-24T05:02:43.438+0000] {logging_mixin.py:151} INFO - [2023-09-24T05:02:43.438+0000] {dag.py:2915} INFO - Sync 1 DAGs
[2023-09-24T05:02:43.472+0000] {logging_mixin.py:151} INFO - [2023-09-24T05:02:43.472+0000] {dag.py:3696} INFO - Setting next_dagrun for latest_only_with_trigger to 2023-09-24T01:02:43.472198+00:00, run_after=2023-09-24T05:02:43.472198+00:00
[2023-09-24T05:02:43.495+0000] {processor.py:179} INFO - Processing /home/airflow/.local/lib/python3.8/site-packages/airflow/example_dags/example_latest_only_with_trigger.py took 0.112 seconds
[2023-09-24T05:03:13.999+0000] {processor.py:157} INFO - Started process (PID=376) to work on /home/airflow/.local/lib/python3.8/site-packages/airflow/example_dags/example_latest_only_with_trigger.py
[2023-09-24T05:03:14.001+0000] {processor.py:829} INFO - Processing file /home/airflow/.local/lib/python3.8/site-packages/airflow/example_dags/example_latest_only_with_trigger.py for tasks to queue
[2023-09-24T05:03:14.004+0000] {logging_mixin.py:151} INFO - [2023-09-24T05:03:14.004+0000] {dagbag.py:539} INFO - Filling up the DagBag from /home/airflow/.local/lib/python3.8/site-packages/airflow/example_dags/example_latest_only_with_trigger.py
[2023-09-24T05:03:14.012+0000] {processor.py:839} INFO - DAG(s) dict_keys(['latest_only_with_trigger']) retrieved from /home/airflow/.local/lib/python3.8/site-packages/airflow/example_dags/example_latest_only_with_trigger.py
[2023-09-24T05:03:14.045+0000] {logging_mixin.py:151} INFO - [2023-09-24T05:03:14.044+0000] {dag.py:2915} INFO - Sync 1 DAGs
[2023-09-24T05:03:14.103+0000] {logging_mixin.py:151} INFO - [2023-09-24T05:03:14.103+0000] {dag.py:3696} INFO - Setting next_dagrun for latest_only_with_trigger to 2023-09-24T01:03:14.102853+00:00, run_after=2023-09-24T05:03:14.102853+00:00
[2023-09-24T05:03:14.137+0000] {processor.py:179} INFO - Processing /home/airflow/.local/lib/python3.8/site-packages/airflow/example_dags/example_latest_only_with_trigger.py took 0.142 seconds
[2023-09-24T05:03:44.627+0000] {processor.py:157} INFO - Started process (PID=430) to work on /home/airflow/.local/lib/python3.8/site-packages/airflow/example_dags/example_latest_only_with_trigger.py
[2023-09-24T05:03:44.628+0000] {processor.py:829} INFO - Processing file /home/airflow/.local/lib/python3.8/site-packages/airflow/example_dags/example_latest_only_with_trigger.py for tasks to queue
[2023-09-24T05:03:44.632+0000] {logging_mixin.py:151} INFO - [2023-09-24T05:03:44.631+0000] {dagbag.py:539} INFO - Filling up the DagBag from /home/airflow/.local/lib/python3.8/site-packages/airflow/example_dags/example_latest_only_with_trigger.py
[2023-09-24T05:03:44.639+0000] {processor.py:839} INFO - DAG(s) dict_keys(['latest_only_with_trigger']) retrieved from /home/airflow/.local/lib/python3.8/site-packages/airflow/example_dags/example_latest_only_with_trigger.py
[2023-09-24T05:03:44.669+0000] {logging_mixin.py:151} INFO - [2023-09-24T05:03:44.669+0000] {dag.py:2915} INFO - Sync 1 DAGs
[2023-09-24T05:03:44.705+0000] {logging_mixin.py:151} INFO - [2023-09-24T05:03:44.704+0000] {dag.py:3696} INFO - Setting next_dagrun for latest_only_with_trigger to 2023-09-24T01:03:44.704467+00:00, run_after=2023-09-24T05:03:44.704467+00:00
[2023-09-24T05:03:44.731+0000] {processor.py:179} INFO - Processing /home/airflow/.local/lib/python3.8/site-packages/airflow/example_dags/example_latest_only_with_trigger.py took 0.109 seconds
[2023-09-24T05:04:15.401+0000] {processor.py:157} INFO - Started process (PID=483) to work on /home/airflow/.local/lib/python3.8/site-packages/airflow/example_dags/example_latest_only_with_trigger.py
[2023-09-24T05:04:15.402+0000] {processor.py:829} INFO - Processing file /home/airflow/.local/lib/python3.8/site-packages/airflow/example_dags/example_latest_only_with_trigger.py for tasks to queue
[2023-09-24T05:04:15.406+0000] {logging_mixin.py:151} INFO - [2023-09-24T05:04:15.405+0000] {dagbag.py:539} INFO - Filling up the DagBag from /home/airflow/.local/lib/python3.8/site-packages/airflow/example_dags/example_latest_only_with_trigger.py
[2023-09-24T05:04:15.414+0000] {processor.py:839} INFO - DAG(s) dict_keys(['latest_only_with_trigger']) retrieved from /home/airflow/.local/lib/python3.8/site-packages/airflow/example_dags/example_latest_only_with_trigger.py
[2023-09-24T05:04:15.444+0000] {logging_mixin.py:151} INFO - [2023-09-24T05:04:15.444+0000] {dag.py:2915} INFO - Sync 1 DAGs
[2023-09-24T05:04:15.479+0000] {logging_mixin.py:151} INFO - [2023-09-24T05:04:15.479+0000] {dag.py:3696} INFO - Setting next_dagrun for latest_only_with_trigger to 2023-09-24T01:04:15.479115+00:00, run_after=2023-09-24T05:04:15.479115+00:00
[2023-09-24T05:04:15.502+0000] {processor.py:179} INFO - Processing /home/airflow/.local/lib/python3.8/site-packages/airflow/example_dags/example_latest_only_with_trigger.py took 0.106 seconds
[2023-09-24T05:09:57.477+0000] {processor.py:157} INFO - Started process (PID=46) to work on /home/airflow/.local/lib/python3.8/site-packages/airflow/example_dags/example_latest_only_with_trigger.py
[2023-09-24T05:09:57.479+0000] {processor.py:829} INFO - Processing file /home/airflow/.local/lib/python3.8/site-packages/airflow/example_dags/example_latest_only_with_trigger.py for tasks to queue
[2023-09-24T05:09:57.484+0000] {logging_mixin.py:151} INFO - [2023-09-24T05:09:57.483+0000] {dagbag.py:539} INFO - Filling up the DagBag from /home/airflow/.local/lib/python3.8/site-packages/airflow/example_dags/example_latest_only_with_trigger.py
[2023-09-24T05:09:57.512+0000] {processor.py:839} INFO - DAG(s) dict_keys(['latest_only_with_trigger']) retrieved from /home/airflow/.local/lib/python3.8/site-packages/airflow/example_dags/example_latest_only_with_trigger.py
[2023-09-24T05:09:57.568+0000] {logging_mixin.py:151} INFO - [2023-09-24T05:09:57.567+0000] {dag.py:2915} INFO - Sync 1 DAGs
[2023-09-24T05:09:57.622+0000] {logging_mixin.py:151} INFO - [2023-09-24T05:09:57.621+0000] {dag.py:3696} INFO - Setting next_dagrun for latest_only_with_trigger to 2023-09-24T01:09:57.620990+00:00, run_after=2023-09-24T05:09:57.620990+00:00
[2023-09-24T05:09:57.662+0000] {processor.py:179} INFO - Processing /home/airflow/.local/lib/python3.8/site-packages/airflow/example_dags/example_latest_only_with_trigger.py took 0.192 seconds
[2023-09-24T05:10:27.798+0000] {processor.py:157} INFO - Started process (PID=98) to work on /home/airflow/.local/lib/python3.8/site-packages/airflow/example_dags/example_latest_only_with_trigger.py
[2023-09-24T05:10:27.799+0000] {processor.py:829} INFO - Processing file /home/airflow/.local/lib/python3.8/site-packages/airflow/example_dags/example_latest_only_with_trigger.py for tasks to queue
[2023-09-24T05:10:27.802+0000] {logging_mixin.py:151} INFO - [2023-09-24T05:10:27.802+0000] {dagbag.py:539} INFO - Filling up the DagBag from /home/airflow/.local/lib/python3.8/site-packages/airflow/example_dags/example_latest_only_with_trigger.py
[2023-09-24T05:10:27.810+0000] {processor.py:839} INFO - DAG(s) dict_keys(['latest_only_with_trigger']) retrieved from /home/airflow/.local/lib/python3.8/site-packages/airflow/example_dags/example_latest_only_with_trigger.py
[2023-09-24T05:10:27.855+0000] {logging_mixin.py:151} INFO - [2023-09-24T05:10:27.855+0000] {dag.py:2915} INFO - Sync 1 DAGs
[2023-09-24T05:10:27.889+0000] {logging_mixin.py:151} INFO - [2023-09-24T05:10:27.889+0000] {dag.py:3696} INFO - Setting next_dagrun for latest_only_with_trigger to 2023-09-24T01:10:27.889299+00:00, run_after=2023-09-24T05:10:27.889299+00:00
[2023-09-24T05:10:27.913+0000] {processor.py:179} INFO - Processing /home/airflow/.local/lib/python3.8/site-packages/airflow/example_dags/example_latest_only_with_trigger.py took 0.119 seconds
[2023-09-24T05:10:58.648+0000] {processor.py:157} INFO - Started process (PID=151) to work on /home/airflow/.local/lib/python3.8/site-packages/airflow/example_dags/example_latest_only_with_trigger.py
[2023-09-24T05:10:58.650+0000] {processor.py:829} INFO - Processing file /home/airflow/.local/lib/python3.8/site-packages/airflow/example_dags/example_latest_only_with_trigger.py for tasks to queue
[2023-09-24T05:10:58.652+0000] {logging_mixin.py:151} INFO - [2023-09-24T05:10:58.652+0000] {dagbag.py:539} INFO - Filling up the DagBag from /home/airflow/.local/lib/python3.8/site-packages/airflow/example_dags/example_latest_only_with_trigger.py
[2023-09-24T05:10:58.660+0000] {processor.py:839} INFO - DAG(s) dict_keys(['latest_only_with_trigger']) retrieved from /home/airflow/.local/lib/python3.8/site-packages/airflow/example_dags/example_latest_only_with_trigger.py
[2023-09-24T05:10:58.692+0000] {logging_mixin.py:151} INFO - [2023-09-24T05:10:58.692+0000] {dag.py:2915} INFO - Sync 1 DAGs
[2023-09-24T05:10:58.728+0000] {logging_mixin.py:151} INFO - [2023-09-24T05:10:58.727+0000] {dag.py:3696} INFO - Setting next_dagrun for latest_only_with_trigger to 2023-09-24T01:10:58.727109+00:00, run_after=2023-09-24T05:10:58.727109+00:00
[2023-09-24T05:10:58.754+0000] {processor.py:179} INFO - Processing /home/airflow/.local/lib/python3.8/site-packages/airflow/example_dags/example_latest_only_with_trigger.py took 0.110 seconds
[2023-09-24T05:11:29.568+0000] {processor.py:157} INFO - Started process (PID=205) to work on /home/airflow/.local/lib/python3.8/site-packages/airflow/example_dags/example_latest_only_with_trigger.py
[2023-09-24T05:11:29.570+0000] {processor.py:829} INFO - Processing file /home/airflow/.local/lib/python3.8/site-packages/airflow/example_dags/example_latest_only_with_trigger.py for tasks to queue
[2023-09-24T05:11:29.576+0000] {logging_mixin.py:151} INFO - [2023-09-24T05:11:29.575+0000] {dagbag.py:539} INFO - Filling up the DagBag from /home/airflow/.local/lib/python3.8/site-packages/airflow/example_dags/example_latest_only_with_trigger.py
[2023-09-24T05:11:29.591+0000] {processor.py:839} INFO - DAG(s) dict_keys(['latest_only_with_trigger']) retrieved from /home/airflow/.local/lib/python3.8/site-packages/airflow/example_dags/example_latest_only_with_trigger.py
[2023-09-24T05:11:29.652+0000] {logging_mixin.py:151} INFO - [2023-09-24T05:11:29.652+0000] {dag.py:2915} INFO - Sync 1 DAGs
[2023-09-24T05:11:29.715+0000] {logging_mixin.py:151} INFO - [2023-09-24T05:11:29.714+0000] {dag.py:3696} INFO - Setting next_dagrun for latest_only_with_trigger to 2023-09-24T01:11:29.714397+00:00, run_after=2023-09-24T05:11:29.714397+00:00
[2023-09-24T05:11:29.752+0000] {processor.py:179} INFO - Processing /home/airflow/.local/lib/python3.8/site-packages/airflow/example_dags/example_latest_only_with_trigger.py took 0.191 seconds
[2023-09-24T05:12:00.844+0000] {processor.py:157} INFO - Started process (PID=268) to work on /home/airflow/.local/lib/python3.8/site-packages/airflow/example_dags/example_latest_only_with_trigger.py
[2023-09-24T05:12:00.856+0000] {processor.py:829} INFO - Processing file /home/airflow/.local/lib/python3.8/site-packages/airflow/example_dags/example_latest_only_with_trigger.py for tasks to queue
[2023-09-24T05:12:00.863+0000] {logging_mixin.py:151} INFO - [2023-09-24T05:12:00.862+0000] {dagbag.py:539} INFO - Filling up the DagBag from /home/airflow/.local/lib/python3.8/site-packages/airflow/example_dags/example_latest_only_with_trigger.py
[2023-09-24T05:12:00.919+0000] {processor.py:839} INFO - DAG(s) dict_keys(['latest_only_with_trigger']) retrieved from /home/airflow/.local/lib/python3.8/site-packages/airflow/example_dags/example_latest_only_with_trigger.py
[2023-09-24T05:12:00.984+0000] {logging_mixin.py:151} INFO - [2023-09-24T05:12:00.984+0000] {dag.py:2915} INFO - Sync 1 DAGs
[2023-09-24T05:12:01.063+0000] {logging_mixin.py:151} INFO - [2023-09-24T05:12:01.063+0000] {dag.py:3696} INFO - Setting next_dagrun for latest_only_with_trigger to 2023-09-24T01:12:01.062282+00:00, run_after=2023-09-24T05:12:01.062282+00:00
[2023-09-24T05:12:01.168+0000] {processor.py:179} INFO - Processing /home/airflow/.local/lib/python3.8/site-packages/airflow/example_dags/example_latest_only_with_trigger.py took 0.348 seconds
[2023-09-24T05:12:32.028+0000] {processor.py:157} INFO - Started process (PID=321) to work on /home/airflow/.local/lib/python3.8/site-packages/airflow/example_dags/example_latest_only_with_trigger.py
[2023-09-24T05:12:32.031+0000] {processor.py:829} INFO - Processing file /home/airflow/.local/lib/python3.8/site-packages/airflow/example_dags/example_latest_only_with_trigger.py for tasks to queue
[2023-09-24T05:12:32.037+0000] {logging_mixin.py:151} INFO - [2023-09-24T05:12:32.036+0000] {dagbag.py:539} INFO - Filling up the DagBag from /home/airflow/.local/lib/python3.8/site-packages/airflow/example_dags/example_latest_only_with_trigger.py
[2023-09-24T05:12:32.061+0000] {processor.py:839} INFO - DAG(s) dict_keys(['latest_only_with_trigger']) retrieved from /home/airflow/.local/lib/python3.8/site-packages/airflow/example_dags/example_latest_only_with_trigger.py
[2023-09-24T05:12:32.169+0000] {logging_mixin.py:151} INFO - [2023-09-24T05:12:32.168+0000] {dag.py:2915} INFO - Sync 1 DAGs
[2023-09-24T05:12:32.281+0000] {logging_mixin.py:151} INFO - [2023-09-24T05:12:32.280+0000] {dag.py:3696} INFO - Setting next_dagrun for latest_only_with_trigger to 2023-09-24T01:12:32.279868+00:00, run_after=2023-09-24T05:12:32.279868+00:00
[2023-09-24T05:12:32.374+0000] {processor.py:179} INFO - Processing /home/airflow/.local/lib/python3.8/site-packages/airflow/example_dags/example_latest_only_with_trigger.py took 0.357 seconds
[2023-09-24T05:13:02.458+0000] {processor.py:157} INFO - Started process (PID=375) to work on /home/airflow/.local/lib/python3.8/site-packages/airflow/example_dags/example_latest_only_with_trigger.py
[2023-09-24T05:13:02.459+0000] {processor.py:829} INFO - Processing file /home/airflow/.local/lib/python3.8/site-packages/airflow/example_dags/example_latest_only_with_trigger.py for tasks to queue
[2023-09-24T05:13:02.462+0000] {logging_mixin.py:151} INFO - [2023-09-24T05:13:02.462+0000] {dagbag.py:539} INFO - Filling up the DagBag from /home/airflow/.local/lib/python3.8/site-packages/airflow/example_dags/example_latest_only_with_trigger.py
[2023-09-24T05:13:02.472+0000] {processor.py:839} INFO - DAG(s) dict_keys(['latest_only_with_trigger']) retrieved from /home/airflow/.local/lib/python3.8/site-packages/airflow/example_dags/example_latest_only_with_trigger.py
[2023-09-24T05:13:02.507+0000] {logging_mixin.py:151} INFO - [2023-09-24T05:13:02.506+0000] {dag.py:2915} INFO - Sync 1 DAGs
[2023-09-24T05:13:02.543+0000] {logging_mixin.py:151} INFO - [2023-09-24T05:13:02.543+0000] {dag.py:3696} INFO - Setting next_dagrun for latest_only_with_trigger to 2023-09-24T01:13:02.543165+00:00, run_after=2023-09-24T05:13:02.543165+00:00
[2023-09-24T05:13:02.569+0000] {processor.py:179} INFO - Processing /home/airflow/.local/lib/python3.8/site-packages/airflow/example_dags/example_latest_only_with_trigger.py took 0.116 seconds
[2023-09-24T05:13:56.719+0000] {processor.py:157} INFO - Started process (PID=52) to work on /home/airflow/.local/lib/python3.8/site-packages/airflow/example_dags/example_latest_only_with_trigger.py
[2023-09-24T05:13:56.728+0000] {processor.py:829} INFO - Processing file /home/airflow/.local/lib/python3.8/site-packages/airflow/example_dags/example_latest_only_with_trigger.py for tasks to queue
[2023-09-24T05:13:56.733+0000] {logging_mixin.py:151} INFO - [2023-09-24T05:13:56.732+0000] {dagbag.py:539} INFO - Filling up the DagBag from /home/airflow/.local/lib/python3.8/site-packages/airflow/example_dags/example_latest_only_with_trigger.py
[2023-09-24T05:13:56.782+0000] {processor.py:839} INFO - DAG(s) dict_keys(['latest_only_with_trigger']) retrieved from /home/airflow/.local/lib/python3.8/site-packages/airflow/example_dags/example_latest_only_with_trigger.py
[2023-09-24T05:13:56.828+0000] {logging_mixin.py:151} INFO - [2023-09-24T05:13:56.828+0000] {dag.py:2915} INFO - Sync 1 DAGs
[2023-09-24T05:13:56.941+0000] {logging_mixin.py:151} INFO - [2023-09-24T05:13:56.941+0000] {dag.py:3696} INFO - Setting next_dagrun for latest_only_with_trigger to 2023-09-24T01:13:56.940434+00:00, run_after=2023-09-24T05:13:56.940434+00:00
[2023-09-24T05:13:57.033+0000] {processor.py:179} INFO - Processing /home/airflow/.local/lib/python3.8/site-packages/airflow/example_dags/example_latest_only_with_trigger.py took 0.387 seconds
[2023-09-24T05:14:27.292+0000] {processor.py:157} INFO - Started process (PID=106) to work on /home/airflow/.local/lib/python3.8/site-packages/airflow/example_dags/example_latest_only_with_trigger.py
[2023-09-24T05:14:27.293+0000] {processor.py:829} INFO - Processing file /home/airflow/.local/lib/python3.8/site-packages/airflow/example_dags/example_latest_only_with_trigger.py for tasks to queue
[2023-09-24T05:14:27.296+0000] {logging_mixin.py:151} INFO - [2023-09-24T05:14:27.296+0000] {dagbag.py:539} INFO - Filling up the DagBag from /home/airflow/.local/lib/python3.8/site-packages/airflow/example_dags/example_latest_only_with_trigger.py
[2023-09-24T05:14:27.305+0000] {processor.py:839} INFO - DAG(s) dict_keys(['latest_only_with_trigger']) retrieved from /home/airflow/.local/lib/python3.8/site-packages/airflow/example_dags/example_latest_only_with_trigger.py
[2023-09-24T05:14:27.338+0000] {logging_mixin.py:151} INFO - [2023-09-24T05:14:27.338+0000] {dag.py:2915} INFO - Sync 1 DAGs
[2023-09-24T05:14:27.375+0000] {logging_mixin.py:151} INFO - [2023-09-24T05:14:27.375+0000] {dag.py:3696} INFO - Setting next_dagrun for latest_only_with_trigger to 2023-09-24T01:14:27.374933+00:00, run_after=2023-09-24T05:14:27.374933+00:00
[2023-09-24T05:14:27.400+0000] {processor.py:179} INFO - Processing /home/airflow/.local/lib/python3.8/site-packages/airflow/example_dags/example_latest_only_with_trigger.py took 0.114 seconds
[2023-09-24T05:14:59.151+0000] {processor.py:157} INFO - Started process (PID=167) to work on /home/airflow/.local/lib/python3.8/site-packages/airflow/example_dags/example_latest_only_with_trigger.py
[2023-09-24T05:14:59.153+0000] {processor.py:829} INFO - Processing file /home/airflow/.local/lib/python3.8/site-packages/airflow/example_dags/example_latest_only_with_trigger.py for tasks to queue
[2023-09-24T05:14:59.164+0000] {logging_mixin.py:151} INFO - [2023-09-24T05:14:59.157+0000] {dagbag.py:539} INFO - Filling up the DagBag from /home/airflow/.local/lib/python3.8/site-packages/airflow/example_dags/example_latest_only_with_trigger.py
[2023-09-24T05:14:59.187+0000] {processor.py:839} INFO - DAG(s) dict_keys(['latest_only_with_trigger']) retrieved from /home/airflow/.local/lib/python3.8/site-packages/airflow/example_dags/example_latest_only_with_trigger.py
[2023-09-24T05:14:59.299+0000] {logging_mixin.py:151} INFO - [2023-09-24T05:14:59.298+0000] {dag.py:2915} INFO - Sync 1 DAGs
[2023-09-24T05:14:59.429+0000] {logging_mixin.py:151} INFO - [2023-09-24T05:14:59.429+0000] {dag.py:3696} INFO - Setting next_dagrun for latest_only_with_trigger to 2023-09-24T01:14:59.428631+00:00, run_after=2023-09-24T05:14:59.428631+00:00
[2023-09-24T05:14:59.497+0000] {processor.py:179} INFO - Processing /home/airflow/.local/lib/python3.8/site-packages/airflow/example_dags/example_latest_only_with_trigger.py took 0.353 seconds
