[2023-09-24T05:00:18.859+0000] {processor.py:157} INFO - Started process (PID=63) to work on /home/airflow/.local/lib/python3.8/site-packages/airflow/example_dags/example_short_circuit_decorator.py
[2023-09-24T05:00:18.861+0000] {processor.py:829} INFO - Processing file /home/airflow/.local/lib/python3.8/site-packages/airflow/example_dags/example_short_circuit_decorator.py for tasks to queue
[2023-09-24T05:00:18.867+0000] {logging_mixin.py:151} INFO - [2023-09-24T05:00:18.866+0000] {dagbag.py:539} INFO - Filling up the DagBag from /home/airflow/.local/lib/python3.8/site-packages/airflow/example_dags/example_short_circuit_decorator.py
[2023-09-24T05:00:18.907+0000] {processor.py:839} INFO - DAG(s) dict_keys(['example_short_circuit_decorator']) retrieved from /home/airflow/.local/lib/python3.8/site-packages/airflow/example_dags/example_short_circuit_decorator.py
[2023-09-24T05:00:19.154+0000] {logging_mixin.py:151} INFO - [2023-09-24T05:00:19.153+0000] {manager.py:499} INFO - Created Permission View: %s
[2023-09-24T05:00:19.172+0000] {logging_mixin.py:151} INFO - [2023-09-24T05:00:19.172+0000] {manager.py:499} INFO - Created Permission View: %s
[2023-09-24T05:00:19.185+0000] {logging_mixin.py:151} INFO - [2023-09-24T05:00:19.185+0000] {manager.py:499} INFO - Created Permission View: %s
[2023-09-24T05:00:19.186+0000] {logging_mixin.py:151} INFO - [2023-09-24T05:00:19.186+0000] {security.py:708} INFO - Not syncing DAG-level permissions for DAG 'DAG:example_short_circuit_decorator' as access control is unset.
[2023-09-24T05:00:19.187+0000] {logging_mixin.py:151} INFO - [2023-09-24T05:00:19.186+0000] {dag.py:2915} INFO - Sync 1 DAGs
[2023-09-24T05:00:19.214+0000] {logging_mixin.py:151} INFO - [2023-09-24T05:00:19.214+0000] {dag.py:2937} INFO - Creating ORM DAG for example_short_circuit_decorator
[2023-09-24T05:00:19.235+0000] {logging_mixin.py:151} INFO - [2023-09-24T05:00:19.235+0000] {dag.py:3696} INFO - Setting next_dagrun for example_short_circuit_decorator to 2023-09-23T05:00:19.234736+00:00, run_after=2023-09-24T05:00:19.234736+00:00
[2023-09-24T05:00:19.272+0000] {processor.py:179} INFO - Processing /home/airflow/.local/lib/python3.8/site-packages/airflow/example_dags/example_short_circuit_decorator.py took 0.423 seconds
[2023-09-24T05:00:49.959+0000] {processor.py:157} INFO - Started process (PID=117) to work on /home/airflow/.local/lib/python3.8/site-packages/airflow/example_dags/example_short_circuit_decorator.py
[2023-09-24T05:00:49.960+0000] {processor.py:829} INFO - Processing file /home/airflow/.local/lib/python3.8/site-packages/airflow/example_dags/example_short_circuit_decorator.py for tasks to queue
[2023-09-24T05:00:49.963+0000] {logging_mixin.py:151} INFO - [2023-09-24T05:00:49.963+0000] {dagbag.py:539} INFO - Filling up the DagBag from /home/airflow/.local/lib/python3.8/site-packages/airflow/example_dags/example_short_circuit_decorator.py
[2023-09-24T05:00:49.978+0000] {processor.py:839} INFO - DAG(s) dict_keys(['example_short_circuit_decorator']) retrieved from /home/airflow/.local/lib/python3.8/site-packages/airflow/example_dags/example_short_circuit_decorator.py
[2023-09-24T05:00:50.023+0000] {logging_mixin.py:151} INFO - [2023-09-24T05:00:50.023+0000] {dag.py:2915} INFO - Sync 1 DAGs
[2023-09-24T05:00:50.059+0000] {logging_mixin.py:151} INFO - [2023-09-24T05:00:50.059+0000] {dag.py:3696} INFO - Setting next_dagrun for example_short_circuit_decorator to 2023-09-23T05:00:50.058695+00:00, run_after=2023-09-24T05:00:50.058695+00:00
[2023-09-24T05:00:50.089+0000] {processor.py:179} INFO - Processing /home/airflow/.local/lib/python3.8/site-packages/airflow/example_dags/example_short_circuit_decorator.py took 0.134 seconds
[2023-09-24T05:01:20.231+0000] {processor.py:157} INFO - Started process (PID=171) to work on /home/airflow/.local/lib/python3.8/site-packages/airflow/example_dags/example_short_circuit_decorator.py
[2023-09-24T05:01:20.233+0000] {processor.py:829} INFO - Processing file /home/airflow/.local/lib/python3.8/site-packages/airflow/example_dags/example_short_circuit_decorator.py for tasks to queue
[2023-09-24T05:01:20.235+0000] {logging_mixin.py:151} INFO - [2023-09-24T05:01:20.235+0000] {dagbag.py:539} INFO - Filling up the DagBag from /home/airflow/.local/lib/python3.8/site-packages/airflow/example_dags/example_short_circuit_decorator.py
[2023-09-24T05:01:20.250+0000] {processor.py:839} INFO - DAG(s) dict_keys(['example_short_circuit_decorator']) retrieved from /home/airflow/.local/lib/python3.8/site-packages/airflow/example_dags/example_short_circuit_decorator.py
[2023-09-24T05:01:20.289+0000] {logging_mixin.py:151} INFO - [2023-09-24T05:01:20.289+0000] {dag.py:2915} INFO - Sync 1 DAGs
[2023-09-24T05:01:20.323+0000] {logging_mixin.py:151} INFO - [2023-09-24T05:01:20.323+0000] {dag.py:3696} INFO - Setting next_dagrun for example_short_circuit_decorator to 2023-09-23T05:01:20.323073+00:00, run_after=2023-09-24T05:01:20.323073+00:00
[2023-09-24T05:01:20.348+0000] {processor.py:179} INFO - Processing /home/airflow/.local/lib/python3.8/site-packages/airflow/example_dags/example_short_circuit_decorator.py took 0.121 seconds
[2023-09-24T05:01:50.495+0000] {processor.py:157} INFO - Started process (PID=225) to work on /home/airflow/.local/lib/python3.8/site-packages/airflow/example_dags/example_short_circuit_decorator.py
[2023-09-24T05:01:50.496+0000] {processor.py:829} INFO - Processing file /home/airflow/.local/lib/python3.8/site-packages/airflow/example_dags/example_short_circuit_decorator.py for tasks to queue
[2023-09-24T05:01:50.499+0000] {logging_mixin.py:151} INFO - [2023-09-24T05:01:50.499+0000] {dagbag.py:539} INFO - Filling up the DagBag from /home/airflow/.local/lib/python3.8/site-packages/airflow/example_dags/example_short_circuit_decorator.py
[2023-09-24T05:01:50.514+0000] {processor.py:839} INFO - DAG(s) dict_keys(['example_short_circuit_decorator']) retrieved from /home/airflow/.local/lib/python3.8/site-packages/airflow/example_dags/example_short_circuit_decorator.py
[2023-09-24T05:01:50.552+0000] {logging_mixin.py:151} INFO - [2023-09-24T05:01:50.551+0000] {dag.py:2915} INFO - Sync 1 DAGs
[2023-09-24T05:01:50.587+0000] {logging_mixin.py:151} INFO - [2023-09-24T05:01:50.587+0000] {dag.py:3696} INFO - Setting next_dagrun for example_short_circuit_decorator to 2023-09-23T05:01:50.586877+00:00, run_after=2023-09-24T05:01:50.586877+00:00
[2023-09-24T05:01:50.613+0000] {processor.py:179} INFO - Processing /home/airflow/.local/lib/python3.8/site-packages/airflow/example_dags/example_short_circuit_decorator.py took 0.122 seconds
[2023-09-24T05:02:22.018+0000] {processor.py:157} INFO - Started process (PID=279) to work on /home/airflow/.local/lib/python3.8/site-packages/airflow/example_dags/example_short_circuit_decorator.py
[2023-09-24T05:02:22.019+0000] {processor.py:829} INFO - Processing file /home/airflow/.local/lib/python3.8/site-packages/airflow/example_dags/example_short_circuit_decorator.py for tasks to queue
[2023-09-24T05:02:22.023+0000] {logging_mixin.py:151} INFO - [2023-09-24T05:02:22.022+0000] {dagbag.py:539} INFO - Filling up the DagBag from /home/airflow/.local/lib/python3.8/site-packages/airflow/example_dags/example_short_circuit_decorator.py
[2023-09-24T05:02:22.045+0000] {processor.py:839} INFO - DAG(s) dict_keys(['example_short_circuit_decorator']) retrieved from /home/airflow/.local/lib/python3.8/site-packages/airflow/example_dags/example_short_circuit_decorator.py
[2023-09-24T05:02:22.095+0000] {logging_mixin.py:151} INFO - [2023-09-24T05:02:22.095+0000] {dag.py:2915} INFO - Sync 1 DAGs
[2023-09-24T05:02:22.137+0000] {logging_mixin.py:151} INFO - [2023-09-24T05:02:22.137+0000] {dag.py:3696} INFO - Setting next_dagrun for example_short_circuit_decorator to 2023-09-23T05:02:22.136439+00:00, run_after=2023-09-24T05:02:22.136439+00:00
[2023-09-24T05:02:22.171+0000] {processor.py:179} INFO - Processing /home/airflow/.local/lib/python3.8/site-packages/airflow/example_dags/example_short_circuit_decorator.py took 0.158 seconds
[2023-09-24T05:02:53.027+0000] {processor.py:157} INFO - Started process (PID=333) to work on /home/airflow/.local/lib/python3.8/site-packages/airflow/example_dags/example_short_circuit_decorator.py
[2023-09-24T05:02:53.028+0000] {processor.py:829} INFO - Processing file /home/airflow/.local/lib/python3.8/site-packages/airflow/example_dags/example_short_circuit_decorator.py for tasks to queue
[2023-09-24T05:02:53.031+0000] {logging_mixin.py:151} INFO - [2023-09-24T05:02:53.031+0000] {dagbag.py:539} INFO - Filling up the DagBag from /home/airflow/.local/lib/python3.8/site-packages/airflow/example_dags/example_short_circuit_decorator.py
[2023-09-24T05:02:53.046+0000] {processor.py:839} INFO - DAG(s) dict_keys(['example_short_circuit_decorator']) retrieved from /home/airflow/.local/lib/python3.8/site-packages/airflow/example_dags/example_short_circuit_decorator.py
[2023-09-24T05:02:53.089+0000] {logging_mixin.py:151} INFO - [2023-09-24T05:02:53.089+0000] {dag.py:2915} INFO - Sync 1 DAGs
[2023-09-24T05:02:53.124+0000] {logging_mixin.py:151} INFO - [2023-09-24T05:02:53.124+0000] {dag.py:3696} INFO - Setting next_dagrun for example_short_circuit_decorator to 2023-09-23T05:02:53.123838+00:00, run_after=2023-09-24T05:02:53.123838+00:00
[2023-09-24T05:02:53.150+0000] {processor.py:179} INFO - Processing /home/airflow/.local/lib/python3.8/site-packages/airflow/example_dags/example_short_circuit_decorator.py took 0.127 seconds
[2023-09-24T05:03:24.527+0000] {processor.py:157} INFO - Started process (PID=388) to work on /home/airflow/.local/lib/python3.8/site-packages/airflow/example_dags/example_short_circuit_decorator.py
[2023-09-24T05:03:24.528+0000] {processor.py:829} INFO - Processing file /home/airflow/.local/lib/python3.8/site-packages/airflow/example_dags/example_short_circuit_decorator.py for tasks to queue
[2023-09-24T05:03:24.531+0000] {logging_mixin.py:151} INFO - [2023-09-24T05:03:24.530+0000] {dagbag.py:539} INFO - Filling up the DagBag from /home/airflow/.local/lib/python3.8/site-packages/airflow/example_dags/example_short_circuit_decorator.py
[2023-09-24T05:03:24.545+0000] {processor.py:839} INFO - DAG(s) dict_keys(['example_short_circuit_decorator']) retrieved from /home/airflow/.local/lib/python3.8/site-packages/airflow/example_dags/example_short_circuit_decorator.py
[2023-09-24T05:03:24.588+0000] {logging_mixin.py:151} INFO - [2023-09-24T05:03:24.588+0000] {dag.py:2915} INFO - Sync 1 DAGs
[2023-09-24T05:03:24.624+0000] {logging_mixin.py:151} INFO - [2023-09-24T05:03:24.624+0000] {dag.py:3696} INFO - Setting next_dagrun for example_short_circuit_decorator to 2023-09-23T05:03:24.623811+00:00, run_after=2023-09-24T05:03:24.623811+00:00
[2023-09-24T05:03:24.649+0000] {processor.py:179} INFO - Processing /home/airflow/.local/lib/python3.8/site-packages/airflow/example_dags/example_short_circuit_decorator.py took 0.127 seconds
[2023-09-24T05:03:55.239+0000] {processor.py:157} INFO - Started process (PID=442) to work on /home/airflow/.local/lib/python3.8/site-packages/airflow/example_dags/example_short_circuit_decorator.py
[2023-09-24T05:03:55.240+0000] {processor.py:829} INFO - Processing file /home/airflow/.local/lib/python3.8/site-packages/airflow/example_dags/example_short_circuit_decorator.py for tasks to queue
[2023-09-24T05:03:55.244+0000] {logging_mixin.py:151} INFO - [2023-09-24T05:03:55.243+0000] {dagbag.py:539} INFO - Filling up the DagBag from /home/airflow/.local/lib/python3.8/site-packages/airflow/example_dags/example_short_circuit_decorator.py
[2023-09-24T05:03:55.260+0000] {processor.py:839} INFO - DAG(s) dict_keys(['example_short_circuit_decorator']) retrieved from /home/airflow/.local/lib/python3.8/site-packages/airflow/example_dags/example_short_circuit_decorator.py
[2023-09-24T05:03:55.299+0000] {logging_mixin.py:151} INFO - [2023-09-24T05:03:55.299+0000] {dag.py:2915} INFO - Sync 1 DAGs
[2023-09-24T05:03:55.334+0000] {logging_mixin.py:151} INFO - [2023-09-24T05:03:55.334+0000] {dag.py:3696} INFO - Setting next_dagrun for example_short_circuit_decorator to 2023-09-23T05:03:55.333903+00:00, run_after=2023-09-24T05:03:55.333903+00:00
[2023-09-24T05:03:55.357+0000] {processor.py:179} INFO - Processing /home/airflow/.local/lib/python3.8/site-packages/airflow/example_dags/example_short_circuit_decorator.py took 0.123 seconds
[2023-09-24T05:10:03.633+0000] {processor.py:157} INFO - Started process (PID=63) to work on /home/airflow/.local/lib/python3.8/site-packages/airflow/example_dags/example_short_circuit_decorator.py
[2023-09-24T05:10:03.635+0000] {processor.py:829} INFO - Processing file /home/airflow/.local/lib/python3.8/site-packages/airflow/example_dags/example_short_circuit_decorator.py for tasks to queue
[2023-09-24T05:10:03.640+0000] {logging_mixin.py:151} INFO - [2023-09-24T05:10:03.640+0000] {dagbag.py:539} INFO - Filling up the DagBag from /home/airflow/.local/lib/python3.8/site-packages/airflow/example_dags/example_short_circuit_decorator.py
[2023-09-24T05:10:03.669+0000] {processor.py:839} INFO - DAG(s) dict_keys(['example_short_circuit_decorator']) retrieved from /home/airflow/.local/lib/python3.8/site-packages/airflow/example_dags/example_short_circuit_decorator.py
[2023-09-24T05:10:03.894+0000] {logging_mixin.py:151} INFO - [2023-09-24T05:10:03.893+0000] {dag.py:2915} INFO - Sync 1 DAGs
[2023-09-24T05:10:03.982+0000] {logging_mixin.py:151} INFO - [2023-09-24T05:10:03.982+0000] {dag.py:3696} INFO - Setting next_dagrun for example_short_circuit_decorator to 2023-09-23T05:10:03.981786+00:00, run_after=2023-09-24T05:10:03.981786+00:00
[2023-09-24T05:10:04.073+0000] {processor.py:179} INFO - Processing /home/airflow/.local/lib/python3.8/site-packages/airflow/example_dags/example_short_circuit_decorator.py took 0.448 seconds
[2023-09-24T05:10:34.232+0000] {processor.py:157} INFO - Started process (PID=116) to work on /home/airflow/.local/lib/python3.8/site-packages/airflow/example_dags/example_short_circuit_decorator.py
[2023-09-24T05:10:34.233+0000] {processor.py:829} INFO - Processing file /home/airflow/.local/lib/python3.8/site-packages/airflow/example_dags/example_short_circuit_decorator.py for tasks to queue
[2023-09-24T05:10:34.237+0000] {logging_mixin.py:151} INFO - [2023-09-24T05:10:34.236+0000] {dagbag.py:539} INFO - Filling up the DagBag from /home/airflow/.local/lib/python3.8/site-packages/airflow/example_dags/example_short_circuit_decorator.py
[2023-09-24T05:10:34.252+0000] {processor.py:839} INFO - DAG(s) dict_keys(['example_short_circuit_decorator']) retrieved from /home/airflow/.local/lib/python3.8/site-packages/airflow/example_dags/example_short_circuit_decorator.py
[2023-09-24T05:10:34.292+0000] {logging_mixin.py:151} INFO - [2023-09-24T05:10:34.292+0000] {dag.py:2915} INFO - Sync 1 DAGs
[2023-09-24T05:10:34.328+0000] {logging_mixin.py:151} INFO - [2023-09-24T05:10:34.328+0000] {dag.py:3696} INFO - Setting next_dagrun for example_short_circuit_decorator to 2023-09-23T05:10:34.327790+00:00, run_after=2023-09-24T05:10:34.327790+00:00
[2023-09-24T05:10:34.357+0000] {processor.py:179} INFO - Processing /home/airflow/.local/lib/python3.8/site-packages/airflow/example_dags/example_short_circuit_decorator.py took 0.129 seconds
[2023-09-24T05:11:05.145+0000] {processor.py:157} INFO - Started process (PID=170) to work on /home/airflow/.local/lib/python3.8/site-packages/airflow/example_dags/example_short_circuit_decorator.py
[2023-09-24T05:11:05.146+0000] {processor.py:829} INFO - Processing file /home/airflow/.local/lib/python3.8/site-packages/airflow/example_dags/example_short_circuit_decorator.py for tasks to queue
[2023-09-24T05:11:05.149+0000] {logging_mixin.py:151} INFO - [2023-09-24T05:11:05.149+0000] {dagbag.py:539} INFO - Filling up the DagBag from /home/airflow/.local/lib/python3.8/site-packages/airflow/example_dags/example_short_circuit_decorator.py
[2023-09-24T05:11:05.164+0000] {processor.py:839} INFO - DAG(s) dict_keys(['example_short_circuit_decorator']) retrieved from /home/airflow/.local/lib/python3.8/site-packages/airflow/example_dags/example_short_circuit_decorator.py
[2023-09-24T05:11:05.207+0000] {logging_mixin.py:151} INFO - [2023-09-24T05:11:05.207+0000] {dag.py:2915} INFO - Sync 1 DAGs
[2023-09-24T05:11:05.244+0000] {logging_mixin.py:151} INFO - [2023-09-24T05:11:05.244+0000] {dag.py:3696} INFO - Setting next_dagrun for example_short_circuit_decorator to 2023-09-23T05:11:05.244273+00:00, run_after=2023-09-24T05:11:05.244273+00:00
[2023-09-24T05:11:05.271+0000] {processor.py:179} INFO - Processing /home/airflow/.local/lib/python3.8/site-packages/airflow/example_dags/example_short_circuit_decorator.py took 0.131 seconds
[2023-09-24T05:11:35.385+0000] {processor.py:157} INFO - Started process (PID=224) to work on /home/airflow/.local/lib/python3.8/site-packages/airflow/example_dags/example_short_circuit_decorator.py
[2023-09-24T05:11:35.387+0000] {processor.py:829} INFO - Processing file /home/airflow/.local/lib/python3.8/site-packages/airflow/example_dags/example_short_circuit_decorator.py for tasks to queue
[2023-09-24T05:11:35.392+0000] {logging_mixin.py:151} INFO - [2023-09-24T05:11:35.391+0000] {dagbag.py:539} INFO - Filling up the DagBag from /home/airflow/.local/lib/python3.8/site-packages/airflow/example_dags/example_short_circuit_decorator.py
[2023-09-24T05:11:35.416+0000] {processor.py:839} INFO - DAG(s) dict_keys(['example_short_circuit_decorator']) retrieved from /home/airflow/.local/lib/python3.8/site-packages/airflow/example_dags/example_short_circuit_decorator.py
[2023-09-24T05:11:35.476+0000] {logging_mixin.py:151} INFO - [2023-09-24T05:11:35.475+0000] {dag.py:2915} INFO - Sync 1 DAGs
[2023-09-24T05:11:35.536+0000] {logging_mixin.py:151} INFO - [2023-09-24T05:11:35.536+0000] {dag.py:3696} INFO - Setting next_dagrun for example_short_circuit_decorator to 2023-09-23T05:11:35.535367+00:00, run_after=2023-09-24T05:11:35.535367+00:00
[2023-09-24T05:11:35.582+0000] {processor.py:179} INFO - Processing /home/airflow/.local/lib/python3.8/site-packages/airflow/example_dags/example_short_circuit_decorator.py took 0.205 seconds
[2023-09-24T05:12:06.465+0000] {processor.py:157} INFO - Started process (PID=287) to work on /home/airflow/.local/lib/python3.8/site-packages/airflow/example_dags/example_short_circuit_decorator.py
[2023-09-24T05:12:06.467+0000] {processor.py:829} INFO - Processing file /home/airflow/.local/lib/python3.8/site-packages/airflow/example_dags/example_short_circuit_decorator.py for tasks to queue
[2023-09-24T05:12:06.470+0000] {logging_mixin.py:151} INFO - [2023-09-24T05:12:06.469+0000] {dagbag.py:539} INFO - Filling up the DagBag from /home/airflow/.local/lib/python3.8/site-packages/airflow/example_dags/example_short_circuit_decorator.py
[2023-09-24T05:12:06.485+0000] {processor.py:839} INFO - DAG(s) dict_keys(['example_short_circuit_decorator']) retrieved from /home/airflow/.local/lib/python3.8/site-packages/airflow/example_dags/example_short_circuit_decorator.py
[2023-09-24T05:12:06.523+0000] {logging_mixin.py:151} INFO - [2023-09-24T05:12:06.523+0000] {dag.py:2915} INFO - Sync 1 DAGs
[2023-09-24T05:12:06.558+0000] {logging_mixin.py:151} INFO - [2023-09-24T05:12:06.558+0000] {dag.py:3696} INFO - Setting next_dagrun for example_short_circuit_decorator to 2023-09-23T05:12:06.558142+00:00, run_after=2023-09-24T05:12:06.558142+00:00
[2023-09-24T05:12:06.585+0000] {processor.py:179} INFO - Processing /home/airflow/.local/lib/python3.8/site-packages/airflow/example_dags/example_short_circuit_decorator.py took 0.126 seconds
[2023-09-24T05:12:37.970+0000] {processor.py:157} INFO - Started process (PID=341) to work on /home/airflow/.local/lib/python3.8/site-packages/airflow/example_dags/example_short_circuit_decorator.py
[2023-09-24T05:12:37.971+0000] {processor.py:829} INFO - Processing file /home/airflow/.local/lib/python3.8/site-packages/airflow/example_dags/example_short_circuit_decorator.py for tasks to queue
[2023-09-24T05:12:37.975+0000] {logging_mixin.py:151} INFO - [2023-09-24T05:12:37.974+0000] {dagbag.py:539} INFO - Filling up the DagBag from /home/airflow/.local/lib/python3.8/site-packages/airflow/example_dags/example_short_circuit_decorator.py
[2023-09-24T05:12:37.996+0000] {processor.py:839} INFO - DAG(s) dict_keys(['example_short_circuit_decorator']) retrieved from /home/airflow/.local/lib/python3.8/site-packages/airflow/example_dags/example_short_circuit_decorator.py
[2023-09-24T05:12:38.057+0000] {logging_mixin.py:151} INFO - [2023-09-24T05:12:38.057+0000] {dag.py:2915} INFO - Sync 1 DAGs
[2023-09-24T05:12:38.112+0000] {logging_mixin.py:151} INFO - [2023-09-24T05:12:38.111+0000] {dag.py:3696} INFO - Setting next_dagrun for example_short_circuit_decorator to 2023-09-23T05:12:38.111059+00:00, run_after=2023-09-24T05:12:38.111059+00:00
[2023-09-24T05:12:38.147+0000] {processor.py:179} INFO - Processing /home/airflow/.local/lib/python3.8/site-packages/airflow/example_dags/example_short_circuit_decorator.py took 0.183 seconds
[2023-09-24T05:13:08.978+0000] {processor.py:157} INFO - Started process (PID=394) to work on /home/airflow/.local/lib/python3.8/site-packages/airflow/example_dags/example_short_circuit_decorator.py
[2023-09-24T05:13:08.980+0000] {processor.py:829} INFO - Processing file /home/airflow/.local/lib/python3.8/site-packages/airflow/example_dags/example_short_circuit_decorator.py for tasks to queue
[2023-09-24T05:13:08.985+0000] {logging_mixin.py:151} INFO - [2023-09-24T05:13:08.984+0000] {dagbag.py:539} INFO - Filling up the DagBag from /home/airflow/.local/lib/python3.8/site-packages/airflow/example_dags/example_short_circuit_decorator.py
[2023-09-24T05:13:09.011+0000] {processor.py:839} INFO - DAG(s) dict_keys(['example_short_circuit_decorator']) retrieved from /home/airflow/.local/lib/python3.8/site-packages/airflow/example_dags/example_short_circuit_decorator.py
[2023-09-24T05:13:09.079+0000] {logging_mixin.py:151} INFO - [2023-09-24T05:13:09.078+0000] {dag.py:2915} INFO - Sync 1 DAGs
[2023-09-24T05:13:09.154+0000] {logging_mixin.py:151} INFO - [2023-09-24T05:13:09.154+0000] {dag.py:3696} INFO - Setting next_dagrun for example_short_circuit_decorator to 2023-09-23T05:13:09.153638+00:00, run_after=2023-09-24T05:13:09.153638+00:00
[2023-09-24T05:13:09.198+0000] {processor.py:179} INFO - Processing /home/airflow/.local/lib/python3.8/site-packages/airflow/example_dags/example_short_circuit_decorator.py took 0.227 seconds
[2023-09-24T05:13:59.108+0000] {processor.py:157} INFO - Started process (PID=63) to work on /home/airflow/.local/lib/python3.8/site-packages/airflow/example_dags/example_short_circuit_decorator.py
[2023-09-24T05:13:59.110+0000] {processor.py:829} INFO - Processing file /home/airflow/.local/lib/python3.8/site-packages/airflow/example_dags/example_short_circuit_decorator.py for tasks to queue
[2023-09-24T05:13:59.115+0000] {logging_mixin.py:151} INFO - [2023-09-24T05:13:59.114+0000] {dagbag.py:539} INFO - Filling up the DagBag from /home/airflow/.local/lib/python3.8/site-packages/airflow/example_dags/example_short_circuit_decorator.py
[2023-09-24T05:13:59.154+0000] {processor.py:839} INFO - DAG(s) dict_keys(['example_short_circuit_decorator']) retrieved from /home/airflow/.local/lib/python3.8/site-packages/airflow/example_dags/example_short_circuit_decorator.py
[2023-09-24T05:13:59.195+0000] {logging_mixin.py:151} INFO - [2023-09-24T05:13:59.195+0000] {dag.py:2915} INFO - Sync 1 DAGs
[2023-09-24T05:13:59.336+0000] {logging_mixin.py:151} INFO - [2023-09-24T05:13:59.336+0000] {dag.py:3696} INFO - Setting next_dagrun for example_short_circuit_decorator to 2023-09-23T05:13:59.335661+00:00, run_after=2023-09-24T05:13:59.335661+00:00
[2023-09-24T05:13:59.423+0000] {processor.py:179} INFO - Processing /home/airflow/.local/lib/python3.8/site-packages/airflow/example_dags/example_short_circuit_decorator.py took 0.323 seconds
[2023-09-24T05:14:30.288+0000] {processor.py:157} INFO - Started process (PID=118) to work on /home/airflow/.local/lib/python3.8/site-packages/airflow/example_dags/example_short_circuit_decorator.py
[2023-09-24T05:14:30.289+0000] {processor.py:829} INFO - Processing file /home/airflow/.local/lib/python3.8/site-packages/airflow/example_dags/example_short_circuit_decorator.py for tasks to queue
[2023-09-24T05:14:30.293+0000] {logging_mixin.py:151} INFO - [2023-09-24T05:14:30.292+0000] {dagbag.py:539} INFO - Filling up the DagBag from /home/airflow/.local/lib/python3.8/site-packages/airflow/example_dags/example_short_circuit_decorator.py
[2023-09-24T05:14:30.309+0000] {processor.py:839} INFO - DAG(s) dict_keys(['example_short_circuit_decorator']) retrieved from /home/airflow/.local/lib/python3.8/site-packages/airflow/example_dags/example_short_circuit_decorator.py
[2023-09-24T05:14:30.347+0000] {logging_mixin.py:151} INFO - [2023-09-24T05:14:30.347+0000] {dag.py:2915} INFO - Sync 1 DAGs
[2023-09-24T05:14:30.383+0000] {logging_mixin.py:151} INFO - [2023-09-24T05:14:30.383+0000] {dag.py:3696} INFO - Setting next_dagrun for example_short_circuit_decorator to 2023-09-23T05:14:30.383360+00:00, run_after=2023-09-24T05:14:30.383360+00:00
[2023-09-24T05:14:30.411+0000] {processor.py:179} INFO - Processing /home/airflow/.local/lib/python3.8/site-packages/airflow/example_dags/example_short_circuit_decorator.py took 0.128 seconds
[2023-09-24T05:15:02.528+0000] {processor.py:157} INFO - Started process (PID=178) to work on /home/airflow/.local/lib/python3.8/site-packages/airflow/example_dags/example_short_circuit_decorator.py
[2023-09-24T05:15:02.529+0000] {processor.py:829} INFO - Processing file /home/airflow/.local/lib/python3.8/site-packages/airflow/example_dags/example_short_circuit_decorator.py for tasks to queue
[2023-09-24T05:15:02.534+0000] {logging_mixin.py:151} INFO - [2023-09-24T05:15:02.533+0000] {dagbag.py:539} INFO - Filling up the DagBag from /home/airflow/.local/lib/python3.8/site-packages/airflow/example_dags/example_short_circuit_decorator.py
[2023-09-24T05:15:02.561+0000] {processor.py:839} INFO - DAG(s) dict_keys(['example_short_circuit_decorator']) retrieved from /home/airflow/.local/lib/python3.8/site-packages/airflow/example_dags/example_short_circuit_decorator.py
[2023-09-24T05:15:02.625+0000] {logging_mixin.py:151} INFO - [2023-09-24T05:15:02.625+0000] {dag.py:2915} INFO - Sync 1 DAGs
[2023-09-24T05:15:02.690+0000] {logging_mixin.py:151} INFO - [2023-09-24T05:15:02.690+0000] {dag.py:3696} INFO - Setting next_dagrun for example_short_circuit_decorator to 2023-09-23T05:15:02.689606+00:00, run_after=2023-09-24T05:15:02.689606+00:00
[2023-09-24T05:15:02.736+0000] {processor.py:179} INFO - Processing /home/airflow/.local/lib/python3.8/site-packages/airflow/example_dags/example_short_circuit_decorator.py took 0.216 seconds
