[2023-09-24T05:00:19.330+0000] {processor.py:157} INFO - Started process (PID=65) to work on /home/airflow/.local/lib/python3.8/site-packages/airflow/example_dags/example_skip_dag.py
[2023-09-24T05:00:19.331+0000] {processor.py:829} INFO - Processing file /home/airflow/.local/lib/python3.8/site-packages/airflow/example_dags/example_skip_dag.py for tasks to queue
[2023-09-24T05:00:19.334+0000] {logging_mixin.py:151} INFO - [2023-09-24T05:00:19.334+0000] {dagbag.py:539} INFO - Filling up the DagBag from /home/airflow/.local/lib/python3.8/site-packages/airflow/example_dags/example_skip_dag.py
[2023-09-24T05:00:19.353+0000] {processor.py:839} INFO - DAG(s) dict_keys(['example_skip_dag']) retrieved from /home/airflow/.local/lib/python3.8/site-packages/airflow/example_dags/example_skip_dag.py
[2023-09-24T05:00:19.600+0000] {logging_mixin.py:151} INFO - [2023-09-24T05:00:19.599+0000] {manager.py:499} INFO - Created Permission View: %s
[2023-09-24T05:00:19.622+0000] {logging_mixin.py:151} INFO - [2023-09-24T05:00:19.621+0000] {manager.py:499} INFO - Created Permission View: %s
[2023-09-24T05:00:19.634+0000] {logging_mixin.py:151} INFO - [2023-09-24T05:00:19.634+0000] {manager.py:499} INFO - Created Permission View: %s
[2023-09-24T05:00:19.635+0000] {logging_mixin.py:151} INFO - [2023-09-24T05:00:19.634+0000] {security.py:708} INFO - Not syncing DAG-level permissions for DAG 'DAG:example_skip_dag' as access control is unset.
[2023-09-24T05:00:19.635+0000] {logging_mixin.py:151} INFO - [2023-09-24T05:00:19.635+0000] {dag.py:2915} INFO - Sync 1 DAGs
[2023-09-24T05:00:19.668+0000] {logging_mixin.py:151} INFO - [2023-09-24T05:00:19.667+0000] {dag.py:2937} INFO - Creating ORM DAG for example_skip_dag
[2023-09-24T05:00:19.691+0000] {logging_mixin.py:151} INFO - [2023-09-24T05:00:19.691+0000] {dag.py:3696} INFO - Setting next_dagrun for example_skip_dag to 2023-09-23T05:00:19.690787+00:00, run_after=2023-09-24T05:00:19.690787+00:00
[2023-09-24T05:00:19.740+0000] {processor.py:179} INFO - Processing /home/airflow/.local/lib/python3.8/site-packages/airflow/example_dags/example_skip_dag.py took 0.416 seconds
[2023-09-24T05:00:50.113+0000] {processor.py:157} INFO - Started process (PID=119) to work on /home/airflow/.local/lib/python3.8/site-packages/airflow/example_dags/example_skip_dag.py
[2023-09-24T05:00:50.114+0000] {processor.py:829} INFO - Processing file /home/airflow/.local/lib/python3.8/site-packages/airflow/example_dags/example_skip_dag.py for tasks to queue
[2023-09-24T05:00:50.117+0000] {logging_mixin.py:151} INFO - [2023-09-24T05:00:50.116+0000] {dagbag.py:539} INFO - Filling up the DagBag from /home/airflow/.local/lib/python3.8/site-packages/airflow/example_dags/example_skip_dag.py
[2023-09-24T05:00:50.129+0000] {processor.py:839} INFO - DAG(s) dict_keys(['example_skip_dag']) retrieved from /home/airflow/.local/lib/python3.8/site-packages/airflow/example_dags/example_skip_dag.py
[2023-09-24T05:00:50.162+0000] {logging_mixin.py:151} INFO - [2023-09-24T05:00:50.162+0000] {dag.py:2915} INFO - Sync 1 DAGs
[2023-09-24T05:00:50.197+0000] {logging_mixin.py:151} INFO - [2023-09-24T05:00:50.197+0000] {dag.py:3696} INFO - Setting next_dagrun for example_skip_dag to 2023-09-23T05:00:50.197090+00:00, run_after=2023-09-24T05:00:50.197090+00:00
[2023-09-24T05:00:50.223+0000] {processor.py:179} INFO - Processing /home/airflow/.local/lib/python3.8/site-packages/airflow/example_dags/example_skip_dag.py took 0.114 seconds
[2023-09-24T05:01:20.376+0000] {processor.py:157} INFO - Started process (PID=173) to work on /home/airflow/.local/lib/python3.8/site-packages/airflow/example_dags/example_skip_dag.py
[2023-09-24T05:01:20.377+0000] {processor.py:829} INFO - Processing file /home/airflow/.local/lib/python3.8/site-packages/airflow/example_dags/example_skip_dag.py for tasks to queue
[2023-09-24T05:01:20.380+0000] {logging_mixin.py:151} INFO - [2023-09-24T05:01:20.379+0000] {dagbag.py:539} INFO - Filling up the DagBag from /home/airflow/.local/lib/python3.8/site-packages/airflow/example_dags/example_skip_dag.py
[2023-09-24T05:01:20.390+0000] {processor.py:839} INFO - DAG(s) dict_keys(['example_skip_dag']) retrieved from /home/airflow/.local/lib/python3.8/site-packages/airflow/example_dags/example_skip_dag.py
[2023-09-24T05:01:20.426+0000] {logging_mixin.py:151} INFO - [2023-09-24T05:01:20.426+0000] {dag.py:2915} INFO - Sync 1 DAGs
[2023-09-24T05:01:20.461+0000] {logging_mixin.py:151} INFO - [2023-09-24T05:01:20.461+0000] {dag.py:3696} INFO - Setting next_dagrun for example_skip_dag to 2023-09-23T05:01:20.461230+00:00, run_after=2023-09-24T05:01:20.461230+00:00
[2023-09-24T05:01:20.487+0000] {processor.py:179} INFO - Processing /home/airflow/.local/lib/python3.8/site-packages/airflow/example_dags/example_skip_dag.py took 0.116 seconds
[2023-09-24T05:01:50.766+0000] {processor.py:157} INFO - Started process (PID=227) to work on /home/airflow/.local/lib/python3.8/site-packages/airflow/example_dags/example_skip_dag.py
[2023-09-24T05:01:50.767+0000] {processor.py:829} INFO - Processing file /home/airflow/.local/lib/python3.8/site-packages/airflow/example_dags/example_skip_dag.py for tasks to queue
[2023-09-24T05:01:50.770+0000] {logging_mixin.py:151} INFO - [2023-09-24T05:01:50.770+0000] {dagbag.py:539} INFO - Filling up the DagBag from /home/airflow/.local/lib/python3.8/site-packages/airflow/example_dags/example_skip_dag.py
[2023-09-24T05:01:50.780+0000] {processor.py:839} INFO - DAG(s) dict_keys(['example_skip_dag']) retrieved from /home/airflow/.local/lib/python3.8/site-packages/airflow/example_dags/example_skip_dag.py
[2023-09-24T05:01:50.813+0000] {logging_mixin.py:151} INFO - [2023-09-24T05:01:50.813+0000] {dag.py:2915} INFO - Sync 1 DAGs
[2023-09-24T05:01:50.848+0000] {logging_mixin.py:151} INFO - [2023-09-24T05:01:50.848+0000] {dag.py:3696} INFO - Setting next_dagrun for example_skip_dag to 2023-09-23T05:01:50.847752+00:00, run_after=2023-09-24T05:01:50.847752+00:00
[2023-09-24T05:01:50.873+0000] {processor.py:179} INFO - Processing /home/airflow/.local/lib/python3.8/site-packages/airflow/example_dags/example_skip_dag.py took 0.114 seconds
[2023-09-24T05:02:22.203+0000] {processor.py:157} INFO - Started process (PID=281) to work on /home/airflow/.local/lib/python3.8/site-packages/airflow/example_dags/example_skip_dag.py
[2023-09-24T05:02:22.204+0000] {processor.py:829} INFO - Processing file /home/airflow/.local/lib/python3.8/site-packages/airflow/example_dags/example_skip_dag.py for tasks to queue
[2023-09-24T05:02:22.208+0000] {logging_mixin.py:151} INFO - [2023-09-24T05:02:22.207+0000] {dagbag.py:539} INFO - Filling up the DagBag from /home/airflow/.local/lib/python3.8/site-packages/airflow/example_dags/example_skip_dag.py
[2023-09-24T05:02:22.221+0000] {processor.py:839} INFO - DAG(s) dict_keys(['example_skip_dag']) retrieved from /home/airflow/.local/lib/python3.8/site-packages/airflow/example_dags/example_skip_dag.py
[2023-09-24T05:02:22.264+0000] {logging_mixin.py:151} INFO - [2023-09-24T05:02:22.264+0000] {dag.py:2915} INFO - Sync 1 DAGs
[2023-09-24T05:02:22.309+0000] {logging_mixin.py:151} INFO - [2023-09-24T05:02:22.309+0000] {dag.py:3696} INFO - Setting next_dagrun for example_skip_dag to 2023-09-23T05:02:22.308832+00:00, run_after=2023-09-24T05:02:22.308832+00:00
[2023-09-24T05:02:22.342+0000] {processor.py:179} INFO - Processing /home/airflow/.local/lib/python3.8/site-packages/airflow/example_dags/example_skip_dag.py took 0.144 seconds
[2023-09-24T05:02:53.172+0000] {processor.py:157} INFO - Started process (PID=335) to work on /home/airflow/.local/lib/python3.8/site-packages/airflow/example_dags/example_skip_dag.py
[2023-09-24T05:02:53.173+0000] {processor.py:829} INFO - Processing file /home/airflow/.local/lib/python3.8/site-packages/airflow/example_dags/example_skip_dag.py for tasks to queue
[2023-09-24T05:02:53.176+0000] {logging_mixin.py:151} INFO - [2023-09-24T05:02:53.176+0000] {dagbag.py:539} INFO - Filling up the DagBag from /home/airflow/.local/lib/python3.8/site-packages/airflow/example_dags/example_skip_dag.py
[2023-09-24T05:02:53.186+0000] {processor.py:839} INFO - DAG(s) dict_keys(['example_skip_dag']) retrieved from /home/airflow/.local/lib/python3.8/site-packages/airflow/example_dags/example_skip_dag.py
[2023-09-24T05:02:53.218+0000] {logging_mixin.py:151} INFO - [2023-09-24T05:02:53.218+0000] {dag.py:2915} INFO - Sync 1 DAGs
[2023-09-24T05:02:53.252+0000] {logging_mixin.py:151} INFO - [2023-09-24T05:02:53.252+0000] {dag.py:3696} INFO - Setting next_dagrun for example_skip_dag to 2023-09-23T05:02:53.252303+00:00, run_after=2023-09-24T05:02:53.252303+00:00
[2023-09-24T05:02:53.278+0000] {processor.py:179} INFO - Processing /home/airflow/.local/lib/python3.8/site-packages/airflow/example_dags/example_skip_dag.py took 0.110 seconds
[2023-09-24T05:03:24.674+0000] {processor.py:157} INFO - Started process (PID=390) to work on /home/airflow/.local/lib/python3.8/site-packages/airflow/example_dags/example_skip_dag.py
[2023-09-24T05:03:24.675+0000] {processor.py:829} INFO - Processing file /home/airflow/.local/lib/python3.8/site-packages/airflow/example_dags/example_skip_dag.py for tasks to queue
[2023-09-24T05:03:24.678+0000] {logging_mixin.py:151} INFO - [2023-09-24T05:03:24.677+0000] {dagbag.py:539} INFO - Filling up the DagBag from /home/airflow/.local/lib/python3.8/site-packages/airflow/example_dags/example_skip_dag.py
[2023-09-24T05:03:24.688+0000] {processor.py:839} INFO - DAG(s) dict_keys(['example_skip_dag']) retrieved from /home/airflow/.local/lib/python3.8/site-packages/airflow/example_dags/example_skip_dag.py
[2023-09-24T05:03:24.721+0000] {logging_mixin.py:151} INFO - [2023-09-24T05:03:24.721+0000] {dag.py:2915} INFO - Sync 1 DAGs
[2023-09-24T05:03:24.758+0000] {logging_mixin.py:151} INFO - [2023-09-24T05:03:24.758+0000] {dag.py:3696} INFO - Setting next_dagrun for example_skip_dag to 2023-09-23T05:03:24.757964+00:00, run_after=2023-09-24T05:03:24.757964+00:00
[2023-09-24T05:03:24.783+0000] {processor.py:179} INFO - Processing /home/airflow/.local/lib/python3.8/site-packages/airflow/example_dags/example_skip_dag.py took 0.114 seconds
[2023-09-24T05:03:55.386+0000] {processor.py:157} INFO - Started process (PID=444) to work on /home/airflow/.local/lib/python3.8/site-packages/airflow/example_dags/example_skip_dag.py
[2023-09-24T05:03:55.388+0000] {processor.py:829} INFO - Processing file /home/airflow/.local/lib/python3.8/site-packages/airflow/example_dags/example_skip_dag.py for tasks to queue
[2023-09-24T05:03:55.391+0000] {logging_mixin.py:151} INFO - [2023-09-24T05:03:55.391+0000] {dagbag.py:539} INFO - Filling up the DagBag from /home/airflow/.local/lib/python3.8/site-packages/airflow/example_dags/example_skip_dag.py
[2023-09-24T05:03:55.403+0000] {processor.py:839} INFO - DAG(s) dict_keys(['example_skip_dag']) retrieved from /home/airflow/.local/lib/python3.8/site-packages/airflow/example_dags/example_skip_dag.py
[2023-09-24T05:03:55.439+0000] {logging_mixin.py:151} INFO - [2023-09-24T05:03:55.439+0000] {dag.py:2915} INFO - Sync 1 DAGs
[2023-09-24T05:03:55.474+0000] {logging_mixin.py:151} INFO - [2023-09-24T05:03:55.474+0000] {dag.py:3696} INFO - Setting next_dagrun for example_skip_dag to 2023-09-23T05:03:55.474234+00:00, run_after=2023-09-24T05:03:55.474234+00:00
[2023-09-24T05:03:55.500+0000] {processor.py:179} INFO - Processing /home/airflow/.local/lib/python3.8/site-packages/airflow/example_dags/example_skip_dag.py took 0.119 seconds
[2023-09-24T05:10:04.153+0000] {processor.py:157} INFO - Started process (PID=65) to work on /home/airflow/.local/lib/python3.8/site-packages/airflow/example_dags/example_skip_dag.py
[2023-09-24T05:10:04.162+0000] {processor.py:829} INFO - Processing file /home/airflow/.local/lib/python3.8/site-packages/airflow/example_dags/example_skip_dag.py for tasks to queue
[2023-09-24T05:10:04.166+0000] {logging_mixin.py:151} INFO - [2023-09-24T05:10:04.166+0000] {dagbag.py:539} INFO - Filling up the DagBag from /home/airflow/.local/lib/python3.8/site-packages/airflow/example_dags/example_skip_dag.py
[2023-09-24T05:10:04.192+0000] {processor.py:839} INFO - DAG(s) dict_keys(['example_skip_dag']) retrieved from /home/airflow/.local/lib/python3.8/site-packages/airflow/example_dags/example_skip_dag.py
[2023-09-24T05:10:04.265+0000] {logging_mixin.py:151} INFO - [2023-09-24T05:10:04.265+0000] {dag.py:2915} INFO - Sync 1 DAGs
[2023-09-24T05:10:04.368+0000] {logging_mixin.py:151} INFO - [2023-09-24T05:10:04.367+0000] {dag.py:3696} INFO - Setting next_dagrun for example_skip_dag to 2023-09-23T05:10:04.367289+00:00, run_after=2023-09-24T05:10:04.367289+00:00
[2023-09-24T05:10:04.444+0000] {processor.py:179} INFO - Processing /home/airflow/.local/lib/python3.8/site-packages/airflow/example_dags/example_skip_dag.py took 0.307 seconds
[2023-09-24T05:10:34.539+0000] {processor.py:157} INFO - Started process (PID=118) to work on /home/airflow/.local/lib/python3.8/site-packages/airflow/example_dags/example_skip_dag.py
[2023-09-24T05:10:34.540+0000] {processor.py:829} INFO - Processing file /home/airflow/.local/lib/python3.8/site-packages/airflow/example_dags/example_skip_dag.py for tasks to queue
[2023-09-24T05:10:34.543+0000] {logging_mixin.py:151} INFO - [2023-09-24T05:10:34.542+0000] {dagbag.py:539} INFO - Filling up the DagBag from /home/airflow/.local/lib/python3.8/site-packages/airflow/example_dags/example_skip_dag.py
[2023-09-24T05:10:34.553+0000] {processor.py:839} INFO - DAG(s) dict_keys(['example_skip_dag']) retrieved from /home/airflow/.local/lib/python3.8/site-packages/airflow/example_dags/example_skip_dag.py
[2023-09-24T05:10:34.599+0000] {logging_mixin.py:151} INFO - [2023-09-24T05:10:34.599+0000] {dag.py:2915} INFO - Sync 1 DAGs
[2023-09-24T05:10:34.638+0000] {logging_mixin.py:151} INFO - [2023-09-24T05:10:34.638+0000] {dag.py:3696} INFO - Setting next_dagrun for example_skip_dag to 2023-09-23T05:10:34.638178+00:00, run_after=2023-09-24T05:10:34.638178+00:00
[2023-09-24T05:10:34.664+0000] {processor.py:179} INFO - Processing /home/airflow/.local/lib/python3.8/site-packages/airflow/example_dags/example_skip_dag.py took 0.130 seconds
[2023-09-24T05:11:05.296+0000] {processor.py:157} INFO - Started process (PID=172) to work on /home/airflow/.local/lib/python3.8/site-packages/airflow/example_dags/example_skip_dag.py
[2023-09-24T05:11:05.298+0000] {processor.py:829} INFO - Processing file /home/airflow/.local/lib/python3.8/site-packages/airflow/example_dags/example_skip_dag.py for tasks to queue
[2023-09-24T05:11:05.301+0000] {logging_mixin.py:151} INFO - [2023-09-24T05:11:05.301+0000] {dagbag.py:539} INFO - Filling up the DagBag from /home/airflow/.local/lib/python3.8/site-packages/airflow/example_dags/example_skip_dag.py
[2023-09-24T05:11:05.312+0000] {processor.py:839} INFO - DAG(s) dict_keys(['example_skip_dag']) retrieved from /home/airflow/.local/lib/python3.8/site-packages/airflow/example_dags/example_skip_dag.py
[2023-09-24T05:11:05.359+0000] {logging_mixin.py:151} INFO - [2023-09-24T05:11:05.359+0000] {dag.py:2915} INFO - Sync 1 DAGs
[2023-09-24T05:11:05.402+0000] {logging_mixin.py:151} INFO - [2023-09-24T05:11:05.402+0000] {dag.py:3696} INFO - Setting next_dagrun for example_skip_dag to 2023-09-23T05:11:05.401999+00:00, run_after=2023-09-24T05:11:05.401999+00:00
[2023-09-24T05:11:05.431+0000] {processor.py:179} INFO - Processing /home/airflow/.local/lib/python3.8/site-packages/airflow/example_dags/example_skip_dag.py took 0.140 seconds
[2023-09-24T05:11:35.633+0000] {processor.py:157} INFO - Started process (PID=226) to work on /home/airflow/.local/lib/python3.8/site-packages/airflow/example_dags/example_skip_dag.py
[2023-09-24T05:11:35.635+0000] {processor.py:829} INFO - Processing file /home/airflow/.local/lib/python3.8/site-packages/airflow/example_dags/example_skip_dag.py for tasks to queue
[2023-09-24T05:11:35.640+0000] {logging_mixin.py:151} INFO - [2023-09-24T05:11:35.640+0000] {dagbag.py:539} INFO - Filling up the DagBag from /home/airflow/.local/lib/python3.8/site-packages/airflow/example_dags/example_skip_dag.py
[2023-09-24T05:11:35.657+0000] {processor.py:839} INFO - DAG(s) dict_keys(['example_skip_dag']) retrieved from /home/airflow/.local/lib/python3.8/site-packages/airflow/example_dags/example_skip_dag.py
[2023-09-24T05:11:35.713+0000] {logging_mixin.py:151} INFO - [2023-09-24T05:11:35.713+0000] {dag.py:2915} INFO - Sync 1 DAGs
[2023-09-24T05:11:35.771+0000] {logging_mixin.py:151} INFO - [2023-09-24T05:11:35.771+0000] {dag.py:3696} INFO - Setting next_dagrun for example_skip_dag to 2023-09-23T05:11:35.770902+00:00, run_after=2023-09-24T05:11:35.770902+00:00
[2023-09-24T05:11:35.825+0000] {processor.py:179} INFO - Processing /home/airflow/.local/lib/python3.8/site-packages/airflow/example_dags/example_skip_dag.py took 0.202 seconds
[2023-09-24T05:12:06.611+0000] {processor.py:157} INFO - Started process (PID=289) to work on /home/airflow/.local/lib/python3.8/site-packages/airflow/example_dags/example_skip_dag.py
[2023-09-24T05:12:06.612+0000] {processor.py:829} INFO - Processing file /home/airflow/.local/lib/python3.8/site-packages/airflow/example_dags/example_skip_dag.py for tasks to queue
[2023-09-24T05:12:06.615+0000] {logging_mixin.py:151} INFO - [2023-09-24T05:12:06.615+0000] {dagbag.py:539} INFO - Filling up the DagBag from /home/airflow/.local/lib/python3.8/site-packages/airflow/example_dags/example_skip_dag.py
[2023-09-24T05:12:06.626+0000] {processor.py:839} INFO - DAG(s) dict_keys(['example_skip_dag']) retrieved from /home/airflow/.local/lib/python3.8/site-packages/airflow/example_dags/example_skip_dag.py
[2023-09-24T05:12:06.658+0000] {logging_mixin.py:151} INFO - [2023-09-24T05:12:06.657+0000] {dag.py:2915} INFO - Sync 1 DAGs
[2023-09-24T05:12:06.694+0000] {logging_mixin.py:151} INFO - [2023-09-24T05:12:06.693+0000] {dag.py:3696} INFO - Setting next_dagrun for example_skip_dag to 2023-09-23T05:12:06.693586+00:00, run_after=2023-09-24T05:12:06.693586+00:00
[2023-09-24T05:12:06.718+0000] {processor.py:179} INFO - Processing /home/airflow/.local/lib/python3.8/site-packages/airflow/example_dags/example_skip_dag.py took 0.112 seconds
[2023-09-24T05:12:38.183+0000] {processor.py:157} INFO - Started process (PID=343) to work on /home/airflow/.local/lib/python3.8/site-packages/airflow/example_dags/example_skip_dag.py
[2023-09-24T05:12:38.184+0000] {processor.py:829} INFO - Processing file /home/airflow/.local/lib/python3.8/site-packages/airflow/example_dags/example_skip_dag.py for tasks to queue
[2023-09-24T05:12:38.188+0000] {logging_mixin.py:151} INFO - [2023-09-24T05:12:38.187+0000] {dagbag.py:539} INFO - Filling up the DagBag from /home/airflow/.local/lib/python3.8/site-packages/airflow/example_dags/example_skip_dag.py
[2023-09-24T05:12:38.202+0000] {processor.py:839} INFO - DAG(s) dict_keys(['example_skip_dag']) retrieved from /home/airflow/.local/lib/python3.8/site-packages/airflow/example_dags/example_skip_dag.py
[2023-09-24T05:12:38.251+0000] {logging_mixin.py:151} INFO - [2023-09-24T05:12:38.251+0000] {dag.py:2915} INFO - Sync 1 DAGs
[2023-09-24T05:12:38.304+0000] {logging_mixin.py:151} INFO - [2023-09-24T05:12:38.304+0000] {dag.py:3696} INFO - Setting next_dagrun for example_skip_dag to 2023-09-23T05:12:38.303975+00:00, run_after=2023-09-24T05:12:38.303975+00:00
[2023-09-24T05:12:38.517+0000] {processor.py:179} INFO - Processing /home/airflow/.local/lib/python3.8/site-packages/airflow/example_dags/example_skip_dag.py took 0.340 seconds
[2023-09-24T05:13:09.241+0000] {processor.py:157} INFO - Started process (PID=396) to work on /home/airflow/.local/lib/python3.8/site-packages/airflow/example_dags/example_skip_dag.py
[2023-09-24T05:13:09.243+0000] {processor.py:829} INFO - Processing file /home/airflow/.local/lib/python3.8/site-packages/airflow/example_dags/example_skip_dag.py for tasks to queue
[2023-09-24T05:13:09.249+0000] {logging_mixin.py:151} INFO - [2023-09-24T05:13:09.248+0000] {dagbag.py:539} INFO - Filling up the DagBag from /home/airflow/.local/lib/python3.8/site-packages/airflow/example_dags/example_skip_dag.py
[2023-09-24T05:13:09.267+0000] {processor.py:839} INFO - DAG(s) dict_keys(['example_skip_dag']) retrieved from /home/airflow/.local/lib/python3.8/site-packages/airflow/example_dags/example_skip_dag.py
[2023-09-24T05:13:09.323+0000] {logging_mixin.py:151} INFO - [2023-09-24T05:13:09.322+0000] {dag.py:2915} INFO - Sync 1 DAGs
[2023-09-24T05:13:09.382+0000] {logging_mixin.py:151} INFO - [2023-09-24T05:13:09.381+0000] {dag.py:3696} INFO - Setting next_dagrun for example_skip_dag to 2023-09-23T05:13:09.381290+00:00, run_after=2023-09-24T05:13:09.381290+00:00
[2023-09-24T05:13:09.426+0000] {processor.py:179} INFO - Processing /home/airflow/.local/lib/python3.8/site-packages/airflow/example_dags/example_skip_dag.py took 0.193 seconds
[2023-09-24T05:13:59.471+0000] {processor.py:157} INFO - Started process (PID=65) to work on /home/airflow/.local/lib/python3.8/site-packages/airflow/example_dags/example_skip_dag.py
[2023-09-24T05:13:59.473+0000] {processor.py:829} INFO - Processing file /home/airflow/.local/lib/python3.8/site-packages/airflow/example_dags/example_skip_dag.py for tasks to queue
[2023-09-24T05:13:59.478+0000] {logging_mixin.py:151} INFO - [2023-09-24T05:13:59.477+0000] {dagbag.py:539} INFO - Filling up the DagBag from /home/airflow/.local/lib/python3.8/site-packages/airflow/example_dags/example_skip_dag.py
[2023-09-24T05:13:59.507+0000] {processor.py:839} INFO - DAG(s) dict_keys(['example_skip_dag']) retrieved from /home/airflow/.local/lib/python3.8/site-packages/airflow/example_dags/example_skip_dag.py
[2023-09-24T05:13:59.541+0000] {logging_mixin.py:151} INFO - [2023-09-24T05:13:59.540+0000] {dag.py:2915} INFO - Sync 1 DAGs
[2023-09-24T05:13:59.603+0000] {logging_mixin.py:151} INFO - [2023-09-24T05:13:59.602+0000] {dag.py:3696} INFO - Setting next_dagrun for example_skip_dag to 2023-09-23T05:13:59.602193+00:00, run_after=2023-09-24T05:13:59.602193+00:00
[2023-09-24T05:13:59.643+0000] {processor.py:179} INFO - Processing /home/airflow/.local/lib/python3.8/site-packages/airflow/example_dags/example_skip_dag.py took 0.179 seconds
[2023-09-24T05:14:30.440+0000] {processor.py:157} INFO - Started process (PID=120) to work on /home/airflow/.local/lib/python3.8/site-packages/airflow/example_dags/example_skip_dag.py
[2023-09-24T05:14:30.441+0000] {processor.py:829} INFO - Processing file /home/airflow/.local/lib/python3.8/site-packages/airflow/example_dags/example_skip_dag.py for tasks to queue
[2023-09-24T05:14:30.444+0000] {logging_mixin.py:151} INFO - [2023-09-24T05:14:30.443+0000] {dagbag.py:539} INFO - Filling up the DagBag from /home/airflow/.local/lib/python3.8/site-packages/airflow/example_dags/example_skip_dag.py
[2023-09-24T05:14:30.454+0000] {processor.py:839} INFO - DAG(s) dict_keys(['example_skip_dag']) retrieved from /home/airflow/.local/lib/python3.8/site-packages/airflow/example_dags/example_skip_dag.py
[2023-09-24T05:14:30.488+0000] {logging_mixin.py:151} INFO - [2023-09-24T05:14:30.488+0000] {dag.py:2915} INFO - Sync 1 DAGs
[2023-09-24T05:14:30.527+0000] {logging_mixin.py:151} INFO - [2023-09-24T05:14:30.526+0000] {dag.py:3696} INFO - Setting next_dagrun for example_skip_dag to 2023-09-23T05:14:30.526486+00:00, run_after=2023-09-24T05:14:30.526486+00:00
[2023-09-24T05:14:30.554+0000] {processor.py:179} INFO - Processing /home/airflow/.local/lib/python3.8/site-packages/airflow/example_dags/example_skip_dag.py took 0.119 seconds
[2023-09-24T05:15:02.771+0000] {processor.py:157} INFO - Started process (PID=180) to work on /home/airflow/.local/lib/python3.8/site-packages/airflow/example_dags/example_skip_dag.py
[2023-09-24T05:15:02.773+0000] {processor.py:829} INFO - Processing file /home/airflow/.local/lib/python3.8/site-packages/airflow/example_dags/example_skip_dag.py for tasks to queue
[2023-09-24T05:15:02.777+0000] {logging_mixin.py:151} INFO - [2023-09-24T05:15:02.777+0000] {dagbag.py:539} INFO - Filling up the DagBag from /home/airflow/.local/lib/python3.8/site-packages/airflow/example_dags/example_skip_dag.py
[2023-09-24T05:15:02.794+0000] {processor.py:839} INFO - DAG(s) dict_keys(['example_skip_dag']) retrieved from /home/airflow/.local/lib/python3.8/site-packages/airflow/example_dags/example_skip_dag.py
[2023-09-24T05:15:02.845+0000] {logging_mixin.py:151} INFO - [2023-09-24T05:15:02.845+0000] {dag.py:2915} INFO - Sync 1 DAGs
[2023-09-24T05:15:02.899+0000] {logging_mixin.py:151} INFO - [2023-09-24T05:15:02.898+0000] {dag.py:3696} INFO - Setting next_dagrun for example_skip_dag to 2023-09-23T05:15:02.898411+00:00, run_after=2023-09-24T05:15:02.898411+00:00
[2023-09-24T05:15:02.935+0000] {processor.py:179} INFO - Processing /home/airflow/.local/lib/python3.8/site-packages/airflow/example_dags/example_skip_dag.py took 0.170 seconds
