[2023-09-24T05:00:17.922+0000] {processor.py:157} INFO - Started process (PID=58) to work on /home/airflow/.local/lib/python3.8/site-packages/airflow/example_dags/example_python_operator.py
[2023-09-24T05:00:17.923+0000] {processor.py:829} INFO - Processing file /home/airflow/.local/lib/python3.8/site-packages/airflow/example_dags/example_python_operator.py for tasks to queue
[2023-09-24T05:00:17.927+0000] {logging_mixin.py:151} INFO - [2023-09-24T05:00:17.926+0000] {dagbag.py:539} INFO - Filling up the DagBag from /home/airflow/.local/lib/python3.8/site-packages/airflow/example_dags/example_python_operator.py
[2023-09-24T05:00:17.960+0000] {processor.py:839} INFO - DAG(s) dict_keys(['example_python_operator']) retrieved from /home/airflow/.local/lib/python3.8/site-packages/airflow/example_dags/example_python_operator.py
[2023-09-24T05:00:18.240+0000] {logging_mixin.py:151} INFO - [2023-09-24T05:00:18.240+0000] {manager.py:499} INFO - Created Permission View: %s
[2023-09-24T05:00:18.257+0000] {logging_mixin.py:151} INFO - [2023-09-24T05:00:18.256+0000] {manager.py:499} INFO - Created Permission View: %s
[2023-09-24T05:00:18.267+0000] {logging_mixin.py:151} INFO - [2023-09-24T05:00:18.267+0000] {manager.py:499} INFO - Created Permission View: %s
[2023-09-24T05:00:18.268+0000] {logging_mixin.py:151} INFO - [2023-09-24T05:00:18.268+0000] {security.py:708} INFO - Not syncing DAG-level permissions for DAG 'DAG:example_python_operator' as access control is unset.
[2023-09-24T05:00:18.268+0000] {logging_mixin.py:151} INFO - [2023-09-24T05:00:18.268+0000] {dag.py:2915} INFO - Sync 1 DAGs
[2023-09-24T05:00:18.291+0000] {logging_mixin.py:151} INFO - [2023-09-24T05:00:18.291+0000] {dag.py:2937} INFO - Creating ORM DAG for example_python_operator
[2023-09-24T05:00:18.292+0000] {logging_mixin.py:151} INFO - [2023-09-24T05:00:18.292+0000] {dag.py:3696} INFO - Setting next_dagrun for example_python_operator to None, run_after=None
[2023-09-24T05:00:18.324+0000] {processor.py:179} INFO - Processing /home/airflow/.local/lib/python3.8/site-packages/airflow/example_dags/example_python_operator.py took 0.408 seconds
[2023-09-24T05:00:48.591+0000] {processor.py:157} INFO - Started process (PID=112) to work on /home/airflow/.local/lib/python3.8/site-packages/airflow/example_dags/example_python_operator.py
[2023-09-24T05:00:48.592+0000] {processor.py:829} INFO - Processing file /home/airflow/.local/lib/python3.8/site-packages/airflow/example_dags/example_python_operator.py for tasks to queue
[2023-09-24T05:00:48.595+0000] {logging_mixin.py:151} INFO - [2023-09-24T05:00:48.595+0000] {dagbag.py:539} INFO - Filling up the DagBag from /home/airflow/.local/lib/python3.8/site-packages/airflow/example_dags/example_python_operator.py
[2023-09-24T05:00:48.614+0000] {processor.py:839} INFO - DAG(s) dict_keys(['example_python_operator']) retrieved from /home/airflow/.local/lib/python3.8/site-packages/airflow/example_dags/example_python_operator.py
[2023-09-24T05:00:48.654+0000] {logging_mixin.py:151} INFO - [2023-09-24T05:00:48.653+0000] {dag.py:2915} INFO - Sync 1 DAGs
[2023-09-24T05:00:48.675+0000] {logging_mixin.py:151} INFO - [2023-09-24T05:00:48.674+0000] {dag.py:3696} INFO - Setting next_dagrun for example_python_operator to None, run_after=None
[2023-09-24T05:00:48.710+0000] {processor.py:179} INFO - Processing /home/airflow/.local/lib/python3.8/site-packages/airflow/example_dags/example_python_operator.py took 0.123 seconds
[2023-09-24T05:01:18.760+0000] {processor.py:157} INFO - Started process (PID=166) to work on /home/airflow/.local/lib/python3.8/site-packages/airflow/example_dags/example_python_operator.py
[2023-09-24T05:01:18.761+0000] {processor.py:829} INFO - Processing file /home/airflow/.local/lib/python3.8/site-packages/airflow/example_dags/example_python_operator.py for tasks to queue
[2023-09-24T05:01:18.764+0000] {logging_mixin.py:151} INFO - [2023-09-24T05:01:18.763+0000] {dagbag.py:539} INFO - Filling up the DagBag from /home/airflow/.local/lib/python3.8/site-packages/airflow/example_dags/example_python_operator.py
[2023-09-24T05:01:18.780+0000] {processor.py:839} INFO - DAG(s) dict_keys(['example_python_operator']) retrieved from /home/airflow/.local/lib/python3.8/site-packages/airflow/example_dags/example_python_operator.py
[2023-09-24T05:01:18.820+0000] {logging_mixin.py:151} INFO - [2023-09-24T05:01:18.819+0000] {dag.py:2915} INFO - Sync 1 DAGs
[2023-09-24T05:01:18.840+0000] {logging_mixin.py:151} INFO - [2023-09-24T05:01:18.840+0000] {dag.py:3696} INFO - Setting next_dagrun for example_python_operator to None, run_after=None
[2023-09-24T05:01:18.865+0000] {processor.py:179} INFO - Processing /home/airflow/.local/lib/python3.8/site-packages/airflow/example_dags/example_python_operator.py took 0.109 seconds
[2023-09-24T05:01:50.089+0000] {processor.py:157} INFO - Started process (PID=220) to work on /home/airflow/.local/lib/python3.8/site-packages/airflow/example_dags/example_python_operator.py
[2023-09-24T05:01:50.090+0000] {processor.py:829} INFO - Processing file /home/airflow/.local/lib/python3.8/site-packages/airflow/example_dags/example_python_operator.py for tasks to queue
[2023-09-24T05:01:50.093+0000] {logging_mixin.py:151} INFO - [2023-09-24T05:01:50.092+0000] {dagbag.py:539} INFO - Filling up the DagBag from /home/airflow/.local/lib/python3.8/site-packages/airflow/example_dags/example_python_operator.py
[2023-09-24T05:01:50.110+0000] {processor.py:839} INFO - DAG(s) dict_keys(['example_python_operator']) retrieved from /home/airflow/.local/lib/python3.8/site-packages/airflow/example_dags/example_python_operator.py
[2023-09-24T05:01:50.150+0000] {logging_mixin.py:151} INFO - [2023-09-24T05:01:50.150+0000] {dag.py:2915} INFO - Sync 1 DAGs
[2023-09-24T05:01:50.185+0000] {logging_mixin.py:151} INFO - [2023-09-24T05:01:50.185+0000] {dag.py:3696} INFO - Setting next_dagrun for example_python_operator to None, run_after=None
[2023-09-24T05:01:50.212+0000] {processor.py:179} INFO - Processing /home/airflow/.local/lib/python3.8/site-packages/airflow/example_dags/example_python_operator.py took 0.128 seconds
[2023-09-24T05:02:21.646+0000] {processor.py:157} INFO - Started process (PID=274) to work on /home/airflow/.local/lib/python3.8/site-packages/airflow/example_dags/example_python_operator.py
[2023-09-24T05:02:21.647+0000] {processor.py:829} INFO - Processing file /home/airflow/.local/lib/python3.8/site-packages/airflow/example_dags/example_python_operator.py for tasks to queue
[2023-09-24T05:02:21.650+0000] {logging_mixin.py:151} INFO - [2023-09-24T05:02:21.650+0000] {dagbag.py:539} INFO - Filling up the DagBag from /home/airflow/.local/lib/python3.8/site-packages/airflow/example_dags/example_python_operator.py
[2023-09-24T05:02:21.669+0000] {processor.py:839} INFO - DAG(s) dict_keys(['example_python_operator']) retrieved from /home/airflow/.local/lib/python3.8/site-packages/airflow/example_dags/example_python_operator.py
[2023-09-24T05:02:21.710+0000] {logging_mixin.py:151} INFO - [2023-09-24T05:02:21.710+0000] {dag.py:2915} INFO - Sync 1 DAGs
[2023-09-24T05:02:21.742+0000] {logging_mixin.py:151} INFO - [2023-09-24T05:02:21.741+0000] {dag.py:3696} INFO - Setting next_dagrun for example_python_operator to None, run_after=None
[2023-09-24T05:02:21.782+0000] {processor.py:179} INFO - Processing /home/airflow/.local/lib/python3.8/site-packages/airflow/example_dags/example_python_operator.py took 0.141 seconds
[2023-09-24T05:02:52.647+0000] {processor.py:157} INFO - Started process (PID=328) to work on /home/airflow/.local/lib/python3.8/site-packages/airflow/example_dags/example_python_operator.py
[2023-09-24T05:02:52.648+0000] {processor.py:829} INFO - Processing file /home/airflow/.local/lib/python3.8/site-packages/airflow/example_dags/example_python_operator.py for tasks to queue
[2023-09-24T05:02:52.651+0000] {logging_mixin.py:151} INFO - [2023-09-24T05:02:52.651+0000] {dagbag.py:539} INFO - Filling up the DagBag from /home/airflow/.local/lib/python3.8/site-packages/airflow/example_dags/example_python_operator.py
[2023-09-24T05:02:52.669+0000] {processor.py:839} INFO - DAG(s) dict_keys(['example_python_operator']) retrieved from /home/airflow/.local/lib/python3.8/site-packages/airflow/example_dags/example_python_operator.py
[2023-09-24T05:02:52.706+0000] {logging_mixin.py:151} INFO - [2023-09-24T05:02:52.705+0000] {dag.py:2915} INFO - Sync 1 DAGs
[2023-09-24T05:02:52.726+0000] {logging_mixin.py:151} INFO - [2023-09-24T05:02:52.726+0000] {dag.py:3696} INFO - Setting next_dagrun for example_python_operator to None, run_after=None
[2023-09-24T05:02:52.751+0000] {processor.py:179} INFO - Processing /home/airflow/.local/lib/python3.8/site-packages/airflow/example_dags/example_python_operator.py took 0.108 seconds
[2023-09-24T05:03:24.217+0000] {processor.py:157} INFO - Started process (PID=383) to work on /home/airflow/.local/lib/python3.8/site-packages/airflow/example_dags/example_python_operator.py
[2023-09-24T05:03:24.219+0000] {processor.py:829} INFO - Processing file /home/airflow/.local/lib/python3.8/site-packages/airflow/example_dags/example_python_operator.py for tasks to queue
[2023-09-24T05:03:24.222+0000] {logging_mixin.py:151} INFO - [2023-09-24T05:03:24.221+0000] {dagbag.py:539} INFO - Filling up the DagBag from /home/airflow/.local/lib/python3.8/site-packages/airflow/example_dags/example_python_operator.py
[2023-09-24T05:03:24.246+0000] {processor.py:839} INFO - DAG(s) dict_keys(['example_python_operator']) retrieved from /home/airflow/.local/lib/python3.8/site-packages/airflow/example_dags/example_python_operator.py
[2023-09-24T05:03:24.284+0000] {logging_mixin.py:151} INFO - [2023-09-24T05:03:24.284+0000] {dag.py:2915} INFO - Sync 1 DAGs
[2023-09-24T05:03:24.305+0000] {logging_mixin.py:151} INFO - [2023-09-24T05:03:24.305+0000] {dag.py:3696} INFO - Setting next_dagrun for example_python_operator to None, run_after=None
[2023-09-24T05:03:24.329+0000] {processor.py:179} INFO - Processing /home/airflow/.local/lib/python3.8/site-packages/airflow/example_dags/example_python_operator.py took 0.116 seconds
[2023-09-24T05:03:54.843+0000] {processor.py:157} INFO - Started process (PID=437) to work on /home/airflow/.local/lib/python3.8/site-packages/airflow/example_dags/example_python_operator.py
[2023-09-24T05:03:54.844+0000] {processor.py:829} INFO - Processing file /home/airflow/.local/lib/python3.8/site-packages/airflow/example_dags/example_python_operator.py for tasks to queue
[2023-09-24T05:03:54.847+0000] {logging_mixin.py:151} INFO - [2023-09-24T05:03:54.846+0000] {dagbag.py:539} INFO - Filling up the DagBag from /home/airflow/.local/lib/python3.8/site-packages/airflow/example_dags/example_python_operator.py
[2023-09-24T05:03:54.865+0000] {processor.py:839} INFO - DAG(s) dict_keys(['example_python_operator']) retrieved from /home/airflow/.local/lib/python3.8/site-packages/airflow/example_dags/example_python_operator.py
[2023-09-24T05:03:54.903+0000] {logging_mixin.py:151} INFO - [2023-09-24T05:03:54.903+0000] {dag.py:2915} INFO - Sync 1 DAGs
[2023-09-24T05:03:54.923+0000] {logging_mixin.py:151} INFO - [2023-09-24T05:03:54.923+0000] {dag.py:3696} INFO - Setting next_dagrun for example_python_operator to None, run_after=None
[2023-09-24T05:03:54.948+0000] {processor.py:179} INFO - Processing /home/airflow/.local/lib/python3.8/site-packages/airflow/example_dags/example_python_operator.py took 0.110 seconds
[2023-09-24T05:10:02.446+0000] {processor.py:157} INFO - Started process (PID=58) to work on /home/airflow/.local/lib/python3.8/site-packages/airflow/example_dags/example_python_operator.py
[2023-09-24T05:10:02.448+0000] {processor.py:829} INFO - Processing file /home/airflow/.local/lib/python3.8/site-packages/airflow/example_dags/example_python_operator.py for tasks to queue
[2023-09-24T05:10:02.452+0000] {logging_mixin.py:151} INFO - [2023-09-24T05:10:02.451+0000] {dagbag.py:539} INFO - Filling up the DagBag from /home/airflow/.local/lib/python3.8/site-packages/airflow/example_dags/example_python_operator.py
[2023-09-24T05:10:02.489+0000] {processor.py:839} INFO - DAG(s) dict_keys(['example_python_operator']) retrieved from /home/airflow/.local/lib/python3.8/site-packages/airflow/example_dags/example_python_operator.py
[2023-09-24T05:10:02.879+0000] {logging_mixin.py:151} INFO - [2023-09-24T05:10:02.878+0000] {security.py:708} INFO - Not syncing DAG-level permissions for DAG 'DAG:example_python_operator' as access control is unset.
[2023-09-24T05:10:02.879+0000] {logging_mixin.py:151} INFO - [2023-09-24T05:10:02.879+0000] {dag.py:2915} INFO - Sync 1 DAGs
[2023-09-24T05:10:02.910+0000] {logging_mixin.py:151} INFO - [2023-09-24T05:10:02.910+0000] {dag.py:3696} INFO - Setting next_dagrun for example_python_operator to None, run_after=None
[2023-09-24T05:10:02.973+0000] {processor.py:179} INFO - Processing /home/airflow/.local/lib/python3.8/site-packages/airflow/example_dags/example_python_operator.py took 0.535 seconds
[2023-09-24T05:10:33.961+0000] {processor.py:157} INFO - Started process (PID=111) to work on /home/airflow/.local/lib/python3.8/site-packages/airflow/example_dags/example_python_operator.py
[2023-09-24T05:10:33.962+0000] {processor.py:829} INFO - Processing file /home/airflow/.local/lib/python3.8/site-packages/airflow/example_dags/example_python_operator.py for tasks to queue
[2023-09-24T05:10:33.965+0000] {logging_mixin.py:151} INFO - [2023-09-24T05:10:33.965+0000] {dagbag.py:539} INFO - Filling up the DagBag from /home/airflow/.local/lib/python3.8/site-packages/airflow/example_dags/example_python_operator.py
[2023-09-24T05:10:33.983+0000] {processor.py:839} INFO - DAG(s) dict_keys(['example_python_operator']) retrieved from /home/airflow/.local/lib/python3.8/site-packages/airflow/example_dags/example_python_operator.py
[2023-09-24T05:10:34.022+0000] {logging_mixin.py:151} INFO - [2023-09-24T05:10:34.021+0000] {dag.py:2915} INFO - Sync 1 DAGs
[2023-09-24T05:10:34.042+0000] {logging_mixin.py:151} INFO - [2023-09-24T05:10:34.042+0000] {dag.py:3696} INFO - Setting next_dagrun for example_python_operator to None, run_after=None
[2023-09-24T05:10:34.070+0000] {processor.py:179} INFO - Processing /home/airflow/.local/lib/python3.8/site-packages/airflow/example_dags/example_python_operator.py took 0.114 seconds
[2023-09-24T05:11:04.856+0000] {processor.py:157} INFO - Started process (PID=165) to work on /home/airflow/.local/lib/python3.8/site-packages/airflow/example_dags/example_python_operator.py
[2023-09-24T05:11:04.857+0000] {processor.py:829} INFO - Processing file /home/airflow/.local/lib/python3.8/site-packages/airflow/example_dags/example_python_operator.py for tasks to queue
[2023-09-24T05:11:04.861+0000] {logging_mixin.py:151} INFO - [2023-09-24T05:11:04.861+0000] {dagbag.py:539} INFO - Filling up the DagBag from /home/airflow/.local/lib/python3.8/site-packages/airflow/example_dags/example_python_operator.py
[2023-09-24T05:11:04.882+0000] {processor.py:839} INFO - DAG(s) dict_keys(['example_python_operator']) retrieved from /home/airflow/.local/lib/python3.8/site-packages/airflow/example_dags/example_python_operator.py
[2023-09-24T05:11:04.923+0000] {logging_mixin.py:151} INFO - [2023-09-24T05:11:04.922+0000] {dag.py:2915} INFO - Sync 1 DAGs
[2023-09-24T05:11:04.944+0000] {logging_mixin.py:151} INFO - [2023-09-24T05:11:04.944+0000] {dag.py:3696} INFO - Setting next_dagrun for example_python_operator to None, run_after=None
[2023-09-24T05:11:04.975+0000] {processor.py:179} INFO - Processing /home/airflow/.local/lib/python3.8/site-packages/airflow/example_dags/example_python_operator.py took 0.126 seconds
[2023-09-24T05:11:35.002+0000] {processor.py:157} INFO - Started process (PID=219) to work on /home/airflow/.local/lib/python3.8/site-packages/airflow/example_dags/example_python_operator.py
[2023-09-24T05:11:35.004+0000] {processor.py:829} INFO - Processing file /home/airflow/.local/lib/python3.8/site-packages/airflow/example_dags/example_python_operator.py for tasks to queue
[2023-09-24T05:11:35.007+0000] {logging_mixin.py:151} INFO - [2023-09-24T05:11:35.006+0000] {dagbag.py:539} INFO - Filling up the DagBag from /home/airflow/.local/lib/python3.8/site-packages/airflow/example_dags/example_python_operator.py
[2023-09-24T05:11:35.028+0000] {processor.py:839} INFO - DAG(s) dict_keys(['example_python_operator']) retrieved from /home/airflow/.local/lib/python3.8/site-packages/airflow/example_dags/example_python_operator.py
[2023-09-24T05:11:35.076+0000] {logging_mixin.py:151} INFO - [2023-09-24T05:11:35.076+0000] {dag.py:2915} INFO - Sync 1 DAGs
[2023-09-24T05:11:35.103+0000] {logging_mixin.py:151} INFO - [2023-09-24T05:11:35.103+0000] {dag.py:3696} INFO - Setting next_dagrun for example_python_operator to None, run_after=None
[2023-09-24T05:11:35.132+0000] {processor.py:179} INFO - Processing /home/airflow/.local/lib/python3.8/site-packages/airflow/example_dags/example_python_operator.py took 0.134 seconds
[2023-09-24T05:12:06.064+0000] {processor.py:157} INFO - Started process (PID=282) to work on /home/airflow/.local/lib/python3.8/site-packages/airflow/example_dags/example_python_operator.py
[2023-09-24T05:12:06.065+0000] {processor.py:829} INFO - Processing file /home/airflow/.local/lib/python3.8/site-packages/airflow/example_dags/example_python_operator.py for tasks to queue
[2023-09-24T05:12:06.068+0000] {logging_mixin.py:151} INFO - [2023-09-24T05:12:06.068+0000] {dagbag.py:539} INFO - Filling up the DagBag from /home/airflow/.local/lib/python3.8/site-packages/airflow/example_dags/example_python_operator.py
[2023-09-24T05:12:06.086+0000] {processor.py:839} INFO - DAG(s) dict_keys(['example_python_operator']) retrieved from /home/airflow/.local/lib/python3.8/site-packages/airflow/example_dags/example_python_operator.py
[2023-09-24T05:12:06.123+0000] {logging_mixin.py:151} INFO - [2023-09-24T05:12:06.122+0000] {dag.py:2915} INFO - Sync 1 DAGs
[2023-09-24T05:12:06.143+0000] {logging_mixin.py:151} INFO - [2023-09-24T05:12:06.143+0000] {dag.py:3696} INFO - Setting next_dagrun for example_python_operator to None, run_after=None
[2023-09-24T05:12:06.170+0000] {processor.py:179} INFO - Processing /home/airflow/.local/lib/python3.8/site-packages/airflow/example_dags/example_python_operator.py took 0.110 seconds
[2023-09-24T05:12:37.547+0000] {processor.py:157} INFO - Started process (PID=336) to work on /home/airflow/.local/lib/python3.8/site-packages/airflow/example_dags/example_python_operator.py
[2023-09-24T05:12:37.548+0000] {processor.py:829} INFO - Processing file /home/airflow/.local/lib/python3.8/site-packages/airflow/example_dags/example_python_operator.py for tasks to queue
[2023-09-24T05:12:37.552+0000] {logging_mixin.py:151} INFO - [2023-09-24T05:12:37.552+0000] {dagbag.py:539} INFO - Filling up the DagBag from /home/airflow/.local/lib/python3.8/site-packages/airflow/example_dags/example_python_operator.py
[2023-09-24T05:12:37.575+0000] {processor.py:839} INFO - DAG(s) dict_keys(['example_python_operator']) retrieved from /home/airflow/.local/lib/python3.8/site-packages/airflow/example_dags/example_python_operator.py
[2023-09-24T05:12:37.623+0000] {logging_mixin.py:151} INFO - [2023-09-24T05:12:37.622+0000] {dag.py:2915} INFO - Sync 1 DAGs
[2023-09-24T05:12:37.651+0000] {logging_mixin.py:151} INFO - [2023-09-24T05:12:37.651+0000] {dag.py:3696} INFO - Setting next_dagrun for example_python_operator to None, run_after=None
[2023-09-24T05:12:37.686+0000] {processor.py:179} INFO - Processing /home/airflow/.local/lib/python3.8/site-packages/airflow/example_dags/example_python_operator.py took 0.144 seconds
[2023-09-24T05:13:08.253+0000] {processor.py:157} INFO - Started process (PID=389) to work on /home/airflow/.local/lib/python3.8/site-packages/airflow/example_dags/example_python_operator.py
[2023-09-24T05:13:08.255+0000] {processor.py:829} INFO - Processing file /home/airflow/.local/lib/python3.8/site-packages/airflow/example_dags/example_python_operator.py for tasks to queue
[2023-09-24T05:13:08.259+0000] {logging_mixin.py:151} INFO - [2023-09-24T05:13:08.258+0000] {dagbag.py:539} INFO - Filling up the DagBag from /home/airflow/.local/lib/python3.8/site-packages/airflow/example_dags/example_python_operator.py
[2023-09-24T05:13:08.291+0000] {processor.py:839} INFO - DAG(s) dict_keys(['example_python_operator']) retrieved from /home/airflow/.local/lib/python3.8/site-packages/airflow/example_dags/example_python_operator.py
[2023-09-24T05:13:08.346+0000] {logging_mixin.py:151} INFO - [2023-09-24T05:13:08.346+0000] {dag.py:2915} INFO - Sync 1 DAGs
[2023-09-24T05:13:08.380+0000] {logging_mixin.py:151} INFO - [2023-09-24T05:13:08.379+0000] {dag.py:3696} INFO - Setting next_dagrun for example_python_operator to None, run_after=None
[2023-09-24T05:13:08.422+0000] {processor.py:179} INFO - Processing /home/airflow/.local/lib/python3.8/site-packages/airflow/example_dags/example_python_operator.py took 0.175 seconds
[2023-09-24T05:13:58.479+0000] {processor.py:157} INFO - Started process (PID=58) to work on /home/airflow/.local/lib/python3.8/site-packages/airflow/example_dags/example_python_operator.py
[2023-09-24T05:13:58.485+0000] {processor.py:829} INFO - Processing file /home/airflow/.local/lib/python3.8/site-packages/airflow/example_dags/example_python_operator.py for tasks to queue
[2023-09-24T05:13:58.492+0000] {logging_mixin.py:151} INFO - [2023-09-24T05:13:58.492+0000] {dagbag.py:539} INFO - Filling up the DagBag from /home/airflow/.local/lib/python3.8/site-packages/airflow/example_dags/example_python_operator.py
[2023-09-24T05:13:58.569+0000] {processor.py:839} INFO - DAG(s) dict_keys(['example_python_operator']) retrieved from /home/airflow/.local/lib/python3.8/site-packages/airflow/example_dags/example_python_operator.py
[2023-09-24T05:13:58.613+0000] {logging_mixin.py:151} INFO - [2023-09-24T05:13:58.612+0000] {dag.py:2915} INFO - Sync 1 DAGs
[2023-09-24T05:13:58.647+0000] {logging_mixin.py:151} INFO - [2023-09-24T05:13:58.646+0000] {dag.py:3696} INFO - Setting next_dagrun for example_python_operator to None, run_after=None
[2023-09-24T05:13:58.699+0000] {processor.py:179} INFO - Processing /home/airflow/.local/lib/python3.8/site-packages/airflow/example_dags/example_python_operator.py took 0.237 seconds
[2023-09-24T05:14:29.688+0000] {processor.py:157} INFO - Started process (PID=113) to work on /home/airflow/.local/lib/python3.8/site-packages/airflow/example_dags/example_python_operator.py
[2023-09-24T05:14:29.689+0000] {processor.py:829} INFO - Processing file /home/airflow/.local/lib/python3.8/site-packages/airflow/example_dags/example_python_operator.py for tasks to queue
[2023-09-24T05:14:29.692+0000] {logging_mixin.py:151} INFO - [2023-09-24T05:14:29.691+0000] {dagbag.py:539} INFO - Filling up the DagBag from /home/airflow/.local/lib/python3.8/site-packages/airflow/example_dags/example_python_operator.py
[2023-09-24T05:14:29.711+0000] {processor.py:839} INFO - DAG(s) dict_keys(['example_python_operator']) retrieved from /home/airflow/.local/lib/python3.8/site-packages/airflow/example_dags/example_python_operator.py
[2023-09-24T05:14:29.924+0000] {logging_mixin.py:151} INFO - [2023-09-24T05:14:29.924+0000] {security.py:708} INFO - Not syncing DAG-level permissions for DAG 'DAG:example_python_operator' as access control is unset.
[2023-09-24T05:14:29.925+0000] {logging_mixin.py:151} INFO - [2023-09-24T05:14:29.924+0000] {dag.py:2915} INFO - Sync 1 DAGs
[2023-09-24T05:14:29.945+0000] {logging_mixin.py:151} INFO - [2023-09-24T05:14:29.944+0000] {dag.py:3696} INFO - Setting next_dagrun for example_python_operator to None, run_after=None
[2023-09-24T05:14:29.972+0000] {processor.py:179} INFO - Processing /home/airflow/.local/lib/python3.8/site-packages/airflow/example_dags/example_python_operator.py took 0.289 seconds
[2023-09-24T05:15:01.873+0000] {processor.py:157} INFO - Started process (PID=173) to work on /home/airflow/.local/lib/python3.8/site-packages/airflow/example_dags/example_python_operator.py
[2023-09-24T05:15:01.876+0000] {processor.py:829} INFO - Processing file /home/airflow/.local/lib/python3.8/site-packages/airflow/example_dags/example_python_operator.py for tasks to queue
[2023-09-24T05:15:01.881+0000] {logging_mixin.py:151} INFO - [2023-09-24T05:15:01.880+0000] {dagbag.py:539} INFO - Filling up the DagBag from /home/airflow/.local/lib/python3.8/site-packages/airflow/example_dags/example_python_operator.py
[2023-09-24T05:15:01.914+0000] {processor.py:839} INFO - DAG(s) dict_keys(['example_python_operator']) retrieved from /home/airflow/.local/lib/python3.8/site-packages/airflow/example_dags/example_python_operator.py
[2023-09-24T05:15:01.988+0000] {logging_mixin.py:151} INFO - [2023-09-24T05:15:01.987+0000] {dag.py:2915} INFO - Sync 1 DAGs
[2023-09-24T05:15:02.034+0000] {logging_mixin.py:151} INFO - [2023-09-24T05:15:02.033+0000] {dag.py:3696} INFO - Setting next_dagrun for example_python_operator to None, run_after=None
[2023-09-24T05:15:02.107+0000] {processor.py:179} INFO - Processing /home/airflow/.local/lib/python3.8/site-packages/airflow/example_dags/example_python_operator.py took 0.243 seconds
