[2023-09-24T05:00:09.497+0000] {processor.py:157} INFO - Started process (PID=51) to work on /home/airflow/.local/lib/python3.8/site-packages/airflow/example_dags/example_latest_only.py
[2023-09-24T05:00:09.511+0000] {processor.py:829} INFO - Processing file /home/airflow/.local/lib/python3.8/site-packages/airflow/example_dags/example_latest_only.py for tasks to queue
[2023-09-24T05:00:09.514+0000] {logging_mixin.py:151} INFO - [2023-09-24T05:00:09.513+0000] {dagbag.py:539} INFO - Filling up the DagBag from /home/airflow/.local/lib/python3.8/site-packages/airflow/example_dags/example_latest_only.py
[2023-09-24T05:00:09.588+0000] {processor.py:839} INFO - DAG(s) dict_keys(['latest_only']) retrieved from /home/airflow/.local/lib/python3.8/site-packages/airflow/example_dags/example_latest_only.py
[2023-09-24T05:00:10.181+0000] {logging_mixin.py:151} INFO - [2023-09-24T05:00:10.181+0000] {manager.py:499} INFO - Created Permission View: %s
[2023-09-24T05:00:10.212+0000] {logging_mixin.py:151} INFO - [2023-09-24T05:00:10.211+0000] {manager.py:499} INFO - Created Permission View: %s
[2023-09-24T05:00:10.232+0000] {logging_mixin.py:151} INFO - [2023-09-24T05:00:10.232+0000] {manager.py:499} INFO - Created Permission View: %s
[2023-09-24T05:00:10.232+0000] {logging_mixin.py:151} INFO - [2023-09-24T05:00:10.232+0000] {security.py:708} INFO - Not syncing DAG-level permissions for DAG 'DAG:latest_only' as access control is unset.
[2023-09-24T05:00:10.233+0000] {logging_mixin.py:151} INFO - [2023-09-24T05:00:10.233+0000] {dag.py:2915} INFO - Sync 1 DAGs
[2023-09-24T05:00:10.271+0000] {logging_mixin.py:151} INFO - [2023-09-24T05:00:10.271+0000] {dag.py:2937} INFO - Creating ORM DAG for latest_only
[2023-09-24T05:00:10.298+0000] {logging_mixin.py:151} INFO - [2023-09-24T05:00:10.298+0000] {dag.py:3696} INFO - Setting next_dagrun for latest_only to 2023-09-24T01:00:10.298102+00:00, run_after=2023-09-24T05:00:10.298102+00:00
[2023-09-24T05:00:10.395+0000] {processor.py:179} INFO - Processing /home/airflow/.local/lib/python3.8/site-packages/airflow/example_dags/example_latest_only.py took 0.904 seconds
[2023-09-24T05:00:41.297+0000] {processor.py:157} INFO - Started process (PID=104) to work on /home/airflow/.local/lib/python3.8/site-packages/airflow/example_dags/example_latest_only.py
[2023-09-24T05:00:41.298+0000] {processor.py:829} INFO - Processing file /home/airflow/.local/lib/python3.8/site-packages/airflow/example_dags/example_latest_only.py for tasks to queue
[2023-09-24T05:00:41.301+0000] {logging_mixin.py:151} INFO - [2023-09-24T05:00:41.301+0000] {dagbag.py:539} INFO - Filling up the DagBag from /home/airflow/.local/lib/python3.8/site-packages/airflow/example_dags/example_latest_only.py
[2023-09-24T05:00:41.308+0000] {processor.py:839} INFO - DAG(s) dict_keys(['latest_only']) retrieved from /home/airflow/.local/lib/python3.8/site-packages/airflow/example_dags/example_latest_only.py
[2023-09-24T05:00:41.337+0000] {logging_mixin.py:151} INFO - [2023-09-24T05:00:41.337+0000] {dag.py:2915} INFO - Sync 1 DAGs
[2023-09-24T05:00:41.372+0000] {logging_mixin.py:151} INFO - [2023-09-24T05:00:41.372+0000] {dag.py:3696} INFO - Setting next_dagrun for latest_only to 2023-09-24T01:00:41.371812+00:00, run_after=2023-09-24T05:00:41.371812+00:00
[2023-09-24T05:00:41.398+0000] {processor.py:179} INFO - Processing /home/airflow/.local/lib/python3.8/site-packages/airflow/example_dags/example_latest_only.py took 0.106 seconds
[2023-09-24T05:01:11.618+0000] {processor.py:157} INFO - Started process (PID=158) to work on /home/airflow/.local/lib/python3.8/site-packages/airflow/example_dags/example_latest_only.py
[2023-09-24T05:01:11.619+0000] {processor.py:829} INFO - Processing file /home/airflow/.local/lib/python3.8/site-packages/airflow/example_dags/example_latest_only.py for tasks to queue
[2023-09-24T05:01:11.623+0000] {logging_mixin.py:151} INFO - [2023-09-24T05:01:11.622+0000] {dagbag.py:539} INFO - Filling up the DagBag from /home/airflow/.local/lib/python3.8/site-packages/airflow/example_dags/example_latest_only.py
[2023-09-24T05:01:11.629+0000] {processor.py:839} INFO - DAG(s) dict_keys(['latest_only']) retrieved from /home/airflow/.local/lib/python3.8/site-packages/airflow/example_dags/example_latest_only.py
[2023-09-24T05:01:11.658+0000] {logging_mixin.py:151} INFO - [2023-09-24T05:01:11.658+0000] {dag.py:2915} INFO - Sync 1 DAGs
[2023-09-24T05:01:11.693+0000] {logging_mixin.py:151} INFO - [2023-09-24T05:01:11.693+0000] {dag.py:3696} INFO - Setting next_dagrun for latest_only to 2023-09-24T01:01:11.693362+00:00, run_after=2023-09-24T05:01:11.693362+00:00
[2023-09-24T05:01:11.717+0000] {processor.py:179} INFO - Processing /home/airflow/.local/lib/python3.8/site-packages/airflow/example_dags/example_latest_only.py took 0.103 seconds
[2023-09-24T05:01:41.869+0000] {processor.py:157} INFO - Started process (PID=212) to work on /home/airflow/.local/lib/python3.8/site-packages/airflow/example_dags/example_latest_only.py
[2023-09-24T05:01:41.870+0000] {processor.py:829} INFO - Processing file /home/airflow/.local/lib/python3.8/site-packages/airflow/example_dags/example_latest_only.py for tasks to queue
[2023-09-24T05:01:41.874+0000] {logging_mixin.py:151} INFO - [2023-09-24T05:01:41.873+0000] {dagbag.py:539} INFO - Filling up the DagBag from /home/airflow/.local/lib/python3.8/site-packages/airflow/example_dags/example_latest_only.py
[2023-09-24T05:01:41.880+0000] {processor.py:839} INFO - DAG(s) dict_keys(['latest_only']) retrieved from /home/airflow/.local/lib/python3.8/site-packages/airflow/example_dags/example_latest_only.py
[2023-09-24T05:01:41.907+0000] {logging_mixin.py:151} INFO - [2023-09-24T05:01:41.907+0000] {dag.py:2915} INFO - Sync 1 DAGs
[2023-09-24T05:01:41.942+0000] {logging_mixin.py:151} INFO - [2023-09-24T05:01:41.942+0000] {dag.py:3696} INFO - Setting next_dagrun for latest_only to 2023-09-24T01:01:41.941821+00:00, run_after=2023-09-24T05:01:41.941821+00:00
[2023-09-24T05:01:41.967+0000] {processor.py:179} INFO - Processing /home/airflow/.local/lib/python3.8/site-packages/airflow/example_dags/example_latest_only.py took 0.103 seconds
[2023-09-24T05:02:12.100+0000] {processor.py:157} INFO - Started process (PID=266) to work on /home/airflow/.local/lib/python3.8/site-packages/airflow/example_dags/example_latest_only.py
[2023-09-24T05:02:12.101+0000] {processor.py:829} INFO - Processing file /home/airflow/.local/lib/python3.8/site-packages/airflow/example_dags/example_latest_only.py for tasks to queue
[2023-09-24T05:02:12.106+0000] {logging_mixin.py:151} INFO - [2023-09-24T05:02:12.106+0000] {dagbag.py:539} INFO - Filling up the DagBag from /home/airflow/.local/lib/python3.8/site-packages/airflow/example_dags/example_latest_only.py
[2023-09-24T05:02:12.115+0000] {processor.py:839} INFO - DAG(s) dict_keys(['latest_only']) retrieved from /home/airflow/.local/lib/python3.8/site-packages/airflow/example_dags/example_latest_only.py
[2023-09-24T05:02:12.148+0000] {logging_mixin.py:151} INFO - [2023-09-24T05:02:12.148+0000] {dag.py:2915} INFO - Sync 1 DAGs
[2023-09-24T05:02:12.188+0000] {logging_mixin.py:151} INFO - [2023-09-24T05:02:12.188+0000] {dag.py:3696} INFO - Setting next_dagrun for latest_only to 2023-09-24T01:02:12.188205+00:00, run_after=2023-09-24T05:02:12.188205+00:00
[2023-09-24T05:02:12.218+0000] {processor.py:179} INFO - Processing /home/airflow/.local/lib/python3.8/site-packages/airflow/example_dags/example_latest_only.py took 0.127 seconds
[2023-09-24T05:02:42.368+0000] {processor.py:157} INFO - Started process (PID=320) to work on /home/airflow/.local/lib/python3.8/site-packages/airflow/example_dags/example_latest_only.py
[2023-09-24T05:02:42.369+0000] {processor.py:829} INFO - Processing file /home/airflow/.local/lib/python3.8/site-packages/airflow/example_dags/example_latest_only.py for tasks to queue
[2023-09-24T05:02:42.373+0000] {logging_mixin.py:151} INFO - [2023-09-24T05:02:42.372+0000] {dagbag.py:539} INFO - Filling up the DagBag from /home/airflow/.local/lib/python3.8/site-packages/airflow/example_dags/example_latest_only.py
[2023-09-24T05:02:42.379+0000] {processor.py:839} INFO - DAG(s) dict_keys(['latest_only']) retrieved from /home/airflow/.local/lib/python3.8/site-packages/airflow/example_dags/example_latest_only.py
[2023-09-24T05:02:42.406+0000] {logging_mixin.py:151} INFO - [2023-09-24T05:02:42.406+0000] {dag.py:2915} INFO - Sync 1 DAGs
[2023-09-24T05:02:42.442+0000] {logging_mixin.py:151} INFO - [2023-09-24T05:02:42.442+0000] {dag.py:3696} INFO - Setting next_dagrun for latest_only to 2023-09-24T01:02:42.442076+00:00, run_after=2023-09-24T05:02:42.442076+00:00
[2023-09-24T05:02:42.465+0000] {processor.py:179} INFO - Processing /home/airflow/.local/lib/python3.8/site-packages/airflow/example_dags/example_latest_only.py took 0.101 seconds
[2023-09-24T05:03:12.971+0000] {processor.py:157} INFO - Started process (PID=375) to work on /home/airflow/.local/lib/python3.8/site-packages/airflow/example_dags/example_latest_only.py
[2023-09-24T05:03:12.972+0000] {processor.py:829} INFO - Processing file /home/airflow/.local/lib/python3.8/site-packages/airflow/example_dags/example_latest_only.py for tasks to queue
[2023-09-24T05:03:12.975+0000] {logging_mixin.py:151} INFO - [2023-09-24T05:03:12.975+0000] {dagbag.py:539} INFO - Filling up the DagBag from /home/airflow/.local/lib/python3.8/site-packages/airflow/example_dags/example_latest_only.py
[2023-09-24T05:03:12.983+0000] {processor.py:839} INFO - DAG(s) dict_keys(['latest_only']) retrieved from /home/airflow/.local/lib/python3.8/site-packages/airflow/example_dags/example_latest_only.py
[2023-09-24T05:03:13.012+0000] {logging_mixin.py:151} INFO - [2023-09-24T05:03:13.011+0000] {dag.py:2915} INFO - Sync 1 DAGs
[2023-09-24T05:03:13.046+0000] {logging_mixin.py:151} INFO - [2023-09-24T05:03:13.046+0000] {dag.py:3696} INFO - Setting next_dagrun for latest_only to 2023-09-24T01:03:13.045733+00:00, run_after=2023-09-24T05:03:13.045733+00:00
[2023-09-24T05:03:13.069+0000] {processor.py:179} INFO - Processing /home/airflow/.local/lib/python3.8/site-packages/airflow/example_dags/example_latest_only.py took 0.104 seconds
[2023-09-24T05:03:43.574+0000] {processor.py:157} INFO - Started process (PID=429) to work on /home/airflow/.local/lib/python3.8/site-packages/airflow/example_dags/example_latest_only.py
[2023-09-24T05:03:43.576+0000] {processor.py:829} INFO - Processing file /home/airflow/.local/lib/python3.8/site-packages/airflow/example_dags/example_latest_only.py for tasks to queue
[2023-09-24T05:03:43.579+0000] {logging_mixin.py:151} INFO - [2023-09-24T05:03:43.579+0000] {dagbag.py:539} INFO - Filling up the DagBag from /home/airflow/.local/lib/python3.8/site-packages/airflow/example_dags/example_latest_only.py
[2023-09-24T05:03:43.588+0000] {processor.py:839} INFO - DAG(s) dict_keys(['latest_only']) retrieved from /home/airflow/.local/lib/python3.8/site-packages/airflow/example_dags/example_latest_only.py
[2023-09-24T05:03:43.624+0000] {logging_mixin.py:151} INFO - [2023-09-24T05:03:43.623+0000] {dag.py:2915} INFO - Sync 1 DAGs
[2023-09-24T05:03:43.663+0000] {logging_mixin.py:151} INFO - [2023-09-24T05:03:43.662+0000] {dag.py:3696} INFO - Setting next_dagrun for latest_only to 2023-09-24T01:03:43.662404+00:00, run_after=2023-09-24T05:03:43.662404+00:00
[2023-09-24T05:03:43.691+0000] {processor.py:179} INFO - Processing /home/airflow/.local/lib/python3.8/site-packages/airflow/example_dags/example_latest_only.py took 0.124 seconds
[2023-09-24T05:04:14.362+0000] {processor.py:157} INFO - Started process (PID=482) to work on /home/airflow/.local/lib/python3.8/site-packages/airflow/example_dags/example_latest_only.py
[2023-09-24T05:04:14.363+0000] {processor.py:829} INFO - Processing file /home/airflow/.local/lib/python3.8/site-packages/airflow/example_dags/example_latest_only.py for tasks to queue
[2023-09-24T05:04:14.366+0000] {logging_mixin.py:151} INFO - [2023-09-24T05:04:14.366+0000] {dagbag.py:539} INFO - Filling up the DagBag from /home/airflow/.local/lib/python3.8/site-packages/airflow/example_dags/example_latest_only.py
[2023-09-24T05:04:14.373+0000] {processor.py:839} INFO - DAG(s) dict_keys(['latest_only']) retrieved from /home/airflow/.local/lib/python3.8/site-packages/airflow/example_dags/example_latest_only.py
[2023-09-24T05:04:14.402+0000] {logging_mixin.py:151} INFO - [2023-09-24T05:04:14.402+0000] {dag.py:2915} INFO - Sync 1 DAGs
[2023-09-24T05:04:14.439+0000] {logging_mixin.py:151} INFO - [2023-09-24T05:04:14.438+0000] {dag.py:3696} INFO - Setting next_dagrun for latest_only to 2023-09-24T01:04:14.438432+00:00, run_after=2023-09-24T05:04:14.438432+00:00
[2023-09-24T05:04:14.462+0000] {processor.py:179} INFO - Processing /home/airflow/.local/lib/python3.8/site-packages/airflow/example_dags/example_latest_only.py took 0.105 seconds
[2023-09-24T05:09:57.276+0000] {processor.py:157} INFO - Started process (PID=45) to work on /home/airflow/.local/lib/python3.8/site-packages/airflow/example_dags/example_latest_only.py
[2023-09-24T05:09:57.278+0000] {processor.py:829} INFO - Processing file /home/airflow/.local/lib/python3.8/site-packages/airflow/example_dags/example_latest_only.py for tasks to queue
[2023-09-24T05:09:57.282+0000] {logging_mixin.py:151} INFO - [2023-09-24T05:09:57.281+0000] {dagbag.py:539} INFO - Filling up the DagBag from /home/airflow/.local/lib/python3.8/site-packages/airflow/example_dags/example_latest_only.py
[2023-09-24T05:09:57.298+0000] {processor.py:839} INFO - DAG(s) dict_keys(['latest_only']) retrieved from /home/airflow/.local/lib/python3.8/site-packages/airflow/example_dags/example_latest_only.py
[2023-09-24T05:09:57.343+0000] {logging_mixin.py:151} INFO - [2023-09-24T05:09:57.342+0000] {dag.py:2915} INFO - Sync 1 DAGs
[2023-09-24T05:09:57.396+0000] {logging_mixin.py:151} INFO - [2023-09-24T05:09:57.395+0000] {dag.py:3696} INFO - Setting next_dagrun for latest_only to 2023-09-24T01:09:57.395075+00:00, run_after=2023-09-24T05:09:57.395075+00:00
[2023-09-24T05:09:57.435+0000] {processor.py:179} INFO - Processing /home/airflow/.local/lib/python3.8/site-packages/airflow/example_dags/example_latest_only.py took 0.165 seconds
[2023-09-24T05:10:27.674+0000] {processor.py:157} INFO - Started process (PID=97) to work on /home/airflow/.local/lib/python3.8/site-packages/airflow/example_dags/example_latest_only.py
[2023-09-24T05:10:27.675+0000] {processor.py:829} INFO - Processing file /home/airflow/.local/lib/python3.8/site-packages/airflow/example_dags/example_latest_only.py for tasks to queue
[2023-09-24T05:10:27.678+0000] {logging_mixin.py:151} INFO - [2023-09-24T05:10:27.678+0000] {dagbag.py:539} INFO - Filling up the DagBag from /home/airflow/.local/lib/python3.8/site-packages/airflow/example_dags/example_latest_only.py
[2023-09-24T05:10:27.685+0000] {processor.py:839} INFO - DAG(s) dict_keys(['latest_only']) retrieved from /home/airflow/.local/lib/python3.8/site-packages/airflow/example_dags/example_latest_only.py
[2023-09-24T05:10:27.717+0000] {logging_mixin.py:151} INFO - [2023-09-24T05:10:27.717+0000] {dag.py:2915} INFO - Sync 1 DAGs
[2023-09-24T05:10:27.752+0000] {logging_mixin.py:151} INFO - [2023-09-24T05:10:27.751+0000] {dag.py:3696} INFO - Setting next_dagrun for latest_only to 2023-09-24T01:10:27.751481+00:00, run_after=2023-09-24T05:10:27.751481+00:00
[2023-09-24T05:10:27.776+0000] {processor.py:179} INFO - Processing /home/airflow/.local/lib/python3.8/site-packages/airflow/example_dags/example_latest_only.py took 0.110 seconds
[2023-09-24T05:10:58.529+0000] {processor.py:157} INFO - Started process (PID=150) to work on /home/airflow/.local/lib/python3.8/site-packages/airflow/example_dags/example_latest_only.py
[2023-09-24T05:10:58.530+0000] {processor.py:829} INFO - Processing file /home/airflow/.local/lib/python3.8/site-packages/airflow/example_dags/example_latest_only.py for tasks to queue
[2023-09-24T05:10:58.533+0000] {logging_mixin.py:151} INFO - [2023-09-24T05:10:58.532+0000] {dagbag.py:539} INFO - Filling up the DagBag from /home/airflow/.local/lib/python3.8/site-packages/airflow/example_dags/example_latest_only.py
[2023-09-24T05:10:58.540+0000] {processor.py:839} INFO - DAG(s) dict_keys(['latest_only']) retrieved from /home/airflow/.local/lib/python3.8/site-packages/airflow/example_dags/example_latest_only.py
[2023-09-24T05:10:58.568+0000] {logging_mixin.py:151} INFO - [2023-09-24T05:10:58.568+0000] {dag.py:2915} INFO - Sync 1 DAGs
[2023-09-24T05:10:58.603+0000] {logging_mixin.py:151} INFO - [2023-09-24T05:10:58.602+0000] {dag.py:3696} INFO - Setting next_dagrun for latest_only to 2023-09-24T01:10:58.602670+00:00, run_after=2023-09-24T05:10:58.602670+00:00
[2023-09-24T05:10:58.627+0000] {processor.py:179} INFO - Processing /home/airflow/.local/lib/python3.8/site-packages/airflow/example_dags/example_latest_only.py took 0.104 seconds
[2023-09-24T05:11:29.306+0000] {processor.py:157} INFO - Started process (PID=204) to work on /home/airflow/.local/lib/python3.8/site-packages/airflow/example_dags/example_latest_only.py
[2023-09-24T05:11:29.309+0000] {processor.py:829} INFO - Processing file /home/airflow/.local/lib/python3.8/site-packages/airflow/example_dags/example_latest_only.py for tasks to queue
[2023-09-24T05:11:29.315+0000] {logging_mixin.py:151} INFO - [2023-09-24T05:11:29.315+0000] {dagbag.py:539} INFO - Filling up the DagBag from /home/airflow/.local/lib/python3.8/site-packages/airflow/example_dags/example_latest_only.py
[2023-09-24T05:11:29.330+0000] {processor.py:839} INFO - DAG(s) dict_keys(['latest_only']) retrieved from /home/airflow/.local/lib/python3.8/site-packages/airflow/example_dags/example_latest_only.py
[2023-09-24T05:11:29.413+0000] {logging_mixin.py:151} INFO - [2023-09-24T05:11:29.413+0000] {dag.py:2915} INFO - Sync 1 DAGs
[2023-09-24T05:11:29.487+0000] {logging_mixin.py:151} INFO - [2023-09-24T05:11:29.486+0000] {dag.py:3696} INFO - Setting next_dagrun for latest_only to 2023-09-24T01:11:29.486366+00:00, run_after=2023-09-24T05:11:29.486366+00:00
[2023-09-24T05:11:29.532+0000] {processor.py:179} INFO - Processing /home/airflow/.local/lib/python3.8/site-packages/airflow/example_dags/example_latest_only.py took 0.236 seconds
[2023-09-24T05:12:00.470+0000] {processor.py:157} INFO - Started process (PID=266) to work on /home/airflow/.local/lib/python3.8/site-packages/airflow/example_dags/example_latest_only.py
[2023-09-24T05:12:00.474+0000] {processor.py:829} INFO - Processing file /home/airflow/.local/lib/python3.8/site-packages/airflow/example_dags/example_latest_only.py for tasks to queue
[2023-09-24T05:12:00.481+0000] {logging_mixin.py:151} INFO - [2023-09-24T05:12:00.480+0000] {dagbag.py:539} INFO - Filling up the DagBag from /home/airflow/.local/lib/python3.8/site-packages/airflow/example_dags/example_latest_only.py
[2023-09-24T05:12:00.499+0000] {processor.py:839} INFO - DAG(s) dict_keys(['latest_only']) retrieved from /home/airflow/.local/lib/python3.8/site-packages/airflow/example_dags/example_latest_only.py
[2023-09-24T05:12:00.562+0000] {logging_mixin.py:151} INFO - [2023-09-24T05:12:00.561+0000] {dag.py:2915} INFO - Sync 1 DAGs
[2023-09-24T05:12:00.639+0000] {logging_mixin.py:151} INFO - [2023-09-24T05:12:00.638+0000] {dag.py:3696} INFO - Setting next_dagrun for latest_only to 2023-09-24T01:12:00.638017+00:00, run_after=2023-09-24T05:12:00.638017+00:00
[2023-09-24T05:12:00.735+0000] {processor.py:179} INFO - Processing /home/airflow/.local/lib/python3.8/site-packages/airflow/example_dags/example_latest_only.py took 0.275 seconds
[2023-09-24T05:12:31.761+0000] {processor.py:157} INFO - Started process (PID=320) to work on /home/airflow/.local/lib/python3.8/site-packages/airflow/example_dags/example_latest_only.py
[2023-09-24T05:12:31.764+0000] {processor.py:829} INFO - Processing file /home/airflow/.local/lib/python3.8/site-packages/airflow/example_dags/example_latest_only.py for tasks to queue
[2023-09-24T05:12:31.772+0000] {logging_mixin.py:151} INFO - [2023-09-24T05:12:31.771+0000] {dagbag.py:539} INFO - Filling up the DagBag from /home/airflow/.local/lib/python3.8/site-packages/airflow/example_dags/example_latest_only.py
[2023-09-24T05:12:31.793+0000] {processor.py:839} INFO - DAG(s) dict_keys(['latest_only']) retrieved from /home/airflow/.local/lib/python3.8/site-packages/airflow/example_dags/example_latest_only.py
[2023-09-24T05:12:31.882+0000] {logging_mixin.py:151} INFO - [2023-09-24T05:12:31.881+0000] {dag.py:2915} INFO - Sync 1 DAGs
[2023-09-24T05:12:31.995+0000] {logging_mixin.py:151} INFO - [2023-09-24T05:12:31.994+0000] {dag.py:3696} INFO - Setting next_dagrun for latest_only to 2023-09-24T01:12:31.994003+00:00, run_after=2023-09-24T05:12:31.994003+00:00
[2023-09-24T05:12:32.065+0000] {processor.py:179} INFO - Processing /home/airflow/.local/lib/python3.8/site-packages/airflow/example_dags/example_latest_only.py took 0.319 seconds
[2023-09-24T05:13:02.327+0000] {processor.py:157} INFO - Started process (PID=374) to work on /home/airflow/.local/lib/python3.8/site-packages/airflow/example_dags/example_latest_only.py
[2023-09-24T05:13:02.328+0000] {processor.py:829} INFO - Processing file /home/airflow/.local/lib/python3.8/site-packages/airflow/example_dags/example_latest_only.py for tasks to queue
[2023-09-24T05:13:02.331+0000] {logging_mixin.py:151} INFO - [2023-09-24T05:13:02.330+0000] {dagbag.py:539} INFO - Filling up the DagBag from /home/airflow/.local/lib/python3.8/site-packages/airflow/example_dags/example_latest_only.py
[2023-09-24T05:13:02.338+0000] {processor.py:839} INFO - DAG(s) dict_keys(['latest_only']) retrieved from /home/airflow/.local/lib/python3.8/site-packages/airflow/example_dags/example_latest_only.py
[2023-09-24T05:13:02.369+0000] {logging_mixin.py:151} INFO - [2023-09-24T05:13:02.368+0000] {dag.py:2915} INFO - Sync 1 DAGs
[2023-09-24T05:13:02.406+0000] {logging_mixin.py:151} INFO - [2023-09-24T05:13:02.405+0000] {dag.py:3696} INFO - Setting next_dagrun for latest_only to 2023-09-24T01:13:02.405512+00:00, run_after=2023-09-24T05:13:02.405512+00:00
[2023-09-24T05:13:02.432+0000] {processor.py:179} INFO - Processing /home/airflow/.local/lib/python3.8/site-packages/airflow/example_dags/example_latest_only.py took 0.110 seconds
[2023-09-24T05:13:56.161+0000] {processor.py:157} INFO - Started process (PID=51) to work on /home/airflow/.local/lib/python3.8/site-packages/airflow/example_dags/example_latest_only.py
[2023-09-24T05:13:56.167+0000] {processor.py:829} INFO - Processing file /home/airflow/.local/lib/python3.8/site-packages/airflow/example_dags/example_latest_only.py for tasks to queue
[2023-09-24T05:13:56.179+0000] {logging_mixin.py:151} INFO - [2023-09-24T05:13:56.178+0000] {dagbag.py:539} INFO - Filling up the DagBag from /home/airflow/.local/lib/python3.8/site-packages/airflow/example_dags/example_latest_only.py
[2023-09-24T05:13:56.231+0000] {processor.py:839} INFO - DAG(s) dict_keys(['latest_only']) retrieved from /home/airflow/.local/lib/python3.8/site-packages/airflow/example_dags/example_latest_only.py
[2023-09-24T05:13:56.298+0000] {logging_mixin.py:151} INFO - [2023-09-24T05:13:56.298+0000] {dag.py:2915} INFO - Sync 1 DAGs
[2023-09-24T05:13:56.521+0000] {logging_mixin.py:151} INFO - [2023-09-24T05:13:56.521+0000] {dag.py:3696} INFO - Setting next_dagrun for latest_only to 2023-09-24T01:13:56.520611+00:00, run_after=2023-09-24T05:13:56.520611+00:00
[2023-09-24T05:13:56.587+0000] {processor.py:179} INFO - Processing /home/airflow/.local/lib/python3.8/site-packages/airflow/example_dags/example_latest_only.py took 0.453 seconds
[2023-09-24T05:14:27.285+0000] {processor.py:157} INFO - Started process (PID=105) to work on /home/airflow/.local/lib/python3.8/site-packages/airflow/example_dags/example_latest_only.py
[2023-09-24T05:14:27.287+0000] {processor.py:829} INFO - Processing file /home/airflow/.local/lib/python3.8/site-packages/airflow/example_dags/example_latest_only.py for tasks to queue
[2023-09-24T05:14:27.290+0000] {logging_mixin.py:151} INFO - [2023-09-24T05:14:27.289+0000] {dagbag.py:539} INFO - Filling up the DagBag from /home/airflow/.local/lib/python3.8/site-packages/airflow/example_dags/example_latest_only.py
[2023-09-24T05:14:27.297+0000] {processor.py:839} INFO - DAG(s) dict_keys(['latest_only']) retrieved from /home/airflow/.local/lib/python3.8/site-packages/airflow/example_dags/example_latest_only.py
[2023-09-24T05:14:27.327+0000] {logging_mixin.py:151} INFO - [2023-09-24T05:14:27.326+0000] {dag.py:2915} INFO - Sync 1 DAGs
[2023-09-24T05:14:27.366+0000] {logging_mixin.py:151} INFO - [2023-09-24T05:14:27.366+0000] {dag.py:3696} INFO - Setting next_dagrun for latest_only to 2023-09-24T01:14:27.365886+00:00, run_after=2023-09-24T05:14:27.365886+00:00
[2023-09-24T05:14:27.391+0000] {processor.py:179} INFO - Processing /home/airflow/.local/lib/python3.8/site-packages/airflow/example_dags/example_latest_only.py took 0.113 seconds
[2023-09-24T05:14:58.741+0000] {processor.py:157} INFO - Started process (PID=166) to work on /home/airflow/.local/lib/python3.8/site-packages/airflow/example_dags/example_latest_only.py
[2023-09-24T05:14:58.743+0000] {processor.py:829} INFO - Processing file /home/airflow/.local/lib/python3.8/site-packages/airflow/example_dags/example_latest_only.py for tasks to queue
[2023-09-24T05:14:58.755+0000] {logging_mixin.py:151} INFO - [2023-09-24T05:14:58.752+0000] {dagbag.py:539} INFO - Filling up the DagBag from /home/airflow/.local/lib/python3.8/site-packages/airflow/example_dags/example_latest_only.py
[2023-09-24T05:14:58.782+0000] {processor.py:839} INFO - DAG(s) dict_keys(['latest_only']) retrieved from /home/airflow/.local/lib/python3.8/site-packages/airflow/example_dags/example_latest_only.py
[2023-09-24T05:14:58.927+0000] {logging_mixin.py:151} INFO - [2023-09-24T05:14:58.926+0000] {dag.py:2915} INFO - Sync 1 DAGs
[2023-09-24T05:14:59.034+0000] {logging_mixin.py:151} INFO - [2023-09-24T05:14:59.033+0000] {dag.py:3696} INFO - Setting next_dagrun for latest_only to 2023-09-24T01:14:59.032685+00:00, run_after=2023-09-24T05:14:59.032685+00:00
[2023-09-24T05:14:59.087+0000] {processor.py:179} INFO - Processing /home/airflow/.local/lib/python3.8/site-packages/airflow/example_dags/example_latest_only.py took 0.364 seconds
