[2023-09-24T05:00:19.312+0000] {processor.py:157} INFO - Started process (PID=64) to work on /home/airflow/.local/lib/python3.8/site-packages/airflow/example_dags/example_short_circuit_operator.py
[2023-09-24T05:00:19.313+0000] {processor.py:829} INFO - Processing file /home/airflow/.local/lib/python3.8/site-packages/airflow/example_dags/example_short_circuit_operator.py for tasks to queue
[2023-09-24T05:00:19.316+0000] {logging_mixin.py:151} INFO - [2023-09-24T05:00:19.316+0000] {dagbag.py:539} INFO - Filling up the DagBag from /home/airflow/.local/lib/python3.8/site-packages/airflow/example_dags/example_short_circuit_operator.py
[2023-09-24T05:00:19.342+0000] {processor.py:839} INFO - DAG(s) dict_keys(['example_short_circuit_operator']) retrieved from /home/airflow/.local/lib/python3.8/site-packages/airflow/example_dags/example_short_circuit_operator.py
[2023-09-24T05:00:19.611+0000] {logging_mixin.py:151} INFO - [2023-09-24T05:00:19.611+0000] {manager.py:499} INFO - Created Permission View: %s
[2023-09-24T05:00:19.631+0000] {logging_mixin.py:151} INFO - [2023-09-24T05:00:19.630+0000] {manager.py:499} INFO - Created Permission View: %s
[2023-09-24T05:00:19.642+0000] {logging_mixin.py:151} INFO - [2023-09-24T05:00:19.641+0000] {manager.py:499} INFO - Created Permission View: %s
[2023-09-24T05:00:19.642+0000] {logging_mixin.py:151} INFO - [2023-09-24T05:00:19.642+0000] {security.py:708} INFO - Not syncing DAG-level permissions for DAG 'DAG:example_short_circuit_operator' as access control is unset.
[2023-09-24T05:00:19.643+0000] {logging_mixin.py:151} INFO - [2023-09-24T05:00:19.643+0000] {dag.py:2915} INFO - Sync 1 DAGs
[2023-09-24T05:00:19.677+0000] {logging_mixin.py:151} INFO - [2023-09-24T05:00:19.677+0000] {dag.py:2937} INFO - Creating ORM DAG for example_short_circuit_operator
[2023-09-24T05:00:19.703+0000] {logging_mixin.py:151} INFO - [2023-09-24T05:00:19.702+0000] {dag.py:3696} INFO - Setting next_dagrun for example_short_circuit_operator to 2023-09-23T05:00:19.702580+00:00, run_after=2023-09-24T05:00:19.702580+00:00
[2023-09-24T05:00:19.747+0000] {processor.py:179} INFO - Processing /home/airflow/.local/lib/python3.8/site-packages/airflow/example_dags/example_short_circuit_operator.py took 0.442 seconds
[2023-09-24T05:00:50.095+0000] {processor.py:157} INFO - Started process (PID=118) to work on /home/airflow/.local/lib/python3.8/site-packages/airflow/example_dags/example_short_circuit_operator.py
[2023-09-24T05:00:50.097+0000] {processor.py:829} INFO - Processing file /home/airflow/.local/lib/python3.8/site-packages/airflow/example_dags/example_short_circuit_operator.py for tasks to queue
[2023-09-24T05:00:50.100+0000] {logging_mixin.py:151} INFO - [2023-09-24T05:00:50.100+0000] {dagbag.py:539} INFO - Filling up the DagBag from /home/airflow/.local/lib/python3.8/site-packages/airflow/example_dags/example_short_circuit_operator.py
[2023-09-24T05:00:50.117+0000] {processor.py:839} INFO - DAG(s) dict_keys(['example_short_circuit_operator']) retrieved from /home/airflow/.local/lib/python3.8/site-packages/airflow/example_dags/example_short_circuit_operator.py
[2023-09-24T05:00:50.158+0000] {logging_mixin.py:151} INFO - [2023-09-24T05:00:50.158+0000] {dag.py:2915} INFO - Sync 1 DAGs
[2023-09-24T05:00:50.195+0000] {logging_mixin.py:151} INFO - [2023-09-24T05:00:50.194+0000] {dag.py:3696} INFO - Setting next_dagrun for example_short_circuit_operator to 2023-09-23T05:00:50.194457+00:00, run_after=2023-09-24T05:00:50.194457+00:00
[2023-09-24T05:00:50.220+0000] {processor.py:179} INFO - Processing /home/airflow/.local/lib/python3.8/site-packages/airflow/example_dags/example_short_circuit_operator.py took 0.130 seconds
[2023-09-24T05:01:20.369+0000] {processor.py:157} INFO - Started process (PID=172) to work on /home/airflow/.local/lib/python3.8/site-packages/airflow/example_dags/example_short_circuit_operator.py
[2023-09-24T05:01:20.371+0000] {processor.py:829} INFO - Processing file /home/airflow/.local/lib/python3.8/site-packages/airflow/example_dags/example_short_circuit_operator.py for tasks to queue
[2023-09-24T05:01:20.373+0000] {logging_mixin.py:151} INFO - [2023-09-24T05:01:20.373+0000] {dagbag.py:539} INFO - Filling up the DagBag from /home/airflow/.local/lib/python3.8/site-packages/airflow/example_dags/example_short_circuit_operator.py
[2023-09-24T05:01:20.386+0000] {processor.py:839} INFO - DAG(s) dict_keys(['example_short_circuit_operator']) retrieved from /home/airflow/.local/lib/python3.8/site-packages/airflow/example_dags/example_short_circuit_operator.py
[2023-09-24T05:01:20.438+0000] {logging_mixin.py:151} INFO - [2023-09-24T05:01:20.438+0000] {dag.py:2915} INFO - Sync 1 DAGs
[2023-09-24T05:01:20.474+0000] {logging_mixin.py:151} INFO - [2023-09-24T05:01:20.474+0000] {dag.py:3696} INFO - Setting next_dagrun for example_short_circuit_operator to 2023-09-23T05:01:20.474096+00:00, run_after=2023-09-24T05:01:20.474096+00:00
[2023-09-24T05:01:20.501+0000] {processor.py:179} INFO - Processing /home/airflow/.local/lib/python3.8/site-packages/airflow/example_dags/example_short_circuit_operator.py took 0.136 seconds
[2023-09-24T05:01:50.630+0000] {processor.py:157} INFO - Started process (PID=226) to work on /home/airflow/.local/lib/python3.8/site-packages/airflow/example_dags/example_short_circuit_operator.py
[2023-09-24T05:01:50.630+0000] {processor.py:829} INFO - Processing file /home/airflow/.local/lib/python3.8/site-packages/airflow/example_dags/example_short_circuit_operator.py for tasks to queue
[2023-09-24T05:01:50.633+0000] {logging_mixin.py:151} INFO - [2023-09-24T05:01:50.633+0000] {dagbag.py:539} INFO - Filling up the DagBag from /home/airflow/.local/lib/python3.8/site-packages/airflow/example_dags/example_short_circuit_operator.py
[2023-09-24T05:01:50.645+0000] {processor.py:839} INFO - DAG(s) dict_keys(['example_short_circuit_operator']) retrieved from /home/airflow/.local/lib/python3.8/site-packages/airflow/example_dags/example_short_circuit_operator.py
[2023-09-24T05:01:50.682+0000] {logging_mixin.py:151} INFO - [2023-09-24T05:01:50.681+0000] {dag.py:2915} INFO - Sync 1 DAGs
[2023-09-24T05:01:50.716+0000] {logging_mixin.py:151} INFO - [2023-09-24T05:01:50.716+0000] {dag.py:3696} INFO - Setting next_dagrun for example_short_circuit_operator to 2023-09-23T05:01:50.715722+00:00, run_after=2023-09-24T05:01:50.715722+00:00
[2023-09-24T05:01:50.742+0000] {processor.py:179} INFO - Processing /home/airflow/.local/lib/python3.8/site-packages/airflow/example_dags/example_short_circuit_operator.py took 0.117 seconds
[2023-09-24T05:02:22.181+0000] {processor.py:157} INFO - Started process (PID=280) to work on /home/airflow/.local/lib/python3.8/site-packages/airflow/example_dags/example_short_circuit_operator.py
[2023-09-24T05:02:22.182+0000] {processor.py:829} INFO - Processing file /home/airflow/.local/lib/python3.8/site-packages/airflow/example_dags/example_short_circuit_operator.py for tasks to queue
[2023-09-24T05:02:22.186+0000] {logging_mixin.py:151} INFO - [2023-09-24T05:02:22.185+0000] {dagbag.py:539} INFO - Filling up the DagBag from /home/airflow/.local/lib/python3.8/site-packages/airflow/example_dags/example_short_circuit_operator.py
[2023-09-24T05:02:22.201+0000] {processor.py:839} INFO - DAG(s) dict_keys(['example_short_circuit_operator']) retrieved from /home/airflow/.local/lib/python3.8/site-packages/airflow/example_dags/example_short_circuit_operator.py
[2023-09-24T05:02:22.249+0000] {logging_mixin.py:151} INFO - [2023-09-24T05:02:22.249+0000] {dag.py:2915} INFO - Sync 1 DAGs
[2023-09-24T05:02:22.295+0000] {logging_mixin.py:151} INFO - [2023-09-24T05:02:22.295+0000] {dag.py:3696} INFO - Setting next_dagrun for example_short_circuit_operator to 2023-09-23T05:02:22.295064+00:00, run_after=2023-09-24T05:02:22.295064+00:00
[2023-09-24T05:02:22.330+0000] {processor.py:179} INFO - Processing /home/airflow/.local/lib/python3.8/site-packages/airflow/example_dags/example_short_circuit_operator.py took 0.156 seconds
[2023-09-24T05:02:53.043+0000] {processor.py:157} INFO - Started process (PID=334) to work on /home/airflow/.local/lib/python3.8/site-packages/airflow/example_dags/example_short_circuit_operator.py
[2023-09-24T05:02:53.044+0000] {processor.py:829} INFO - Processing file /home/airflow/.local/lib/python3.8/site-packages/airflow/example_dags/example_short_circuit_operator.py for tasks to queue
[2023-09-24T05:02:53.047+0000] {logging_mixin.py:151} INFO - [2023-09-24T05:02:53.046+0000] {dagbag.py:539} INFO - Filling up the DagBag from /home/airflow/.local/lib/python3.8/site-packages/airflow/example_dags/example_short_circuit_operator.py
[2023-09-24T05:02:53.060+0000] {processor.py:839} INFO - DAG(s) dict_keys(['example_short_circuit_operator']) retrieved from /home/airflow/.local/lib/python3.8/site-packages/airflow/example_dags/example_short_circuit_operator.py
[2023-09-24T05:02:53.098+0000] {logging_mixin.py:151} INFO - [2023-09-24T05:02:53.097+0000] {dag.py:2915} INFO - Sync 1 DAGs
[2023-09-24T05:02:53.133+0000] {logging_mixin.py:151} INFO - [2023-09-24T05:02:53.133+0000] {dag.py:3696} INFO - Setting next_dagrun for example_short_circuit_operator to 2023-09-23T05:02:53.133168+00:00, run_after=2023-09-24T05:02:53.133168+00:00
[2023-09-24T05:02:53.162+0000] {processor.py:179} INFO - Processing /home/airflow/.local/lib/python3.8/site-packages/airflow/example_dags/example_short_circuit_operator.py took 0.123 seconds
[2023-09-24T05:03:24.637+0000] {processor.py:157} INFO - Started process (PID=389) to work on /home/airflow/.local/lib/python3.8/site-packages/airflow/example_dags/example_short_circuit_operator.py
[2023-09-24T05:03:24.639+0000] {processor.py:829} INFO - Processing file /home/airflow/.local/lib/python3.8/site-packages/airflow/example_dags/example_short_circuit_operator.py for tasks to queue
[2023-09-24T05:03:24.642+0000] {logging_mixin.py:151} INFO - [2023-09-24T05:03:24.641+0000] {dagbag.py:539} INFO - Filling up the DagBag from /home/airflow/.local/lib/python3.8/site-packages/airflow/example_dags/example_short_circuit_operator.py
[2023-09-24T05:03:24.654+0000] {processor.py:839} INFO - DAG(s) dict_keys(['example_short_circuit_operator']) retrieved from /home/airflow/.local/lib/python3.8/site-packages/airflow/example_dags/example_short_circuit_operator.py
[2023-09-24T05:03:24.691+0000] {logging_mixin.py:151} INFO - [2023-09-24T05:03:24.691+0000] {dag.py:2915} INFO - Sync 1 DAGs
[2023-09-24T05:03:24.727+0000] {logging_mixin.py:151} INFO - [2023-09-24T05:03:24.726+0000] {dag.py:3696} INFO - Setting next_dagrun for example_short_circuit_operator to 2023-09-23T05:03:24.726404+00:00, run_after=2023-09-24T05:03:24.726404+00:00
[2023-09-24T05:03:24.751+0000] {processor.py:179} INFO - Processing /home/airflow/.local/lib/python3.8/site-packages/airflow/example_dags/example_short_circuit_operator.py took 0.118 seconds
[2023-09-24T05:03:55.379+0000] {processor.py:157} INFO - Started process (PID=443) to work on /home/airflow/.local/lib/python3.8/site-packages/airflow/example_dags/example_short_circuit_operator.py
[2023-09-24T05:03:55.381+0000] {processor.py:829} INFO - Processing file /home/airflow/.local/lib/python3.8/site-packages/airflow/example_dags/example_short_circuit_operator.py for tasks to queue
[2023-09-24T05:03:55.384+0000] {logging_mixin.py:151} INFO - [2023-09-24T05:03:55.384+0000] {dagbag.py:539} INFO - Filling up the DagBag from /home/airflow/.local/lib/python3.8/site-packages/airflow/example_dags/example_short_circuit_operator.py
[2023-09-24T05:03:55.397+0000] {processor.py:839} INFO - DAG(s) dict_keys(['example_short_circuit_operator']) retrieved from /home/airflow/.local/lib/python3.8/site-packages/airflow/example_dags/example_short_circuit_operator.py
[2023-09-24T05:03:55.437+0000] {logging_mixin.py:151} INFO - [2023-09-24T05:03:55.437+0000] {dag.py:2915} INFO - Sync 1 DAGs
[2023-09-24T05:03:55.474+0000] {logging_mixin.py:151} INFO - [2023-09-24T05:03:55.473+0000] {dag.py:3696} INFO - Setting next_dagrun for example_short_circuit_operator to 2023-09-23T05:03:55.473469+00:00, run_after=2023-09-24T05:03:55.473469+00:00
[2023-09-24T05:03:55.500+0000] {processor.py:179} INFO - Processing /home/airflow/.local/lib/python3.8/site-packages/airflow/example_dags/example_short_circuit_operator.py took 0.126 seconds
[2023-09-24T05:10:04.060+0000] {processor.py:157} INFO - Started process (PID=64) to work on /home/airflow/.local/lib/python3.8/site-packages/airflow/example_dags/example_short_circuit_operator.py
[2023-09-24T05:10:04.063+0000] {processor.py:829} INFO - Processing file /home/airflow/.local/lib/python3.8/site-packages/airflow/example_dags/example_short_circuit_operator.py for tasks to queue
[2023-09-24T05:10:04.071+0000] {logging_mixin.py:151} INFO - [2023-09-24T05:10:04.071+0000] {dagbag.py:539} INFO - Filling up the DagBag from /home/airflow/.local/lib/python3.8/site-packages/airflow/example_dags/example_short_circuit_operator.py
[2023-09-24T05:10:04.142+0000] {processor.py:839} INFO - DAG(s) dict_keys(['example_short_circuit_operator']) retrieved from /home/airflow/.local/lib/python3.8/site-packages/airflow/example_dags/example_short_circuit_operator.py
[2023-09-24T05:10:04.242+0000] {logging_mixin.py:151} INFO - [2023-09-24T05:10:04.241+0000] {dag.py:2915} INFO - Sync 1 DAGs
[2023-09-24T05:10:04.303+0000] {logging_mixin.py:151} INFO - [2023-09-24T05:10:04.302+0000] {dag.py:3696} INFO - Setting next_dagrun for example_short_circuit_operator to 2023-09-23T05:10:04.302292+00:00, run_after=2023-09-24T05:10:04.302292+00:00
[2023-09-24T05:10:04.352+0000] {processor.py:179} INFO - Processing /home/airflow/.local/lib/python3.8/site-packages/airflow/example_dags/example_short_circuit_operator.py took 0.305 seconds
[2023-09-24T05:10:34.381+0000] {processor.py:157} INFO - Started process (PID=117) to work on /home/airflow/.local/lib/python3.8/site-packages/airflow/example_dags/example_short_circuit_operator.py
[2023-09-24T05:10:34.382+0000] {processor.py:829} INFO - Processing file /home/airflow/.local/lib/python3.8/site-packages/airflow/example_dags/example_short_circuit_operator.py for tasks to queue
[2023-09-24T05:10:34.385+0000] {logging_mixin.py:151} INFO - [2023-09-24T05:10:34.385+0000] {dagbag.py:539} INFO - Filling up the DagBag from /home/airflow/.local/lib/python3.8/site-packages/airflow/example_dags/example_short_circuit_operator.py
[2023-09-24T05:10:34.398+0000] {processor.py:839} INFO - DAG(s) dict_keys(['example_short_circuit_operator']) retrieved from /home/airflow/.local/lib/python3.8/site-packages/airflow/example_dags/example_short_circuit_operator.py
[2023-09-24T05:10:34.437+0000] {logging_mixin.py:151} INFO - [2023-09-24T05:10:34.437+0000] {dag.py:2915} INFO - Sync 1 DAGs
[2023-09-24T05:10:34.474+0000] {logging_mixin.py:151} INFO - [2023-09-24T05:10:34.474+0000] {dag.py:3696} INFO - Setting next_dagrun for example_short_circuit_operator to 2023-09-23T05:10:34.473672+00:00, run_after=2023-09-24T05:10:34.473672+00:00
[2023-09-24T05:10:34.513+0000] {processor.py:179} INFO - Processing /home/airflow/.local/lib/python3.8/site-packages/airflow/example_dags/example_short_circuit_operator.py took 0.137 seconds
[2023-09-24T05:11:05.256+0000] {processor.py:157} INFO - Started process (PID=171) to work on /home/airflow/.local/lib/python3.8/site-packages/airflow/example_dags/example_short_circuit_operator.py
[2023-09-24T05:11:05.258+0000] {processor.py:829} INFO - Processing file /home/airflow/.local/lib/python3.8/site-packages/airflow/example_dags/example_short_circuit_operator.py for tasks to queue
[2023-09-24T05:11:05.261+0000] {logging_mixin.py:151} INFO - [2023-09-24T05:11:05.260+0000] {dagbag.py:539} INFO - Filling up the DagBag from /home/airflow/.local/lib/python3.8/site-packages/airflow/example_dags/example_short_circuit_operator.py
[2023-09-24T05:11:05.273+0000] {processor.py:839} INFO - DAG(s) dict_keys(['example_short_circuit_operator']) retrieved from /home/airflow/.local/lib/python3.8/site-packages/airflow/example_dags/example_short_circuit_operator.py
[2023-09-24T05:11:05.314+0000] {logging_mixin.py:151} INFO - [2023-09-24T05:11:05.314+0000] {dag.py:2915} INFO - Sync 1 DAGs
[2023-09-24T05:11:05.353+0000] {logging_mixin.py:151} INFO - [2023-09-24T05:11:05.353+0000] {dag.py:3696} INFO - Setting next_dagrun for example_short_circuit_operator to 2023-09-23T05:11:05.352872+00:00, run_after=2023-09-24T05:11:05.352872+00:00
[2023-09-24T05:11:05.386+0000] {processor.py:179} INFO - Processing /home/airflow/.local/lib/python3.8/site-packages/airflow/example_dags/example_short_circuit_operator.py took 0.134 seconds
[2023-09-24T05:11:35.585+0000] {processor.py:157} INFO - Started process (PID=225) to work on /home/airflow/.local/lib/python3.8/site-packages/airflow/example_dags/example_short_circuit_operator.py
[2023-09-24T05:11:35.586+0000] {processor.py:829} INFO - Processing file /home/airflow/.local/lib/python3.8/site-packages/airflow/example_dags/example_short_circuit_operator.py for tasks to queue
[2023-09-24T05:11:35.591+0000] {logging_mixin.py:151} INFO - [2023-09-24T05:11:35.590+0000] {dagbag.py:539} INFO - Filling up the DagBag from /home/airflow/.local/lib/python3.8/site-packages/airflow/example_dags/example_short_circuit_operator.py
[2023-09-24T05:11:35.614+0000] {processor.py:839} INFO - DAG(s) dict_keys(['example_short_circuit_operator']) retrieved from /home/airflow/.local/lib/python3.8/site-packages/airflow/example_dags/example_short_circuit_operator.py
[2023-09-24T05:11:35.674+0000] {logging_mixin.py:151} INFO - [2023-09-24T05:11:35.673+0000] {dag.py:2915} INFO - Sync 1 DAGs
[2023-09-24T05:11:35.737+0000] {logging_mixin.py:151} INFO - [2023-09-24T05:11:35.737+0000] {dag.py:3696} INFO - Setting next_dagrun for example_short_circuit_operator to 2023-09-23T05:11:35.736619+00:00, run_after=2023-09-24T05:11:35.736619+00:00
[2023-09-24T05:11:35.779+0000] {processor.py:179} INFO - Processing /home/airflow/.local/lib/python3.8/site-packages/airflow/example_dags/example_short_circuit_operator.py took 0.202 seconds
[2023-09-24T05:12:06.491+0000] {processor.py:157} INFO - Started process (PID=288) to work on /home/airflow/.local/lib/python3.8/site-packages/airflow/example_dags/example_short_circuit_operator.py
[2023-09-24T05:12:06.492+0000] {processor.py:829} INFO - Processing file /home/airflow/.local/lib/python3.8/site-packages/airflow/example_dags/example_short_circuit_operator.py for tasks to queue
[2023-09-24T05:12:06.496+0000] {logging_mixin.py:151} INFO - [2023-09-24T05:12:06.495+0000] {dagbag.py:539} INFO - Filling up the DagBag from /home/airflow/.local/lib/python3.8/site-packages/airflow/example_dags/example_short_circuit_operator.py
[2023-09-24T05:12:06.509+0000] {processor.py:839} INFO - DAG(s) dict_keys(['example_short_circuit_operator']) retrieved from /home/airflow/.local/lib/python3.8/site-packages/airflow/example_dags/example_short_circuit_operator.py
[2023-09-24T05:12:06.546+0000] {logging_mixin.py:151} INFO - [2023-09-24T05:12:06.546+0000] {dag.py:2915} INFO - Sync 1 DAGs
[2023-09-24T05:12:06.583+0000] {logging_mixin.py:151} INFO - [2023-09-24T05:12:06.582+0000] {dag.py:3696} INFO - Setting next_dagrun for example_short_circuit_operator to 2023-09-23T05:12:06.582538+00:00, run_after=2023-09-24T05:12:06.582538+00:00
[2023-09-24T05:12:06.611+0000] {processor.py:179} INFO - Processing /home/airflow/.local/lib/python3.8/site-packages/airflow/example_dags/example_short_circuit_operator.py took 0.126 seconds
[2023-09-24T05:12:38.125+0000] {processor.py:157} INFO - Started process (PID=342) to work on /home/airflow/.local/lib/python3.8/site-packages/airflow/example_dags/example_short_circuit_operator.py
[2023-09-24T05:12:38.127+0000] {processor.py:829} INFO - Processing file /home/airflow/.local/lib/python3.8/site-packages/airflow/example_dags/example_short_circuit_operator.py for tasks to queue
[2023-09-24T05:12:38.131+0000] {logging_mixin.py:151} INFO - [2023-09-24T05:12:38.130+0000] {dagbag.py:539} INFO - Filling up the DagBag from /home/airflow/.local/lib/python3.8/site-packages/airflow/example_dags/example_short_circuit_operator.py
[2023-09-24T05:12:38.150+0000] {processor.py:839} INFO - DAG(s) dict_keys(['example_short_circuit_operator']) retrieved from /home/airflow/.local/lib/python3.8/site-packages/airflow/example_dags/example_short_circuit_operator.py
[2023-09-24T05:12:38.205+0000] {logging_mixin.py:151} INFO - [2023-09-24T05:12:38.205+0000] {dag.py:2915} INFO - Sync 1 DAGs
[2023-09-24T05:12:38.256+0000] {logging_mixin.py:151} INFO - [2023-09-24T05:12:38.256+0000] {dag.py:3696} INFO - Setting next_dagrun for example_short_circuit_operator to 2023-09-23T05:12:38.255667+00:00, run_after=2023-09-24T05:12:38.255667+00:00
[2023-09-24T05:12:38.291+0000] {processor.py:179} INFO - Processing /home/airflow/.local/lib/python3.8/site-packages/airflow/example_dags/example_short_circuit_operator.py took 0.173 seconds
[2023-09-24T05:13:09.053+0000] {processor.py:157} INFO - Started process (PID=395) to work on /home/airflow/.local/lib/python3.8/site-packages/airflow/example_dags/example_short_circuit_operator.py
[2023-09-24T05:13:09.055+0000] {processor.py:829} INFO - Processing file /home/airflow/.local/lib/python3.8/site-packages/airflow/example_dags/example_short_circuit_operator.py for tasks to queue
[2023-09-24T05:13:09.063+0000] {logging_mixin.py:151} INFO - [2023-09-24T05:13:09.062+0000] {dagbag.py:539} INFO - Filling up the DagBag from /home/airflow/.local/lib/python3.8/site-packages/airflow/example_dags/example_short_circuit_operator.py
[2023-09-24T05:13:09.088+0000] {processor.py:839} INFO - DAG(s) dict_keys(['example_short_circuit_operator']) retrieved from /home/airflow/.local/lib/python3.8/site-packages/airflow/example_dags/example_short_circuit_operator.py
[2023-09-24T05:13:09.165+0000] {logging_mixin.py:151} INFO - [2023-09-24T05:13:09.164+0000] {dag.py:2915} INFO - Sync 1 DAGs
[2023-09-24T05:13:09.226+0000] {logging_mixin.py:151} INFO - [2023-09-24T05:13:09.226+0000] {dag.py:3696} INFO - Setting next_dagrun for example_short_circuit_operator to 2023-09-23T05:13:09.225442+00:00, run_after=2023-09-24T05:13:09.225442+00:00
[2023-09-24T05:13:09.272+0000] {processor.py:179} INFO - Processing /home/airflow/.local/lib/python3.8/site-packages/airflow/example_dags/example_short_circuit_operator.py took 0.227 seconds
[2023-09-24T05:13:59.238+0000] {processor.py:157} INFO - Started process (PID=64) to work on /home/airflow/.local/lib/python3.8/site-packages/airflow/example_dags/example_short_circuit_operator.py
[2023-09-24T05:13:59.241+0000] {processor.py:829} INFO - Processing file /home/airflow/.local/lib/python3.8/site-packages/airflow/example_dags/example_short_circuit_operator.py for tasks to queue
[2023-09-24T05:13:59.246+0000] {logging_mixin.py:151} INFO - [2023-09-24T05:13:59.245+0000] {dagbag.py:539} INFO - Filling up the DagBag from /home/airflow/.local/lib/python3.8/site-packages/airflow/example_dags/example_short_circuit_operator.py
[2023-09-24T05:13:59.289+0000] {processor.py:839} INFO - DAG(s) dict_keys(['example_short_circuit_operator']) retrieved from /home/airflow/.local/lib/python3.8/site-packages/airflow/example_dags/example_short_circuit_operator.py
[2023-09-24T05:13:59.332+0000] {logging_mixin.py:151} INFO - [2023-09-24T05:13:59.331+0000] {dag.py:2915} INFO - Sync 1 DAGs
[2023-09-24T05:13:59.412+0000] {logging_mixin.py:151} INFO - [2023-09-24T05:13:59.411+0000] {dag.py:3696} INFO - Setting next_dagrun for example_short_circuit_operator to 2023-09-23T05:13:59.410999+00:00, run_after=2023-09-24T05:13:59.410999+00:00
[2023-09-24T05:13:59.479+0000] {processor.py:179} INFO - Processing /home/airflow/.local/lib/python3.8/site-packages/airflow/example_dags/example_short_circuit_operator.py took 0.250 seconds
[2023-09-24T05:14:30.424+0000] {processor.py:157} INFO - Started process (PID=119) to work on /home/airflow/.local/lib/python3.8/site-packages/airflow/example_dags/example_short_circuit_operator.py
[2023-09-24T05:14:30.425+0000] {processor.py:829} INFO - Processing file /home/airflow/.local/lib/python3.8/site-packages/airflow/example_dags/example_short_circuit_operator.py for tasks to queue
[2023-09-24T05:14:30.428+0000] {logging_mixin.py:151} INFO - [2023-09-24T05:14:30.428+0000] {dagbag.py:539} INFO - Filling up the DagBag from /home/airflow/.local/lib/python3.8/site-packages/airflow/example_dags/example_short_circuit_operator.py
[2023-09-24T05:14:30.440+0000] {processor.py:839} INFO - DAG(s) dict_keys(['example_short_circuit_operator']) retrieved from /home/airflow/.local/lib/python3.8/site-packages/airflow/example_dags/example_short_circuit_operator.py
[2023-09-24T05:14:30.477+0000] {logging_mixin.py:151} INFO - [2023-09-24T05:14:30.477+0000] {dag.py:2915} INFO - Sync 1 DAGs
[2023-09-24T05:14:30.515+0000] {logging_mixin.py:151} INFO - [2023-09-24T05:14:30.514+0000] {dag.py:3696} INFO - Setting next_dagrun for example_short_circuit_operator to 2023-09-23T05:14:30.514406+00:00, run_after=2023-09-24T05:14:30.514406+00:00
[2023-09-24T05:14:30.540+0000] {processor.py:179} INFO - Processing /home/airflow/.local/lib/python3.8/site-packages/airflow/example_dags/example_short_circuit_operator.py took 0.122 seconds
[2023-09-24T05:15:02.675+0000] {processor.py:157} INFO - Started process (PID=179) to work on /home/airflow/.local/lib/python3.8/site-packages/airflow/example_dags/example_short_circuit_operator.py
[2023-09-24T05:15:02.677+0000] {processor.py:829} INFO - Processing file /home/airflow/.local/lib/python3.8/site-packages/airflow/example_dags/example_short_circuit_operator.py for tasks to queue
[2023-09-24T05:15:02.683+0000] {logging_mixin.py:151} INFO - [2023-09-24T05:15:02.682+0000] {dagbag.py:539} INFO - Filling up the DagBag from /home/airflow/.local/lib/python3.8/site-packages/airflow/example_dags/example_short_circuit_operator.py
[2023-09-24T05:15:02.705+0000] {processor.py:839} INFO - DAG(s) dict_keys(['example_short_circuit_operator']) retrieved from /home/airflow/.local/lib/python3.8/site-packages/airflow/example_dags/example_short_circuit_operator.py
[2023-09-24T05:15:02.763+0000] {logging_mixin.py:151} INFO - [2023-09-24T05:15:02.762+0000] {dag.py:2915} INFO - Sync 1 DAGs
[2023-09-24T05:15:02.817+0000] {logging_mixin.py:151} INFO - [2023-09-24T05:15:02.816+0000] {dag.py:3696} INFO - Setting next_dagrun for example_short_circuit_operator to 2023-09-23T05:15:02.816204+00:00, run_after=2023-09-24T05:15:02.816204+00:00
[2023-09-24T05:15:02.855+0000] {processor.py:179} INFO - Processing /home/airflow/.local/lib/python3.8/site-packages/airflow/example_dags/example_short_circuit_operator.py took 0.187 seconds
