[2023-09-24T05:00:20.704+0000] {processor.py:157} INFO - Started process (PID=70) to work on /home/airflow/.local/lib/python3.8/site-packages/airflow/example_dags/example_time_delta_sensor_async.py
[2023-09-24T05:00:20.706+0000] {processor.py:829} INFO - Processing file /home/airflow/.local/lib/python3.8/site-packages/airflow/example_dags/example_time_delta_sensor_async.py for tasks to queue
[2023-09-24T05:00:20.735+0000] {logging_mixin.py:151} INFO - [2023-09-24T05:00:20.734+0000] {dagbag.py:539} INFO - Filling up the DagBag from /home/airflow/.local/lib/python3.8/site-packages/airflow/example_dags/example_time_delta_sensor_async.py
[2023-09-24T05:00:20.745+0000] {processor.py:839} INFO - DAG(s) dict_keys(['example_time_delta_sensor_async']) retrieved from /home/airflow/.local/lib/python3.8/site-packages/airflow/example_dags/example_time_delta_sensor_async.py
[2023-09-24T05:00:20.995+0000] {logging_mixin.py:151} INFO - [2023-09-24T05:00:20.995+0000] {manager.py:499} INFO - Created Permission View: %s
[2023-09-24T05:00:21.026+0000] {logging_mixin.py:151} INFO - [2023-09-24T05:00:21.025+0000] {manager.py:499} INFO - Created Permission View: %s
[2023-09-24T05:00:21.049+0000] {logging_mixin.py:151} INFO - [2023-09-24T05:00:21.048+0000] {manager.py:499} INFO - Created Permission View: %s
[2023-09-24T05:00:21.050+0000] {logging_mixin.py:151} INFO - [2023-09-24T05:00:21.049+0000] {security.py:708} INFO - Not syncing DAG-level permissions for DAG 'DAG:example_time_delta_sensor_async' as access control is unset.
[2023-09-24T05:00:21.051+0000] {logging_mixin.py:151} INFO - [2023-09-24T05:00:21.051+0000] {dag.py:2915} INFO - Sync 1 DAGs
[2023-09-24T05:00:21.087+0000] {logging_mixin.py:151} INFO - [2023-09-24T05:00:21.087+0000] {dag.py:2937} INFO - Creating ORM DAG for example_time_delta_sensor_async
[2023-09-24T05:00:21.088+0000] {logging_mixin.py:151} INFO - [2023-09-24T05:00:21.088+0000] {dag.py:3696} INFO - Setting next_dagrun for example_time_delta_sensor_async to None, run_after=None
[2023-09-24T05:00:21.127+0000] {processor.py:179} INFO - Processing /home/airflow/.local/lib/python3.8/site-packages/airflow/example_dags/example_time_delta_sensor_async.py took 0.430 seconds
[2023-09-24T05:00:51.456+0000] {processor.py:157} INFO - Started process (PID=124) to work on /home/airflow/.local/lib/python3.8/site-packages/airflow/example_dags/example_time_delta_sensor_async.py
[2023-09-24T05:00:51.457+0000] {processor.py:829} INFO - Processing file /home/airflow/.local/lib/python3.8/site-packages/airflow/example_dags/example_time_delta_sensor_async.py for tasks to queue
[2023-09-24T05:00:51.460+0000] {logging_mixin.py:151} INFO - [2023-09-24T05:00:51.460+0000] {dagbag.py:539} INFO - Filling up the DagBag from /home/airflow/.local/lib/python3.8/site-packages/airflow/example_dags/example_time_delta_sensor_async.py
[2023-09-24T05:00:51.466+0000] {processor.py:839} INFO - DAG(s) dict_keys(['example_time_delta_sensor_async']) retrieved from /home/airflow/.local/lib/python3.8/site-packages/airflow/example_dags/example_time_delta_sensor_async.py
[2023-09-24T05:00:51.495+0000] {logging_mixin.py:151} INFO - [2023-09-24T05:00:51.495+0000] {dag.py:2915} INFO - Sync 1 DAGs
[2023-09-24T05:00:51.517+0000] {logging_mixin.py:151} INFO - [2023-09-24T05:00:51.517+0000] {dag.py:3696} INFO - Setting next_dagrun for example_time_delta_sensor_async to None, run_after=None
[2023-09-24T05:00:51.543+0000] {processor.py:179} INFO - Processing /home/airflow/.local/lib/python3.8/site-packages/airflow/example_dags/example_time_delta_sensor_async.py took 0.092 seconds
[2023-09-24T05:01:21.726+0000] {processor.py:157} INFO - Started process (PID=178) to work on /home/airflow/.local/lib/python3.8/site-packages/airflow/example_dags/example_time_delta_sensor_async.py
[2023-09-24T05:01:21.727+0000] {processor.py:829} INFO - Processing file /home/airflow/.local/lib/python3.8/site-packages/airflow/example_dags/example_time_delta_sensor_async.py for tasks to queue
[2023-09-24T05:01:21.730+0000] {logging_mixin.py:151} INFO - [2023-09-24T05:01:21.730+0000] {dagbag.py:539} INFO - Filling up the DagBag from /home/airflow/.local/lib/python3.8/site-packages/airflow/example_dags/example_time_delta_sensor_async.py
[2023-09-24T05:01:21.736+0000] {processor.py:839} INFO - DAG(s) dict_keys(['example_time_delta_sensor_async']) retrieved from /home/airflow/.local/lib/python3.8/site-packages/airflow/example_dags/example_time_delta_sensor_async.py
[2023-09-24T05:01:21.768+0000] {logging_mixin.py:151} INFO - [2023-09-24T05:01:21.768+0000] {dag.py:2915} INFO - Sync 1 DAGs
[2023-09-24T05:01:21.789+0000] {logging_mixin.py:151} INFO - [2023-09-24T05:01:21.788+0000] {dag.py:3696} INFO - Setting next_dagrun for example_time_delta_sensor_async to None, run_after=None
[2023-09-24T05:01:21.814+0000] {processor.py:179} INFO - Processing /home/airflow/.local/lib/python3.8/site-packages/airflow/example_dags/example_time_delta_sensor_async.py took 0.093 seconds
[2023-09-24T05:01:52.072+0000] {processor.py:157} INFO - Started process (PID=232) to work on /home/airflow/.local/lib/python3.8/site-packages/airflow/example_dags/example_time_delta_sensor_async.py
[2023-09-24T05:01:52.073+0000] {processor.py:829} INFO - Processing file /home/airflow/.local/lib/python3.8/site-packages/airflow/example_dags/example_time_delta_sensor_async.py for tasks to queue
[2023-09-24T05:01:52.077+0000] {logging_mixin.py:151} INFO - [2023-09-24T05:01:52.077+0000] {dagbag.py:539} INFO - Filling up the DagBag from /home/airflow/.local/lib/python3.8/site-packages/airflow/example_dags/example_time_delta_sensor_async.py
[2023-09-24T05:01:52.083+0000] {processor.py:839} INFO - DAG(s) dict_keys(['example_time_delta_sensor_async']) retrieved from /home/airflow/.local/lib/python3.8/site-packages/airflow/example_dags/example_time_delta_sensor_async.py
[2023-09-24T05:01:52.112+0000] {logging_mixin.py:151} INFO - [2023-09-24T05:01:52.112+0000] {dag.py:2915} INFO - Sync 1 DAGs
[2023-09-24T05:01:52.132+0000] {logging_mixin.py:151} INFO - [2023-09-24T05:01:52.132+0000] {dag.py:3696} INFO - Setting next_dagrun for example_time_delta_sensor_async to None, run_after=None
[2023-09-24T05:01:52.158+0000] {processor.py:179} INFO - Processing /home/airflow/.local/lib/python3.8/site-packages/airflow/example_dags/example_time_delta_sensor_async.py took 0.091 seconds
[2023-09-24T05:02:22.694+0000] {processor.py:157} INFO - Started process (PID=286) to work on /home/airflow/.local/lib/python3.8/site-packages/airflow/example_dags/example_time_delta_sensor_async.py
[2023-09-24T05:02:22.695+0000] {processor.py:829} INFO - Processing file /home/airflow/.local/lib/python3.8/site-packages/airflow/example_dags/example_time_delta_sensor_async.py for tasks to queue
[2023-09-24T05:02:22.698+0000] {logging_mixin.py:151} INFO - [2023-09-24T05:02:22.698+0000] {dagbag.py:539} INFO - Filling up the DagBag from /home/airflow/.local/lib/python3.8/site-packages/airflow/example_dags/example_time_delta_sensor_async.py
[2023-09-24T05:02:22.704+0000] {processor.py:839} INFO - DAG(s) dict_keys(['example_time_delta_sensor_async']) retrieved from /home/airflow/.local/lib/python3.8/site-packages/airflow/example_dags/example_time_delta_sensor_async.py
[2023-09-24T05:02:22.735+0000] {logging_mixin.py:151} INFO - [2023-09-24T05:02:22.735+0000] {dag.py:2915} INFO - Sync 1 DAGs
[2023-09-24T05:02:22.757+0000] {logging_mixin.py:151} INFO - [2023-09-24T05:02:22.757+0000] {dag.py:3696} INFO - Setting next_dagrun for example_time_delta_sensor_async to None, run_after=None
[2023-09-24T05:02:22.784+0000] {processor.py:179} INFO - Processing /home/airflow/.local/lib/python3.8/site-packages/airflow/example_dags/example_time_delta_sensor_async.py took 0.095 seconds
[2023-09-24T05:02:53.475+0000] {processor.py:157} INFO - Started process (PID=340) to work on /home/airflow/.local/lib/python3.8/site-packages/airflow/example_dags/example_time_delta_sensor_async.py
[2023-09-24T05:02:53.477+0000] {processor.py:829} INFO - Processing file /home/airflow/.local/lib/python3.8/site-packages/airflow/example_dags/example_time_delta_sensor_async.py for tasks to queue
[2023-09-24T05:02:53.480+0000] {logging_mixin.py:151} INFO - [2023-09-24T05:02:53.479+0000] {dagbag.py:539} INFO - Filling up the DagBag from /home/airflow/.local/lib/python3.8/site-packages/airflow/example_dags/example_time_delta_sensor_async.py
[2023-09-24T05:02:53.486+0000] {processor.py:839} INFO - DAG(s) dict_keys(['example_time_delta_sensor_async']) retrieved from /home/airflow/.local/lib/python3.8/site-packages/airflow/example_dags/example_time_delta_sensor_async.py
[2023-09-24T05:02:53.517+0000] {logging_mixin.py:151} INFO - [2023-09-24T05:02:53.517+0000] {dag.py:2915} INFO - Sync 1 DAGs
[2023-09-24T05:02:53.538+0000] {logging_mixin.py:151} INFO - [2023-09-24T05:02:53.538+0000] {dag.py:3696} INFO - Setting next_dagrun for example_time_delta_sensor_async to None, run_after=None
[2023-09-24T05:02:53.562+0000] {processor.py:179} INFO - Processing /home/airflow/.local/lib/python3.8/site-packages/airflow/example_dags/example_time_delta_sensor_async.py took 0.091 seconds
[2023-09-24T05:03:25.049+0000] {processor.py:157} INFO - Started process (PID=395) to work on /home/airflow/.local/lib/python3.8/site-packages/airflow/example_dags/example_time_delta_sensor_async.py
[2023-09-24T05:03:25.050+0000] {processor.py:829} INFO - Processing file /home/airflow/.local/lib/python3.8/site-packages/airflow/example_dags/example_time_delta_sensor_async.py for tasks to queue
[2023-09-24T05:03:25.054+0000] {logging_mixin.py:151} INFO - [2023-09-24T05:03:25.054+0000] {dagbag.py:539} INFO - Filling up the DagBag from /home/airflow/.local/lib/python3.8/site-packages/airflow/example_dags/example_time_delta_sensor_async.py
[2023-09-24T05:03:25.066+0000] {processor.py:839} INFO - DAG(s) dict_keys(['example_time_delta_sensor_async']) retrieved from /home/airflow/.local/lib/python3.8/site-packages/airflow/example_dags/example_time_delta_sensor_async.py
[2023-09-24T05:03:25.095+0000] {logging_mixin.py:151} INFO - [2023-09-24T05:03:25.095+0000] {dag.py:2915} INFO - Sync 1 DAGs
[2023-09-24T05:03:25.120+0000] {logging_mixin.py:151} INFO - [2023-09-24T05:03:25.120+0000] {dag.py:3696} INFO - Setting next_dagrun for example_time_delta_sensor_async to None, run_after=None
[2023-09-24T05:03:25.148+0000] {processor.py:179} INFO - Processing /home/airflow/.local/lib/python3.8/site-packages/airflow/example_dags/example_time_delta_sensor_async.py took 0.103 seconds
[2023-09-24T05:03:55.823+0000] {processor.py:157} INFO - Started process (PID=449) to work on /home/airflow/.local/lib/python3.8/site-packages/airflow/example_dags/example_time_delta_sensor_async.py
[2023-09-24T05:03:55.824+0000] {processor.py:829} INFO - Processing file /home/airflow/.local/lib/python3.8/site-packages/airflow/example_dags/example_time_delta_sensor_async.py for tasks to queue
[2023-09-24T05:03:55.827+0000] {logging_mixin.py:151} INFO - [2023-09-24T05:03:55.827+0000] {dagbag.py:539} INFO - Filling up the DagBag from /home/airflow/.local/lib/python3.8/site-packages/airflow/example_dags/example_time_delta_sensor_async.py
[2023-09-24T05:03:55.834+0000] {processor.py:839} INFO - DAG(s) dict_keys(['example_time_delta_sensor_async']) retrieved from /home/airflow/.local/lib/python3.8/site-packages/airflow/example_dags/example_time_delta_sensor_async.py
[2023-09-24T05:03:55.862+0000] {logging_mixin.py:151} INFO - [2023-09-24T05:03:55.862+0000] {dag.py:2915} INFO - Sync 1 DAGs
[2023-09-24T05:03:55.889+0000] {logging_mixin.py:151} INFO - [2023-09-24T05:03:55.889+0000] {dag.py:3696} INFO - Setting next_dagrun for example_time_delta_sensor_async to None, run_after=None
[2023-09-24T05:03:55.916+0000] {processor.py:179} INFO - Processing /home/airflow/.local/lib/python3.8/site-packages/airflow/example_dags/example_time_delta_sensor_async.py took 0.098 seconds
[2023-09-24T05:10:05.350+0000] {processor.py:157} INFO - Started process (PID=70) to work on /home/airflow/.local/lib/python3.8/site-packages/airflow/example_dags/example_time_delta_sensor_async.py
[2023-09-24T05:10:05.354+0000] {processor.py:829} INFO - Processing file /home/airflow/.local/lib/python3.8/site-packages/airflow/example_dags/example_time_delta_sensor_async.py for tasks to queue
[2023-09-24T05:10:05.358+0000] {logging_mixin.py:151} INFO - [2023-09-24T05:10:05.358+0000] {dagbag.py:539} INFO - Filling up the DagBag from /home/airflow/.local/lib/python3.8/site-packages/airflow/example_dags/example_time_delta_sensor_async.py
[2023-09-24T05:10:05.375+0000] {processor.py:839} INFO - DAG(s) dict_keys(['example_time_delta_sensor_async']) retrieved from /home/airflow/.local/lib/python3.8/site-packages/airflow/example_dags/example_time_delta_sensor_async.py
[2023-09-24T05:10:05.450+0000] {logging_mixin.py:151} INFO - [2023-09-24T05:10:05.450+0000] {dag.py:2915} INFO - Sync 1 DAGs
[2023-09-24T05:10:05.506+0000] {logging_mixin.py:151} INFO - [2023-09-24T05:10:05.506+0000] {dag.py:3696} INFO - Setting next_dagrun for example_time_delta_sensor_async to None, run_after=None
[2023-09-24T05:10:05.622+0000] {processor.py:179} INFO - Processing /home/airflow/.local/lib/python3.8/site-packages/airflow/example_dags/example_time_delta_sensor_async.py took 0.285 seconds
[2023-09-24T05:10:35.859+0000] {processor.py:157} INFO - Started process (PID=123) to work on /home/airflow/.local/lib/python3.8/site-packages/airflow/example_dags/example_time_delta_sensor_async.py
[2023-09-24T05:10:35.860+0000] {processor.py:829} INFO - Processing file /home/airflow/.local/lib/python3.8/site-packages/airflow/example_dags/example_time_delta_sensor_async.py for tasks to queue
[2023-09-24T05:10:35.869+0000] {logging_mixin.py:151} INFO - [2023-09-24T05:10:35.869+0000] {dagbag.py:539} INFO - Filling up the DagBag from /home/airflow/.local/lib/python3.8/site-packages/airflow/example_dags/example_time_delta_sensor_async.py
[2023-09-24T05:10:35.875+0000] {processor.py:839} INFO - DAG(s) dict_keys(['example_time_delta_sensor_async']) retrieved from /home/airflow/.local/lib/python3.8/site-packages/airflow/example_dags/example_time_delta_sensor_async.py
[2023-09-24T05:10:35.905+0000] {logging_mixin.py:151} INFO - [2023-09-24T05:10:35.905+0000] {dag.py:2915} INFO - Sync 1 DAGs
[2023-09-24T05:10:35.927+0000] {logging_mixin.py:151} INFO - [2023-09-24T05:10:35.926+0000] {dag.py:3696} INFO - Setting next_dagrun for example_time_delta_sensor_async to None, run_after=None
[2023-09-24T05:10:35.952+0000] {processor.py:179} INFO - Processing /home/airflow/.local/lib/python3.8/site-packages/airflow/example_dags/example_time_delta_sensor_async.py took 0.098 seconds
[2023-09-24T05:11:06.802+0000] {processor.py:157} INFO - Started process (PID=177) to work on /home/airflow/.local/lib/python3.8/site-packages/airflow/example_dags/example_time_delta_sensor_async.py
[2023-09-24T05:11:06.803+0000] {processor.py:829} INFO - Processing file /home/airflow/.local/lib/python3.8/site-packages/airflow/example_dags/example_time_delta_sensor_async.py for tasks to queue
[2023-09-24T05:11:06.807+0000] {logging_mixin.py:151} INFO - [2023-09-24T05:11:06.807+0000] {dagbag.py:539} INFO - Filling up the DagBag from /home/airflow/.local/lib/python3.8/site-packages/airflow/example_dags/example_time_delta_sensor_async.py
[2023-09-24T05:11:06.814+0000] {processor.py:839} INFO - DAG(s) dict_keys(['example_time_delta_sensor_async']) retrieved from /home/airflow/.local/lib/python3.8/site-packages/airflow/example_dags/example_time_delta_sensor_async.py
[2023-09-24T05:11:06.855+0000] {logging_mixin.py:151} INFO - [2023-09-24T05:11:06.854+0000] {dag.py:2915} INFO - Sync 1 DAGs
[2023-09-24T05:11:06.880+0000] {logging_mixin.py:151} INFO - [2023-09-24T05:11:06.879+0000] {dag.py:3696} INFO - Setting next_dagrun for example_time_delta_sensor_async to None, run_after=None
[2023-09-24T05:11:06.912+0000] {processor.py:179} INFO - Processing /home/airflow/.local/lib/python3.8/site-packages/airflow/example_dags/example_time_delta_sensor_async.py took 0.117 seconds
[2023-09-24T05:11:38.287+0000] {processor.py:157} INFO - Started process (PID=236) to work on /home/airflow/.local/lib/python3.8/site-packages/airflow/example_dags/example_time_delta_sensor_async.py
[2023-09-24T05:11:38.308+0000] {processor.py:829} INFO - Processing file /home/airflow/.local/lib/python3.8/site-packages/airflow/example_dags/example_time_delta_sensor_async.py for tasks to queue
[2023-09-24T05:11:38.313+0000] {logging_mixin.py:151} INFO - [2023-09-24T05:11:38.312+0000] {dagbag.py:539} INFO - Filling up the DagBag from /home/airflow/.local/lib/python3.8/site-packages/airflow/example_dags/example_time_delta_sensor_async.py
[2023-09-24T05:11:38.329+0000] {processor.py:839} INFO - DAG(s) dict_keys(['example_time_delta_sensor_async']) retrieved from /home/airflow/.local/lib/python3.8/site-packages/airflow/example_dags/example_time_delta_sensor_async.py
[2023-09-24T05:11:38.525+0000] {logging_mixin.py:151} INFO - [2023-09-24T05:11:38.525+0000] {dag.py:2915} INFO - Sync 1 DAGs
[2023-09-24T05:11:38.665+0000] {logging_mixin.py:151} INFO - [2023-09-24T05:11:38.664+0000] {dag.py:3696} INFO - Setting next_dagrun for example_time_delta_sensor_async to None, run_after=None
[2023-09-24T05:11:38.779+0000] {processor.py:179} INFO - Processing /home/airflow/.local/lib/python3.8/site-packages/airflow/example_dags/example_time_delta_sensor_async.py took 0.500 seconds
[2023-09-24T05:12:08.939+0000] {processor.py:157} INFO - Started process (PID=294) to work on /home/airflow/.local/lib/python3.8/site-packages/airflow/example_dags/example_time_delta_sensor_async.py
[2023-09-24T05:12:08.940+0000] {processor.py:829} INFO - Processing file /home/airflow/.local/lib/python3.8/site-packages/airflow/example_dags/example_time_delta_sensor_async.py for tasks to queue
[2023-09-24T05:12:08.943+0000] {logging_mixin.py:151} INFO - [2023-09-24T05:12:08.943+0000] {dagbag.py:539} INFO - Filling up the DagBag from /home/airflow/.local/lib/python3.8/site-packages/airflow/example_dags/example_time_delta_sensor_async.py
[2023-09-24T05:12:08.950+0000] {processor.py:839} INFO - DAG(s) dict_keys(['example_time_delta_sensor_async']) retrieved from /home/airflow/.local/lib/python3.8/site-packages/airflow/example_dags/example_time_delta_sensor_async.py
[2023-09-24T05:12:08.981+0000] {logging_mixin.py:151} INFO - [2023-09-24T05:12:08.981+0000] {dag.py:2915} INFO - Sync 1 DAGs
[2023-09-24T05:12:09.004+0000] {logging_mixin.py:151} INFO - [2023-09-24T05:12:09.003+0000] {dag.py:3696} INFO - Setting next_dagrun for example_time_delta_sensor_async to None, run_after=None
[2023-09-24T05:12:09.029+0000] {processor.py:179} INFO - Processing /home/airflow/.local/lib/python3.8/site-packages/airflow/example_dags/example_time_delta_sensor_async.py took 0.095 seconds
[2023-09-24T05:12:39.361+0000] {processor.py:157} INFO - Started process (PID=348) to work on /home/airflow/.local/lib/python3.8/site-packages/airflow/example_dags/example_time_delta_sensor_async.py
[2023-09-24T05:12:39.362+0000] {processor.py:829} INFO - Processing file /home/airflow/.local/lib/python3.8/site-packages/airflow/example_dags/example_time_delta_sensor_async.py for tasks to queue
[2023-09-24T05:12:39.366+0000] {logging_mixin.py:151} INFO - [2023-09-24T05:12:39.366+0000] {dagbag.py:539} INFO - Filling up the DagBag from /home/airflow/.local/lib/python3.8/site-packages/airflow/example_dags/example_time_delta_sensor_async.py
[2023-09-24T05:12:39.374+0000] {processor.py:839} INFO - DAG(s) dict_keys(['example_time_delta_sensor_async']) retrieved from /home/airflow/.local/lib/python3.8/site-packages/airflow/example_dags/example_time_delta_sensor_async.py
[2023-09-24T05:12:39.409+0000] {logging_mixin.py:151} INFO - [2023-09-24T05:12:39.409+0000] {dag.py:2915} INFO - Sync 1 DAGs
[2023-09-24T05:12:39.434+0000] {logging_mixin.py:151} INFO - [2023-09-24T05:12:39.433+0000] {dag.py:3696} INFO - Setting next_dagrun for example_time_delta_sensor_async to None, run_after=None
[2023-09-24T05:12:39.463+0000] {processor.py:179} INFO - Processing /home/airflow/.local/lib/python3.8/site-packages/airflow/example_dags/example_time_delta_sensor_async.py took 0.109 seconds
[2023-09-24T05:13:09.938+0000] {processor.py:157} INFO - Started process (PID=401) to work on /home/airflow/.local/lib/python3.8/site-packages/airflow/example_dags/example_time_delta_sensor_async.py
[2023-09-24T05:13:09.939+0000] {processor.py:829} INFO - Processing file /home/airflow/.local/lib/python3.8/site-packages/airflow/example_dags/example_time_delta_sensor_async.py for tasks to queue
[2023-09-24T05:13:09.944+0000] {logging_mixin.py:151} INFO - [2023-09-24T05:13:09.944+0000] {dagbag.py:539} INFO - Filling up the DagBag from /home/airflow/.local/lib/python3.8/site-packages/airflow/example_dags/example_time_delta_sensor_async.py
[2023-09-24T05:13:09.952+0000] {processor.py:839} INFO - DAG(s) dict_keys(['example_time_delta_sensor_async']) retrieved from /home/airflow/.local/lib/python3.8/site-packages/airflow/example_dags/example_time_delta_sensor_async.py
[2023-09-24T05:13:09.988+0000] {logging_mixin.py:151} INFO - [2023-09-24T05:13:09.988+0000] {dag.py:2915} INFO - Sync 1 DAGs
[2023-09-24T05:13:10.014+0000] {logging_mixin.py:151} INFO - [2023-09-24T05:13:10.014+0000] {dag.py:3696} INFO - Setting next_dagrun for example_time_delta_sensor_async to None, run_after=None
[2023-09-24T05:13:10.045+0000] {processor.py:179} INFO - Processing /home/airflow/.local/lib/python3.8/site-packages/airflow/example_dags/example_time_delta_sensor_async.py took 0.113 seconds
[2023-09-24T05:14:00.147+0000] {processor.py:157} INFO - Started process (PID=70) to work on /home/airflow/.local/lib/python3.8/site-packages/airflow/example_dags/example_time_delta_sensor_async.py
[2023-09-24T05:14:00.150+0000] {processor.py:829} INFO - Processing file /home/airflow/.local/lib/python3.8/site-packages/airflow/example_dags/example_time_delta_sensor_async.py for tasks to queue
[2023-09-24T05:14:00.154+0000] {logging_mixin.py:151} INFO - [2023-09-24T05:14:00.154+0000] {dagbag.py:539} INFO - Filling up the DagBag from /home/airflow/.local/lib/python3.8/site-packages/airflow/example_dags/example_time_delta_sensor_async.py
[2023-09-24T05:14:00.166+0000] {processor.py:839} INFO - DAG(s) dict_keys(['example_time_delta_sensor_async']) retrieved from /home/airflow/.local/lib/python3.8/site-packages/airflow/example_dags/example_time_delta_sensor_async.py
[2023-09-24T05:14:00.191+0000] {logging_mixin.py:151} INFO - [2023-09-24T05:14:00.191+0000] {dag.py:2915} INFO - Sync 1 DAGs
[2023-09-24T05:14:00.228+0000] {logging_mixin.py:151} INFO - [2023-09-24T05:14:00.228+0000] {dag.py:3696} INFO - Setting next_dagrun for example_time_delta_sensor_async to None, run_after=None
[2023-09-24T05:14:00.275+0000] {processor.py:179} INFO - Processing /home/airflow/.local/lib/python3.8/site-packages/airflow/example_dags/example_time_delta_sensor_async.py took 0.139 seconds
[2023-09-24T05:14:30.944+0000] {processor.py:157} INFO - Started process (PID=125) to work on /home/airflow/.local/lib/python3.8/site-packages/airflow/example_dags/example_time_delta_sensor_async.py
[2023-09-24T05:14:30.946+0000] {processor.py:829} INFO - Processing file /home/airflow/.local/lib/python3.8/site-packages/airflow/example_dags/example_time_delta_sensor_async.py for tasks to queue
[2023-09-24T05:14:30.951+0000] {logging_mixin.py:151} INFO - [2023-09-24T05:14:30.951+0000] {dagbag.py:539} INFO - Filling up the DagBag from /home/airflow/.local/lib/python3.8/site-packages/airflow/example_dags/example_time_delta_sensor_async.py
[2023-09-24T05:14:30.961+0000] {processor.py:839} INFO - DAG(s) dict_keys(['example_time_delta_sensor_async']) retrieved from /home/airflow/.local/lib/python3.8/site-packages/airflow/example_dags/example_time_delta_sensor_async.py
[2023-09-24T05:14:31.009+0000] {logging_mixin.py:151} INFO - [2023-09-24T05:14:31.009+0000] {dag.py:2915} INFO - Sync 1 DAGs
[2023-09-24T05:14:31.049+0000] {logging_mixin.py:151} INFO - [2023-09-24T05:14:31.048+0000] {dag.py:3696} INFO - Setting next_dagrun for example_time_delta_sensor_async to None, run_after=None
[2023-09-24T05:14:31.099+0000] {processor.py:179} INFO - Processing /home/airflow/.local/lib/python3.8/site-packages/airflow/example_dags/example_time_delta_sensor_async.py took 0.164 seconds
[2023-09-24T05:15:03.276+0000] {processor.py:157} INFO - Started process (PID=185) to work on /home/airflow/.local/lib/python3.8/site-packages/airflow/example_dags/example_time_delta_sensor_async.py
[2023-09-24T05:15:03.278+0000] {processor.py:829} INFO - Processing file /home/airflow/.local/lib/python3.8/site-packages/airflow/example_dags/example_time_delta_sensor_async.py for tasks to queue
[2023-09-24T05:15:03.283+0000] {logging_mixin.py:151} INFO - [2023-09-24T05:15:03.282+0000] {dagbag.py:539} INFO - Filling up the DagBag from /home/airflow/.local/lib/python3.8/site-packages/airflow/example_dags/example_time_delta_sensor_async.py
[2023-09-24T05:15:03.291+0000] {processor.py:839} INFO - DAG(s) dict_keys(['example_time_delta_sensor_async']) retrieved from /home/airflow/.local/lib/python3.8/site-packages/airflow/example_dags/example_time_delta_sensor_async.py
[2023-09-24T05:15:03.333+0000] {logging_mixin.py:151} INFO - [2023-09-24T05:15:03.333+0000] {dag.py:2915} INFO - Sync 1 DAGs
[2023-09-24T05:15:03.364+0000] {logging_mixin.py:151} INFO - [2023-09-24T05:15:03.363+0000] {dag.py:3696} INFO - Setting next_dagrun for example_time_delta_sensor_async to None, run_after=None
[2023-09-24T05:15:03.402+0000] {processor.py:179} INFO - Processing /home/airflow/.local/lib/python3.8/site-packages/airflow/example_dags/example_time_delta_sensor_async.py took 0.132 seconds
