[2023-09-24T05:00:19.773+0000] {processor.py:157} INFO - Started process (PID=66) to work on /home/airflow/.local/lib/python3.8/site-packages/airflow/example_dags/example_sla_dag.py
[2023-09-24T05:00:19.774+0000] {processor.py:829} INFO - Processing file /home/airflow/.local/lib/python3.8/site-packages/airflow/example_dags/example_sla_dag.py for tasks to queue
[2023-09-24T05:00:19.777+0000] {logging_mixin.py:151} INFO - [2023-09-24T05:00:19.777+0000] {dagbag.py:539} INFO - Filling up the DagBag from /home/airflow/.local/lib/python3.8/site-packages/airflow/example_dags/example_sla_dag.py
[2023-09-24T05:00:19.799+0000] {processor.py:839} INFO - DAG(s) dict_keys(['example_sla_dag']) retrieved from /home/airflow/.local/lib/python3.8/site-packages/airflow/example_dags/example_sla_dag.py
[2023-09-24T05:00:20.037+0000] {logging_mixin.py:151} INFO - [2023-09-24T05:00:20.036+0000] {manager.py:499} INFO - Created Permission View: %s
[2023-09-24T05:00:20.054+0000] {logging_mixin.py:151} INFO - [2023-09-24T05:00:20.053+0000] {manager.py:499} INFO - Created Permission View: %s
[2023-09-24T05:00:20.070+0000] {logging_mixin.py:151} INFO - [2023-09-24T05:00:20.069+0000] {manager.py:499} INFO - Created Permission View: %s
[2023-09-24T05:00:20.070+0000] {logging_mixin.py:151} INFO - [2023-09-24T05:00:20.070+0000] {security.py:708} INFO - Not syncing DAG-level permissions for DAG 'DAG:example_sla_dag' as access control is unset.
[2023-09-24T05:00:20.071+0000] {logging_mixin.py:151} INFO - [2023-09-24T05:00:20.070+0000] {dag.py:2915} INFO - Sync 1 DAGs
[2023-09-24T05:00:20.095+0000] {logging_mixin.py:151} INFO - [2023-09-24T05:00:20.094+0000] {dag.py:2937} INFO - Creating ORM DAG for example_sla_dag
[2023-09-24T05:00:20.126+0000] {logging_mixin.py:151} INFO - [2023-09-24T05:00:20.126+0000] {dag.py:3696} INFO - Setting next_dagrun for example_sla_dag to 2023-09-24T04:58:00+00:00, run_after=2023-09-24T05:00:00+00:00
[2023-09-24T05:00:20.155+0000] {processor.py:179} INFO - Processing /home/airflow/.local/lib/python3.8/site-packages/airflow/example_dags/example_sla_dag.py took 0.388 seconds
[2023-09-24T05:00:50.257+0000] {processor.py:157} INFO - Started process (PID=120) to work on /home/airflow/.local/lib/python3.8/site-packages/airflow/example_dags/example_sla_dag.py
[2023-09-24T05:00:50.258+0000] {processor.py:829} INFO - Processing file /home/airflow/.local/lib/python3.8/site-packages/airflow/example_dags/example_sla_dag.py for tasks to queue
[2023-09-24T05:00:50.261+0000] {logging_mixin.py:151} INFO - [2023-09-24T05:00:50.260+0000] {dagbag.py:539} INFO - Filling up the DagBag from /home/airflow/.local/lib/python3.8/site-packages/airflow/example_dags/example_sla_dag.py
[2023-09-24T05:00:50.273+0000] {processor.py:839} INFO - DAG(s) dict_keys(['example_sla_dag']) retrieved from /home/airflow/.local/lib/python3.8/site-packages/airflow/example_dags/example_sla_dag.py
[2023-09-24T05:00:50.301+0000] {logging_mixin.py:151} INFO - [2023-09-24T05:00:50.300+0000] {dag.py:2915} INFO - Sync 1 DAGs
[2023-09-24T05:00:50.345+0000] {logging_mixin.py:151} INFO - [2023-09-24T05:00:50.345+0000] {dag.py:3696} INFO - Setting next_dagrun for example_sla_dag to 2023-09-24T04:58:00+00:00, run_after=2023-09-24T05:00:00+00:00
[2023-09-24T05:00:50.369+0000] {processor.py:179} INFO - Processing /home/airflow/.local/lib/python3.8/site-packages/airflow/example_dags/example_sla_dag.py took 0.117 seconds
[2023-09-24T05:01:20.518+0000] {processor.py:157} INFO - Started process (PID=174) to work on /home/airflow/.local/lib/python3.8/site-packages/airflow/example_dags/example_sla_dag.py
[2023-09-24T05:01:20.519+0000] {processor.py:829} INFO - Processing file /home/airflow/.local/lib/python3.8/site-packages/airflow/example_dags/example_sla_dag.py for tasks to queue
[2023-09-24T05:01:20.522+0000] {logging_mixin.py:151} INFO - [2023-09-24T05:01:20.522+0000] {dagbag.py:539} INFO - Filling up the DagBag from /home/airflow/.local/lib/python3.8/site-packages/airflow/example_dags/example_sla_dag.py
[2023-09-24T05:01:20.534+0000] {processor.py:839} INFO - DAG(s) dict_keys(['example_sla_dag']) retrieved from /home/airflow/.local/lib/python3.8/site-packages/airflow/example_dags/example_sla_dag.py
[2023-09-24T05:01:20.562+0000] {logging_mixin.py:151} INFO - [2023-09-24T05:01:20.561+0000] {dag.py:2915} INFO - Sync 1 DAGs
[2023-09-24T05:01:20.604+0000] {logging_mixin.py:151} INFO - [2023-09-24T05:01:20.604+0000] {dag.py:3696} INFO - Setting next_dagrun for example_sla_dag to 2023-09-24T04:58:00+00:00, run_after=2023-09-24T05:00:00+00:00
[2023-09-24T05:01:20.628+0000] {processor.py:179} INFO - Processing /home/airflow/.local/lib/python3.8/site-packages/airflow/example_dags/example_sla_dag.py took 0.115 seconds
[2023-09-24T05:01:50.896+0000] {processor.py:157} INFO - Started process (PID=228) to work on /home/airflow/.local/lib/python3.8/site-packages/airflow/example_dags/example_sla_dag.py
[2023-09-24T05:01:50.897+0000] {processor.py:829} INFO - Processing file /home/airflow/.local/lib/python3.8/site-packages/airflow/example_dags/example_sla_dag.py for tasks to queue
[2023-09-24T05:01:50.899+0000] {logging_mixin.py:151} INFO - [2023-09-24T05:01:50.899+0000] {dagbag.py:539} INFO - Filling up the DagBag from /home/airflow/.local/lib/python3.8/site-packages/airflow/example_dags/example_sla_dag.py
[2023-09-24T05:01:50.912+0000] {processor.py:839} INFO - DAG(s) dict_keys(['example_sla_dag']) retrieved from /home/airflow/.local/lib/python3.8/site-packages/airflow/example_dags/example_sla_dag.py
[2023-09-24T05:01:50.939+0000] {logging_mixin.py:151} INFO - [2023-09-24T05:01:50.939+0000] {dag.py:2915} INFO - Sync 1 DAGs
[2023-09-24T05:01:50.982+0000] {logging_mixin.py:151} INFO - [2023-09-24T05:01:50.982+0000] {dag.py:3696} INFO - Setting next_dagrun for example_sla_dag to 2023-09-24T04:58:00+00:00, run_after=2023-09-24T05:00:00+00:00
[2023-09-24T05:01:51.008+0000] {processor.py:179} INFO - Processing /home/airflow/.local/lib/python3.8/site-packages/airflow/example_dags/example_sla_dag.py took 0.117 seconds
[2023-09-24T05:02:22.354+0000] {processor.py:157} INFO - Started process (PID=282) to work on /home/airflow/.local/lib/python3.8/site-packages/airflow/example_dags/example_sla_dag.py
[2023-09-24T05:02:22.355+0000] {processor.py:829} INFO - Processing file /home/airflow/.local/lib/python3.8/site-packages/airflow/example_dags/example_sla_dag.py for tasks to queue
[2023-09-24T05:02:22.358+0000] {logging_mixin.py:151} INFO - [2023-09-24T05:02:22.358+0000] {dagbag.py:539} INFO - Filling up the DagBag from /home/airflow/.local/lib/python3.8/site-packages/airflow/example_dags/example_sla_dag.py
[2023-09-24T05:02:22.376+0000] {processor.py:839} INFO - DAG(s) dict_keys(['example_sla_dag']) retrieved from /home/airflow/.local/lib/python3.8/site-packages/airflow/example_dags/example_sla_dag.py
[2023-09-24T05:02:22.406+0000] {logging_mixin.py:151} INFO - [2023-09-24T05:02:22.406+0000] {dag.py:2915} INFO - Sync 1 DAGs
[2023-09-24T05:02:22.457+0000] {logging_mixin.py:151} INFO - [2023-09-24T05:02:22.457+0000] {dag.py:3696} INFO - Setting next_dagrun for example_sla_dag to 2023-09-24T05:00:00+00:00, run_after=2023-09-24T05:02:00+00:00
[2023-09-24T05:02:22.495+0000] {processor.py:179} INFO - Processing /home/airflow/.local/lib/python3.8/site-packages/airflow/example_dags/example_sla_dag.py took 0.146 seconds
[2023-09-24T05:02:53.187+0000] {processor.py:157} INFO - Started process (PID=336) to work on /home/airflow/.local/lib/python3.8/site-packages/airflow/example_dags/example_sla_dag.py
[2023-09-24T05:02:53.188+0000] {processor.py:829} INFO - Processing file /home/airflow/.local/lib/python3.8/site-packages/airflow/example_dags/example_sla_dag.py for tasks to queue
[2023-09-24T05:02:53.191+0000] {logging_mixin.py:151} INFO - [2023-09-24T05:02:53.191+0000] {dagbag.py:539} INFO - Filling up the DagBag from /home/airflow/.local/lib/python3.8/site-packages/airflow/example_dags/example_sla_dag.py
[2023-09-24T05:02:53.204+0000] {processor.py:839} INFO - DAG(s) dict_keys(['example_sla_dag']) retrieved from /home/airflow/.local/lib/python3.8/site-packages/airflow/example_dags/example_sla_dag.py
[2023-09-24T05:02:53.232+0000] {logging_mixin.py:151} INFO - [2023-09-24T05:02:53.231+0000] {dag.py:2915} INFO - Sync 1 DAGs
[2023-09-24T05:02:53.278+0000] {logging_mixin.py:151} INFO - [2023-09-24T05:02:53.278+0000] {dag.py:3696} INFO - Setting next_dagrun for example_sla_dag to 2023-09-24T05:00:00+00:00, run_after=2023-09-24T05:02:00+00:00
[2023-09-24T05:02:53.304+0000] {processor.py:179} INFO - Processing /home/airflow/.local/lib/python3.8/site-packages/airflow/example_dags/example_sla_dag.py took 0.121 seconds
[2023-09-24T05:03:24.773+0000] {processor.py:157} INFO - Started process (PID=391) to work on /home/airflow/.local/lib/python3.8/site-packages/airflow/example_dags/example_sla_dag.py
[2023-09-24T05:03:24.774+0000] {processor.py:829} INFO - Processing file /home/airflow/.local/lib/python3.8/site-packages/airflow/example_dags/example_sla_dag.py for tasks to queue
[2023-09-24T05:03:24.777+0000] {logging_mixin.py:151} INFO - [2023-09-24T05:03:24.776+0000] {dagbag.py:539} INFO - Filling up the DagBag from /home/airflow/.local/lib/python3.8/site-packages/airflow/example_dags/example_sla_dag.py
[2023-09-24T05:03:24.790+0000] {processor.py:839} INFO - DAG(s) dict_keys(['example_sla_dag']) retrieved from /home/airflow/.local/lib/python3.8/site-packages/airflow/example_dags/example_sla_dag.py
[2023-09-24T05:03:24.818+0000] {logging_mixin.py:151} INFO - [2023-09-24T05:03:24.818+0000] {dag.py:2915} INFO - Sync 1 DAGs
[2023-09-24T05:03:24.860+0000] {logging_mixin.py:151} INFO - [2023-09-24T05:03:24.860+0000] {dag.py:3696} INFO - Setting next_dagrun for example_sla_dag to 2023-09-24T05:00:00+00:00, run_after=2023-09-24T05:02:00+00:00
[2023-09-24T05:03:24.891+0000] {processor.py:179} INFO - Processing /home/airflow/.local/lib/python3.8/site-packages/airflow/example_dags/example_sla_dag.py took 0.123 seconds
[2023-09-24T05:03:55.522+0000] {processor.py:157} INFO - Started process (PID=445) to work on /home/airflow/.local/lib/python3.8/site-packages/airflow/example_dags/example_sla_dag.py
[2023-09-24T05:03:55.523+0000] {processor.py:829} INFO - Processing file /home/airflow/.local/lib/python3.8/site-packages/airflow/example_dags/example_sla_dag.py for tasks to queue
[2023-09-24T05:03:55.526+0000] {logging_mixin.py:151} INFO - [2023-09-24T05:03:55.525+0000] {dagbag.py:539} INFO - Filling up the DagBag from /home/airflow/.local/lib/python3.8/site-packages/airflow/example_dags/example_sla_dag.py
[2023-09-24T05:03:55.538+0000] {processor.py:839} INFO - DAG(s) dict_keys(['example_sla_dag']) retrieved from /home/airflow/.local/lib/python3.8/site-packages/airflow/example_dags/example_sla_dag.py
[2023-09-24T05:03:55.571+0000] {logging_mixin.py:151} INFO - [2023-09-24T05:03:55.570+0000] {dag.py:2915} INFO - Sync 1 DAGs
[2023-09-24T05:03:55.614+0000] {logging_mixin.py:151} INFO - [2023-09-24T05:03:55.614+0000] {dag.py:3696} INFO - Setting next_dagrun for example_sla_dag to 2023-09-24T05:00:00+00:00, run_after=2023-09-24T05:02:00+00:00
[2023-09-24T05:03:55.636+0000] {processor.py:179} INFO - Processing /home/airflow/.local/lib/python3.8/site-packages/airflow/example_dags/example_sla_dag.py took 0.119 seconds
[2023-09-24T05:10:04.421+0000] {processor.py:157} INFO - Started process (PID=66) to work on /home/airflow/.local/lib/python3.8/site-packages/airflow/example_dags/example_sla_dag.py
[2023-09-24T05:10:04.425+0000] {processor.py:829} INFO - Processing file /home/airflow/.local/lib/python3.8/site-packages/airflow/example_dags/example_sla_dag.py for tasks to queue
[2023-09-24T05:10:04.428+0000] {logging_mixin.py:151} INFO - [2023-09-24T05:10:04.428+0000] {dagbag.py:539} INFO - Filling up the DagBag from /home/airflow/.local/lib/python3.8/site-packages/airflow/example_dags/example_sla_dag.py
[2023-09-24T05:10:04.479+0000] {processor.py:839} INFO - DAG(s) dict_keys(['example_sla_dag']) retrieved from /home/airflow/.local/lib/python3.8/site-packages/airflow/example_dags/example_sla_dag.py
[2023-09-24T05:10:04.623+0000] {logging_mixin.py:151} INFO - [2023-09-24T05:10:04.623+0000] {dag.py:2915} INFO - Sync 1 DAGs
[2023-09-24T05:10:04.811+0000] {logging_mixin.py:151} INFO - [2023-09-24T05:10:04.811+0000] {dag.py:3696} INFO - Setting next_dagrun for example_sla_dag to 2023-09-24T05:08:00+00:00, run_after=2023-09-24T05:10:00+00:00
[2023-09-24T05:10:04.925+0000] {processor.py:179} INFO - Processing /home/airflow/.local/lib/python3.8/site-packages/airflow/example_dags/example_sla_dag.py took 0.520 seconds
[2023-09-24T05:10:35.576+0000] {processor.py:157} INFO - Started process (PID=119) to work on /home/airflow/.local/lib/python3.8/site-packages/airflow/example_dags/example_sla_dag.py
[2023-09-24T05:10:35.578+0000] {processor.py:829} INFO - Processing file /home/airflow/.local/lib/python3.8/site-packages/airflow/example_dags/example_sla_dag.py for tasks to queue
[2023-09-24T05:10:35.582+0000] {logging_mixin.py:151} INFO - [2023-09-24T05:10:35.581+0000] {dagbag.py:539} INFO - Filling up the DagBag from /home/airflow/.local/lib/python3.8/site-packages/airflow/example_dags/example_sla_dag.py
[2023-09-24T05:10:35.597+0000] {processor.py:839} INFO - DAG(s) dict_keys(['example_sla_dag']) retrieved from /home/airflow/.local/lib/python3.8/site-packages/airflow/example_dags/example_sla_dag.py
[2023-09-24T05:10:35.625+0000] {logging_mixin.py:151} INFO - [2023-09-24T05:10:35.625+0000] {dag.py:2915} INFO - Sync 1 DAGs
[2023-09-24T05:10:35.671+0000] {logging_mixin.py:151} INFO - [2023-09-24T05:10:35.671+0000] {dag.py:3696} INFO - Setting next_dagrun for example_sla_dag to 2023-09-24T05:08:00+00:00, run_after=2023-09-24T05:10:00+00:00
[2023-09-24T05:10:35.698+0000] {processor.py:179} INFO - Processing /home/airflow/.local/lib/python3.8/site-packages/airflow/example_dags/example_sla_dag.py took 0.129 seconds
[2023-09-24T05:11:06.427+0000] {processor.py:157} INFO - Started process (PID=173) to work on /home/airflow/.local/lib/python3.8/site-packages/airflow/example_dags/example_sla_dag.py
[2023-09-24T05:11:06.429+0000] {processor.py:829} INFO - Processing file /home/airflow/.local/lib/python3.8/site-packages/airflow/example_dags/example_sla_dag.py for tasks to queue
[2023-09-24T05:11:06.432+0000] {logging_mixin.py:151} INFO - [2023-09-24T05:11:06.432+0000] {dagbag.py:539} INFO - Filling up the DagBag from /home/airflow/.local/lib/python3.8/site-packages/airflow/example_dags/example_sla_dag.py
[2023-09-24T05:11:06.450+0000] {processor.py:839} INFO - DAG(s) dict_keys(['example_sla_dag']) retrieved from /home/airflow/.local/lib/python3.8/site-packages/airflow/example_dags/example_sla_dag.py
[2023-09-24T05:11:06.488+0000] {logging_mixin.py:151} INFO - [2023-09-24T05:11:06.488+0000] {dag.py:2915} INFO - Sync 1 DAGs
[2023-09-24T05:11:06.543+0000] {logging_mixin.py:151} INFO - [2023-09-24T05:11:06.543+0000] {dag.py:3696} INFO - Setting next_dagrun for example_sla_dag to 2023-09-24T05:08:00+00:00, run_after=2023-09-24T05:10:00+00:00
[2023-09-24T05:11:06.581+0000] {processor.py:179} INFO - Processing /home/airflow/.local/lib/python3.8/site-packages/airflow/example_dags/example_sla_dag.py took 0.160 seconds
[2023-09-24T05:11:36.893+0000] {processor.py:157} INFO - Started process (PID=232) to work on /home/airflow/.local/lib/python3.8/site-packages/airflow/example_dags/example_sla_dag.py
[2023-09-24T05:11:36.895+0000] {processor.py:829} INFO - Processing file /home/airflow/.local/lib/python3.8/site-packages/airflow/example_dags/example_sla_dag.py for tasks to queue
[2023-09-24T05:11:36.920+0000] {logging_mixin.py:151} INFO - [2023-09-24T05:11:36.919+0000] {dagbag.py:539} INFO - Filling up the DagBag from /home/airflow/.local/lib/python3.8/site-packages/airflow/example_dags/example_sla_dag.py
[2023-09-24T05:11:37.024+0000] {processor.py:839} INFO - DAG(s) dict_keys(['example_sla_dag']) retrieved from /home/airflow/.local/lib/python3.8/site-packages/airflow/example_dags/example_sla_dag.py
[2023-09-24T05:11:37.153+0000] {logging_mixin.py:151} INFO - [2023-09-24T05:11:37.152+0000] {dag.py:2915} INFO - Sync 1 DAGs
[2023-09-24T05:11:37.342+0000] {logging_mixin.py:151} INFO - [2023-09-24T05:11:37.342+0000] {dag.py:3696} INFO - Setting next_dagrun for example_sla_dag to 2023-09-24T05:08:00+00:00, run_after=2023-09-24T05:10:00+00:00
[2023-09-24T05:11:37.470+0000] {processor.py:179} INFO - Processing /home/airflow/.local/lib/python3.8/site-packages/airflow/example_dags/example_sla_dag.py took 0.598 seconds
[2023-09-24T05:12:07.646+0000] {processor.py:157} INFO - Started process (PID=290) to work on /home/airflow/.local/lib/python3.8/site-packages/airflow/example_dags/example_sla_dag.py
[2023-09-24T05:12:07.648+0000] {processor.py:829} INFO - Processing file /home/airflow/.local/lib/python3.8/site-packages/airflow/example_dags/example_sla_dag.py for tasks to queue
[2023-09-24T05:12:07.651+0000] {logging_mixin.py:151} INFO - [2023-09-24T05:12:07.650+0000] {dagbag.py:539} INFO - Filling up the DagBag from /home/airflow/.local/lib/python3.8/site-packages/airflow/example_dags/example_sla_dag.py
[2023-09-24T05:12:07.664+0000] {processor.py:839} INFO - DAG(s) dict_keys(['example_sla_dag']) retrieved from /home/airflow/.local/lib/python3.8/site-packages/airflow/example_dags/example_sla_dag.py
[2023-09-24T05:12:07.695+0000] {logging_mixin.py:151} INFO - [2023-09-24T05:12:07.694+0000] {dag.py:2915} INFO - Sync 1 DAGs
[2023-09-24T05:12:07.739+0000] {logging_mixin.py:151} INFO - [2023-09-24T05:12:07.738+0000] {dag.py:3696} INFO - Setting next_dagrun for example_sla_dag to 2023-09-24T05:10:00+00:00, run_after=2023-09-24T05:12:00+00:00
[2023-09-24T05:12:07.763+0000] {processor.py:179} INFO - Processing /home/airflow/.local/lib/python3.8/site-packages/airflow/example_dags/example_sla_dag.py took 0.122 seconds
[2023-09-24T05:12:38.342+0000] {processor.py:157} INFO - Started process (PID=344) to work on /home/airflow/.local/lib/python3.8/site-packages/airflow/example_dags/example_sla_dag.py
[2023-09-24T05:12:38.343+0000] {processor.py:829} INFO - Processing file /home/airflow/.local/lib/python3.8/site-packages/airflow/example_dags/example_sla_dag.py for tasks to queue
[2023-09-24T05:12:38.347+0000] {logging_mixin.py:151} INFO - [2023-09-24T05:12:38.346+0000] {dagbag.py:539} INFO - Filling up the DagBag from /home/airflow/.local/lib/python3.8/site-packages/airflow/example_dags/example_sla_dag.py
[2023-09-24T05:12:38.365+0000] {processor.py:839} INFO - DAG(s) dict_keys(['example_sla_dag']) retrieved from /home/airflow/.local/lib/python3.8/site-packages/airflow/example_dags/example_sla_dag.py
[2023-09-24T05:12:38.402+0000] {logging_mixin.py:151} INFO - [2023-09-24T05:12:38.401+0000] {dag.py:2915} INFO - Sync 1 DAGs
[2023-09-24T05:12:38.459+0000] {logging_mixin.py:151} INFO - [2023-09-24T05:12:38.459+0000] {dag.py:3696} INFO - Setting next_dagrun for example_sla_dag to 2023-09-24T05:10:00+00:00, run_after=2023-09-24T05:12:00+00:00
[2023-09-24T05:12:38.582+0000] {processor.py:179} INFO - Processing /home/airflow/.local/lib/python3.8/site-packages/airflow/example_dags/example_sla_dag.py took 0.246 seconds
[2023-09-24T05:13:09.312+0000] {processor.py:157} INFO - Started process (PID=397) to work on /home/airflow/.local/lib/python3.8/site-packages/airflow/example_dags/example_sla_dag.py
[2023-09-24T05:13:09.314+0000] {processor.py:829} INFO - Processing file /home/airflow/.local/lib/python3.8/site-packages/airflow/example_dags/example_sla_dag.py for tasks to queue
[2023-09-24T05:13:09.320+0000] {logging_mixin.py:151} INFO - [2023-09-24T05:13:09.319+0000] {dagbag.py:539} INFO - Filling up the DagBag from /home/airflow/.local/lib/python3.8/site-packages/airflow/example_dags/example_sla_dag.py
[2023-09-24T05:13:09.341+0000] {processor.py:839} INFO - DAG(s) dict_keys(['example_sla_dag']) retrieved from /home/airflow/.local/lib/python3.8/site-packages/airflow/example_dags/example_sla_dag.py
[2023-09-24T05:13:09.386+0000] {logging_mixin.py:151} INFO - [2023-09-24T05:13:09.386+0000] {dag.py:2915} INFO - Sync 1 DAGs
[2023-09-24T05:13:09.459+0000] {logging_mixin.py:151} INFO - [2023-09-24T05:13:09.458+0000] {dag.py:3696} INFO - Setting next_dagrun for example_sla_dag to 2023-09-24T05:10:00+00:00, run_after=2023-09-24T05:12:00+00:00
[2023-09-24T05:13:09.498+0000] {processor.py:179} INFO - Processing /home/airflow/.local/lib/python3.8/site-packages/airflow/example_dags/example_sla_dag.py took 0.193 seconds
[2023-09-24T05:13:59.539+0000] {processor.py:157} INFO - Started process (PID=66) to work on /home/airflow/.local/lib/python3.8/site-packages/airflow/example_dags/example_sla_dag.py
[2023-09-24T05:13:59.557+0000] {processor.py:829} INFO - Processing file /home/airflow/.local/lib/python3.8/site-packages/airflow/example_dags/example_sla_dag.py for tasks to queue
[2023-09-24T05:13:59.561+0000] {logging_mixin.py:151} INFO - [2023-09-24T05:13:59.560+0000] {dagbag.py:539} INFO - Filling up the DagBag from /home/airflow/.local/lib/python3.8/site-packages/airflow/example_dags/example_sla_dag.py
[2023-09-24T05:13:59.604+0000] {processor.py:839} INFO - DAG(s) dict_keys(['example_sla_dag']) retrieved from /home/airflow/.local/lib/python3.8/site-packages/airflow/example_dags/example_sla_dag.py
[2023-09-24T05:13:59.643+0000] {logging_mixin.py:151} INFO - [2023-09-24T05:13:59.643+0000] {dag.py:2915} INFO - Sync 1 DAGs
[2023-09-24T05:13:59.755+0000] {logging_mixin.py:151} INFO - [2023-09-24T05:13:59.755+0000] {dag.py:3696} INFO - Setting next_dagrun for example_sla_dag to 2023-09-24T05:10:00+00:00, run_after=2023-09-24T05:12:00+00:00
[2023-09-24T05:13:59.811+0000] {processor.py:179} INFO - Processing /home/airflow/.local/lib/python3.8/site-packages/airflow/example_dags/example_sla_dag.py took 0.279 seconds
[2023-09-24T05:14:30.569+0000] {processor.py:157} INFO - Started process (PID=121) to work on /home/airflow/.local/lib/python3.8/site-packages/airflow/example_dags/example_sla_dag.py
[2023-09-24T05:14:30.570+0000] {processor.py:829} INFO - Processing file /home/airflow/.local/lib/python3.8/site-packages/airflow/example_dags/example_sla_dag.py for tasks to queue
[2023-09-24T05:14:30.573+0000] {logging_mixin.py:151} INFO - [2023-09-24T05:14:30.573+0000] {dagbag.py:539} INFO - Filling up the DagBag from /home/airflow/.local/lib/python3.8/site-packages/airflow/example_dags/example_sla_dag.py
[2023-09-24T05:14:30.585+0000] {processor.py:839} INFO - DAG(s) dict_keys(['example_sla_dag']) retrieved from /home/airflow/.local/lib/python3.8/site-packages/airflow/example_dags/example_sla_dag.py
[2023-09-24T05:14:30.613+0000] {logging_mixin.py:151} INFO - [2023-09-24T05:14:30.613+0000] {dag.py:2915} INFO - Sync 1 DAGs
[2023-09-24T05:14:30.657+0000] {logging_mixin.py:151} INFO - [2023-09-24T05:14:30.656+0000] {dag.py:3696} INFO - Setting next_dagrun for example_sla_dag to 2023-09-24T05:12:00+00:00, run_after=2023-09-24T05:14:00+00:00
[2023-09-24T05:14:30.708+0000] {processor.py:179} INFO - Processing /home/airflow/.local/lib/python3.8/site-packages/airflow/example_dags/example_sla_dag.py took 0.143 seconds
[2023-09-24T05:15:02.888+0000] {processor.py:157} INFO - Started process (PID=181) to work on /home/airflow/.local/lib/python3.8/site-packages/airflow/example_dags/example_sla_dag.py
[2023-09-24T05:15:02.890+0000] {processor.py:829} INFO - Processing file /home/airflow/.local/lib/python3.8/site-packages/airflow/example_dags/example_sla_dag.py for tasks to queue
[2023-09-24T05:15:02.894+0000] {logging_mixin.py:151} INFO - [2023-09-24T05:15:02.894+0000] {dagbag.py:539} INFO - Filling up the DagBag from /home/airflow/.local/lib/python3.8/site-packages/airflow/example_dags/example_sla_dag.py
[2023-09-24T05:15:02.913+0000] {processor.py:839} INFO - DAG(s) dict_keys(['example_sla_dag']) retrieved from /home/airflow/.local/lib/python3.8/site-packages/airflow/example_dags/example_sla_dag.py
[2023-09-24T05:15:02.956+0000] {logging_mixin.py:151} INFO - [2023-09-24T05:15:02.955+0000] {dag.py:2915} INFO - Sync 1 DAGs
[2023-09-24T05:15:03.021+0000] {logging_mixin.py:151} INFO - [2023-09-24T05:15:03.021+0000] {dag.py:3696} INFO - Setting next_dagrun for example_sla_dag to 2023-09-24T05:12:00+00:00, run_after=2023-09-24T05:14:00+00:00
[2023-09-24T05:15:03.054+0000] {processor.py:179} INFO - Processing /home/airflow/.local/lib/python3.8/site-packages/airflow/example_dags/example_sla_dag.py took 0.173 seconds
