[2023-09-24T05:00:04.575+0000] {processor.py:157} INFO - Started process (PID=35) to work on /home/airflow/.local/lib/python3.8/site-packages/airflow/example_dags/example_branch_operator.py
[2023-09-24T05:00:04.576+0000] {processor.py:829} INFO - Processing file /home/airflow/.local/lib/python3.8/site-packages/airflow/example_dags/example_branch_operator.py for tasks to queue
[2023-09-24T05:00:04.581+0000] {logging_mixin.py:151} INFO - [2023-09-24T05:00:04.580+0000] {dagbag.py:539} INFO - Filling up the DagBag from /home/airflow/.local/lib/python3.8/site-packages/airflow/example_dags/example_branch_operator.py
[2023-09-24T05:00:04.614+0000] {processor.py:839} INFO - DAG(s) dict_keys(['example_branch_operator']) retrieved from /home/airflow/.local/lib/python3.8/site-packages/airflow/example_dags/example_branch_operator.py
[2023-09-24T05:00:04.878+0000] {logging_mixin.py:151} INFO - [2023-09-24T05:00:04.877+0000] {manager.py:499} INFO - Created Permission View: %s
[2023-09-24T05:00:04.897+0000] {logging_mixin.py:151} INFO - [2023-09-24T05:00:04.897+0000] {manager.py:499} INFO - Created Permission View: %s
[2023-09-24T05:00:04.909+0000] {logging_mixin.py:151} INFO - [2023-09-24T05:00:04.908+0000] {manager.py:499} INFO - Created Permission View: %s
[2023-09-24T05:00:04.909+0000] {logging_mixin.py:151} INFO - [2023-09-24T05:00:04.909+0000] {security.py:708} INFO - Not syncing DAG-level permissions for DAG 'DAG:example_branch_operator' as access control is unset.
[2023-09-24T05:00:04.909+0000] {logging_mixin.py:151} INFO - [2023-09-24T05:00:04.909+0000] {dag.py:2915} INFO - Sync 1 DAGs
[2023-09-24T05:00:04.934+0000] {logging_mixin.py:151} INFO - [2023-09-24T05:00:04.934+0000] {dag.py:2937} INFO - Creating ORM DAG for example_branch_operator
[2023-09-24T05:00:04.964+0000] {logging_mixin.py:151} INFO - [2023-09-24T05:00:04.964+0000] {dag.py:3696} INFO - Setting next_dagrun for example_branch_operator to 2023-09-23T00:00:00+00:00, run_after=2023-09-24T00:00:00+00:00
[2023-09-24T05:00:05.002+0000] {processor.py:179} INFO - Processing /home/airflow/.local/lib/python3.8/site-packages/airflow/example_dags/example_branch_operator.py took 0.435 seconds
[2023-09-24T05:00:35.425+0000] {processor.py:157} INFO - Started process (PID=88) to work on /home/airflow/.local/lib/python3.8/site-packages/airflow/example_dags/example_branch_operator.py
[2023-09-24T05:00:35.426+0000] {processor.py:829} INFO - Processing file /home/airflow/.local/lib/python3.8/site-packages/airflow/example_dags/example_branch_operator.py for tasks to queue
[2023-09-24T05:00:35.429+0000] {logging_mixin.py:151} INFO - [2023-09-24T05:00:35.429+0000] {dagbag.py:539} INFO - Filling up the DagBag from /home/airflow/.local/lib/python3.8/site-packages/airflow/example_dags/example_branch_operator.py
[2023-09-24T05:00:35.444+0000] {processor.py:839} INFO - DAG(s) dict_keys(['example_branch_operator']) retrieved from /home/airflow/.local/lib/python3.8/site-packages/airflow/example_dags/example_branch_operator.py
[2023-09-24T05:00:35.480+0000] {logging_mixin.py:151} INFO - [2023-09-24T05:00:35.479+0000] {dag.py:2915} INFO - Sync 1 DAGs
[2023-09-24T05:00:35.518+0000] {logging_mixin.py:151} INFO - [2023-09-24T05:00:35.517+0000] {dag.py:3696} INFO - Setting next_dagrun for example_branch_operator to 2023-09-23T00:00:00+00:00, run_after=2023-09-24T00:00:00+00:00
[2023-09-24T05:00:35.540+0000] {processor.py:179} INFO - Processing /home/airflow/.local/lib/python3.8/site-packages/airflow/example_dags/example_branch_operator.py took 0.119 seconds
[2023-09-24T05:01:05.719+0000] {processor.py:157} INFO - Started process (PID=142) to work on /home/airflow/.local/lib/python3.8/site-packages/airflow/example_dags/example_branch_operator.py
[2023-09-24T05:01:05.721+0000] {processor.py:829} INFO - Processing file /home/airflow/.local/lib/python3.8/site-packages/airflow/example_dags/example_branch_operator.py for tasks to queue
[2023-09-24T05:01:05.723+0000] {logging_mixin.py:151} INFO - [2023-09-24T05:01:05.723+0000] {dagbag.py:539} INFO - Filling up the DagBag from /home/airflow/.local/lib/python3.8/site-packages/airflow/example_dags/example_branch_operator.py
[2023-09-24T05:01:05.739+0000] {processor.py:839} INFO - DAG(s) dict_keys(['example_branch_operator']) retrieved from /home/airflow/.local/lib/python3.8/site-packages/airflow/example_dags/example_branch_operator.py
[2023-09-24T05:01:05.774+0000] {logging_mixin.py:151} INFO - [2023-09-24T05:01:05.774+0000] {dag.py:2915} INFO - Sync 1 DAGs
[2023-09-24T05:01:05.813+0000] {logging_mixin.py:151} INFO - [2023-09-24T05:01:05.812+0000] {dag.py:3696} INFO - Setting next_dagrun for example_branch_operator to 2023-09-23T00:00:00+00:00, run_after=2023-09-24T00:00:00+00:00
[2023-09-24T05:01:05.836+0000] {processor.py:179} INFO - Processing /home/airflow/.local/lib/python3.8/site-packages/airflow/example_dags/example_branch_operator.py took 0.121 seconds
[2023-09-24T05:01:36.094+0000] {processor.py:157} INFO - Started process (PID=196) to work on /home/airflow/.local/lib/python3.8/site-packages/airflow/example_dags/example_branch_operator.py
[2023-09-24T05:01:36.095+0000] {processor.py:829} INFO - Processing file /home/airflow/.local/lib/python3.8/site-packages/airflow/example_dags/example_branch_operator.py for tasks to queue
[2023-09-24T05:01:36.098+0000] {logging_mixin.py:151} INFO - [2023-09-24T05:01:36.098+0000] {dagbag.py:539} INFO - Filling up the DagBag from /home/airflow/.local/lib/python3.8/site-packages/airflow/example_dags/example_branch_operator.py
[2023-09-24T05:01:36.114+0000] {processor.py:839} INFO - DAG(s) dict_keys(['example_branch_operator']) retrieved from /home/airflow/.local/lib/python3.8/site-packages/airflow/example_dags/example_branch_operator.py
[2023-09-24T05:01:36.149+0000] {logging_mixin.py:151} INFO - [2023-09-24T05:01:36.148+0000] {dag.py:2915} INFO - Sync 1 DAGs
[2023-09-24T05:01:36.186+0000] {logging_mixin.py:151} INFO - [2023-09-24T05:01:36.186+0000] {dag.py:3696} INFO - Setting next_dagrun for example_branch_operator to 2023-09-23T00:00:00+00:00, run_after=2023-09-24T00:00:00+00:00
[2023-09-24T05:01:36.212+0000] {processor.py:179} INFO - Processing /home/airflow/.local/lib/python3.8/site-packages/airflow/example_dags/example_branch_operator.py took 0.122 seconds
[2023-09-24T05:02:06.309+0000] {processor.py:157} INFO - Started process (PID=250) to work on /home/airflow/.local/lib/python3.8/site-packages/airflow/example_dags/example_branch_operator.py
[2023-09-24T05:02:06.310+0000] {processor.py:829} INFO - Processing file /home/airflow/.local/lib/python3.8/site-packages/airflow/example_dags/example_branch_operator.py for tasks to queue
[2023-09-24T05:02:06.314+0000] {logging_mixin.py:151} INFO - [2023-09-24T05:02:06.313+0000] {dagbag.py:539} INFO - Filling up the DagBag from /home/airflow/.local/lib/python3.8/site-packages/airflow/example_dags/example_branch_operator.py
[2023-09-24T05:02:06.331+0000] {processor.py:839} INFO - DAG(s) dict_keys(['example_branch_operator']) retrieved from /home/airflow/.local/lib/python3.8/site-packages/airflow/example_dags/example_branch_operator.py
[2023-09-24T05:02:06.367+0000] {logging_mixin.py:151} INFO - [2023-09-24T05:02:06.366+0000] {dag.py:2915} INFO - Sync 1 DAGs
[2023-09-24T05:02:06.405+0000] {logging_mixin.py:151} INFO - [2023-09-24T05:02:06.405+0000] {dag.py:3696} INFO - Setting next_dagrun for example_branch_operator to 2023-09-23T00:00:00+00:00, run_after=2023-09-24T00:00:00+00:00
[2023-09-24T05:02:06.433+0000] {processor.py:179} INFO - Processing /home/airflow/.local/lib/python3.8/site-packages/airflow/example_dags/example_branch_operator.py took 0.129 seconds
[2023-09-24T05:02:36.520+0000] {processor.py:157} INFO - Started process (PID=304) to work on /home/airflow/.local/lib/python3.8/site-packages/airflow/example_dags/example_branch_operator.py
[2023-09-24T05:02:36.521+0000] {processor.py:829} INFO - Processing file /home/airflow/.local/lib/python3.8/site-packages/airflow/example_dags/example_branch_operator.py for tasks to queue
[2023-09-24T05:02:36.530+0000] {logging_mixin.py:151} INFO - [2023-09-24T05:02:36.529+0000] {dagbag.py:539} INFO - Filling up the DagBag from /home/airflow/.local/lib/python3.8/site-packages/airflow/example_dags/example_branch_operator.py
[2023-09-24T05:02:36.545+0000] {processor.py:839} INFO - DAG(s) dict_keys(['example_branch_operator']) retrieved from /home/airflow/.local/lib/python3.8/site-packages/airflow/example_dags/example_branch_operator.py
[2023-09-24T05:02:36.584+0000] {logging_mixin.py:151} INFO - [2023-09-24T05:02:36.584+0000] {dag.py:2915} INFO - Sync 1 DAGs
[2023-09-24T05:02:36.621+0000] {logging_mixin.py:151} INFO - [2023-09-24T05:02:36.621+0000] {dag.py:3696} INFO - Setting next_dagrun for example_branch_operator to 2023-09-23T00:00:00+00:00, run_after=2023-09-24T00:00:00+00:00
[2023-09-24T05:02:36.645+0000] {processor.py:179} INFO - Processing /home/airflow/.local/lib/python3.8/site-packages/airflow/example_dags/example_branch_operator.py took 0.130 seconds
[2023-09-24T05:03:07.221+0000] {processor.py:157} INFO - Started process (PID=366) to work on /home/airflow/.local/lib/python3.8/site-packages/airflow/example_dags/example_branch_operator.py
[2023-09-24T05:03:07.222+0000] {processor.py:829} INFO - Processing file /home/airflow/.local/lib/python3.8/site-packages/airflow/example_dags/example_branch_operator.py for tasks to queue
[2023-09-24T05:03:07.224+0000] {logging_mixin.py:151} INFO - [2023-09-24T05:03:07.224+0000] {dagbag.py:539} INFO - Filling up the DagBag from /home/airflow/.local/lib/python3.8/site-packages/airflow/example_dags/example_branch_operator.py
[2023-09-24T05:03:07.240+0000] {processor.py:839} INFO - DAG(s) dict_keys(['example_branch_operator']) retrieved from /home/airflow/.local/lib/python3.8/site-packages/airflow/example_dags/example_branch_operator.py
[2023-09-24T05:03:07.275+0000] {logging_mixin.py:151} INFO - [2023-09-24T05:03:07.275+0000] {dag.py:2915} INFO - Sync 1 DAGs
[2023-09-24T05:03:07.313+0000] {logging_mixin.py:151} INFO - [2023-09-24T05:03:07.313+0000] {dag.py:3696} INFO - Setting next_dagrun for example_branch_operator to 2023-09-23T00:00:00+00:00, run_after=2023-09-24T00:00:00+00:00
[2023-09-24T05:03:07.337+0000] {processor.py:179} INFO - Processing /home/airflow/.local/lib/python3.8/site-packages/airflow/example_dags/example_branch_operator.py took 0.120 seconds
[2023-09-24T05:03:37.772+0000] {processor.py:157} INFO - Started process (PID=420) to work on /home/airflow/.local/lib/python3.8/site-packages/airflow/example_dags/example_branch_operator.py
[2023-09-24T05:03:37.773+0000] {processor.py:829} INFO - Processing file /home/airflow/.local/lib/python3.8/site-packages/airflow/example_dags/example_branch_operator.py for tasks to queue
[2023-09-24T05:03:37.776+0000] {logging_mixin.py:151} INFO - [2023-09-24T05:03:37.776+0000] {dagbag.py:539} INFO - Filling up the DagBag from /home/airflow/.local/lib/python3.8/site-packages/airflow/example_dags/example_branch_operator.py
[2023-09-24T05:03:37.792+0000] {processor.py:839} INFO - DAG(s) dict_keys(['example_branch_operator']) retrieved from /home/airflow/.local/lib/python3.8/site-packages/airflow/example_dags/example_branch_operator.py
[2023-09-24T05:03:37.826+0000] {logging_mixin.py:151} INFO - [2023-09-24T05:03:37.825+0000] {dag.py:2915} INFO - Sync 1 DAGs
[2023-09-24T05:03:37.865+0000] {logging_mixin.py:151} INFO - [2023-09-24T05:03:37.864+0000] {dag.py:3696} INFO - Setting next_dagrun for example_branch_operator to 2023-09-23T00:00:00+00:00, run_after=2023-09-24T00:00:00+00:00
[2023-09-24T05:03:37.889+0000] {processor.py:179} INFO - Processing /home/airflow/.local/lib/python3.8/site-packages/airflow/example_dags/example_branch_operator.py took 0.121 seconds
[2023-09-24T05:04:08.634+0000] {processor.py:157} INFO - Started process (PID=473) to work on /home/airflow/.local/lib/python3.8/site-packages/airflow/example_dags/example_branch_operator.py
[2023-09-24T05:04:08.635+0000] {processor.py:829} INFO - Processing file /home/airflow/.local/lib/python3.8/site-packages/airflow/example_dags/example_branch_operator.py for tasks to queue
[2023-09-24T05:04:08.639+0000] {logging_mixin.py:151} INFO - [2023-09-24T05:04:08.638+0000] {dagbag.py:539} INFO - Filling up the DagBag from /home/airflow/.local/lib/python3.8/site-packages/airflow/example_dags/example_branch_operator.py
[2023-09-24T05:04:08.655+0000] {processor.py:839} INFO - DAG(s) dict_keys(['example_branch_operator']) retrieved from /home/airflow/.local/lib/python3.8/site-packages/airflow/example_dags/example_branch_operator.py
[2023-09-24T05:04:08.690+0000] {logging_mixin.py:151} INFO - [2023-09-24T05:04:08.690+0000] {dag.py:2915} INFO - Sync 1 DAGs
[2023-09-24T05:04:08.727+0000] {logging_mixin.py:151} INFO - [2023-09-24T05:04:08.727+0000] {dag.py:3696} INFO - Setting next_dagrun for example_branch_operator to 2023-09-23T00:00:00+00:00, run_after=2023-09-24T00:00:00+00:00
[2023-09-24T05:04:08.754+0000] {processor.py:179} INFO - Processing /home/airflow/.local/lib/python3.8/site-packages/airflow/example_dags/example_branch_operator.py took 0.125 seconds
[2023-09-24T05:09:55.609+0000] {processor.py:157} INFO - Started process (PID=35) to work on /home/airflow/.local/lib/python3.8/site-packages/airflow/example_dags/example_branch_operator.py
[2023-09-24T05:09:55.610+0000] {processor.py:829} INFO - Processing file /home/airflow/.local/lib/python3.8/site-packages/airflow/example_dags/example_branch_operator.py for tasks to queue
[2023-09-24T05:09:55.614+0000] {logging_mixin.py:151} INFO - [2023-09-24T05:09:55.613+0000] {dagbag.py:539} INFO - Filling up the DagBag from /home/airflow/.local/lib/python3.8/site-packages/airflow/example_dags/example_branch_operator.py
[2023-09-24T05:09:55.641+0000] {processor.py:839} INFO - DAG(s) dict_keys(['example_branch_operator']) retrieved from /home/airflow/.local/lib/python3.8/site-packages/airflow/example_dags/example_branch_operator.py
[2023-09-24T05:09:55.708+0000] {logging_mixin.py:151} INFO - [2023-09-24T05:09:55.708+0000] {dag.py:2915} INFO - Sync 1 DAGs
[2023-09-24T05:09:55.761+0000] {logging_mixin.py:151} INFO - [2023-09-24T05:09:55.761+0000] {dag.py:3696} INFO - Setting next_dagrun for example_branch_operator to 2023-09-23T00:00:00+00:00, run_after=2023-09-24T00:00:00+00:00
[2023-09-24T05:09:55.792+0000] {processor.py:179} INFO - Processing /home/airflow/.local/lib/python3.8/site-packages/airflow/example_dags/example_branch_operator.py took 0.189 seconds
[2023-09-24T05:10:26.417+0000] {processor.py:157} INFO - Started process (PID=88) to work on /home/airflow/.local/lib/python3.8/site-packages/airflow/example_dags/example_branch_operator.py
[2023-09-24T05:10:26.418+0000] {processor.py:829} INFO - Processing file /home/airflow/.local/lib/python3.8/site-packages/airflow/example_dags/example_branch_operator.py for tasks to queue
[2023-09-24T05:10:26.421+0000] {logging_mixin.py:151} INFO - [2023-09-24T05:10:26.420+0000] {dagbag.py:539} INFO - Filling up the DagBag from /home/airflow/.local/lib/python3.8/site-packages/airflow/example_dags/example_branch_operator.py
[2023-09-24T05:10:26.439+0000] {processor.py:839} INFO - DAG(s) dict_keys(['example_branch_operator']) retrieved from /home/airflow/.local/lib/python3.8/site-packages/airflow/example_dags/example_branch_operator.py
[2023-09-24T05:10:26.478+0000] {logging_mixin.py:151} INFO - [2023-09-24T05:10:26.478+0000] {dag.py:2915} INFO - Sync 1 DAGs
[2023-09-24T05:10:26.520+0000] {logging_mixin.py:151} INFO - [2023-09-24T05:10:26.520+0000] {dag.py:3696} INFO - Setting next_dagrun for example_branch_operator to 2023-09-23T00:00:00+00:00, run_after=2023-09-24T00:00:00+00:00
[2023-09-24T05:10:26.545+0000] {processor.py:179} INFO - Processing /home/airflow/.local/lib/python3.8/site-packages/airflow/example_dags/example_branch_operator.py took 0.134 seconds
[2023-09-24T05:10:56.822+0000] {processor.py:157} INFO - Started process (PID=141) to work on /home/airflow/.local/lib/python3.8/site-packages/airflow/example_dags/example_branch_operator.py
[2023-09-24T05:10:56.823+0000] {processor.py:829} INFO - Processing file /home/airflow/.local/lib/python3.8/site-packages/airflow/example_dags/example_branch_operator.py for tasks to queue
[2023-09-24T05:10:56.827+0000] {logging_mixin.py:151} INFO - [2023-09-24T05:10:56.827+0000] {dagbag.py:539} INFO - Filling up the DagBag from /home/airflow/.local/lib/python3.8/site-packages/airflow/example_dags/example_branch_operator.py
[2023-09-24T05:10:56.845+0000] {processor.py:839} INFO - DAG(s) dict_keys(['example_branch_operator']) retrieved from /home/airflow/.local/lib/python3.8/site-packages/airflow/example_dags/example_branch_operator.py
[2023-09-24T05:10:56.883+0000] {logging_mixin.py:151} INFO - [2023-09-24T05:10:56.883+0000] {dag.py:2915} INFO - Sync 1 DAGs
[2023-09-24T05:10:56.923+0000] {logging_mixin.py:151} INFO - [2023-09-24T05:10:56.923+0000] {dag.py:3696} INFO - Setting next_dagrun for example_branch_operator to 2023-09-23T00:00:00+00:00, run_after=2023-09-24T00:00:00+00:00
[2023-09-24T05:10:56.952+0000] {processor.py:179} INFO - Processing /home/airflow/.local/lib/python3.8/site-packages/airflow/example_dags/example_branch_operator.py took 0.135 seconds
[2023-09-24T05:11:27.283+0000] {processor.py:157} INFO - Started process (PID=195) to work on /home/airflow/.local/lib/python3.8/site-packages/airflow/example_dags/example_branch_operator.py
[2023-09-24T05:11:27.284+0000] {processor.py:829} INFO - Processing file /home/airflow/.local/lib/python3.8/site-packages/airflow/example_dags/example_branch_operator.py for tasks to queue
[2023-09-24T05:11:27.295+0000] {logging_mixin.py:151} INFO - [2023-09-24T05:11:27.294+0000] {dagbag.py:539} INFO - Filling up the DagBag from /home/airflow/.local/lib/python3.8/site-packages/airflow/example_dags/example_branch_operator.py
[2023-09-24T05:11:27.328+0000] {processor.py:839} INFO - DAG(s) dict_keys(['example_branch_operator']) retrieved from /home/airflow/.local/lib/python3.8/site-packages/airflow/example_dags/example_branch_operator.py
[2023-09-24T05:11:27.390+0000] {logging_mixin.py:151} INFO - [2023-09-24T05:11:27.390+0000] {dag.py:2915} INFO - Sync 1 DAGs
[2023-09-24T05:11:27.454+0000] {logging_mixin.py:151} INFO - [2023-09-24T05:11:27.454+0000] {dag.py:3696} INFO - Setting next_dagrun for example_branch_operator to 2023-09-23T00:00:00+00:00, run_after=2023-09-24T00:00:00+00:00
[2023-09-24T05:11:27.490+0000] {processor.py:179} INFO - Processing /home/airflow/.local/lib/python3.8/site-packages/airflow/example_dags/example_branch_operator.py took 0.213 seconds
[2023-09-24T05:11:58.799+0000] {processor.py:157} INFO - Started process (PID=258) to work on /home/airflow/.local/lib/python3.8/site-packages/airflow/example_dags/example_branch_operator.py
[2023-09-24T05:11:58.801+0000] {processor.py:829} INFO - Processing file /home/airflow/.local/lib/python3.8/site-packages/airflow/example_dags/example_branch_operator.py for tasks to queue
[2023-09-24T05:11:58.810+0000] {logging_mixin.py:151} INFO - [2023-09-24T05:11:58.809+0000] {dagbag.py:539} INFO - Filling up the DagBag from /home/airflow/.local/lib/python3.8/site-packages/airflow/example_dags/example_branch_operator.py
[2023-09-24T05:11:58.858+0000] {processor.py:839} INFO - DAG(s) dict_keys(['example_branch_operator']) retrieved from /home/airflow/.local/lib/python3.8/site-packages/airflow/example_dags/example_branch_operator.py
[2023-09-24T05:11:58.949+0000] {logging_mixin.py:151} INFO - [2023-09-24T05:11:58.949+0000] {dag.py:2915} INFO - Sync 1 DAGs
[2023-09-24T05:11:59.033+0000] {logging_mixin.py:151} INFO - [2023-09-24T05:11:59.032+0000] {dag.py:3696} INFO - Setting next_dagrun for example_branch_operator to 2023-09-23T00:00:00+00:00, run_after=2023-09-24T00:00:00+00:00
[2023-09-24T05:11:59.149+0000] {processor.py:179} INFO - Processing /home/airflow/.local/lib/python3.8/site-packages/airflow/example_dags/example_branch_operator.py took 0.369 seconds
[2023-09-24T05:12:29.778+0000] {processor.py:157} INFO - Started process (PID=312) to work on /home/airflow/.local/lib/python3.8/site-packages/airflow/example_dags/example_branch_operator.py
[2023-09-24T05:12:29.780+0000] {processor.py:829} INFO - Processing file /home/airflow/.local/lib/python3.8/site-packages/airflow/example_dags/example_branch_operator.py for tasks to queue
[2023-09-24T05:12:29.788+0000] {logging_mixin.py:151} INFO - [2023-09-24T05:12:29.787+0000] {dagbag.py:539} INFO - Filling up the DagBag from /home/airflow/.local/lib/python3.8/site-packages/airflow/example_dags/example_branch_operator.py
[2023-09-24T05:12:29.835+0000] {processor.py:839} INFO - DAG(s) dict_keys(['example_branch_operator']) retrieved from /home/airflow/.local/lib/python3.8/site-packages/airflow/example_dags/example_branch_operator.py
[2023-09-24T05:12:29.944+0000] {logging_mixin.py:151} INFO - [2023-09-24T05:12:29.943+0000] {dag.py:2915} INFO - Sync 1 DAGs
[2023-09-24T05:12:30.079+0000] {logging_mixin.py:151} INFO - [2023-09-24T05:12:30.078+0000] {dag.py:3696} INFO - Setting next_dagrun for example_branch_operator to 2023-09-23T00:00:00+00:00, run_after=2023-09-24T00:00:00+00:00
[2023-09-24T05:12:30.147+0000] {processor.py:179} INFO - Processing /home/airflow/.local/lib/python3.8/site-packages/airflow/example_dags/example_branch_operator.py took 0.382 seconds
[2023-09-24T05:13:00.562+0000] {processor.py:157} INFO - Started process (PID=366) to work on /home/airflow/.local/lib/python3.8/site-packages/airflow/example_dags/example_branch_operator.py
[2023-09-24T05:13:00.563+0000] {processor.py:829} INFO - Processing file /home/airflow/.local/lib/python3.8/site-packages/airflow/example_dags/example_branch_operator.py for tasks to queue
[2023-09-24T05:13:00.566+0000] {logging_mixin.py:151} INFO - [2023-09-24T05:13:00.566+0000] {dagbag.py:539} INFO - Filling up the DagBag from /home/airflow/.local/lib/python3.8/site-packages/airflow/example_dags/example_branch_operator.py
[2023-09-24T05:13:00.585+0000] {processor.py:839} INFO - DAG(s) dict_keys(['example_branch_operator']) retrieved from /home/airflow/.local/lib/python3.8/site-packages/airflow/example_dags/example_branch_operator.py
[2023-09-24T05:13:00.633+0000] {logging_mixin.py:151} INFO - [2023-09-24T05:13:00.632+0000] {dag.py:2915} INFO - Sync 1 DAGs
[2023-09-24T05:13:00.676+0000] {logging_mixin.py:151} INFO - [2023-09-24T05:13:00.676+0000] {dag.py:3696} INFO - Setting next_dagrun for example_branch_operator to 2023-09-23T00:00:00+00:00, run_after=2023-09-24T00:00:00+00:00
[2023-09-24T05:13:00.701+0000] {processor.py:179} INFO - Processing /home/airflow/.local/lib/python3.8/site-packages/airflow/example_dags/example_branch_operator.py took 0.146 seconds
[2023-09-24T05:13:51.311+0000] {processor.py:157} INFO - Started process (PID=41) to work on /home/airflow/.local/lib/python3.8/site-packages/airflow/example_dags/example_branch_operator.py
[2023-09-24T05:13:51.314+0000] {processor.py:829} INFO - Processing file /home/airflow/.local/lib/python3.8/site-packages/airflow/example_dags/example_branch_operator.py for tasks to queue
[2023-09-24T05:13:51.325+0000] {logging_mixin.py:151} INFO - [2023-09-24T05:13:51.322+0000] {dagbag.py:539} INFO - Filling up the DagBag from /home/airflow/.local/lib/python3.8/site-packages/airflow/example_dags/example_branch_operator.py
[2023-09-24T05:13:51.408+0000] {processor.py:839} INFO - DAG(s) dict_keys(['example_branch_operator']) retrieved from /home/airflow/.local/lib/python3.8/site-packages/airflow/example_dags/example_branch_operator.py
[2023-09-24T05:13:51.484+0000] {logging_mixin.py:151} INFO - [2023-09-24T05:13:51.484+0000] {dag.py:2915} INFO - Sync 1 DAGs
[2023-09-24T05:13:52.029+0000] {logging_mixin.py:151} INFO - [2023-09-24T05:13:52.028+0000] {dag.py:3696} INFO - Setting next_dagrun for example_branch_operator to 2023-09-23T00:00:00+00:00, run_after=2023-09-24T00:00:00+00:00
[2023-09-24T05:13:52.170+0000] {processor.py:179} INFO - Processing /home/airflow/.local/lib/python3.8/site-packages/airflow/example_dags/example_branch_operator.py took 0.880 seconds
[2023-09-24T05:14:22.432+0000] {processor.py:157} INFO - Started process (PID=96) to work on /home/airflow/.local/lib/python3.8/site-packages/airflow/example_dags/example_branch_operator.py
[2023-09-24T05:14:22.439+0000] {processor.py:829} INFO - Processing file /home/airflow/.local/lib/python3.8/site-packages/airflow/example_dags/example_branch_operator.py for tasks to queue
[2023-09-24T05:14:22.441+0000] {logging_mixin.py:151} INFO - [2023-09-24T05:14:22.441+0000] {dagbag.py:539} INFO - Filling up the DagBag from /home/airflow/.local/lib/python3.8/site-packages/airflow/example_dags/example_branch_operator.py
[2023-09-24T05:14:22.457+0000] {processor.py:839} INFO - DAG(s) dict_keys(['example_branch_operator']) retrieved from /home/airflow/.local/lib/python3.8/site-packages/airflow/example_dags/example_branch_operator.py
[2023-09-24T05:14:22.495+0000] {logging_mixin.py:151} INFO - [2023-09-24T05:14:22.495+0000] {dag.py:2915} INFO - Sync 1 DAGs
[2023-09-24T05:14:22.533+0000] {logging_mixin.py:151} INFO - [2023-09-24T05:14:22.532+0000] {dag.py:3696} INFO - Setting next_dagrun for example_branch_operator to 2023-09-23T00:00:00+00:00, run_after=2023-09-24T00:00:00+00:00
[2023-09-24T05:14:22.557+0000] {processor.py:179} INFO - Processing /home/airflow/.local/lib/python3.8/site-packages/airflow/example_dags/example_branch_operator.py took 0.129 seconds
[2023-09-24T05:14:53.047+0000] {processor.py:157} INFO - Started process (PID=156) to work on /home/airflow/.local/lib/python3.8/site-packages/airflow/example_dags/example_branch_operator.py
[2023-09-24T05:14:53.049+0000] {processor.py:829} INFO - Processing file /home/airflow/.local/lib/python3.8/site-packages/airflow/example_dags/example_branch_operator.py for tasks to queue
[2023-09-24T05:14:53.056+0000] {logging_mixin.py:151} INFO - [2023-09-24T05:14:53.055+0000] {dagbag.py:539} INFO - Filling up the DagBag from /home/airflow/.local/lib/python3.8/site-packages/airflow/example_dags/example_branch_operator.py
[2023-09-24T05:14:53.119+0000] {processor.py:839} INFO - DAG(s) dict_keys(['example_branch_operator']) retrieved from /home/airflow/.local/lib/python3.8/site-packages/airflow/example_dags/example_branch_operator.py
[2023-09-24T05:14:53.307+0000] {logging_mixin.py:151} INFO - [2023-09-24T05:14:53.306+0000] {dag.py:2915} INFO - Sync 1 DAGs
[2023-09-24T05:14:53.452+0000] {logging_mixin.py:151} INFO - [2023-09-24T05:14:53.446+0000] {dag.py:3696} INFO - Setting next_dagrun for example_branch_operator to 2023-09-23T00:00:00+00:00, run_after=2023-09-24T00:00:00+00:00
[2023-09-24T05:14:53.550+0000] {processor.py:179} INFO - Processing /home/airflow/.local/lib/python3.8/site-packages/airflow/example_dags/example_branch_operator.py took 0.515 seconds
