[2023-09-24T05:00:20.641+0000] {processor.py:157} INFO - Started process (PID=69) to work on /home/airflow/.local/lib/python3.8/site-packages/airflow/example_dags/example_task_group_decorator.py
[2023-09-24T05:00:20.642+0000] {processor.py:829} INFO - Processing file /home/airflow/.local/lib/python3.8/site-packages/airflow/example_dags/example_task_group_decorator.py for tasks to queue
[2023-09-24T05:00:20.646+0000] {logging_mixin.py:151} INFO - [2023-09-24T05:00:20.646+0000] {dagbag.py:539} INFO - Filling up the DagBag from /home/airflow/.local/lib/python3.8/site-packages/airflow/example_dags/example_task_group_decorator.py
[2023-09-24T05:00:20.709+0000] {processor.py:839} INFO - DAG(s) dict_keys(['example_task_group_decorator']) retrieved from /home/airflow/.local/lib/python3.8/site-packages/airflow/example_dags/example_task_group_decorator.py
[2023-09-24T05:00:20.988+0000] {logging_mixin.py:151} INFO - [2023-09-24T05:00:20.987+0000] {manager.py:499} INFO - Created Permission View: %s
[2023-09-24T05:00:21.019+0000] {logging_mixin.py:151} INFO - [2023-09-24T05:00:21.018+0000] {manager.py:499} INFO - Created Permission View: %s
[2023-09-24T05:00:21.041+0000] {logging_mixin.py:151} INFO - [2023-09-24T05:00:21.040+0000] {manager.py:499} INFO - Created Permission View: %s
[2023-09-24T05:00:21.042+0000] {logging_mixin.py:151} INFO - [2023-09-24T05:00:21.042+0000] {security.py:708} INFO - Not syncing DAG-level permissions for DAG 'DAG:example_task_group_decorator' as access control is unset.
[2023-09-24T05:00:21.043+0000] {logging_mixin.py:151} INFO - [2023-09-24T05:00:21.042+0000] {dag.py:2915} INFO - Sync 1 DAGs
[2023-09-24T05:00:21.084+0000] {logging_mixin.py:151} INFO - [2023-09-24T05:00:21.084+0000] {dag.py:2937} INFO - Creating ORM DAG for example_task_group_decorator
[2023-09-24T05:00:21.108+0000] {logging_mixin.py:151} INFO - [2023-09-24T05:00:21.107+0000] {dag.py:3696} INFO - Setting next_dagrun for example_task_group_decorator to 2023-09-23T05:00:21.107556+00:00, run_after=2023-09-24T05:00:21.107556+00:00
[2023-09-24T05:00:21.151+0000] {processor.py:179} INFO - Processing /home/airflow/.local/lib/python3.8/site-packages/airflow/example_dags/example_task_group_decorator.py took 0.516 seconds
[2023-09-24T05:00:51.412+0000] {processor.py:157} INFO - Started process (PID=123) to work on /home/airflow/.local/lib/python3.8/site-packages/airflow/example_dags/example_task_group_decorator.py
[2023-09-24T05:00:51.413+0000] {processor.py:829} INFO - Processing file /home/airflow/.local/lib/python3.8/site-packages/airflow/example_dags/example_task_group_decorator.py for tasks to queue
[2023-09-24T05:00:51.417+0000] {logging_mixin.py:151} INFO - [2023-09-24T05:00:51.416+0000] {dagbag.py:539} INFO - Filling up the DagBag from /home/airflow/.local/lib/python3.8/site-packages/airflow/example_dags/example_task_group_decorator.py
[2023-09-24T05:00:51.443+0000] {processor.py:839} INFO - DAG(s) dict_keys(['example_task_group_decorator']) retrieved from /home/airflow/.local/lib/python3.8/site-packages/airflow/example_dags/example_task_group_decorator.py
[2023-09-24T05:00:51.485+0000] {logging_mixin.py:151} INFO - [2023-09-24T05:00:51.484+0000] {dag.py:2915} INFO - Sync 1 DAGs
[2023-09-24T05:00:51.519+0000] {logging_mixin.py:151} INFO - [2023-09-24T05:00:51.519+0000] {dag.py:3696} INFO - Setting next_dagrun for example_task_group_decorator to 2023-09-23T05:00:51.519205+00:00, run_after=2023-09-24T05:00:51.519205+00:00
[2023-09-24T05:00:51.545+0000] {processor.py:179} INFO - Processing /home/airflow/.local/lib/python3.8/site-packages/airflow/example_dags/example_task_group_decorator.py took 0.138 seconds
[2023-09-24T05:01:21.676+0000] {processor.py:157} INFO - Started process (PID=177) to work on /home/airflow/.local/lib/python3.8/site-packages/airflow/example_dags/example_task_group_decorator.py
[2023-09-24T05:01:21.677+0000] {processor.py:829} INFO - Processing file /home/airflow/.local/lib/python3.8/site-packages/airflow/example_dags/example_task_group_decorator.py for tasks to queue
[2023-09-24T05:01:21.693+0000] {logging_mixin.py:151} INFO - [2023-09-24T05:01:21.693+0000] {dagbag.py:539} INFO - Filling up the DagBag from /home/airflow/.local/lib/python3.8/site-packages/airflow/example_dags/example_task_group_decorator.py
[2023-09-24T05:01:21.726+0000] {processor.py:839} INFO - DAG(s) dict_keys(['example_task_group_decorator']) retrieved from /home/airflow/.local/lib/python3.8/site-packages/airflow/example_dags/example_task_group_decorator.py
[2023-09-24T05:01:21.768+0000] {logging_mixin.py:151} INFO - [2023-09-24T05:01:21.768+0000] {dag.py:2915} INFO - Sync 1 DAGs
[2023-09-24T05:01:21.804+0000] {logging_mixin.py:151} INFO - [2023-09-24T05:01:21.803+0000] {dag.py:3696} INFO - Setting next_dagrun for example_task_group_decorator to 2023-09-23T05:01:21.803334+00:00, run_after=2023-09-24T05:01:21.803334+00:00
[2023-09-24T05:01:21.831+0000] {processor.py:179} INFO - Processing /home/airflow/.local/lib/python3.8/site-packages/airflow/example_dags/example_task_group_decorator.py took 0.161 seconds
[2023-09-24T05:01:52.055+0000] {processor.py:157} INFO - Started process (PID=231) to work on /home/airflow/.local/lib/python3.8/site-packages/airflow/example_dags/example_task_group_decorator.py
[2023-09-24T05:01:52.056+0000] {processor.py:829} INFO - Processing file /home/airflow/.local/lib/python3.8/site-packages/airflow/example_dags/example_task_group_decorator.py for tasks to queue
[2023-09-24T05:01:52.060+0000] {logging_mixin.py:151} INFO - [2023-09-24T05:01:52.059+0000] {dagbag.py:539} INFO - Filling up the DagBag from /home/airflow/.local/lib/python3.8/site-packages/airflow/example_dags/example_task_group_decorator.py
[2023-09-24T05:01:52.086+0000] {processor.py:839} INFO - DAG(s) dict_keys(['example_task_group_decorator']) retrieved from /home/airflow/.local/lib/python3.8/site-packages/airflow/example_dags/example_task_group_decorator.py
[2023-09-24T05:01:52.127+0000] {logging_mixin.py:151} INFO - [2023-09-24T05:01:52.127+0000] {dag.py:2915} INFO - Sync 1 DAGs
[2023-09-24T05:01:52.161+0000] {logging_mixin.py:151} INFO - [2023-09-24T05:01:52.161+0000] {dag.py:3696} INFO - Setting next_dagrun for example_task_group_decorator to 2023-09-23T05:01:52.160988+00:00, run_after=2023-09-24T05:01:52.160988+00:00
[2023-09-24T05:01:52.186+0000] {processor.py:179} INFO - Processing /home/airflow/.local/lib/python3.8/site-packages/airflow/example_dags/example_task_group_decorator.py took 0.135 seconds
[2023-09-24T05:02:22.594+0000] {processor.py:157} INFO - Started process (PID=285) to work on /home/airflow/.local/lib/python3.8/site-packages/airflow/example_dags/example_task_group_decorator.py
[2023-09-24T05:02:22.596+0000] {processor.py:829} INFO - Processing file /home/airflow/.local/lib/python3.8/site-packages/airflow/example_dags/example_task_group_decorator.py for tasks to queue
[2023-09-24T05:02:22.600+0000] {logging_mixin.py:151} INFO - [2023-09-24T05:02:22.600+0000] {dagbag.py:539} INFO - Filling up the DagBag from /home/airflow/.local/lib/python3.8/site-packages/airflow/example_dags/example_task_group_decorator.py
[2023-09-24T05:02:22.630+0000] {processor.py:839} INFO - DAG(s) dict_keys(['example_task_group_decorator']) retrieved from /home/airflow/.local/lib/python3.8/site-packages/airflow/example_dags/example_task_group_decorator.py
[2023-09-24T05:02:22.683+0000] {logging_mixin.py:151} INFO - [2023-09-24T05:02:22.683+0000] {dag.py:2915} INFO - Sync 1 DAGs
[2023-09-24T05:02:22.722+0000] {logging_mixin.py:151} INFO - [2023-09-24T05:02:22.722+0000] {dag.py:3696} INFO - Setting next_dagrun for example_task_group_decorator to 2023-09-23T05:02:22.721974+00:00, run_after=2023-09-24T05:02:22.721974+00:00
[2023-09-24T05:02:22.748+0000] {processor.py:179} INFO - Processing /home/airflow/.local/lib/python3.8/site-packages/airflow/example_dags/example_task_group_decorator.py took 0.161 seconds
[2023-09-24T05:02:53.464+0000] {processor.py:157} INFO - Started process (PID=339) to work on /home/airflow/.local/lib/python3.8/site-packages/airflow/example_dags/example_task_group_decorator.py
[2023-09-24T05:02:53.465+0000] {processor.py:829} INFO - Processing file /home/airflow/.local/lib/python3.8/site-packages/airflow/example_dags/example_task_group_decorator.py for tasks to queue
[2023-09-24T05:02:53.468+0000] {logging_mixin.py:151} INFO - [2023-09-24T05:02:53.467+0000] {dagbag.py:539} INFO - Filling up the DagBag from /home/airflow/.local/lib/python3.8/site-packages/airflow/example_dags/example_task_group_decorator.py
[2023-09-24T05:02:53.493+0000] {processor.py:839} INFO - DAG(s) dict_keys(['example_task_group_decorator']) retrieved from /home/airflow/.local/lib/python3.8/site-packages/airflow/example_dags/example_task_group_decorator.py
[2023-09-24T05:02:53.535+0000] {logging_mixin.py:151} INFO - [2023-09-24T05:02:53.535+0000] {dag.py:2915} INFO - Sync 1 DAGs
[2023-09-24T05:02:53.572+0000] {logging_mixin.py:151} INFO - [2023-09-24T05:02:53.572+0000] {dag.py:3696} INFO - Setting next_dagrun for example_task_group_decorator to 2023-09-23T05:02:53.571958+00:00, run_after=2023-09-24T05:02:53.571958+00:00
[2023-09-24T05:02:53.597+0000] {processor.py:179} INFO - Processing /home/airflow/.local/lib/python3.8/site-packages/airflow/example_dags/example_task_group_decorator.py took 0.137 seconds
[2023-09-24T05:03:24.976+0000] {processor.py:157} INFO - Started process (PID=394) to work on /home/airflow/.local/lib/python3.8/site-packages/airflow/example_dags/example_task_group_decorator.py
[2023-09-24T05:03:24.980+0000] {processor.py:829} INFO - Processing file /home/airflow/.local/lib/python3.8/site-packages/airflow/example_dags/example_task_group_decorator.py for tasks to queue
[2023-09-24T05:03:24.984+0000] {logging_mixin.py:151} INFO - [2023-09-24T05:03:24.983+0000] {dagbag.py:539} INFO - Filling up the DagBag from /home/airflow/.local/lib/python3.8/site-packages/airflow/example_dags/example_task_group_decorator.py
[2023-09-24T05:03:25.009+0000] {processor.py:839} INFO - DAG(s) dict_keys(['example_task_group_decorator']) retrieved from /home/airflow/.local/lib/python3.8/site-packages/airflow/example_dags/example_task_group_decorator.py
[2023-09-24T05:03:25.050+0000] {logging_mixin.py:151} INFO - [2023-09-24T05:03:25.050+0000] {dag.py:2915} INFO - Sync 1 DAGs
[2023-09-24T05:03:25.092+0000] {logging_mixin.py:151} INFO - [2023-09-24T05:03:25.092+0000] {dag.py:3696} INFO - Setting next_dagrun for example_task_group_decorator to 2023-09-23T05:03:25.091735+00:00, run_after=2023-09-24T05:03:25.091735+00:00
[2023-09-24T05:03:25.123+0000] {processor.py:179} INFO - Processing /home/airflow/.local/lib/python3.8/site-packages/airflow/example_dags/example_task_group_decorator.py took 0.151 seconds
[2023-09-24T05:03:55.794+0000] {processor.py:157} INFO - Started process (PID=448) to work on /home/airflow/.local/lib/python3.8/site-packages/airflow/example_dags/example_task_group_decorator.py
[2023-09-24T05:03:55.795+0000] {processor.py:829} INFO - Processing file /home/airflow/.local/lib/python3.8/site-packages/airflow/example_dags/example_task_group_decorator.py for tasks to queue
[2023-09-24T05:03:55.798+0000] {logging_mixin.py:151} INFO - [2023-09-24T05:03:55.798+0000] {dagbag.py:539} INFO - Filling up the DagBag from /home/airflow/.local/lib/python3.8/site-packages/airflow/example_dags/example_task_group_decorator.py
[2023-09-24T05:03:55.823+0000] {processor.py:839} INFO - DAG(s) dict_keys(['example_task_group_decorator']) retrieved from /home/airflow/.local/lib/python3.8/site-packages/airflow/example_dags/example_task_group_decorator.py
[2023-09-24T05:03:55.863+0000] {logging_mixin.py:151} INFO - [2023-09-24T05:03:55.863+0000] {dag.py:2915} INFO - Sync 1 DAGs
[2023-09-24T05:03:55.908+0000] {logging_mixin.py:151} INFO - [2023-09-24T05:03:55.908+0000] {dag.py:3696} INFO - Setting next_dagrun for example_task_group_decorator to 2023-09-23T05:03:55.907836+00:00, run_after=2023-09-24T05:03:55.907836+00:00
[2023-09-24T05:03:55.941+0000] {processor.py:179} INFO - Processing /home/airflow/.local/lib/python3.8/site-packages/airflow/example_dags/example_task_group_decorator.py took 0.152 seconds
[2023-09-24T05:10:05.321+0000] {processor.py:157} INFO - Started process (PID=69) to work on /home/airflow/.local/lib/python3.8/site-packages/airflow/example_dags/example_task_group_decorator.py
[2023-09-24T05:10:05.329+0000] {processor.py:829} INFO - Processing file /home/airflow/.local/lib/python3.8/site-packages/airflow/example_dags/example_task_group_decorator.py for tasks to queue
[2023-09-24T05:10:05.336+0000] {logging_mixin.py:151} INFO - [2023-09-24T05:10:05.332+0000] {dagbag.py:539} INFO - Filling up the DagBag from /home/airflow/.local/lib/python3.8/site-packages/airflow/example_dags/example_task_group_decorator.py
[2023-09-24T05:10:05.382+0000] {processor.py:839} INFO - DAG(s) dict_keys(['example_task_group_decorator']) retrieved from /home/airflow/.local/lib/python3.8/site-packages/airflow/example_dags/example_task_group_decorator.py
[2023-09-24T05:10:05.459+0000] {logging_mixin.py:151} INFO - [2023-09-24T05:10:05.459+0000] {dag.py:2915} INFO - Sync 1 DAGs
[2023-09-24T05:10:05.562+0000] {logging_mixin.py:151} INFO - [2023-09-24T05:10:05.561+0000] {dag.py:3696} INFO - Setting next_dagrun for example_task_group_decorator to 2023-09-23T05:10:05.561438+00:00, run_after=2023-09-24T05:10:05.561438+00:00
[2023-09-24T05:10:05.643+0000] {processor.py:179} INFO - Processing /home/airflow/.local/lib/python3.8/site-packages/airflow/example_dags/example_task_group_decorator.py took 0.338 seconds
[2023-09-24T05:10:35.756+0000] {processor.py:157} INFO - Started process (PID=122) to work on /home/airflow/.local/lib/python3.8/site-packages/airflow/example_dags/example_task_group_decorator.py
[2023-09-24T05:10:35.757+0000] {processor.py:829} INFO - Processing file /home/airflow/.local/lib/python3.8/site-packages/airflow/example_dags/example_task_group_decorator.py for tasks to queue
[2023-09-24T05:10:35.760+0000] {logging_mixin.py:151} INFO - [2023-09-24T05:10:35.760+0000] {dagbag.py:539} INFO - Filling up the DagBag from /home/airflow/.local/lib/python3.8/site-packages/airflow/example_dags/example_task_group_decorator.py
[2023-09-24T05:10:35.785+0000] {processor.py:839} INFO - DAG(s) dict_keys(['example_task_group_decorator']) retrieved from /home/airflow/.local/lib/python3.8/site-packages/airflow/example_dags/example_task_group_decorator.py
[2023-09-24T05:10:35.825+0000] {logging_mixin.py:151} INFO - [2023-09-24T05:10:35.825+0000] {dag.py:2915} INFO - Sync 1 DAGs
[2023-09-24T05:10:35.863+0000] {logging_mixin.py:151} INFO - [2023-09-24T05:10:35.863+0000] {dag.py:3696} INFO - Setting next_dagrun for example_task_group_decorator to 2023-09-23T05:10:35.863199+00:00, run_after=2023-09-24T05:10:35.863199+00:00
[2023-09-24T05:10:35.890+0000] {processor.py:179} INFO - Processing /home/airflow/.local/lib/python3.8/site-packages/airflow/example_dags/example_task_group_decorator.py took 0.139 seconds
[2023-09-24T05:11:06.671+0000] {processor.py:157} INFO - Started process (PID=176) to work on /home/airflow/.local/lib/python3.8/site-packages/airflow/example_dags/example_task_group_decorator.py
[2023-09-24T05:11:06.672+0000] {processor.py:829} INFO - Processing file /home/airflow/.local/lib/python3.8/site-packages/airflow/example_dags/example_task_group_decorator.py for tasks to queue
[2023-09-24T05:11:06.676+0000] {logging_mixin.py:151} INFO - [2023-09-24T05:11:06.676+0000] {dagbag.py:539} INFO - Filling up the DagBag from /home/airflow/.local/lib/python3.8/site-packages/airflow/example_dags/example_task_group_decorator.py
[2023-09-24T05:11:06.711+0000] {processor.py:839} INFO - DAG(s) dict_keys(['example_task_group_decorator']) retrieved from /home/airflow/.local/lib/python3.8/site-packages/airflow/example_dags/example_task_group_decorator.py
[2023-09-24T05:11:06.785+0000] {logging_mixin.py:151} INFO - [2023-09-24T05:11:06.785+0000] {dag.py:2915} INFO - Sync 1 DAGs
[2023-09-24T05:11:06.836+0000] {logging_mixin.py:151} INFO - [2023-09-24T05:11:06.835+0000] {dag.py:3696} INFO - Setting next_dagrun for example_task_group_decorator to 2023-09-23T05:11:06.835165+00:00, run_after=2023-09-24T05:11:06.835165+00:00
[2023-09-24T05:11:06.870+0000] {processor.py:179} INFO - Processing /home/airflow/.local/lib/python3.8/site-packages/airflow/example_dags/example_task_group_decorator.py took 0.206 seconds
[2023-09-24T05:11:37.583+0000] {processor.py:157} INFO - Started process (PID=235) to work on /home/airflow/.local/lib/python3.8/site-packages/airflow/example_dags/example_task_group_decorator.py
[2023-09-24T05:11:37.588+0000] {processor.py:829} INFO - Processing file /home/airflow/.local/lib/python3.8/site-packages/airflow/example_dags/example_task_group_decorator.py for tasks to queue
[2023-09-24T05:11:37.599+0000] {logging_mixin.py:151} INFO - [2023-09-24T05:11:37.594+0000] {dagbag.py:539} INFO - Filling up the DagBag from /home/airflow/.local/lib/python3.8/site-packages/airflow/example_dags/example_task_group_decorator.py
[2023-09-24T05:11:37.728+0000] {processor.py:839} INFO - DAG(s) dict_keys(['example_task_group_decorator']) retrieved from /home/airflow/.local/lib/python3.8/site-packages/airflow/example_dags/example_task_group_decorator.py
[2023-09-24T05:11:37.999+0000] {logging_mixin.py:151} INFO - [2023-09-24T05:11:37.998+0000] {dag.py:2915} INFO - Sync 1 DAGs
[2023-09-24T05:11:38.219+0000] {logging_mixin.py:151} INFO - [2023-09-24T05:11:38.219+0000] {dag.py:3696} INFO - Setting next_dagrun for example_task_group_decorator to 2023-09-23T05:11:38.218575+00:00, run_after=2023-09-24T05:11:38.218575+00:00
[2023-09-24T05:11:38.284+0000] {processor.py:179} INFO - Processing /home/airflow/.local/lib/python3.8/site-packages/airflow/example_dags/example_task_group_decorator.py took 0.714 seconds
[2023-09-24T05:12:08.804+0000] {processor.py:157} INFO - Started process (PID=293) to work on /home/airflow/.local/lib/python3.8/site-packages/airflow/example_dags/example_task_group_decorator.py
[2023-09-24T05:12:08.805+0000] {processor.py:829} INFO - Processing file /home/airflow/.local/lib/python3.8/site-packages/airflow/example_dags/example_task_group_decorator.py for tasks to queue
[2023-09-24T05:12:08.809+0000] {logging_mixin.py:151} INFO - [2023-09-24T05:12:08.808+0000] {dagbag.py:539} INFO - Filling up the DagBag from /home/airflow/.local/lib/python3.8/site-packages/airflow/example_dags/example_task_group_decorator.py
[2023-09-24T05:12:08.836+0000] {processor.py:839} INFO - DAG(s) dict_keys(['example_task_group_decorator']) retrieved from /home/airflow/.local/lib/python3.8/site-packages/airflow/example_dags/example_task_group_decorator.py
[2023-09-24T05:12:08.880+0000] {logging_mixin.py:151} INFO - [2023-09-24T05:12:08.879+0000] {dag.py:2915} INFO - Sync 1 DAGs
[2023-09-24T05:12:08.917+0000] {logging_mixin.py:151} INFO - [2023-09-24T05:12:08.916+0000] {dag.py:3696} INFO - Setting next_dagrun for example_task_group_decorator to 2023-09-23T05:12:08.916585+00:00, run_after=2023-09-24T05:12:08.916585+00:00
[2023-09-24T05:12:08.943+0000] {processor.py:179} INFO - Processing /home/airflow/.local/lib/python3.8/site-packages/airflow/example_dags/example_task_group_decorator.py took 0.144 seconds
[2023-09-24T05:12:39.069+0000] {processor.py:157} INFO - Started process (PID=347) to work on /home/airflow/.local/lib/python3.8/site-packages/airflow/example_dags/example_task_group_decorator.py
[2023-09-24T05:12:39.170+0000] {processor.py:829} INFO - Processing file /home/airflow/.local/lib/python3.8/site-packages/airflow/example_dags/example_task_group_decorator.py for tasks to queue
[2023-09-24T05:12:39.174+0000] {logging_mixin.py:151} INFO - [2023-09-24T05:12:39.173+0000] {dagbag.py:539} INFO - Filling up the DagBag from /home/airflow/.local/lib/python3.8/site-packages/airflow/example_dags/example_task_group_decorator.py
[2023-09-24T05:12:39.202+0000] {processor.py:839} INFO - DAG(s) dict_keys(['example_task_group_decorator']) retrieved from /home/airflow/.local/lib/python3.8/site-packages/airflow/example_dags/example_task_group_decorator.py
[2023-09-24T05:12:39.253+0000] {logging_mixin.py:151} INFO - [2023-09-24T05:12:39.252+0000] {dag.py:2915} INFO - Sync 1 DAGs
[2023-09-24T05:12:39.303+0000] {logging_mixin.py:151} INFO - [2023-09-24T05:12:39.303+0000] {dag.py:3696} INFO - Setting next_dagrun for example_task_group_decorator to 2023-09-23T05:12:39.302692+00:00, run_after=2023-09-24T05:12:39.302692+00:00
[2023-09-24T05:12:39.337+0000] {processor.py:179} INFO - Processing /home/airflow/.local/lib/python3.8/site-packages/airflow/example_dags/example_task_group_decorator.py took 0.274 seconds
[2023-09-24T05:13:09.725+0000] {processor.py:157} INFO - Started process (PID=400) to work on /home/airflow/.local/lib/python3.8/site-packages/airflow/example_dags/example_task_group_decorator.py
[2023-09-24T05:13:09.726+0000] {processor.py:829} INFO - Processing file /home/airflow/.local/lib/python3.8/site-packages/airflow/example_dags/example_task_group_decorator.py for tasks to queue
[2023-09-24T05:13:09.731+0000] {logging_mixin.py:151} INFO - [2023-09-24T05:13:09.730+0000] {dagbag.py:539} INFO - Filling up the DagBag from /home/airflow/.local/lib/python3.8/site-packages/airflow/example_dags/example_task_group_decorator.py
[2023-09-24T05:13:09.767+0000] {processor.py:839} INFO - DAG(s) dict_keys(['example_task_group_decorator']) retrieved from /home/airflow/.local/lib/python3.8/site-packages/airflow/example_dags/example_task_group_decorator.py
[2023-09-24T05:13:09.826+0000] {logging_mixin.py:151} INFO - [2023-09-24T05:13:09.826+0000] {dag.py:2915} INFO - Sync 1 DAGs
[2023-09-24T05:13:09.876+0000] {logging_mixin.py:151} INFO - [2023-09-24T05:13:09.876+0000] {dag.py:3696} INFO - Setting next_dagrun for example_task_group_decorator to 2023-09-23T05:13:09.875844+00:00, run_after=2023-09-24T05:13:09.875844+00:00
[2023-09-24T05:13:09.909+0000] {processor.py:179} INFO - Processing /home/airflow/.local/lib/python3.8/site-packages/airflow/example_dags/example_task_group_decorator.py took 0.191 seconds
[2023-09-24T05:13:59.971+0000] {processor.py:157} INFO - Started process (PID=69) to work on /home/airflow/.local/lib/python3.8/site-packages/airflow/example_dags/example_task_group_decorator.py
[2023-09-24T05:13:59.973+0000] {processor.py:829} INFO - Processing file /home/airflow/.local/lib/python3.8/site-packages/airflow/example_dags/example_task_group_decorator.py for tasks to queue
[2023-09-24T05:13:59.980+0000] {logging_mixin.py:151} INFO - [2023-09-24T05:13:59.979+0000] {dagbag.py:539} INFO - Filling up the DagBag from /home/airflow/.local/lib/python3.8/site-packages/airflow/example_dags/example_task_group_decorator.py
[2023-09-24T05:14:00.027+0000] {processor.py:839} INFO - DAG(s) dict_keys(['example_task_group_decorator']) retrieved from /home/airflow/.local/lib/python3.8/site-packages/airflow/example_dags/example_task_group_decorator.py
[2023-09-24T05:14:00.052+0000] {logging_mixin.py:151} INFO - [2023-09-24T05:14:00.051+0000] {dag.py:2915} INFO - Sync 1 DAGs
[2023-09-24T05:14:00.115+0000] {logging_mixin.py:151} INFO - [2023-09-24T05:14:00.115+0000] {dag.py:3696} INFO - Setting next_dagrun for example_task_group_decorator to 2023-09-23T05:14:00.114815+00:00, run_after=2023-09-24T05:14:00.114815+00:00
[2023-09-24T05:14:00.156+0000] {processor.py:179} INFO - Processing /home/airflow/.local/lib/python3.8/site-packages/airflow/example_dags/example_task_group_decorator.py took 0.192 seconds
[2023-09-24T05:14:30.770+0000] {processor.py:157} INFO - Started process (PID=124) to work on /home/airflow/.local/lib/python3.8/site-packages/airflow/example_dags/example_task_group_decorator.py
[2023-09-24T05:14:30.772+0000] {processor.py:829} INFO - Processing file /home/airflow/.local/lib/python3.8/site-packages/airflow/example_dags/example_task_group_decorator.py for tasks to queue
[2023-09-24T05:14:30.776+0000] {logging_mixin.py:151} INFO - [2023-09-24T05:14:30.776+0000] {dagbag.py:539} INFO - Filling up the DagBag from /home/airflow/.local/lib/python3.8/site-packages/airflow/example_dags/example_task_group_decorator.py
[2023-09-24T05:14:30.808+0000] {processor.py:839} INFO - DAG(s) dict_keys(['example_task_group_decorator']) retrieved from /home/airflow/.local/lib/python3.8/site-packages/airflow/example_dags/example_task_group_decorator.py
[2023-09-24T05:14:30.855+0000] {logging_mixin.py:151} INFO - [2023-09-24T05:14:30.855+0000] {dag.py:2915} INFO - Sync 1 DAGs
[2023-09-24T05:14:30.898+0000] {logging_mixin.py:151} INFO - [2023-09-24T05:14:30.898+0000] {dag.py:3696} INFO - Setting next_dagrun for example_task_group_decorator to 2023-09-23T05:14:30.898072+00:00, run_after=2023-09-24T05:14:30.898072+00:00
[2023-09-24T05:14:30.937+0000] {processor.py:179} INFO - Processing /home/airflow/.local/lib/python3.8/site-packages/airflow/example_dags/example_task_group_decorator.py took 0.172 seconds
[2023-09-24T05:15:03.218+0000] {processor.py:157} INFO - Started process (PID=184) to work on /home/airflow/.local/lib/python3.8/site-packages/airflow/example_dags/example_task_group_decorator.py
[2023-09-24T05:15:03.220+0000] {processor.py:829} INFO - Processing file /home/airflow/.local/lib/python3.8/site-packages/airflow/example_dags/example_task_group_decorator.py for tasks to queue
[2023-09-24T05:15:03.225+0000] {logging_mixin.py:151} INFO - [2023-09-24T05:15:03.224+0000] {dagbag.py:539} INFO - Filling up the DagBag from /home/airflow/.local/lib/python3.8/site-packages/airflow/example_dags/example_task_group_decorator.py
[2023-09-24T05:15:03.260+0000] {processor.py:839} INFO - DAG(s) dict_keys(['example_task_group_decorator']) retrieved from /home/airflow/.local/lib/python3.8/site-packages/airflow/example_dags/example_task_group_decorator.py
[2023-09-24T05:15:03.317+0000] {logging_mixin.py:151} INFO - [2023-09-24T05:15:03.316+0000] {dag.py:2915} INFO - Sync 1 DAGs
[2023-09-24T05:15:03.371+0000] {logging_mixin.py:151} INFO - [2023-09-24T05:15:03.370+0000] {dag.py:3696} INFO - Setting next_dagrun for example_task_group_decorator to 2023-09-23T05:15:03.370306+00:00, run_after=2023-09-24T05:15:03.370306+00:00
[2023-09-24T05:15:03.411+0000] {processor.py:179} INFO - Processing /home/airflow/.local/lib/python3.8/site-packages/airflow/example_dags/example_task_group_decorator.py took 0.205 seconds
