[2023-09-24T05:00:06.136+0000] {processor.py:157} INFO - Started process (PID=45) to work on /home/airflow/.local/lib/python3.8/site-packages/airflow/example_dags/example_dag_decorator.py
[2023-09-24T05:00:06.137+0000] {processor.py:829} INFO - Processing file /home/airflow/.local/lib/python3.8/site-packages/airflow/example_dags/example_dag_decorator.py for tasks to queue
[2023-09-24T05:00:06.140+0000] {logging_mixin.py:151} INFO - [2023-09-24T05:00:06.140+0000] {dagbag.py:539} INFO - Filling up the DagBag from /home/airflow/.local/lib/python3.8/site-packages/airflow/example_dags/example_dag_decorator.py
[2023-09-24T05:00:06.597+0000] {processor.py:839} INFO - DAG(s) dict_keys(['example_dag_decorator']) retrieved from /home/airflow/.local/lib/python3.8/site-packages/airflow/example_dags/example_dag_decorator.py
[2023-09-24T05:00:06.853+0000] {logging_mixin.py:151} INFO - [2023-09-24T05:00:06.852+0000] {manager.py:499} INFO - Created Permission View: %s
[2023-09-24T05:00:06.879+0000] {logging_mixin.py:151} INFO - [2023-09-24T05:00:06.879+0000] {manager.py:499} INFO - Created Permission View: %s
[2023-09-24T05:00:06.894+0000] {logging_mixin.py:151} INFO - [2023-09-24T05:00:06.894+0000] {manager.py:499} INFO - Created Permission View: %s
[2023-09-24T05:00:06.895+0000] {logging_mixin.py:151} INFO - [2023-09-24T05:00:06.894+0000] {security.py:708} INFO - Not syncing DAG-level permissions for DAG 'DAG:example_dag_decorator' as access control is unset.
[2023-09-24T05:00:06.895+0000] {logging_mixin.py:151} INFO - [2023-09-24T05:00:06.895+0000] {dag.py:2915} INFO - Sync 1 DAGs
[2023-09-24T05:00:06.927+0000] {logging_mixin.py:151} INFO - [2023-09-24T05:00:06.927+0000] {dag.py:2937} INFO - Creating ORM DAG for example_dag_decorator
[2023-09-24T05:00:06.928+0000] {logging_mixin.py:151} INFO - [2023-09-24T05:00:06.928+0000] {dag.py:3696} INFO - Setting next_dagrun for example_dag_decorator to None, run_after=None
[2023-09-24T05:00:06.966+0000] {processor.py:179} INFO - Processing /home/airflow/.local/lib/python3.8/site-packages/airflow/example_dags/example_dag_decorator.py took 0.836 seconds
[2023-09-24T05:00:37.610+0000] {processor.py:157} INFO - Started process (PID=99) to work on /home/airflow/.local/lib/python3.8/site-packages/airflow/example_dags/example_dag_decorator.py
[2023-09-24T05:00:37.611+0000] {processor.py:829} INFO - Processing file /home/airflow/.local/lib/python3.8/site-packages/airflow/example_dags/example_dag_decorator.py for tasks to queue
[2023-09-24T05:00:37.614+0000] {logging_mixin.py:151} INFO - [2023-09-24T05:00:37.614+0000] {dagbag.py:539} INFO - Filling up the DagBag from /home/airflow/.local/lib/python3.8/site-packages/airflow/example_dags/example_dag_decorator.py
[2023-09-24T05:00:37.767+0000] {processor.py:839} INFO - DAG(s) dict_keys(['example_dag_decorator']) retrieved from /home/airflow/.local/lib/python3.8/site-packages/airflow/example_dags/example_dag_decorator.py
[2023-09-24T05:00:37.943+0000] {logging_mixin.py:151} INFO - [2023-09-24T05:00:37.943+0000] {security.py:708} INFO - Not syncing DAG-level permissions for DAG 'DAG:example_dag_decorator' as access control is unset.
[2023-09-24T05:00:37.944+0000] {logging_mixin.py:151} INFO - [2023-09-24T05:00:37.943+0000] {dag.py:2915} INFO - Sync 1 DAGs
[2023-09-24T05:00:37.963+0000] {logging_mixin.py:151} INFO - [2023-09-24T05:00:37.963+0000] {dag.py:3696} INFO - Setting next_dagrun for example_dag_decorator to None, run_after=None
[2023-09-24T05:00:37.988+0000] {processor.py:179} INFO - Processing /home/airflow/.local/lib/python3.8/site-packages/airflow/example_dags/example_dag_decorator.py took 0.383 seconds
[2023-09-24T05:01:08.050+0000] {processor.py:157} INFO - Started process (PID=153) to work on /home/airflow/.local/lib/python3.8/site-packages/airflow/example_dags/example_dag_decorator.py
[2023-09-24T05:01:08.051+0000] {processor.py:829} INFO - Processing file /home/airflow/.local/lib/python3.8/site-packages/airflow/example_dags/example_dag_decorator.py for tasks to queue
[2023-09-24T05:01:08.054+0000] {logging_mixin.py:151} INFO - [2023-09-24T05:01:08.054+0000] {dagbag.py:539} INFO - Filling up the DagBag from /home/airflow/.local/lib/python3.8/site-packages/airflow/example_dags/example_dag_decorator.py
[2023-09-24T05:01:08.208+0000] {processor.py:839} INFO - DAG(s) dict_keys(['example_dag_decorator']) retrieved from /home/airflow/.local/lib/python3.8/site-packages/airflow/example_dags/example_dag_decorator.py
[2023-09-24T05:01:08.381+0000] {logging_mixin.py:151} INFO - [2023-09-24T05:01:08.380+0000] {security.py:708} INFO - Not syncing DAG-level permissions for DAG 'DAG:example_dag_decorator' as access control is unset.
[2023-09-24T05:01:08.381+0000] {logging_mixin.py:151} INFO - [2023-09-24T05:01:08.381+0000] {dag.py:2915} INFO - Sync 1 DAGs
[2023-09-24T05:01:08.399+0000] {logging_mixin.py:151} INFO - [2023-09-24T05:01:08.399+0000] {dag.py:3696} INFO - Setting next_dagrun for example_dag_decorator to None, run_after=None
[2023-09-24T05:01:08.424+0000] {processor.py:179} INFO - Processing /home/airflow/.local/lib/python3.8/site-packages/airflow/example_dags/example_dag_decorator.py took 0.379 seconds
[2023-09-24T05:01:39.304+0000] {processor.py:157} INFO - Started process (PID=207) to work on /home/airflow/.local/lib/python3.8/site-packages/airflow/example_dags/example_dag_decorator.py
[2023-09-24T05:01:39.305+0000] {processor.py:829} INFO - Processing file /home/airflow/.local/lib/python3.8/site-packages/airflow/example_dags/example_dag_decorator.py for tasks to queue
[2023-09-24T05:01:39.308+0000] {logging_mixin.py:151} INFO - [2023-09-24T05:01:39.308+0000] {dagbag.py:539} INFO - Filling up the DagBag from /home/airflow/.local/lib/python3.8/site-packages/airflow/example_dags/example_dag_decorator.py
[2023-09-24T05:01:39.464+0000] {processor.py:839} INFO - DAG(s) dict_keys(['example_dag_decorator']) retrieved from /home/airflow/.local/lib/python3.8/site-packages/airflow/example_dags/example_dag_decorator.py
[2023-09-24T05:01:39.639+0000] {logging_mixin.py:151} INFO - [2023-09-24T05:01:39.639+0000] {security.py:708} INFO - Not syncing DAG-level permissions for DAG 'DAG:example_dag_decorator' as access control is unset.
[2023-09-24T05:01:39.640+0000] {logging_mixin.py:151} INFO - [2023-09-24T05:01:39.640+0000] {dag.py:2915} INFO - Sync 1 DAGs
[2023-09-24T05:01:39.658+0000] {logging_mixin.py:151} INFO - [2023-09-24T05:01:39.658+0000] {dag.py:3696} INFO - Setting next_dagrun for example_dag_decorator to None, run_after=None
[2023-09-24T05:01:39.682+0000] {processor.py:179} INFO - Processing /home/airflow/.local/lib/python3.8/site-packages/airflow/example_dags/example_dag_decorator.py took 0.384 seconds
[2023-09-24T05:02:10.678+0000] {processor.py:157} INFO - Started process (PID=262) to work on /home/airflow/.local/lib/python3.8/site-packages/airflow/example_dags/example_dag_decorator.py
[2023-09-24T05:02:10.680+0000] {processor.py:829} INFO - Processing file /home/airflow/.local/lib/python3.8/site-packages/airflow/example_dags/example_dag_decorator.py for tasks to queue
[2023-09-24T05:02:10.683+0000] {logging_mixin.py:151} INFO - [2023-09-24T05:02:10.683+0000] {dagbag.py:539} INFO - Filling up the DagBag from /home/airflow/.local/lib/python3.8/site-packages/airflow/example_dags/example_dag_decorator.py
[2023-09-24T05:02:10.837+0000] {processor.py:839} INFO - DAG(s) dict_keys(['example_dag_decorator']) retrieved from /home/airflow/.local/lib/python3.8/site-packages/airflow/example_dags/example_dag_decorator.py
[2023-09-24T05:02:11.011+0000] {logging_mixin.py:151} INFO - [2023-09-24T05:02:11.010+0000] {security.py:708} INFO - Not syncing DAG-level permissions for DAG 'DAG:example_dag_decorator' as access control is unset.
[2023-09-24T05:02:11.011+0000] {logging_mixin.py:151} INFO - [2023-09-24T05:02:11.011+0000] {dag.py:2915} INFO - Sync 1 DAGs
[2023-09-24T05:02:11.028+0000] {logging_mixin.py:151} INFO - [2023-09-24T05:02:11.027+0000] {dag.py:3696} INFO - Setting next_dagrun for example_dag_decorator to None, run_after=None
[2023-09-24T05:02:11.051+0000] {processor.py:179} INFO - Processing /home/airflow/.local/lib/python3.8/site-packages/airflow/example_dags/example_dag_decorator.py took 0.380 seconds
[2023-09-24T05:02:41.098+0000] {processor.py:157} INFO - Started process (PID=318) to work on /home/airflow/.local/lib/python3.8/site-packages/airflow/example_dags/example_dag_decorator.py
[2023-09-24T05:02:41.099+0000] {processor.py:829} INFO - Processing file /home/airflow/.local/lib/python3.8/site-packages/airflow/example_dags/example_dag_decorator.py for tasks to queue
[2023-09-24T05:02:41.101+0000] {logging_mixin.py:151} INFO - [2023-09-24T05:02:41.101+0000] {dagbag.py:539} INFO - Filling up the DagBag from /home/airflow/.local/lib/python3.8/site-packages/airflow/example_dags/example_dag_decorator.py
[2023-09-24T05:02:41.252+0000] {processor.py:839} INFO - DAG(s) dict_keys(['example_dag_decorator']) retrieved from /home/airflow/.local/lib/python3.8/site-packages/airflow/example_dags/example_dag_decorator.py
[2023-09-24T05:02:41.290+0000] {logging_mixin.py:151} INFO - [2023-09-24T05:02:41.289+0000] {dag.py:2915} INFO - Sync 1 DAGs
[2023-09-24T05:02:41.310+0000] {logging_mixin.py:151} INFO - [2023-09-24T05:02:41.309+0000] {dag.py:3696} INFO - Setting next_dagrun for example_dag_decorator to None, run_after=None
[2023-09-24T05:02:41.332+0000] {processor.py:179} INFO - Processing /home/airflow/.local/lib/python3.8/site-packages/airflow/example_dags/example_dag_decorator.py took 0.238 seconds
[2023-09-24T05:03:11.566+0000] {processor.py:157} INFO - Started process (PID=371) to work on /home/airflow/.local/lib/python3.8/site-packages/airflow/example_dags/example_dag_decorator.py
[2023-09-24T05:03:11.567+0000] {processor.py:829} INFO - Processing file /home/airflow/.local/lib/python3.8/site-packages/airflow/example_dags/example_dag_decorator.py for tasks to queue
[2023-09-24T05:03:11.570+0000] {logging_mixin.py:151} INFO - [2023-09-24T05:03:11.570+0000] {dagbag.py:539} INFO - Filling up the DagBag from /home/airflow/.local/lib/python3.8/site-packages/airflow/example_dags/example_dag_decorator.py
[2023-09-24T05:03:11.744+0000] {processor.py:839} INFO - DAG(s) dict_keys(['example_dag_decorator']) retrieved from /home/airflow/.local/lib/python3.8/site-packages/airflow/example_dags/example_dag_decorator.py
[2023-09-24T05:03:11.919+0000] {logging_mixin.py:151} INFO - [2023-09-24T05:03:11.919+0000] {security.py:708} INFO - Not syncing DAG-level permissions for DAG 'DAG:example_dag_decorator' as access control is unset.
[2023-09-24T05:03:11.919+0000] {logging_mixin.py:151} INFO - [2023-09-24T05:03:11.919+0000] {dag.py:2915} INFO - Sync 1 DAGs
[2023-09-24T05:03:11.939+0000] {logging_mixin.py:151} INFO - [2023-09-24T05:03:11.939+0000] {dag.py:3696} INFO - Setting next_dagrun for example_dag_decorator to None, run_after=None
[2023-09-24T05:03:11.964+0000] {processor.py:179} INFO - Processing /home/airflow/.local/lib/python3.8/site-packages/airflow/example_dags/example_dag_decorator.py took 0.403 seconds
[2023-09-24T05:03:42.170+0000] {processor.py:157} INFO - Started process (PID=425) to work on /home/airflow/.local/lib/python3.8/site-packages/airflow/example_dags/example_dag_decorator.py
[2023-09-24T05:03:42.171+0000] {processor.py:829} INFO - Processing file /home/airflow/.local/lib/python3.8/site-packages/airflow/example_dags/example_dag_decorator.py for tasks to queue
[2023-09-24T05:03:42.176+0000] {logging_mixin.py:151} INFO - [2023-09-24T05:03:42.175+0000] {dagbag.py:539} INFO - Filling up the DagBag from /home/airflow/.local/lib/python3.8/site-packages/airflow/example_dags/example_dag_decorator.py
[2023-09-24T05:03:42.338+0000] {processor.py:839} INFO - DAG(s) dict_keys(['example_dag_decorator']) retrieved from /home/airflow/.local/lib/python3.8/site-packages/airflow/example_dags/example_dag_decorator.py
[2023-09-24T05:03:42.539+0000] {logging_mixin.py:151} INFO - [2023-09-24T05:03:42.538+0000] {security.py:708} INFO - Not syncing DAG-level permissions for DAG 'DAG:example_dag_decorator' as access control is unset.
[2023-09-24T05:03:42.539+0000] {logging_mixin.py:151} INFO - [2023-09-24T05:03:42.539+0000] {dag.py:2915} INFO - Sync 1 DAGs
[2023-09-24T05:03:42.561+0000] {logging_mixin.py:151} INFO - [2023-09-24T05:03:42.561+0000] {dag.py:3696} INFO - Setting next_dagrun for example_dag_decorator to None, run_after=None
[2023-09-24T05:03:42.593+0000] {processor.py:179} INFO - Processing /home/airflow/.local/lib/python3.8/site-packages/airflow/example_dags/example_dag_decorator.py took 0.429 seconds
[2023-09-24T05:04:12.990+0000] {processor.py:157} INFO - Started process (PID=478) to work on /home/airflow/.local/lib/python3.8/site-packages/airflow/example_dags/example_dag_decorator.py
[2023-09-24T05:04:12.991+0000] {processor.py:829} INFO - Processing file /home/airflow/.local/lib/python3.8/site-packages/airflow/example_dags/example_dag_decorator.py for tasks to queue
[2023-09-24T05:04:12.994+0000] {logging_mixin.py:151} INFO - [2023-09-24T05:04:12.993+0000] {dagbag.py:539} INFO - Filling up the DagBag from /home/airflow/.local/lib/python3.8/site-packages/airflow/example_dags/example_dag_decorator.py
[2023-09-24T05:04:13.148+0000] {processor.py:839} INFO - DAG(s) dict_keys(['example_dag_decorator']) retrieved from /home/airflow/.local/lib/python3.8/site-packages/airflow/example_dags/example_dag_decorator.py
[2023-09-24T05:04:13.322+0000] {logging_mixin.py:151} INFO - [2023-09-24T05:04:13.322+0000] {security.py:708} INFO - Not syncing DAG-level permissions for DAG 'DAG:example_dag_decorator' as access control is unset.
[2023-09-24T05:04:13.323+0000] {logging_mixin.py:151} INFO - [2023-09-24T05:04:13.322+0000] {dag.py:2915} INFO - Sync 1 DAGs
[2023-09-24T05:04:13.341+0000] {logging_mixin.py:151} INFO - [2023-09-24T05:04:13.341+0000] {dag.py:3696} INFO - Setting next_dagrun for example_dag_decorator to None, run_after=None
[2023-09-24T05:04:13.366+0000] {processor.py:179} INFO - Processing /home/airflow/.local/lib/python3.8/site-packages/airflow/example_dags/example_dag_decorator.py took 0.381 seconds
[2023-09-24T05:09:56.116+0000] {processor.py:157} INFO - Started process (PID=39) to work on /home/airflow/.local/lib/python3.8/site-packages/airflow/example_dags/example_dag_decorator.py
[2023-09-24T05:09:56.122+0000] {processor.py:829} INFO - Processing file /home/airflow/.local/lib/python3.8/site-packages/airflow/example_dags/example_dag_decorator.py for tasks to queue
[2023-09-24T05:09:56.129+0000] {logging_mixin.py:151} INFO - [2023-09-24T05:09:56.128+0000] {dagbag.py:539} INFO - Filling up the DagBag from /home/airflow/.local/lib/python3.8/site-packages/airflow/example_dags/example_dag_decorator.py
[2023-09-24T05:09:56.601+0000] {processor.py:839} INFO - DAG(s) dict_keys(['example_dag_decorator']) retrieved from /home/airflow/.local/lib/python3.8/site-packages/airflow/example_dags/example_dag_decorator.py
[2023-09-24T05:09:57.091+0000] {logging_mixin.py:151} INFO - [2023-09-24T05:09:57.090+0000] {security.py:708} INFO - Not syncing DAG-level permissions for DAG 'DAG:example_dag_decorator' as access control is unset.
[2023-09-24T05:09:57.091+0000] {logging_mixin.py:151} INFO - [2023-09-24T05:09:57.091+0000] {dag.py:2915} INFO - Sync 1 DAGs
[2023-09-24T05:09:57.117+0000] {logging_mixin.py:151} INFO - [2023-09-24T05:09:57.117+0000] {dag.py:3696} INFO - Setting next_dagrun for example_dag_decorator to None, run_after=None
[2023-09-24T05:09:57.159+0000] {processor.py:179} INFO - Processing /home/airflow/.local/lib/python3.8/site-packages/airflow/example_dags/example_dag_decorator.py took 1.050 seconds
[2023-09-24T05:10:27.232+0000] {processor.py:157} INFO - Started process (PID=95) to work on /home/airflow/.local/lib/python3.8/site-packages/airflow/example_dags/example_dag_decorator.py
[2023-09-24T05:10:27.233+0000] {processor.py:829} INFO - Processing file /home/airflow/.local/lib/python3.8/site-packages/airflow/example_dags/example_dag_decorator.py for tasks to queue
[2023-09-24T05:10:27.236+0000] {logging_mixin.py:151} INFO - [2023-09-24T05:10:27.236+0000] {dagbag.py:539} INFO - Filling up the DagBag from /home/airflow/.local/lib/python3.8/site-packages/airflow/example_dags/example_dag_decorator.py
[2023-09-24T05:10:27.393+0000] {processor.py:839} INFO - DAG(s) dict_keys(['example_dag_decorator']) retrieved from /home/airflow/.local/lib/python3.8/site-packages/airflow/example_dags/example_dag_decorator.py
[2023-09-24T05:10:27.591+0000] {logging_mixin.py:151} INFO - [2023-09-24T05:10:27.591+0000] {security.py:708} INFO - Not syncing DAG-level permissions for DAG 'DAG:example_dag_decorator' as access control is unset.
[2023-09-24T05:10:27.591+0000] {logging_mixin.py:151} INFO - [2023-09-24T05:10:27.591+0000] {dag.py:2915} INFO - Sync 1 DAGs
[2023-09-24T05:10:27.612+0000] {logging_mixin.py:151} INFO - [2023-09-24T05:10:27.612+0000] {dag.py:3696} INFO - Setting next_dagrun for example_dag_decorator to None, run_after=None
[2023-09-24T05:10:27.640+0000] {processor.py:179} INFO - Processing /home/airflow/.local/lib/python3.8/site-packages/airflow/example_dags/example_dag_decorator.py took 0.412 seconds
[2023-09-24T05:10:58.386+0000] {processor.py:157} INFO - Started process (PID=148) to work on /home/airflow/.local/lib/python3.8/site-packages/airflow/example_dags/example_dag_decorator.py
[2023-09-24T05:10:58.387+0000] {processor.py:829} INFO - Processing file /home/airflow/.local/lib/python3.8/site-packages/airflow/example_dags/example_dag_decorator.py for tasks to queue
[2023-09-24T05:10:58.390+0000] {logging_mixin.py:151} INFO - [2023-09-24T05:10:58.390+0000] {dagbag.py:539} INFO - Filling up the DagBag from /home/airflow/.local/lib/python3.8/site-packages/airflow/example_dags/example_dag_decorator.py
[2023-09-24T05:10:58.555+0000] {processor.py:839} INFO - DAG(s) dict_keys(['example_dag_decorator']) retrieved from /home/airflow/.local/lib/python3.8/site-packages/airflow/example_dags/example_dag_decorator.py
[2023-09-24T05:10:58.732+0000] {logging_mixin.py:151} INFO - [2023-09-24T05:10:58.731+0000] {security.py:708} INFO - Not syncing DAG-level permissions for DAG 'DAG:example_dag_decorator' as access control is unset.
[2023-09-24T05:10:58.732+0000] {logging_mixin.py:151} INFO - [2023-09-24T05:10:58.732+0000] {dag.py:2915} INFO - Sync 1 DAGs
[2023-09-24T05:10:58.753+0000] {logging_mixin.py:151} INFO - [2023-09-24T05:10:58.753+0000] {dag.py:3696} INFO - Setting next_dagrun for example_dag_decorator to None, run_after=None
[2023-09-24T05:10:58.789+0000] {processor.py:179} INFO - Processing /home/airflow/.local/lib/python3.8/site-packages/airflow/example_dags/example_dag_decorator.py took 0.408 seconds
[2023-09-24T05:11:29.016+0000] {processor.py:157} INFO - Started process (PID=202) to work on /home/airflow/.local/lib/python3.8/site-packages/airflow/example_dags/example_dag_decorator.py
[2023-09-24T05:11:29.017+0000] {processor.py:829} INFO - Processing file /home/airflow/.local/lib/python3.8/site-packages/airflow/example_dags/example_dag_decorator.py for tasks to queue
[2023-09-24T05:11:29.021+0000] {logging_mixin.py:151} INFO - [2023-09-24T05:11:29.021+0000] {dagbag.py:539} INFO - Filling up the DagBag from /home/airflow/.local/lib/python3.8/site-packages/airflow/example_dags/example_dag_decorator.py
[2023-09-24T05:11:29.396+0000] {processor.py:839} INFO - DAG(s) dict_keys(['example_dag_decorator']) retrieved from /home/airflow/.local/lib/python3.8/site-packages/airflow/example_dags/example_dag_decorator.py
[2023-09-24T05:11:29.745+0000] {logging_mixin.py:151} INFO - [2023-09-24T05:11:29.745+0000] {security.py:708} INFO - Not syncing DAG-level permissions for DAG 'DAG:example_dag_decorator' as access control is unset.
[2023-09-24T05:11:29.746+0000] {logging_mixin.py:151} INFO - [2023-09-24T05:11:29.745+0000] {dag.py:2915} INFO - Sync 1 DAGs
[2023-09-24T05:11:29.773+0000] {logging_mixin.py:151} INFO - [2023-09-24T05:11:29.773+0000] {dag.py:3696} INFO - Setting next_dagrun for example_dag_decorator to None, run_after=None
[2023-09-24T05:11:29.809+0000] {processor.py:179} INFO - Processing /home/airflow/.local/lib/python3.8/site-packages/airflow/example_dags/example_dag_decorator.py took 0.800 seconds
[2023-09-24T05:12:00.654+0000] {processor.py:157} INFO - Started process (PID=267) to work on /home/airflow/.local/lib/python3.8/site-packages/airflow/example_dags/example_dag_decorator.py
[2023-09-24T05:12:00.662+0000] {processor.py:829} INFO - Processing file /home/airflow/.local/lib/python3.8/site-packages/airflow/example_dags/example_dag_decorator.py for tasks to queue
[2023-09-24T05:12:00.668+0000] {logging_mixin.py:151} INFO - [2023-09-24T05:12:00.667+0000] {dagbag.py:539} INFO - Filling up the DagBag from /home/airflow/.local/lib/python3.8/site-packages/airflow/example_dags/example_dag_decorator.py
[2023-09-24T05:12:01.080+0000] {processor.py:839} INFO - DAG(s) dict_keys(['example_dag_decorator']) retrieved from /home/airflow/.local/lib/python3.8/site-packages/airflow/example_dags/example_dag_decorator.py
[2023-09-24T05:12:01.660+0000] {logging_mixin.py:151} INFO - [2023-09-24T05:12:01.659+0000] {security.py:708} INFO - Not syncing DAG-level permissions for DAG 'DAG:example_dag_decorator' as access control is unset.
[2023-09-24T05:12:01.661+0000] {logging_mixin.py:151} INFO - [2023-09-24T05:12:01.660+0000] {dag.py:2915} INFO - Sync 1 DAGs
[2023-09-24T05:12:01.704+0000] {logging_mixin.py:151} INFO - [2023-09-24T05:12:01.704+0000] {dag.py:3696} INFO - Setting next_dagrun for example_dag_decorator to None, run_after=None
[2023-09-24T05:12:01.880+0000] {processor.py:179} INFO - Processing /home/airflow/.local/lib/python3.8/site-packages/airflow/example_dags/example_dag_decorator.py took 1.245 seconds
[2023-09-24T05:12:32.158+0000] {processor.py:157} INFO - Started process (PID=322) to work on /home/airflow/.local/lib/python3.8/site-packages/airflow/example_dags/example_dag_decorator.py
[2023-09-24T05:12:32.162+0000] {processor.py:829} INFO - Processing file /home/airflow/.local/lib/python3.8/site-packages/airflow/example_dags/example_dag_decorator.py for tasks to queue
[2023-09-24T05:12:32.169+0000] {logging_mixin.py:151} INFO - [2023-09-24T05:12:32.168+0000] {dagbag.py:539} INFO - Filling up the DagBag from /home/airflow/.local/lib/python3.8/site-packages/airflow/example_dags/example_dag_decorator.py
[2023-09-24T05:12:32.702+0000] {processor.py:839} INFO - DAG(s) dict_keys(['example_dag_decorator']) retrieved from /home/airflow/.local/lib/python3.8/site-packages/airflow/example_dags/example_dag_decorator.py
[2023-09-24T05:12:32.819+0000] {logging_mixin.py:151} INFO - [2023-09-24T05:12:32.818+0000] {dag.py:2915} INFO - Sync 1 DAGs
[2023-09-24T05:12:32.884+0000] {logging_mixin.py:151} INFO - [2023-09-24T05:12:32.883+0000] {dag.py:3696} INFO - Setting next_dagrun for example_dag_decorator to None, run_after=None
[2023-09-24T05:12:32.947+0000] {processor.py:179} INFO - Processing /home/airflow/.local/lib/python3.8/site-packages/airflow/example_dags/example_dag_decorator.py took 0.800 seconds
[2023-09-24T05:13:03.473+0000] {processor.py:157} INFO - Started process (PID=382) to work on /home/airflow/.local/lib/python3.8/site-packages/airflow/example_dags/example_dag_decorator.py
[2023-09-24T05:13:03.474+0000] {processor.py:829} INFO - Processing file /home/airflow/.local/lib/python3.8/site-packages/airflow/example_dags/example_dag_decorator.py for tasks to queue
[2023-09-24T05:13:03.477+0000] {logging_mixin.py:151} INFO - [2023-09-24T05:13:03.477+0000] {dagbag.py:539} INFO - Filling up the DagBag from /home/airflow/.local/lib/python3.8/site-packages/airflow/example_dags/example_dag_decorator.py
[2023-09-24T05:13:03.638+0000] {processor.py:839} INFO - DAG(s) dict_keys(['example_dag_decorator']) retrieved from /home/airflow/.local/lib/python3.8/site-packages/airflow/example_dags/example_dag_decorator.py
[2023-09-24T05:13:03.865+0000] {logging_mixin.py:151} INFO - [2023-09-24T05:13:03.865+0000] {security.py:708} INFO - Not syncing DAG-level permissions for DAG 'DAG:example_dag_decorator' as access control is unset.
[2023-09-24T05:13:03.866+0000] {logging_mixin.py:151} INFO - [2023-09-24T05:13:03.865+0000] {dag.py:2915} INFO - Sync 1 DAGs
[2023-09-24T05:13:03.888+0000] {logging_mixin.py:151} INFO - [2023-09-24T05:13:03.888+0000] {dag.py:3696} INFO - Setting next_dagrun for example_dag_decorator to None, run_after=None
[2023-09-24T05:13:03.919+0000] {processor.py:179} INFO - Processing /home/airflow/.local/lib/python3.8/site-packages/airflow/example_dags/example_dag_decorator.py took 0.453 seconds
[2023-09-24T05:13:53.887+0000] {processor.py:157} INFO - Started process (PID=45) to work on /home/airflow/.local/lib/python3.8/site-packages/airflow/example_dags/example_dag_decorator.py
[2023-09-24T05:13:53.903+0000] {processor.py:829} INFO - Processing file /home/airflow/.local/lib/python3.8/site-packages/airflow/example_dags/example_dag_decorator.py for tasks to queue
[2023-09-24T05:13:53.921+0000] {logging_mixin.py:151} INFO - [2023-09-24T05:13:53.920+0000] {dagbag.py:539} INFO - Filling up the DagBag from /home/airflow/.local/lib/python3.8/site-packages/airflow/example_dags/example_dag_decorator.py
[2023-09-24T05:13:54.925+0000] {processor.py:839} INFO - DAG(s) dict_keys(['example_dag_decorator']) retrieved from /home/airflow/.local/lib/python3.8/site-packages/airflow/example_dags/example_dag_decorator.py
[2023-09-24T05:13:54.995+0000] {logging_mixin.py:151} INFO - [2023-09-24T05:13:54.994+0000] {dag.py:2915} INFO - Sync 1 DAGs
[2023-09-24T05:13:55.134+0000] {logging_mixin.py:151} INFO - [2023-09-24T05:13:55.134+0000] {dag.py:3696} INFO - Setting next_dagrun for example_dag_decorator to None, run_after=None
[2023-09-24T05:13:55.324+0000] {processor.py:179} INFO - Processing /home/airflow/.local/lib/python3.8/site-packages/airflow/example_dags/example_dag_decorator.py took 1.451 seconds
[2023-09-24T05:14:25.811+0000] {processor.py:157} INFO - Started process (PID=100) to work on /home/airflow/.local/lib/python3.8/site-packages/airflow/example_dags/example_dag_decorator.py
[2023-09-24T05:14:25.812+0000] {processor.py:829} INFO - Processing file /home/airflow/.local/lib/python3.8/site-packages/airflow/example_dags/example_dag_decorator.py for tasks to queue
[2023-09-24T05:14:25.815+0000] {logging_mixin.py:151} INFO - [2023-09-24T05:14:25.815+0000] {dagbag.py:539} INFO - Filling up the DagBag from /home/airflow/.local/lib/python3.8/site-packages/airflow/example_dags/example_dag_decorator.py
[2023-09-24T05:14:25.974+0000] {processor.py:839} INFO - DAG(s) dict_keys(['example_dag_decorator']) retrieved from /home/airflow/.local/lib/python3.8/site-packages/airflow/example_dags/example_dag_decorator.py
[2023-09-24T05:14:26.153+0000] {logging_mixin.py:151} INFO - [2023-09-24T05:14:26.152+0000] {security.py:708} INFO - Not syncing DAG-level permissions for DAG 'DAG:example_dag_decorator' as access control is unset.
[2023-09-24T05:14:26.153+0000] {logging_mixin.py:151} INFO - [2023-09-24T05:14:26.153+0000] {dag.py:2915} INFO - Sync 1 DAGs
[2023-09-24T05:14:26.172+0000] {logging_mixin.py:151} INFO - [2023-09-24T05:14:26.171+0000] {dag.py:3696} INFO - Setting next_dagrun for example_dag_decorator to None, run_after=None
[2023-09-24T05:14:26.199+0000] {processor.py:179} INFO - Processing /home/airflow/.local/lib/python3.8/site-packages/airflow/example_dags/example_dag_decorator.py took 0.393 seconds
[2023-09-24T05:14:56.703+0000] {processor.py:157} INFO - Started process (PID=160) to work on /home/airflow/.local/lib/python3.8/site-packages/airflow/example_dags/example_dag_decorator.py
[2023-09-24T05:14:56.710+0000] {processor.py:829} INFO - Processing file /home/airflow/.local/lib/python3.8/site-packages/airflow/example_dags/example_dag_decorator.py for tasks to queue
[2023-09-24T05:14:56.720+0000] {logging_mixin.py:151} INFO - [2023-09-24T05:14:56.720+0000] {dagbag.py:539} INFO - Filling up the DagBag from /home/airflow/.local/lib/python3.8/site-packages/airflow/example_dags/example_dag_decorator.py
[2023-09-24T05:14:57.235+0000] {processor.py:839} INFO - DAG(s) dict_keys(['example_dag_decorator']) retrieved from /home/airflow/.local/lib/python3.8/site-packages/airflow/example_dags/example_dag_decorator.py
[2023-09-24T05:14:57.947+0000] {logging_mixin.py:151} INFO - [2023-09-24T05:14:57.946+0000] {security.py:708} INFO - Not syncing DAG-level permissions for DAG 'DAG:example_dag_decorator' as access control is unset.
[2023-09-24T05:14:57.948+0000] {logging_mixin.py:151} INFO - [2023-09-24T05:14:57.948+0000] {dag.py:2915} INFO - Sync 1 DAGs
[2023-09-24T05:14:58.014+0000] {logging_mixin.py:151} INFO - [2023-09-24T05:14:58.014+0000] {dag.py:3696} INFO - Setting next_dagrun for example_dag_decorator to None, run_after=None
[2023-09-24T05:14:58.098+0000] {processor.py:179} INFO - Processing /home/airflow/.local/lib/python3.8/site-packages/airflow/example_dags/example_dag_decorator.py took 1.406 seconds
