[2023-09-24T05:00:07.993+0000] {processor.py:157} INFO - Started process (PID=48) to work on /home/airflow/.local/lib/python3.8/site-packages/airflow/example_dags/example_dynamic_task_mapping_with_no_taskflow_operators.py
[2023-09-24T05:00:07.994+0000] {processor.py:829} INFO - Processing file /home/airflow/.local/lib/python3.8/site-packages/airflow/example_dags/example_dynamic_task_mapping_with_no_taskflow_operators.py for tasks to queue
[2023-09-24T05:00:08.001+0000] {logging_mixin.py:151} INFO - [2023-09-24T05:00:08.000+0000] {dagbag.py:539} INFO - Filling up the DagBag from /home/airflow/.local/lib/python3.8/site-packages/airflow/example_dags/example_dynamic_task_mapping_with_no_taskflow_operators.py
[2023-09-24T05:00:08.043+0000] {processor.py:839} INFO - DAG(s) dict_keys(['example_dynamic_task_mapping_with_no_taskflow_operators']) retrieved from /home/airflow/.local/lib/python3.8/site-packages/airflow/example_dags/example_dynamic_task_mapping_with_no_taskflow_operators.py
[2023-09-24T05:00:08.397+0000] {logging_mixin.py:151} INFO - [2023-09-24T05:00:08.397+0000] {manager.py:499} INFO - Created Permission View: %s
[2023-09-24T05:00:08.432+0000] {logging_mixin.py:151} INFO - [2023-09-24T05:00:08.432+0000] {manager.py:499} INFO - Created Permission View: %s
[2023-09-24T05:00:08.463+0000] {logging_mixin.py:151} INFO - [2023-09-24T05:00:08.463+0000] {manager.py:499} INFO - Created Permission View: %s
[2023-09-24T05:00:08.464+0000] {logging_mixin.py:151} INFO - [2023-09-24T05:00:08.463+0000] {security.py:708} INFO - Not syncing DAG-level permissions for DAG 'DAG:example_dynamic_task_mapping_with_no_taskflow_operators' as access control is unset.
[2023-09-24T05:00:08.464+0000] {logging_mixin.py:151} INFO - [2023-09-24T05:00:08.464+0000] {dag.py:2915} INFO - Sync 1 DAGs
[2023-09-24T05:00:08.525+0000] {logging_mixin.py:151} INFO - [2023-09-24T05:00:08.525+0000] {dag.py:2937} INFO - Creating ORM DAG for example_dynamic_task_mapping_with_no_taskflow_operators
[2023-09-24T05:00:08.571+0000] {logging_mixin.py:151} INFO - [2023-09-24T05:00:08.571+0000] {dag.py:3696} INFO - Setting next_dagrun for example_dynamic_task_mapping_with_no_taskflow_operators to 2023-09-23T05:00:08.570590+00:00, run_after=2023-09-24T05:00:08.570590+00:00
[2023-09-24T05:00:08.641+0000] {processor.py:179} INFO - Processing /home/airflow/.local/lib/python3.8/site-packages/airflow/example_dags/example_dynamic_task_mapping_with_no_taskflow_operators.py took 0.666 seconds
[2023-09-24T05:00:39.109+0000] {processor.py:157} INFO - Started process (PID=102) to work on /home/airflow/.local/lib/python3.8/site-packages/airflow/example_dags/example_dynamic_task_mapping_with_no_taskflow_operators.py
[2023-09-24T05:00:39.110+0000] {processor.py:829} INFO - Processing file /home/airflow/.local/lib/python3.8/site-packages/airflow/example_dags/example_dynamic_task_mapping_with_no_taskflow_operators.py for tasks to queue
[2023-09-24T05:00:39.113+0000] {logging_mixin.py:151} INFO - [2023-09-24T05:00:39.113+0000] {dagbag.py:539} INFO - Filling up the DagBag from /home/airflow/.local/lib/python3.8/site-packages/airflow/example_dags/example_dynamic_task_mapping_with_no_taskflow_operators.py
[2023-09-24T05:00:39.122+0000] {processor.py:839} INFO - DAG(s) dict_keys(['example_dynamic_task_mapping_with_no_taskflow_operators']) retrieved from /home/airflow/.local/lib/python3.8/site-packages/airflow/example_dags/example_dynamic_task_mapping_with_no_taskflow_operators.py
[2023-09-24T05:00:39.150+0000] {logging_mixin.py:151} INFO - [2023-09-24T05:00:39.150+0000] {dag.py:2915} INFO - Sync 1 DAGs
[2023-09-24T05:00:39.193+0000] {logging_mixin.py:151} INFO - [2023-09-24T05:00:39.193+0000] {dag.py:3696} INFO - Setting next_dagrun for example_dynamic_task_mapping_with_no_taskflow_operators to 2023-09-23T05:00:39.193118+00:00, run_after=2023-09-24T05:00:39.193118+00:00
[2023-09-24T05:00:39.217+0000] {processor.py:179} INFO - Processing /home/airflow/.local/lib/python3.8/site-packages/airflow/example_dags/example_dynamic_task_mapping_with_no_taskflow_operators.py took 0.113 seconds
[2023-09-24T05:01:09.469+0000] {processor.py:157} INFO - Started process (PID=156) to work on /home/airflow/.local/lib/python3.8/site-packages/airflow/example_dags/example_dynamic_task_mapping_with_no_taskflow_operators.py
[2023-09-24T05:01:09.470+0000] {processor.py:829} INFO - Processing file /home/airflow/.local/lib/python3.8/site-packages/airflow/example_dags/example_dynamic_task_mapping_with_no_taskflow_operators.py for tasks to queue
[2023-09-24T05:01:09.474+0000] {logging_mixin.py:151} INFO - [2023-09-24T05:01:09.473+0000] {dagbag.py:539} INFO - Filling up the DagBag from /home/airflow/.local/lib/python3.8/site-packages/airflow/example_dags/example_dynamic_task_mapping_with_no_taskflow_operators.py
[2023-09-24T05:01:09.484+0000] {processor.py:839} INFO - DAG(s) dict_keys(['example_dynamic_task_mapping_with_no_taskflow_operators']) retrieved from /home/airflow/.local/lib/python3.8/site-packages/airflow/example_dags/example_dynamic_task_mapping_with_no_taskflow_operators.py
[2023-09-24T05:01:09.513+0000] {logging_mixin.py:151} INFO - [2023-09-24T05:01:09.513+0000] {dag.py:2915} INFO - Sync 1 DAGs
[2023-09-24T05:01:09.551+0000] {logging_mixin.py:151} INFO - [2023-09-24T05:01:09.550+0000] {dag.py:3696} INFO - Setting next_dagrun for example_dynamic_task_mapping_with_no_taskflow_operators to 2023-09-23T05:01:09.550488+00:00, run_after=2023-09-24T05:01:09.550488+00:00
[2023-09-24T05:01:09.574+0000] {processor.py:179} INFO - Processing /home/airflow/.local/lib/python3.8/site-packages/airflow/example_dags/example_dynamic_task_mapping_with_no_taskflow_operators.py took 0.111 seconds
[2023-09-24T05:01:39.712+0000] {processor.py:157} INFO - Started process (PID=210) to work on /home/airflow/.local/lib/python3.8/site-packages/airflow/example_dags/example_dynamic_task_mapping_with_no_taskflow_operators.py
[2023-09-24T05:01:39.713+0000] {processor.py:829} INFO - Processing file /home/airflow/.local/lib/python3.8/site-packages/airflow/example_dags/example_dynamic_task_mapping_with_no_taskflow_operators.py for tasks to queue
[2023-09-24T05:01:39.715+0000] {logging_mixin.py:151} INFO - [2023-09-24T05:01:39.715+0000] {dagbag.py:539} INFO - Filling up the DagBag from /home/airflow/.local/lib/python3.8/site-packages/airflow/example_dags/example_dynamic_task_mapping_with_no_taskflow_operators.py
[2023-09-24T05:01:39.724+0000] {processor.py:839} INFO - DAG(s) dict_keys(['example_dynamic_task_mapping_with_no_taskflow_operators']) retrieved from /home/airflow/.local/lib/python3.8/site-packages/airflow/example_dags/example_dynamic_task_mapping_with_no_taskflow_operators.py
[2023-09-24T05:01:39.753+0000] {logging_mixin.py:151} INFO - [2023-09-24T05:01:39.753+0000] {dag.py:2915} INFO - Sync 1 DAGs
[2023-09-24T05:01:39.789+0000] {logging_mixin.py:151} INFO - [2023-09-24T05:01:39.789+0000] {dag.py:3696} INFO - Setting next_dagrun for example_dynamic_task_mapping_with_no_taskflow_operators to 2023-09-23T05:01:39.788811+00:00, run_after=2023-09-24T05:01:39.788811+00:00
[2023-09-24T05:01:39.816+0000] {processor.py:179} INFO - Processing /home/airflow/.local/lib/python3.8/site-packages/airflow/example_dags/example_dynamic_task_mapping_with_no_taskflow_operators.py took 0.109 seconds
[2023-09-24T05:02:10.802+0000] {processor.py:157} INFO - Started process (PID=264) to work on /home/airflow/.local/lib/python3.8/site-packages/airflow/example_dags/example_dynamic_task_mapping_with_no_taskflow_operators.py
[2023-09-24T05:02:10.803+0000] {processor.py:829} INFO - Processing file /home/airflow/.local/lib/python3.8/site-packages/airflow/example_dags/example_dynamic_task_mapping_with_no_taskflow_operators.py for tasks to queue
[2023-09-24T05:02:10.806+0000] {logging_mixin.py:151} INFO - [2023-09-24T05:02:10.805+0000] {dagbag.py:539} INFO - Filling up the DagBag from /home/airflow/.local/lib/python3.8/site-packages/airflow/example_dags/example_dynamic_task_mapping_with_no_taskflow_operators.py
[2023-09-24T05:02:10.814+0000] {processor.py:839} INFO - DAG(s) dict_keys(['example_dynamic_task_mapping_with_no_taskflow_operators']) retrieved from /home/airflow/.local/lib/python3.8/site-packages/airflow/example_dags/example_dynamic_task_mapping_with_no_taskflow_operators.py
[2023-09-24T05:02:10.841+0000] {logging_mixin.py:151} INFO - [2023-09-24T05:02:10.841+0000] {dag.py:2915} INFO - Sync 1 DAGs
[2023-09-24T05:02:10.878+0000] {logging_mixin.py:151} INFO - [2023-09-24T05:02:10.877+0000] {dag.py:3696} INFO - Setting next_dagrun for example_dynamic_task_mapping_with_no_taskflow_operators to 2023-09-23T05:02:10.877312+00:00, run_after=2023-09-24T05:02:10.877312+00:00
[2023-09-24T05:02:10.902+0000] {processor.py:179} INFO - Processing /home/airflow/.local/lib/python3.8/site-packages/airflow/example_dags/example_dynamic_task_mapping_with_no_taskflow_operators.py took 0.105 seconds
[2023-09-24T05:02:40.978+0000] {processor.py:157} INFO - Started process (PID=317) to work on /home/airflow/.local/lib/python3.8/site-packages/airflow/example_dags/example_dynamic_task_mapping_with_no_taskflow_operators.py
[2023-09-24T05:02:40.979+0000] {processor.py:829} INFO - Processing file /home/airflow/.local/lib/python3.8/site-packages/airflow/example_dags/example_dynamic_task_mapping_with_no_taskflow_operators.py for tasks to queue
[2023-09-24T05:02:40.982+0000] {logging_mixin.py:151} INFO - [2023-09-24T05:02:40.981+0000] {dagbag.py:539} INFO - Filling up the DagBag from /home/airflow/.local/lib/python3.8/site-packages/airflow/example_dags/example_dynamic_task_mapping_with_no_taskflow_operators.py
[2023-09-24T05:02:40.990+0000] {processor.py:839} INFO - DAG(s) dict_keys(['example_dynamic_task_mapping_with_no_taskflow_operators']) retrieved from /home/airflow/.local/lib/python3.8/site-packages/airflow/example_dags/example_dynamic_task_mapping_with_no_taskflow_operators.py
[2023-09-24T05:02:41.017+0000] {logging_mixin.py:151} INFO - [2023-09-24T05:02:41.017+0000] {dag.py:2915} INFO - Sync 1 DAGs
[2023-09-24T05:02:41.050+0000] {logging_mixin.py:151} INFO - [2023-09-24T05:02:41.049+0000] {dag.py:3696} INFO - Setting next_dagrun for example_dynamic_task_mapping_with_no_taskflow_operators to 2023-09-23T05:02:41.049467+00:00, run_after=2023-09-24T05:02:41.049467+00:00
[2023-09-24T05:02:41.075+0000] {processor.py:179} INFO - Processing /home/airflow/.local/lib/python3.8/site-packages/airflow/example_dags/example_dynamic_task_mapping_with_no_taskflow_operators.py took 0.101 seconds
[2023-09-24T05:03:11.702+0000] {processor.py:157} INFO - Started process (PID=373) to work on /home/airflow/.local/lib/python3.8/site-packages/airflow/example_dags/example_dynamic_task_mapping_with_no_taskflow_operators.py
[2023-09-24T05:03:11.704+0000] {processor.py:829} INFO - Processing file /home/airflow/.local/lib/python3.8/site-packages/airflow/example_dags/example_dynamic_task_mapping_with_no_taskflow_operators.py for tasks to queue
[2023-09-24T05:03:11.708+0000] {logging_mixin.py:151} INFO - [2023-09-24T05:03:11.708+0000] {dagbag.py:539} INFO - Filling up the DagBag from /home/airflow/.local/lib/python3.8/site-packages/airflow/example_dags/example_dynamic_task_mapping_with_no_taskflow_operators.py
[2023-09-24T05:03:11.719+0000] {processor.py:839} INFO - DAG(s) dict_keys(['example_dynamic_task_mapping_with_no_taskflow_operators']) retrieved from /home/airflow/.local/lib/python3.8/site-packages/airflow/example_dags/example_dynamic_task_mapping_with_no_taskflow_operators.py
[2023-09-24T05:03:11.751+0000] {logging_mixin.py:151} INFO - [2023-09-24T05:03:11.750+0000] {dag.py:2915} INFO - Sync 1 DAGs
[2023-09-24T05:03:11.794+0000] {logging_mixin.py:151} INFO - [2023-09-24T05:03:11.794+0000] {dag.py:3696} INFO - Setting next_dagrun for example_dynamic_task_mapping_with_no_taskflow_operators to 2023-09-23T05:03:11.794078+00:00, run_after=2023-09-24T05:03:11.794078+00:00
[2023-09-24T05:03:11.818+0000] {processor.py:179} INFO - Processing /home/airflow/.local/lib/python3.8/site-packages/airflow/example_dags/example_dynamic_task_mapping_with_no_taskflow_operators.py took 0.121 seconds
[2023-09-24T05:03:42.308+0000] {processor.py:157} INFO - Started process (PID=427) to work on /home/airflow/.local/lib/python3.8/site-packages/airflow/example_dags/example_dynamic_task_mapping_with_no_taskflow_operators.py
[2023-09-24T05:03:42.309+0000] {processor.py:829} INFO - Processing file /home/airflow/.local/lib/python3.8/site-packages/airflow/example_dags/example_dynamic_task_mapping_with_no_taskflow_operators.py for tasks to queue
[2023-09-24T05:03:42.312+0000] {logging_mixin.py:151} INFO - [2023-09-24T05:03:42.311+0000] {dagbag.py:539} INFO - Filling up the DagBag from /home/airflow/.local/lib/python3.8/site-packages/airflow/example_dags/example_dynamic_task_mapping_with_no_taskflow_operators.py
[2023-09-24T05:03:42.321+0000] {processor.py:839} INFO - DAG(s) dict_keys(['example_dynamic_task_mapping_with_no_taskflow_operators']) retrieved from /home/airflow/.local/lib/python3.8/site-packages/airflow/example_dags/example_dynamic_task_mapping_with_no_taskflow_operators.py
[2023-09-24T05:03:42.348+0000] {logging_mixin.py:151} INFO - [2023-09-24T05:03:42.348+0000] {dag.py:2915} INFO - Sync 1 DAGs
[2023-09-24T05:03:42.386+0000] {logging_mixin.py:151} INFO - [2023-09-24T05:03:42.385+0000] {dag.py:3696} INFO - Setting next_dagrun for example_dynamic_task_mapping_with_no_taskflow_operators to 2023-09-23T05:03:42.385376+00:00, run_after=2023-09-24T05:03:42.385376+00:00
[2023-09-24T05:03:42.413+0000] {processor.py:179} INFO - Processing /home/airflow/.local/lib/python3.8/site-packages/airflow/example_dags/example_dynamic_task_mapping_with_no_taskflow_operators.py took 0.110 seconds
[2023-09-24T05:04:13.115+0000] {processor.py:157} INFO - Started process (PID=480) to work on /home/airflow/.local/lib/python3.8/site-packages/airflow/example_dags/example_dynamic_task_mapping_with_no_taskflow_operators.py
[2023-09-24T05:04:13.116+0000] {processor.py:829} INFO - Processing file /home/airflow/.local/lib/python3.8/site-packages/airflow/example_dags/example_dynamic_task_mapping_with_no_taskflow_operators.py for tasks to queue
[2023-09-24T05:04:13.119+0000] {logging_mixin.py:151} INFO - [2023-09-24T05:04:13.119+0000] {dagbag.py:539} INFO - Filling up the DagBag from /home/airflow/.local/lib/python3.8/site-packages/airflow/example_dags/example_dynamic_task_mapping_with_no_taskflow_operators.py
[2023-09-24T05:04:13.128+0000] {processor.py:839} INFO - DAG(s) dict_keys(['example_dynamic_task_mapping_with_no_taskflow_operators']) retrieved from /home/airflow/.local/lib/python3.8/site-packages/airflow/example_dags/example_dynamic_task_mapping_with_no_taskflow_operators.py
[2023-09-24T05:04:13.156+0000] {logging_mixin.py:151} INFO - [2023-09-24T05:04:13.156+0000] {dag.py:2915} INFO - Sync 1 DAGs
[2023-09-24T05:04:13.191+0000] {logging_mixin.py:151} INFO - [2023-09-24T05:04:13.191+0000] {dag.py:3696} INFO - Setting next_dagrun for example_dynamic_task_mapping_with_no_taskflow_operators to 2023-09-23T05:04:13.191307+00:00, run_after=2023-09-24T05:04:13.191307+00:00
[2023-09-24T05:04:13.215+0000] {processor.py:179} INFO - Processing /home/airflow/.local/lib/python3.8/site-packages/airflow/example_dags/example_dynamic_task_mapping_with_no_taskflow_operators.py took 0.104 seconds
[2023-09-24T05:09:56.872+0000] {processor.py:157} INFO - Started process (PID=42) to work on /home/airflow/.local/lib/python3.8/site-packages/airflow/example_dags/example_dynamic_task_mapping_with_no_taskflow_operators.py
[2023-09-24T05:09:56.874+0000] {processor.py:829} INFO - Processing file /home/airflow/.local/lib/python3.8/site-packages/airflow/example_dags/example_dynamic_task_mapping_with_no_taskflow_operators.py for tasks to queue
[2023-09-24T05:09:56.878+0000] {logging_mixin.py:151} INFO - [2023-09-24T05:09:56.877+0000] {dagbag.py:539} INFO - Filling up the DagBag from /home/airflow/.local/lib/python3.8/site-packages/airflow/example_dags/example_dynamic_task_mapping_with_no_taskflow_operators.py
[2023-09-24T05:09:56.905+0000] {processor.py:839} INFO - DAG(s) dict_keys(['example_dynamic_task_mapping_with_no_taskflow_operators']) retrieved from /home/airflow/.local/lib/python3.8/site-packages/airflow/example_dags/example_dynamic_task_mapping_with_no_taskflow_operators.py
[2023-09-24T05:09:56.957+0000] {logging_mixin.py:151} INFO - [2023-09-24T05:09:56.956+0000] {dag.py:2915} INFO - Sync 1 DAGs
[2023-09-24T05:09:57.001+0000] {logging_mixin.py:151} INFO - [2023-09-24T05:09:57.001+0000] {dag.py:3696} INFO - Setting next_dagrun for example_dynamic_task_mapping_with_no_taskflow_operators to 2023-09-23T05:09:57.000870+00:00, run_after=2023-09-24T05:09:57.000870+00:00
[2023-09-24T05:09:57.033+0000] {processor.py:179} INFO - Processing /home/airflow/.local/lib/python3.8/site-packages/airflow/example_dags/example_dynamic_task_mapping_with_no_taskflow_operators.py took 0.167 seconds
[2023-09-24T05:10:27.106+0000] {processor.py:157} INFO - Started process (PID=94) to work on /home/airflow/.local/lib/python3.8/site-packages/airflow/example_dags/example_dynamic_task_mapping_with_no_taskflow_operators.py
[2023-09-24T05:10:27.107+0000] {processor.py:829} INFO - Processing file /home/airflow/.local/lib/python3.8/site-packages/airflow/example_dags/example_dynamic_task_mapping_with_no_taskflow_operators.py for tasks to queue
[2023-09-24T05:10:27.110+0000] {logging_mixin.py:151} INFO - [2023-09-24T05:10:27.109+0000] {dagbag.py:539} INFO - Filling up the DagBag from /home/airflow/.local/lib/python3.8/site-packages/airflow/example_dags/example_dynamic_task_mapping_with_no_taskflow_operators.py
[2023-09-24T05:10:27.119+0000] {processor.py:839} INFO - DAG(s) dict_keys(['example_dynamic_task_mapping_with_no_taskflow_operators']) retrieved from /home/airflow/.local/lib/python3.8/site-packages/airflow/example_dags/example_dynamic_task_mapping_with_no_taskflow_operators.py
[2023-09-24T05:10:27.148+0000] {logging_mixin.py:151} INFO - [2023-09-24T05:10:27.148+0000] {dag.py:2915} INFO - Sync 1 DAGs
[2023-09-24T05:10:27.184+0000] {logging_mixin.py:151} INFO - [2023-09-24T05:10:27.184+0000] {dag.py:3696} INFO - Setting next_dagrun for example_dynamic_task_mapping_with_no_taskflow_operators to 2023-09-23T05:10:27.183869+00:00, run_after=2023-09-24T05:10:27.183869+00:00
[2023-09-24T05:10:27.209+0000] {processor.py:179} INFO - Processing /home/airflow/.local/lib/python3.8/site-packages/airflow/example_dags/example_dynamic_task_mapping_with_no_taskflow_operators.py took 0.107 seconds
[2023-09-24T05:10:57.334+0000] {processor.py:157} INFO - Started process (PID=147) to work on /home/airflow/.local/lib/python3.8/site-packages/airflow/example_dags/example_dynamic_task_mapping_with_no_taskflow_operators.py
[2023-09-24T05:10:57.335+0000] {processor.py:829} INFO - Processing file /home/airflow/.local/lib/python3.8/site-packages/airflow/example_dags/example_dynamic_task_mapping_with_no_taskflow_operators.py for tasks to queue
[2023-09-24T05:10:57.338+0000] {logging_mixin.py:151} INFO - [2023-09-24T05:10:57.338+0000] {dagbag.py:539} INFO - Filling up the DagBag from /home/airflow/.local/lib/python3.8/site-packages/airflow/example_dags/example_dynamic_task_mapping_with_no_taskflow_operators.py
[2023-09-24T05:10:57.347+0000] {processor.py:839} INFO - DAG(s) dict_keys(['example_dynamic_task_mapping_with_no_taskflow_operators']) retrieved from /home/airflow/.local/lib/python3.8/site-packages/airflow/example_dags/example_dynamic_task_mapping_with_no_taskflow_operators.py
[2023-09-24T05:10:57.375+0000] {logging_mixin.py:151} INFO - [2023-09-24T05:10:57.375+0000] {dag.py:2915} INFO - Sync 1 DAGs
[2023-09-24T05:10:57.412+0000] {logging_mixin.py:151} INFO - [2023-09-24T05:10:57.411+0000] {dag.py:3696} INFO - Setting next_dagrun for example_dynamic_task_mapping_with_no_taskflow_operators to 2023-09-23T05:10:57.411384+00:00, run_after=2023-09-24T05:10:57.411384+00:00
[2023-09-24T05:10:57.434+0000] {processor.py:179} INFO - Processing /home/airflow/.local/lib/python3.8/site-packages/airflow/example_dags/example_dynamic_task_mapping_with_no_taskflow_operators.py took 0.107 seconds
[2023-09-24T05:11:27.959+0000] {processor.py:157} INFO - Started process (PID=201) to work on /home/airflow/.local/lib/python3.8/site-packages/airflow/example_dags/example_dynamic_task_mapping_with_no_taskflow_operators.py
[2023-09-24T05:11:27.960+0000] {processor.py:829} INFO - Processing file /home/airflow/.local/lib/python3.8/site-packages/airflow/example_dags/example_dynamic_task_mapping_with_no_taskflow_operators.py for tasks to queue
[2023-09-24T05:11:27.963+0000] {logging_mixin.py:151} INFO - [2023-09-24T05:11:27.963+0000] {dagbag.py:539} INFO - Filling up the DagBag from /home/airflow/.local/lib/python3.8/site-packages/airflow/example_dags/example_dynamic_task_mapping_with_no_taskflow_operators.py
[2023-09-24T05:11:27.973+0000] {processor.py:839} INFO - DAG(s) dict_keys(['example_dynamic_task_mapping_with_no_taskflow_operators']) retrieved from /home/airflow/.local/lib/python3.8/site-packages/airflow/example_dags/example_dynamic_task_mapping_with_no_taskflow_operators.py
[2023-09-24T05:11:28.002+0000] {logging_mixin.py:151} INFO - [2023-09-24T05:11:28.002+0000] {dag.py:2915} INFO - Sync 1 DAGs
[2023-09-24T05:11:28.042+0000] {logging_mixin.py:151} INFO - [2023-09-24T05:11:28.042+0000] {dag.py:3696} INFO - Setting next_dagrun for example_dynamic_task_mapping_with_no_taskflow_operators to 2023-09-23T05:11:28.041664+00:00, run_after=2023-09-24T05:11:28.041664+00:00
[2023-09-24T05:11:28.066+0000] {processor.py:179} INFO - Processing /home/airflow/.local/lib/python3.8/site-packages/airflow/example_dags/example_dynamic_task_mapping_with_no_taskflow_operators.py took 0.112 seconds
[2023-09-24T05:12:00.154+0000] {processor.py:157} INFO - Started process (PID=264) to work on /home/airflow/.local/lib/python3.8/site-packages/airflow/example_dags/example_dynamic_task_mapping_with_no_taskflow_operators.py
[2023-09-24T05:12:00.156+0000] {processor.py:829} INFO - Processing file /home/airflow/.local/lib/python3.8/site-packages/airflow/example_dags/example_dynamic_task_mapping_with_no_taskflow_operators.py for tasks to queue
[2023-09-24T05:12:00.163+0000] {logging_mixin.py:151} INFO - [2023-09-24T05:12:00.160+0000] {dagbag.py:539} INFO - Filling up the DagBag from /home/airflow/.local/lib/python3.8/site-packages/airflow/example_dags/example_dynamic_task_mapping_with_no_taskflow_operators.py
[2023-09-24T05:12:00.190+0000] {processor.py:839} INFO - DAG(s) dict_keys(['example_dynamic_task_mapping_with_no_taskflow_operators']) retrieved from /home/airflow/.local/lib/python3.8/site-packages/airflow/example_dags/example_dynamic_task_mapping_with_no_taskflow_operators.py
[2023-09-24T05:12:00.256+0000] {logging_mixin.py:151} INFO - [2023-09-24T05:12:00.256+0000] {dag.py:2915} INFO - Sync 1 DAGs
[2023-09-24T05:12:00.324+0000] {logging_mixin.py:151} INFO - [2023-09-24T05:12:00.324+0000] {dag.py:3696} INFO - Setting next_dagrun for example_dynamic_task_mapping_with_no_taskflow_operators to 2023-09-23T05:12:00.323056+00:00, run_after=2023-09-24T05:12:00.323056+00:00
[2023-09-24T05:12:00.417+0000] {processor.py:179} INFO - Processing /home/airflow/.local/lib/python3.8/site-packages/airflow/example_dags/example_dynamic_task_mapping_with_no_taskflow_operators.py took 0.279 seconds
[2023-09-24T05:12:31.335+0000] {processor.py:157} INFO - Started process (PID=318) to work on /home/airflow/.local/lib/python3.8/site-packages/airflow/example_dags/example_dynamic_task_mapping_with_no_taskflow_operators.py
[2023-09-24T05:12:31.340+0000] {processor.py:829} INFO - Processing file /home/airflow/.local/lib/python3.8/site-packages/airflow/example_dags/example_dynamic_task_mapping_with_no_taskflow_operators.py for tasks to queue
[2023-09-24T05:12:31.347+0000] {logging_mixin.py:151} INFO - [2023-09-24T05:12:31.346+0000] {dagbag.py:539} INFO - Filling up the DagBag from /home/airflow/.local/lib/python3.8/site-packages/airflow/example_dags/example_dynamic_task_mapping_with_no_taskflow_operators.py
[2023-09-24T05:12:31.376+0000] {processor.py:839} INFO - DAG(s) dict_keys(['example_dynamic_task_mapping_with_no_taskflow_operators']) retrieved from /home/airflow/.local/lib/python3.8/site-packages/airflow/example_dags/example_dynamic_task_mapping_with_no_taskflow_operators.py
[2023-09-24T05:12:31.454+0000] {logging_mixin.py:151} INFO - [2023-09-24T05:12:31.453+0000] {dag.py:2915} INFO - Sync 1 DAGs
[2023-09-24T05:12:31.564+0000] {logging_mixin.py:151} INFO - [2023-09-24T05:12:31.563+0000] {dag.py:3696} INFO - Setting next_dagrun for example_dynamic_task_mapping_with_no_taskflow_operators to 2023-09-23T05:12:31.562703+00:00, run_after=2023-09-24T05:12:31.562703+00:00
[2023-09-24T05:12:31.655+0000] {processor.py:179} INFO - Processing /home/airflow/.local/lib/python3.8/site-packages/airflow/example_dags/example_dynamic_task_mapping_with_no_taskflow_operators.py took 0.330 seconds
[2023-09-24T05:13:02.177+0000] {processor.py:157} INFO - Started process (PID=372) to work on /home/airflow/.local/lib/python3.8/site-packages/airflow/example_dags/example_dynamic_task_mapping_with_no_taskflow_operators.py
[2023-09-24T05:13:02.179+0000] {processor.py:829} INFO - Processing file /home/airflow/.local/lib/python3.8/site-packages/airflow/example_dags/example_dynamic_task_mapping_with_no_taskflow_operators.py for tasks to queue
[2023-09-24T05:13:02.183+0000] {logging_mixin.py:151} INFO - [2023-09-24T05:13:02.182+0000] {dagbag.py:539} INFO - Filling up the DagBag from /home/airflow/.local/lib/python3.8/site-packages/airflow/example_dags/example_dynamic_task_mapping_with_no_taskflow_operators.py
[2023-09-24T05:13:02.193+0000] {processor.py:839} INFO - DAG(s) dict_keys(['example_dynamic_task_mapping_with_no_taskflow_operators']) retrieved from /home/airflow/.local/lib/python3.8/site-packages/airflow/example_dags/example_dynamic_task_mapping_with_no_taskflow_operators.py
[2023-09-24T05:13:02.227+0000] {logging_mixin.py:151} INFO - [2023-09-24T05:13:02.226+0000] {dag.py:2915} INFO - Sync 1 DAGs
[2023-09-24T05:13:02.269+0000] {logging_mixin.py:151} INFO - [2023-09-24T05:13:02.269+0000] {dag.py:3696} INFO - Setting next_dagrun for example_dynamic_task_mapping_with_no_taskflow_operators to 2023-09-23T05:13:02.268717+00:00, run_after=2023-09-24T05:13:02.268717+00:00
[2023-09-24T05:13:02.302+0000] {processor.py:179} INFO - Processing /home/airflow/.local/lib/python3.8/site-packages/airflow/example_dags/example_dynamic_task_mapping_with_no_taskflow_operators.py took 0.130 seconds
[2023-09-24T05:13:55.407+0000] {processor.py:157} INFO - Started process (PID=48) to work on /home/airflow/.local/lib/python3.8/site-packages/airflow/example_dags/example_dynamic_task_mapping_with_no_taskflow_operators.py
[2023-09-24T05:13:55.415+0000] {processor.py:829} INFO - Processing file /home/airflow/.local/lib/python3.8/site-packages/airflow/example_dags/example_dynamic_task_mapping_with_no_taskflow_operators.py for tasks to queue
[2023-09-24T05:13:55.420+0000] {logging_mixin.py:151} INFO - [2023-09-24T05:13:55.420+0000] {dagbag.py:539} INFO - Filling up the DagBag from /home/airflow/.local/lib/python3.8/site-packages/airflow/example_dags/example_dynamic_task_mapping_with_no_taskflow_operators.py
[2023-09-24T05:13:55.469+0000] {processor.py:839} INFO - DAG(s) dict_keys(['example_dynamic_task_mapping_with_no_taskflow_operators']) retrieved from /home/airflow/.local/lib/python3.8/site-packages/airflow/example_dags/example_dynamic_task_mapping_with_no_taskflow_operators.py
[2023-09-24T05:13:55.534+0000] {logging_mixin.py:151} INFO - [2023-09-24T05:13:55.533+0000] {dag.py:2915} INFO - Sync 1 DAGs
[2023-09-24T05:13:55.682+0000] {logging_mixin.py:151} INFO - [2023-09-24T05:13:55.682+0000] {dag.py:3696} INFO - Setting next_dagrun for example_dynamic_task_mapping_with_no_taskflow_operators to 2023-09-23T05:13:55.681671+00:00, run_after=2023-09-24T05:13:55.681671+00:00
[2023-09-24T05:13:55.803+0000] {processor.py:179} INFO - Processing /home/airflow/.local/lib/python3.8/site-packages/airflow/example_dags/example_dynamic_task_mapping_with_no_taskflow_operators.py took 0.419 seconds
[2023-09-24T05:14:26.138+0000] {processor.py:157} INFO - Started process (PID=103) to work on /home/airflow/.local/lib/python3.8/site-packages/airflow/example_dags/example_dynamic_task_mapping_with_no_taskflow_operators.py
[2023-09-24T05:14:26.140+0000] {processor.py:829} INFO - Processing file /home/airflow/.local/lib/python3.8/site-packages/airflow/example_dags/example_dynamic_task_mapping_with_no_taskflow_operators.py for tasks to queue
[2023-09-24T05:14:26.142+0000] {logging_mixin.py:151} INFO - [2023-09-24T05:14:26.142+0000] {dagbag.py:539} INFO - Filling up the DagBag from /home/airflow/.local/lib/python3.8/site-packages/airflow/example_dags/example_dynamic_task_mapping_with_no_taskflow_operators.py
[2023-09-24T05:14:26.152+0000] {processor.py:839} INFO - DAG(s) dict_keys(['example_dynamic_task_mapping_with_no_taskflow_operators']) retrieved from /home/airflow/.local/lib/python3.8/site-packages/airflow/example_dags/example_dynamic_task_mapping_with_no_taskflow_operators.py
[2023-09-24T05:14:26.179+0000] {logging_mixin.py:151} INFO - [2023-09-24T05:14:26.178+0000] {dag.py:2915} INFO - Sync 1 DAGs
[2023-09-24T05:14:26.214+0000] {logging_mixin.py:151} INFO - [2023-09-24T05:14:26.214+0000] {dag.py:3696} INFO - Setting next_dagrun for example_dynamic_task_mapping_with_no_taskflow_operators to 2023-09-23T05:14:26.213812+00:00, run_after=2023-09-24T05:14:26.213812+00:00
[2023-09-24T05:14:26.239+0000] {processor.py:179} INFO - Processing /home/airflow/.local/lib/python3.8/site-packages/airflow/example_dags/example_dynamic_task_mapping_with_no_taskflow_operators.py took 0.105 seconds
[2023-09-24T05:14:58.041+0000] {processor.py:157} INFO - Started process (PID=163) to work on /home/airflow/.local/lib/python3.8/site-packages/airflow/example_dags/example_dynamic_task_mapping_with_no_taskflow_operators.py
[2023-09-24T05:14:58.052+0000] {processor.py:829} INFO - Processing file /home/airflow/.local/lib/python3.8/site-packages/airflow/example_dags/example_dynamic_task_mapping_with_no_taskflow_operators.py for tasks to queue
[2023-09-24T05:14:58.058+0000] {logging_mixin.py:151} INFO - [2023-09-24T05:14:58.057+0000] {dagbag.py:539} INFO - Filling up the DagBag from /home/airflow/.local/lib/python3.8/site-packages/airflow/example_dags/example_dynamic_task_mapping_with_no_taskflow_operators.py
[2023-09-24T05:14:58.087+0000] {processor.py:839} INFO - DAG(s) dict_keys(['example_dynamic_task_mapping_with_no_taskflow_operators']) retrieved from /home/airflow/.local/lib/python3.8/site-packages/airflow/example_dags/example_dynamic_task_mapping_with_no_taskflow_operators.py
[2023-09-24T05:14:58.173+0000] {logging_mixin.py:151} INFO - [2023-09-24T05:14:58.172+0000] {dag.py:2915} INFO - Sync 1 DAGs
[2023-09-24T05:14:58.261+0000] {logging_mixin.py:151} INFO - [2023-09-24T05:14:58.260+0000] {dag.py:3696} INFO - Setting next_dagrun for example_dynamic_task_mapping_with_no_taskflow_operators to 2023-09-23T05:14:58.259500+00:00, run_after=2023-09-24T05:14:58.259500+00:00
[2023-09-24T05:14:58.363+0000] {processor.py:179} INFO - Processing /home/airflow/.local/lib/python3.8/site-packages/airflow/example_dags/example_dynamic_task_mapping_with_no_taskflow_operators.py took 0.338 seconds
