[2023-09-24T05:00:02.610+0000] {processor.py:157} INFO - Started process (PID=31) to work on /home/airflow/.local/lib/python3.8/site-packages/airflow/example_dags/example_bash_operator.py
[2023-09-24T05:00:02.620+0000] {processor.py:829} INFO - Processing file /home/airflow/.local/lib/python3.8/site-packages/airflow/example_dags/example_bash_operator.py for tasks to queue
[2023-09-24T05:00:02.624+0000] {logging_mixin.py:151} INFO - [2023-09-24T05:00:02.624+0000] {dagbag.py:539} INFO - Filling up the DagBag from /home/airflow/.local/lib/python3.8/site-packages/airflow/example_dags/example_bash_operator.py
[2023-09-24T05:00:03.209+0000] {processor.py:839} INFO - DAG(s) dict_keys(['example_bash_operator']) retrieved from /home/airflow/.local/lib/python3.8/site-packages/airflow/example_dags/example_bash_operator.py
[2023-09-24T05:00:03.800+0000] {logging_mixin.py:151} INFO - [2023-09-24T05:00:03.800+0000] {manager.py:499} INFO - Created Permission View: %s
[2023-09-24T05:00:03.820+0000] {logging_mixin.py:151} INFO - [2023-09-24T05:00:03.819+0000] {manager.py:499} INFO - Created Permission View: %s
[2023-09-24T05:00:03.838+0000] {logging_mixin.py:151} INFO - [2023-09-24T05:00:03.837+0000] {manager.py:499} INFO - Created Permission View: %s
[2023-09-24T05:00:03.838+0000] {logging_mixin.py:151} INFO - [2023-09-24T05:00:03.838+0000] {security.py:708} INFO - Not syncing DAG-level permissions for DAG 'DAG:example_bash_operator' as access control is unset.
[2023-09-24T05:00:03.839+0000] {logging_mixin.py:151} INFO - [2023-09-24T05:00:03.839+0000] {dag.py:2915} INFO - Sync 1 DAGs
[2023-09-24T05:00:03.882+0000] {logging_mixin.py:151} INFO - [2023-09-24T05:00:03.882+0000] {dag.py:2937} INFO - Creating ORM DAG for example_bash_operator
[2023-09-24T05:00:03.922+0000] {logging_mixin.py:151} INFO - [2023-09-24T05:00:03.922+0000] {dag.py:3696} INFO - Setting next_dagrun for example_bash_operator to 2023-09-23T00:00:00+00:00, run_after=2023-09-24T00:00:00+00:00
[2023-09-24T05:00:03.959+0000] {processor.py:179} INFO - Processing /home/airflow/.local/lib/python3.8/site-packages/airflow/example_dags/example_bash_operator.py took 1.367 seconds
[2023-09-24T05:00:34.065+0000] {processor.py:157} INFO - Started process (PID=84) to work on /home/airflow/.local/lib/python3.8/site-packages/airflow/example_dags/example_bash_operator.py
[2023-09-24T05:00:34.065+0000] {processor.py:829} INFO - Processing file /home/airflow/.local/lib/python3.8/site-packages/airflow/example_dags/example_bash_operator.py for tasks to queue
[2023-09-24T05:00:34.071+0000] {logging_mixin.py:151} INFO - [2023-09-24T05:00:34.071+0000] {dagbag.py:539} INFO - Filling up the DagBag from /home/airflow/.local/lib/python3.8/site-packages/airflow/example_dags/example_bash_operator.py
[2023-09-24T05:00:34.091+0000] {processor.py:839} INFO - DAG(s) dict_keys(['example_bash_operator']) retrieved from /home/airflow/.local/lib/python3.8/site-packages/airflow/example_dags/example_bash_operator.py
[2023-09-24T05:00:34.152+0000] {logging_mixin.py:151} INFO - [2023-09-24T05:00:34.152+0000] {dag.py:2915} INFO - Sync 1 DAGs
[2023-09-24T05:00:34.198+0000] {logging_mixin.py:151} INFO - [2023-09-24T05:00:34.198+0000] {dag.py:3696} INFO - Setting next_dagrun for example_bash_operator to 2023-09-23T00:00:00+00:00, run_after=2023-09-24T00:00:00+00:00
[2023-09-24T05:00:34.245+0000] {processor.py:179} INFO - Processing /home/airflow/.local/lib/python3.8/site-packages/airflow/example_dags/example_bash_operator.py took 0.188 seconds
[2023-09-24T05:01:04.392+0000] {processor.py:157} INFO - Started process (PID=138) to work on /home/airflow/.local/lib/python3.8/site-packages/airflow/example_dags/example_bash_operator.py
[2023-09-24T05:01:04.393+0000] {processor.py:829} INFO - Processing file /home/airflow/.local/lib/python3.8/site-packages/airflow/example_dags/example_bash_operator.py for tasks to queue
[2023-09-24T05:01:04.397+0000] {logging_mixin.py:151} INFO - [2023-09-24T05:01:04.396+0000] {dagbag.py:539} INFO - Filling up the DagBag from /home/airflow/.local/lib/python3.8/site-packages/airflow/example_dags/example_bash_operator.py
[2023-09-24T05:01:04.418+0000] {processor.py:839} INFO - DAG(s) dict_keys(['example_bash_operator']) retrieved from /home/airflow/.local/lib/python3.8/site-packages/airflow/example_dags/example_bash_operator.py
[2023-09-24T05:01:04.469+0000] {logging_mixin.py:151} INFO - [2023-09-24T05:01:04.469+0000] {dag.py:2915} INFO - Sync 1 DAGs
[2023-09-24T05:01:04.511+0000] {logging_mixin.py:151} INFO - [2023-09-24T05:01:04.511+0000] {dag.py:3696} INFO - Setting next_dagrun for example_bash_operator to 2023-09-23T00:00:00+00:00, run_after=2023-09-24T00:00:00+00:00
[2023-09-24T05:01:04.537+0000] {processor.py:179} INFO - Processing /home/airflow/.local/lib/python3.8/site-packages/airflow/example_dags/example_bash_operator.py took 0.149 seconds
[2023-09-24T05:01:34.755+0000] {processor.py:157} INFO - Started process (PID=192) to work on /home/airflow/.local/lib/python3.8/site-packages/airflow/example_dags/example_bash_operator.py
[2023-09-24T05:01:34.757+0000] {processor.py:829} INFO - Processing file /home/airflow/.local/lib/python3.8/site-packages/airflow/example_dags/example_bash_operator.py for tasks to queue
[2023-09-24T05:01:34.761+0000] {logging_mixin.py:151} INFO - [2023-09-24T05:01:34.761+0000] {dagbag.py:539} INFO - Filling up the DagBag from /home/airflow/.local/lib/python3.8/site-packages/airflow/example_dags/example_bash_operator.py
[2023-09-24T05:01:34.783+0000] {processor.py:839} INFO - DAG(s) dict_keys(['example_bash_operator']) retrieved from /home/airflow/.local/lib/python3.8/site-packages/airflow/example_dags/example_bash_operator.py
[2023-09-24T05:01:34.843+0000] {logging_mixin.py:151} INFO - [2023-09-24T05:01:34.843+0000] {dag.py:2915} INFO - Sync 1 DAGs
[2023-09-24T05:01:34.882+0000] {logging_mixin.py:151} INFO - [2023-09-24T05:01:34.882+0000] {dag.py:3696} INFO - Setting next_dagrun for example_bash_operator to 2023-09-23T00:00:00+00:00, run_after=2023-09-24T00:00:00+00:00
[2023-09-24T05:01:34.907+0000] {processor.py:179} INFO - Processing /home/airflow/.local/lib/python3.8/site-packages/airflow/example_dags/example_bash_operator.py took 0.157 seconds
[2023-09-24T05:02:04.973+0000] {processor.py:157} INFO - Started process (PID=246) to work on /home/airflow/.local/lib/python3.8/site-packages/airflow/example_dags/example_bash_operator.py
[2023-09-24T05:02:04.975+0000] {processor.py:829} INFO - Processing file /home/airflow/.local/lib/python3.8/site-packages/airflow/example_dags/example_bash_operator.py for tasks to queue
[2023-09-24T05:02:04.978+0000] {logging_mixin.py:151} INFO - [2023-09-24T05:02:04.978+0000] {dagbag.py:539} INFO - Filling up the DagBag from /home/airflow/.local/lib/python3.8/site-packages/airflow/example_dags/example_bash_operator.py
[2023-09-24T05:02:04.996+0000] {processor.py:839} INFO - DAG(s) dict_keys(['example_bash_operator']) retrieved from /home/airflow/.local/lib/python3.8/site-packages/airflow/example_dags/example_bash_operator.py
[2023-09-24T05:02:05.060+0000] {logging_mixin.py:151} INFO - [2023-09-24T05:02:05.060+0000] {dag.py:2915} INFO - Sync 1 DAGs
[2023-09-24T05:02:05.101+0000] {logging_mixin.py:151} INFO - [2023-09-24T05:02:05.101+0000] {dag.py:3696} INFO - Setting next_dagrun for example_bash_operator to 2023-09-23T00:00:00+00:00, run_after=2023-09-24T00:00:00+00:00
[2023-09-24T05:02:05.128+0000] {processor.py:179} INFO - Processing /home/airflow/.local/lib/python3.8/site-packages/airflow/example_dags/example_bash_operator.py took 0.161 seconds
[2023-09-24T05:02:35.182+0000] {processor.py:157} INFO - Started process (PID=300) to work on /home/airflow/.local/lib/python3.8/site-packages/airflow/example_dags/example_bash_operator.py
[2023-09-24T05:02:35.183+0000] {processor.py:829} INFO - Processing file /home/airflow/.local/lib/python3.8/site-packages/airflow/example_dags/example_bash_operator.py for tasks to queue
[2023-09-24T05:02:35.186+0000] {logging_mixin.py:151} INFO - [2023-09-24T05:02:35.186+0000] {dagbag.py:539} INFO - Filling up the DagBag from /home/airflow/.local/lib/python3.8/site-packages/airflow/example_dags/example_bash_operator.py
[2023-09-24T05:02:35.203+0000] {processor.py:839} INFO - DAG(s) dict_keys(['example_bash_operator']) retrieved from /home/airflow/.local/lib/python3.8/site-packages/airflow/example_dags/example_bash_operator.py
[2023-09-24T05:02:35.255+0000] {logging_mixin.py:151} INFO - [2023-09-24T05:02:35.255+0000] {dag.py:2915} INFO - Sync 1 DAGs
[2023-09-24T05:02:35.298+0000] {logging_mixin.py:151} INFO - [2023-09-24T05:02:35.298+0000] {dag.py:3696} INFO - Setting next_dagrun for example_bash_operator to 2023-09-23T00:00:00+00:00, run_after=2023-09-24T00:00:00+00:00
[2023-09-24T05:02:35.327+0000] {processor.py:179} INFO - Processing /home/airflow/.local/lib/python3.8/site-packages/airflow/example_dags/example_bash_operator.py took 0.149 seconds
[2023-09-24T05:03:05.899+0000] {processor.py:157} INFO - Started process (PID=354) to work on /home/airflow/.local/lib/python3.8/site-packages/airflow/example_dags/example_bash_operator.py
[2023-09-24T05:03:05.901+0000] {processor.py:829} INFO - Processing file /home/airflow/.local/lib/python3.8/site-packages/airflow/example_dags/example_bash_operator.py for tasks to queue
[2023-09-24T05:03:05.904+0000] {logging_mixin.py:151} INFO - [2023-09-24T05:03:05.904+0000] {dagbag.py:539} INFO - Filling up the DagBag from /home/airflow/.local/lib/python3.8/site-packages/airflow/example_dags/example_bash_operator.py
[2023-09-24T05:03:05.925+0000] {processor.py:839} INFO - DAG(s) dict_keys(['example_bash_operator']) retrieved from /home/airflow/.local/lib/python3.8/site-packages/airflow/example_dags/example_bash_operator.py
[2023-09-24T05:03:05.981+0000] {logging_mixin.py:151} INFO - [2023-09-24T05:03:05.981+0000] {dag.py:2915} INFO - Sync 1 DAGs
[2023-09-24T05:03:06.020+0000] {logging_mixin.py:151} INFO - [2023-09-24T05:03:06.020+0000] {dag.py:3696} INFO - Setting next_dagrun for example_bash_operator to 2023-09-23T00:00:00+00:00, run_after=2023-09-24T00:00:00+00:00
[2023-09-24T05:03:06.044+0000] {processor.py:179} INFO - Processing /home/airflow/.local/lib/python3.8/site-packages/airflow/example_dags/example_bash_operator.py took 0.152 seconds
[2023-09-24T05:03:36.621+0000] {processor.py:157} INFO - Started process (PID=409) to work on /home/airflow/.local/lib/python3.8/site-packages/airflow/example_dags/example_bash_operator.py
[2023-09-24T05:03:36.622+0000] {processor.py:829} INFO - Processing file /home/airflow/.local/lib/python3.8/site-packages/airflow/example_dags/example_bash_operator.py for tasks to queue
[2023-09-24T05:03:36.627+0000] {logging_mixin.py:151} INFO - [2023-09-24T05:03:36.626+0000] {dagbag.py:539} INFO - Filling up the DagBag from /home/airflow/.local/lib/python3.8/site-packages/airflow/example_dags/example_bash_operator.py
[2023-09-24T05:03:36.653+0000] {processor.py:839} INFO - DAG(s) dict_keys(['example_bash_operator']) retrieved from /home/airflow/.local/lib/python3.8/site-packages/airflow/example_dags/example_bash_operator.py
[2023-09-24T05:03:36.719+0000] {logging_mixin.py:151} INFO - [2023-09-24T05:03:36.719+0000] {dag.py:2915} INFO - Sync 1 DAGs
[2023-09-24T05:03:36.762+0000] {logging_mixin.py:151} INFO - [2023-09-24T05:03:36.762+0000] {dag.py:3696} INFO - Setting next_dagrun for example_bash_operator to 2023-09-23T00:00:00+00:00, run_after=2023-09-24T00:00:00+00:00
[2023-09-24T05:03:36.786+0000] {processor.py:179} INFO - Processing /home/airflow/.local/lib/python3.8/site-packages/airflow/example_dags/example_bash_operator.py took 0.170 seconds
[2023-09-24T05:04:07.312+0000] {processor.py:157} INFO - Started process (PID=469) to work on /home/airflow/.local/lib/python3.8/site-packages/airflow/example_dags/example_bash_operator.py
[2023-09-24T05:04:07.313+0000] {processor.py:829} INFO - Processing file /home/airflow/.local/lib/python3.8/site-packages/airflow/example_dags/example_bash_operator.py for tasks to queue
[2023-09-24T05:04:07.316+0000] {logging_mixin.py:151} INFO - [2023-09-24T05:04:07.316+0000] {dagbag.py:539} INFO - Filling up the DagBag from /home/airflow/.local/lib/python3.8/site-packages/airflow/example_dags/example_bash_operator.py
[2023-09-24T05:04:07.334+0000] {processor.py:839} INFO - DAG(s) dict_keys(['example_bash_operator']) retrieved from /home/airflow/.local/lib/python3.8/site-packages/airflow/example_dags/example_bash_operator.py
[2023-09-24T05:04:07.398+0000] {logging_mixin.py:151} INFO - [2023-09-24T05:04:07.398+0000] {dag.py:2915} INFO - Sync 1 DAGs
[2023-09-24T05:04:07.435+0000] {logging_mixin.py:151} INFO - [2023-09-24T05:04:07.435+0000] {dag.py:3696} INFO - Setting next_dagrun for example_bash_operator to 2023-09-23T00:00:00+00:00, run_after=2023-09-24T00:00:00+00:00
[2023-09-24T05:04:07.460+0000] {processor.py:179} INFO - Processing /home/airflow/.local/lib/python3.8/site-packages/airflow/example_dags/example_bash_operator.py took 0.155 seconds
[2023-09-24T05:09:54.859+0000] {processor.py:157} INFO - Started process (PID=31) to work on /home/airflow/.local/lib/python3.8/site-packages/airflow/example_dags/example_bash_operator.py
[2023-09-24T05:09:54.869+0000] {processor.py:829} INFO - Processing file /home/airflow/.local/lib/python3.8/site-packages/airflow/example_dags/example_bash_operator.py for tasks to queue
[2023-09-24T05:09:54.873+0000] {logging_mixin.py:151} INFO - [2023-09-24T05:09:54.872+0000] {dagbag.py:539} INFO - Filling up the DagBag from /home/airflow/.local/lib/python3.8/site-packages/airflow/example_dags/example_bash_operator.py
[2023-09-24T05:09:55.172+0000] {processor.py:839} INFO - DAG(s) dict_keys(['example_bash_operator']) retrieved from /home/airflow/.local/lib/python3.8/site-packages/airflow/example_dags/example_bash_operator.py
[2023-09-24T05:09:55.293+0000] {logging_mixin.py:151} INFO - [2023-09-24T05:09:55.293+0000] {dag.py:2915} INFO - Sync 1 DAGs
[2023-09-24T05:09:55.340+0000] {logging_mixin.py:151} INFO - [2023-09-24T05:09:55.339+0000] {dag.py:3696} INFO - Setting next_dagrun for example_bash_operator to 2023-09-23T00:00:00+00:00, run_after=2023-09-24T00:00:00+00:00
[2023-09-24T05:09:55.378+0000] {processor.py:179} INFO - Processing /home/airflow/.local/lib/python3.8/site-packages/airflow/example_dags/example_bash_operator.py took 0.535 seconds
[2023-09-24T05:10:26.089+0000] {processor.py:157} INFO - Started process (PID=84) to work on /home/airflow/.local/lib/python3.8/site-packages/airflow/example_dags/example_bash_operator.py
[2023-09-24T05:10:26.091+0000] {processor.py:829} INFO - Processing file /home/airflow/.local/lib/python3.8/site-packages/airflow/example_dags/example_bash_operator.py for tasks to queue
[2023-09-24T05:10:26.094+0000] {logging_mixin.py:151} INFO - [2023-09-24T05:10:26.093+0000] {dagbag.py:539} INFO - Filling up the DagBag from /home/airflow/.local/lib/python3.8/site-packages/airflow/example_dags/example_bash_operator.py
[2023-09-24T05:10:26.112+0000] {processor.py:839} INFO - DAG(s) dict_keys(['example_bash_operator']) retrieved from /home/airflow/.local/lib/python3.8/site-packages/airflow/example_dags/example_bash_operator.py
[2023-09-24T05:10:26.172+0000] {logging_mixin.py:151} INFO - [2023-09-24T05:10:26.172+0000] {dag.py:2915} INFO - Sync 1 DAGs
[2023-09-24T05:10:26.212+0000] {logging_mixin.py:151} INFO - [2023-09-24T05:10:26.212+0000] {dag.py:3696} INFO - Setting next_dagrun for example_bash_operator to 2023-09-23T00:00:00+00:00, run_after=2023-09-24T00:00:00+00:00
[2023-09-24T05:10:26.236+0000] {processor.py:179} INFO - Processing /home/airflow/.local/lib/python3.8/site-packages/airflow/example_dags/example_bash_operator.py took 0.151 seconds
[2023-09-24T05:10:56.355+0000] {processor.py:157} INFO - Started process (PID=137) to work on /home/airflow/.local/lib/python3.8/site-packages/airflow/example_dags/example_bash_operator.py
[2023-09-24T05:10:56.356+0000] {processor.py:829} INFO - Processing file /home/airflow/.local/lib/python3.8/site-packages/airflow/example_dags/example_bash_operator.py for tasks to queue
[2023-09-24T05:10:56.360+0000] {logging_mixin.py:151} INFO - [2023-09-24T05:10:56.360+0000] {dagbag.py:539} INFO - Filling up the DagBag from /home/airflow/.local/lib/python3.8/site-packages/airflow/example_dags/example_bash_operator.py
[2023-09-24T05:10:56.381+0000] {processor.py:839} INFO - DAG(s) dict_keys(['example_bash_operator']) retrieved from /home/airflow/.local/lib/python3.8/site-packages/airflow/example_dags/example_bash_operator.py
[2023-09-24T05:10:56.438+0000] {logging_mixin.py:151} INFO - [2023-09-24T05:10:56.438+0000] {dag.py:2915} INFO - Sync 1 DAGs
[2023-09-24T05:10:56.495+0000] {logging_mixin.py:151} INFO - [2023-09-24T05:10:56.495+0000] {dag.py:3696} INFO - Setting next_dagrun for example_bash_operator to 2023-09-23T00:00:00+00:00, run_after=2023-09-24T00:00:00+00:00
[2023-09-24T05:10:56.524+0000] {processor.py:179} INFO - Processing /home/airflow/.local/lib/python3.8/site-packages/airflow/example_dags/example_bash_operator.py took 0.174 seconds
[2023-09-24T05:11:26.806+0000] {processor.py:157} INFO - Started process (PID=191) to work on /home/airflow/.local/lib/python3.8/site-packages/airflow/example_dags/example_bash_operator.py
[2023-09-24T05:11:26.808+0000] {processor.py:829} INFO - Processing file /home/airflow/.local/lib/python3.8/site-packages/airflow/example_dags/example_bash_operator.py for tasks to queue
[2023-09-24T05:11:26.811+0000] {logging_mixin.py:151} INFO - [2023-09-24T05:11:26.810+0000] {dagbag.py:539} INFO - Filling up the DagBag from /home/airflow/.local/lib/python3.8/site-packages/airflow/example_dags/example_bash_operator.py
[2023-09-24T05:11:26.829+0000] {processor.py:839} INFO - DAG(s) dict_keys(['example_bash_operator']) retrieved from /home/airflow/.local/lib/python3.8/site-packages/airflow/example_dags/example_bash_operator.py
[2023-09-24T05:11:26.899+0000] {logging_mixin.py:151} INFO - [2023-09-24T05:11:26.898+0000] {dag.py:2915} INFO - Sync 1 DAGs
[2023-09-24T05:11:26.955+0000] {logging_mixin.py:151} INFO - [2023-09-24T05:11:26.955+0000] {dag.py:3696} INFO - Setting next_dagrun for example_bash_operator to 2023-09-23T00:00:00+00:00, run_after=2023-09-24T00:00:00+00:00
[2023-09-24T05:11:27.003+0000] {processor.py:179} INFO - Processing /home/airflow/.local/lib/python3.8/site-packages/airflow/example_dags/example_bash_operator.py took 0.202 seconds
[2023-09-24T05:11:57.854+0000] {processor.py:157} INFO - Started process (PID=254) to work on /home/airflow/.local/lib/python3.8/site-packages/airflow/example_dags/example_bash_operator.py
[2023-09-24T05:11:57.856+0000] {processor.py:829} INFO - Processing file /home/airflow/.local/lib/python3.8/site-packages/airflow/example_dags/example_bash_operator.py for tasks to queue
[2023-09-24T05:11:57.861+0000] {logging_mixin.py:151} INFO - [2023-09-24T05:11:57.860+0000] {dagbag.py:539} INFO - Filling up the DagBag from /home/airflow/.local/lib/python3.8/site-packages/airflow/example_dags/example_bash_operator.py
[2023-09-24T05:11:57.892+0000] {processor.py:839} INFO - DAG(s) dict_keys(['example_bash_operator']) retrieved from /home/airflow/.local/lib/python3.8/site-packages/airflow/example_dags/example_bash_operator.py
[2023-09-24T05:11:58.014+0000] {logging_mixin.py:151} INFO - [2023-09-24T05:11:58.014+0000] {dag.py:2915} INFO - Sync 1 DAGs
[2023-09-24T05:11:58.173+0000] {logging_mixin.py:151} INFO - [2023-09-24T05:11:58.172+0000] {dag.py:3696} INFO - Setting next_dagrun for example_bash_operator to 2023-09-24T00:00:00+00:00, run_after=2023-09-25T00:00:00+00:00
[2023-09-24T05:11:58.267+0000] {processor.py:179} INFO - Processing /home/airflow/.local/lib/python3.8/site-packages/airflow/example_dags/example_bash_operator.py took 0.421 seconds
[2023-09-24T05:12:28.736+0000] {processor.py:157} INFO - Started process (PID=308) to work on /home/airflow/.local/lib/python3.8/site-packages/airflow/example_dags/example_bash_operator.py
[2023-09-24T05:12:28.738+0000] {processor.py:829} INFO - Processing file /home/airflow/.local/lib/python3.8/site-packages/airflow/example_dags/example_bash_operator.py for tasks to queue
[2023-09-24T05:12:28.742+0000] {logging_mixin.py:151} INFO - [2023-09-24T05:12:28.741+0000] {dagbag.py:539} INFO - Filling up the DagBag from /home/airflow/.local/lib/python3.8/site-packages/airflow/example_dags/example_bash_operator.py
[2023-09-24T05:12:28.769+0000] {processor.py:839} INFO - DAG(s) dict_keys(['example_bash_operator']) retrieved from /home/airflow/.local/lib/python3.8/site-packages/airflow/example_dags/example_bash_operator.py
[2023-09-24T05:12:28.878+0000] {logging_mixin.py:151} INFO - [2023-09-24T05:12:28.878+0000] {dag.py:2915} INFO - Sync 1 DAGs
[2023-09-24T05:12:28.971+0000] {logging_mixin.py:151} INFO - [2023-09-24T05:12:28.971+0000] {dag.py:3696} INFO - Setting next_dagrun for example_bash_operator to 2023-09-24T00:00:00+00:00, run_after=2023-09-25T00:00:00+00:00
[2023-09-24T05:12:29.030+0000] {processor.py:179} INFO - Processing /home/airflow/.local/lib/python3.8/site-packages/airflow/example_dags/example_bash_operator.py took 0.301 seconds
[2023-09-24T05:12:59.328+0000] {processor.py:157} INFO - Started process (PID=362) to work on /home/airflow/.local/lib/python3.8/site-packages/airflow/example_dags/example_bash_operator.py
[2023-09-24T05:12:59.329+0000] {processor.py:829} INFO - Processing file /home/airflow/.local/lib/python3.8/site-packages/airflow/example_dags/example_bash_operator.py for tasks to queue
[2023-09-24T05:12:59.332+0000] {logging_mixin.py:151} INFO - [2023-09-24T05:12:59.331+0000] {dagbag.py:539} INFO - Filling up the DagBag from /home/airflow/.local/lib/python3.8/site-packages/airflow/example_dags/example_bash_operator.py
[2023-09-24T05:12:59.350+0000] {processor.py:839} INFO - DAG(s) dict_keys(['example_bash_operator']) retrieved from /home/airflow/.local/lib/python3.8/site-packages/airflow/example_dags/example_bash_operator.py
[2023-09-24T05:12:59.407+0000] {logging_mixin.py:151} INFO - [2023-09-24T05:12:59.406+0000] {dag.py:2915} INFO - Sync 1 DAGs
[2023-09-24T05:12:59.448+0000] {logging_mixin.py:151} INFO - [2023-09-24T05:12:59.448+0000] {dag.py:3696} INFO - Setting next_dagrun for example_bash_operator to 2023-09-24T00:00:00+00:00, run_after=2023-09-25T00:00:00+00:00
[2023-09-24T05:12:59.474+0000] {processor.py:179} INFO - Processing /home/airflow/.local/lib/python3.8/site-packages/airflow/example_dags/example_bash_operator.py took 0.153 seconds
[2023-09-24T05:13:48.248+0000] {processor.py:157} INFO - Started process (PID=31) to work on /home/airflow/.local/lib/python3.8/site-packages/airflow/example_dags/example_bash_operator.py
[2023-09-24T05:13:48.271+0000] {processor.py:829} INFO - Processing file /home/airflow/.local/lib/python3.8/site-packages/airflow/example_dags/example_bash_operator.py for tasks to queue
[2023-09-24T05:13:48.277+0000] {logging_mixin.py:151} INFO - [2023-09-24T05:13:48.277+0000] {dagbag.py:539} INFO - Filling up the DagBag from /home/airflow/.local/lib/python3.8/site-packages/airflow/example_dags/example_bash_operator.py
[2023-09-24T05:13:48.319+0000] {processor.py:839} INFO - DAG(s) dict_keys(['example_bash_operator']) retrieved from /home/airflow/.local/lib/python3.8/site-packages/airflow/example_dags/example_bash_operator.py
[2023-09-24T05:13:48.488+0000] {logging_mixin.py:151} INFO - [2023-09-24T05:13:48.488+0000] {dag.py:2915} INFO - Sync 1 DAGs
[2023-09-24T05:13:48.826+0000] {logging_mixin.py:151} INFO - [2023-09-24T05:13:48.825+0000] {dag.py:3696} INFO - Setting next_dagrun for example_bash_operator to 2023-09-24T00:00:00+00:00, run_after=2023-09-25T00:00:00+00:00
[2023-09-24T05:13:48.890+0000] {processor.py:179} INFO - Processing /home/airflow/.local/lib/python3.8/site-packages/airflow/example_dags/example_bash_operator.py took 0.657 seconds
[2023-09-24T05:14:18.998+0000] {processor.py:157} INFO - Started process (PID=91) to work on /home/airflow/.local/lib/python3.8/site-packages/airflow/example_dags/example_bash_operator.py
[2023-09-24T05:14:19.000+0000] {processor.py:829} INFO - Processing file /home/airflow/.local/lib/python3.8/site-packages/airflow/example_dags/example_bash_operator.py for tasks to queue
[2023-09-24T05:14:19.004+0000] {logging_mixin.py:151} INFO - [2023-09-24T05:14:19.004+0000] {dagbag.py:539} INFO - Filling up the DagBag from /home/airflow/.local/lib/python3.8/site-packages/airflow/example_dags/example_bash_operator.py
[2023-09-24T05:14:19.021+0000] {processor.py:839} INFO - DAG(s) dict_keys(['example_bash_operator']) retrieved from /home/airflow/.local/lib/python3.8/site-packages/airflow/example_dags/example_bash_operator.py
[2023-09-24T05:14:19.071+0000] {logging_mixin.py:151} INFO - [2023-09-24T05:14:19.070+0000] {dag.py:2915} INFO - Sync 1 DAGs
[2023-09-24T05:14:19.117+0000] {logging_mixin.py:151} INFO - [2023-09-24T05:14:19.117+0000] {dag.py:3696} INFO - Setting next_dagrun for example_bash_operator to 2023-09-24T00:00:00+00:00, run_after=2023-09-25T00:00:00+00:00
[2023-09-24T05:14:19.141+0000] {processor.py:179} INFO - Processing /home/airflow/.local/lib/python3.8/site-packages/airflow/example_dags/example_bash_operator.py took 0.147 seconds
[2023-09-24T05:14:49.281+0000] {processor.py:157} INFO - Started process (PID=146) to work on /home/airflow/.local/lib/python3.8/site-packages/airflow/example_dags/example_bash_operator.py
[2023-09-24T05:14:49.283+0000] {processor.py:829} INFO - Processing file /home/airflow/.local/lib/python3.8/site-packages/airflow/example_dags/example_bash_operator.py for tasks to queue
[2023-09-24T05:14:49.289+0000] {logging_mixin.py:151} INFO - [2023-09-24T05:14:49.288+0000] {dagbag.py:539} INFO - Filling up the DagBag from /home/airflow/.local/lib/python3.8/site-packages/airflow/example_dags/example_bash_operator.py
[2023-09-24T05:14:49.326+0000] {processor.py:839} INFO - DAG(s) dict_keys(['example_bash_operator']) retrieved from /home/airflow/.local/lib/python3.8/site-packages/airflow/example_dags/example_bash_operator.py
[2023-09-24T05:14:49.364+0000] {logging_mixin.py:151} INFO - [2023-09-24T05:14:49.364+0000] {dag.py:2915} INFO - Sync 1 DAGs
[2023-09-24T05:14:49.467+0000] {logging_mixin.py:151} INFO - [2023-09-24T05:14:49.466+0000] {dag.py:3696} INFO - Setting next_dagrun for example_bash_operator to 2023-09-24T00:00:00+00:00, run_after=2023-09-25T00:00:00+00:00
[2023-09-24T05:14:49.556+0000] {processor.py:179} INFO - Processing /home/airflow/.local/lib/python3.8/site-packages/airflow/example_dags/example_bash_operator.py took 0.283 seconds
