[2023-09-24T05:00:22.398+0000] {processor.py:157} INFO - Started process (PID=77) to work on /home/airflow/.local/lib/python3.8/site-packages/airflow/example_dags/tutorial_taskflow_api.py
[2023-09-24T05:00:22.399+0000] {processor.py:829} INFO - Processing file /home/airflow/.local/lib/python3.8/site-packages/airflow/example_dags/tutorial_taskflow_api.py for tasks to queue
[2023-09-24T05:00:22.403+0000] {logging_mixin.py:151} INFO - [2023-09-24T05:00:22.402+0000] {dagbag.py:539} INFO - Filling up the DagBag from /home/airflow/.local/lib/python3.8/site-packages/airflow/example_dags/tutorial_taskflow_api.py
[2023-09-24T05:00:22.414+0000] {processor.py:839} INFO - DAG(s) dict_keys(['tutorial_taskflow_api']) retrieved from /home/airflow/.local/lib/python3.8/site-packages/airflow/example_dags/tutorial_taskflow_api.py
[2023-09-24T05:00:22.615+0000] {logging_mixin.py:151} INFO - [2023-09-24T05:00:22.615+0000] {manager.py:499} INFO - Created Permission View: %s
[2023-09-24T05:00:22.631+0000] {logging_mixin.py:151} INFO - [2023-09-24T05:00:22.631+0000] {manager.py:499} INFO - Created Permission View: %s
[2023-09-24T05:00:22.642+0000] {logging_mixin.py:151} INFO - [2023-09-24T05:00:22.641+0000] {manager.py:499} INFO - Created Permission View: %s
[2023-09-24T05:00:22.642+0000] {logging_mixin.py:151} INFO - [2023-09-24T05:00:22.642+0000] {security.py:708} INFO - Not syncing DAG-level permissions for DAG 'DAG:tutorial_taskflow_api' as access control is unset.
[2023-09-24T05:00:22.643+0000] {logging_mixin.py:151} INFO - [2023-09-24T05:00:22.642+0000] {dag.py:2915} INFO - Sync 1 DAGs
[2023-09-24T05:00:22.687+0000] {logging_mixin.py:151} INFO - [2023-09-24T05:00:22.687+0000] {dag.py:2937} INFO - Creating ORM DAG for tutorial_taskflow_api
[2023-09-24T05:00:22.688+0000] {logging_mixin.py:151} INFO - [2023-09-24T05:00:22.688+0000] {dag.py:3696} INFO - Setting next_dagrun for tutorial_taskflow_api to None, run_after=None
[2023-09-24T05:00:22.755+0000] {processor.py:179} INFO - Processing /home/airflow/.local/lib/python3.8/site-packages/airflow/example_dags/tutorial_taskflow_api.py took 0.363 seconds
[2023-09-24T05:00:52.972+0000] {processor.py:157} INFO - Started process (PID=131) to work on /home/airflow/.local/lib/python3.8/site-packages/airflow/example_dags/tutorial_taskflow_api.py
[2023-09-24T05:00:52.973+0000] {processor.py:829} INFO - Processing file /home/airflow/.local/lib/python3.8/site-packages/airflow/example_dags/tutorial_taskflow_api.py for tasks to queue
[2023-09-24T05:00:52.975+0000] {logging_mixin.py:151} INFO - [2023-09-24T05:00:52.975+0000] {dagbag.py:539} INFO - Filling up the DagBag from /home/airflow/.local/lib/python3.8/site-packages/airflow/example_dags/tutorial_taskflow_api.py
[2023-09-24T05:00:52.984+0000] {processor.py:839} INFO - DAG(s) dict_keys(['tutorial_taskflow_api']) retrieved from /home/airflow/.local/lib/python3.8/site-packages/airflow/example_dags/tutorial_taskflow_api.py
[2023-09-24T05:00:53.012+0000] {logging_mixin.py:151} INFO - [2023-09-24T05:00:53.012+0000] {dag.py:2915} INFO - Sync 1 DAGs
[2023-09-24T05:00:53.032+0000] {logging_mixin.py:151} INFO - [2023-09-24T05:00:53.032+0000] {dag.py:3696} INFO - Setting next_dagrun for tutorial_taskflow_api to None, run_after=None
[2023-09-24T05:00:53.055+0000] {processor.py:179} INFO - Processing /home/airflow/.local/lib/python3.8/site-packages/airflow/example_dags/tutorial_taskflow_api.py took 0.088 seconds
[2023-09-24T05:01:23.358+0000] {processor.py:157} INFO - Started process (PID=185) to work on /home/airflow/.local/lib/python3.8/site-packages/airflow/example_dags/tutorial_taskflow_api.py
[2023-09-24T05:01:23.359+0000] {processor.py:829} INFO - Processing file /home/airflow/.local/lib/python3.8/site-packages/airflow/example_dags/tutorial_taskflow_api.py for tasks to queue
[2023-09-24T05:01:23.362+0000] {logging_mixin.py:151} INFO - [2023-09-24T05:01:23.362+0000] {dagbag.py:539} INFO - Filling up the DagBag from /home/airflow/.local/lib/python3.8/site-packages/airflow/example_dags/tutorial_taskflow_api.py
[2023-09-24T05:01:23.370+0000] {processor.py:839} INFO - DAG(s) dict_keys(['tutorial_taskflow_api']) retrieved from /home/airflow/.local/lib/python3.8/site-packages/airflow/example_dags/tutorial_taskflow_api.py
[2023-09-24T05:01:23.399+0000] {logging_mixin.py:151} INFO - [2023-09-24T05:01:23.399+0000] {dag.py:2915} INFO - Sync 1 DAGs
[2023-09-24T05:01:23.420+0000] {logging_mixin.py:151} INFO - [2023-09-24T05:01:23.420+0000] {dag.py:3696} INFO - Setting next_dagrun for tutorial_taskflow_api to None, run_after=None
[2023-09-24T05:01:23.444+0000] {processor.py:179} INFO - Processing /home/airflow/.local/lib/python3.8/site-packages/airflow/example_dags/tutorial_taskflow_api.py took 0.091 seconds
[2023-09-24T05:01:53.573+0000] {processor.py:157} INFO - Started process (PID=239) to work on /home/airflow/.local/lib/python3.8/site-packages/airflow/example_dags/tutorial_taskflow_api.py
[2023-09-24T05:01:53.574+0000] {processor.py:829} INFO - Processing file /home/airflow/.local/lib/python3.8/site-packages/airflow/example_dags/tutorial_taskflow_api.py for tasks to queue
[2023-09-24T05:01:53.576+0000] {logging_mixin.py:151} INFO - [2023-09-24T05:01:53.576+0000] {dagbag.py:539} INFO - Filling up the DagBag from /home/airflow/.local/lib/python3.8/site-packages/airflow/example_dags/tutorial_taskflow_api.py
[2023-09-24T05:01:53.585+0000] {processor.py:839} INFO - DAG(s) dict_keys(['tutorial_taskflow_api']) retrieved from /home/airflow/.local/lib/python3.8/site-packages/airflow/example_dags/tutorial_taskflow_api.py
[2023-09-24T05:01:53.615+0000] {logging_mixin.py:151} INFO - [2023-09-24T05:01:53.614+0000] {dag.py:2915} INFO - Sync 1 DAGs
[2023-09-24T05:01:53.634+0000] {logging_mixin.py:151} INFO - [2023-09-24T05:01:53.634+0000] {dag.py:3696} INFO - Setting next_dagrun for tutorial_taskflow_api to None, run_after=None
[2023-09-24T05:01:53.658+0000] {processor.py:179} INFO - Processing /home/airflow/.local/lib/python3.8/site-packages/airflow/example_dags/tutorial_taskflow_api.py took 0.090 seconds
[2023-09-24T05:02:24.274+0000] {processor.py:157} INFO - Started process (PID=293) to work on /home/airflow/.local/lib/python3.8/site-packages/airflow/example_dags/tutorial_taskflow_api.py
[2023-09-24T05:02:24.275+0000] {processor.py:829} INFO - Processing file /home/airflow/.local/lib/python3.8/site-packages/airflow/example_dags/tutorial_taskflow_api.py for tasks to queue
[2023-09-24T05:02:24.278+0000] {logging_mixin.py:151} INFO - [2023-09-24T05:02:24.278+0000] {dagbag.py:539} INFO - Filling up the DagBag from /home/airflow/.local/lib/python3.8/site-packages/airflow/example_dags/tutorial_taskflow_api.py
[2023-09-24T05:02:24.286+0000] {processor.py:839} INFO - DAG(s) dict_keys(['tutorial_taskflow_api']) retrieved from /home/airflow/.local/lib/python3.8/site-packages/airflow/example_dags/tutorial_taskflow_api.py
[2023-09-24T05:02:24.319+0000] {logging_mixin.py:151} INFO - [2023-09-24T05:02:24.319+0000] {dag.py:2915} INFO - Sync 1 DAGs
[2023-09-24T05:02:24.341+0000] {logging_mixin.py:151} INFO - [2023-09-24T05:02:24.340+0000] {dag.py:3696} INFO - Setting next_dagrun for tutorial_taskflow_api to None, run_after=None
[2023-09-24T05:02:24.366+0000] {processor.py:179} INFO - Processing /home/airflow/.local/lib/python3.8/site-packages/airflow/example_dags/tutorial_taskflow_api.py took 0.096 seconds
[2023-09-24T05:02:55.004+0000] {processor.py:157} INFO - Started process (PID=347) to work on /home/airflow/.local/lib/python3.8/site-packages/airflow/example_dags/tutorial_taskflow_api.py
[2023-09-24T05:02:55.006+0000] {processor.py:829} INFO - Processing file /home/airflow/.local/lib/python3.8/site-packages/airflow/example_dags/tutorial_taskflow_api.py for tasks to queue
[2023-09-24T05:02:55.009+0000] {logging_mixin.py:151} INFO - [2023-09-24T05:02:55.009+0000] {dagbag.py:539} INFO - Filling up the DagBag from /home/airflow/.local/lib/python3.8/site-packages/airflow/example_dags/tutorial_taskflow_api.py
[2023-09-24T05:02:55.019+0000] {processor.py:839} INFO - DAG(s) dict_keys(['tutorial_taskflow_api']) retrieved from /home/airflow/.local/lib/python3.8/site-packages/airflow/example_dags/tutorial_taskflow_api.py
[2023-09-24T05:02:55.048+0000] {logging_mixin.py:151} INFO - [2023-09-24T05:02:55.048+0000] {dag.py:2915} INFO - Sync 1 DAGs
[2023-09-24T05:02:55.069+0000] {logging_mixin.py:151} INFO - [2023-09-24T05:02:55.068+0000] {dag.py:3696} INFO - Setting next_dagrun for tutorial_taskflow_api to None, run_after=None
[2023-09-24T05:02:55.095+0000] {processor.py:179} INFO - Processing /home/airflow/.local/lib/python3.8/site-packages/airflow/example_dags/tutorial_taskflow_api.py took 0.096 seconds
[2023-09-24T05:03:25.666+0000] {processor.py:157} INFO - Started process (PID=402) to work on /home/airflow/.local/lib/python3.8/site-packages/airflow/example_dags/tutorial_taskflow_api.py
[2023-09-24T05:03:25.667+0000] {processor.py:829} INFO - Processing file /home/airflow/.local/lib/python3.8/site-packages/airflow/example_dags/tutorial_taskflow_api.py for tasks to queue
[2023-09-24T05:03:25.670+0000] {logging_mixin.py:151} INFO - [2023-09-24T05:03:25.670+0000] {dagbag.py:539} INFO - Filling up the DagBag from /home/airflow/.local/lib/python3.8/site-packages/airflow/example_dags/tutorial_taskflow_api.py
[2023-09-24T05:03:25.679+0000] {processor.py:839} INFO - DAG(s) dict_keys(['tutorial_taskflow_api']) retrieved from /home/airflow/.local/lib/python3.8/site-packages/airflow/example_dags/tutorial_taskflow_api.py
[2023-09-24T05:03:25.710+0000] {logging_mixin.py:151} INFO - [2023-09-24T05:03:25.710+0000] {dag.py:2915} INFO - Sync 1 DAGs
[2023-09-24T05:03:25.732+0000] {logging_mixin.py:151} INFO - [2023-09-24T05:03:25.732+0000] {dag.py:3696} INFO - Setting next_dagrun for tutorial_taskflow_api to None, run_after=None
[2023-09-24T05:03:25.760+0000] {processor.py:179} INFO - Processing /home/airflow/.local/lib/python3.8/site-packages/airflow/example_dags/tutorial_taskflow_api.py took 0.098 seconds
[2023-09-24T05:03:56.324+0000] {processor.py:157} INFO - Started process (PID=456) to work on /home/airflow/.local/lib/python3.8/site-packages/airflow/example_dags/tutorial_taskflow_api.py
[2023-09-24T05:03:56.325+0000] {processor.py:829} INFO - Processing file /home/airflow/.local/lib/python3.8/site-packages/airflow/example_dags/tutorial_taskflow_api.py for tasks to queue
[2023-09-24T05:03:56.328+0000] {logging_mixin.py:151} INFO - [2023-09-24T05:03:56.327+0000] {dagbag.py:539} INFO - Filling up the DagBag from /home/airflow/.local/lib/python3.8/site-packages/airflow/example_dags/tutorial_taskflow_api.py
[2023-09-24T05:03:56.336+0000] {processor.py:839} INFO - DAG(s) dict_keys(['tutorial_taskflow_api']) retrieved from /home/airflow/.local/lib/python3.8/site-packages/airflow/example_dags/tutorial_taskflow_api.py
[2023-09-24T05:03:56.366+0000] {logging_mixin.py:151} INFO - [2023-09-24T05:03:56.366+0000] {dag.py:2915} INFO - Sync 1 DAGs
[2023-09-24T05:03:56.386+0000] {logging_mixin.py:151} INFO - [2023-09-24T05:03:56.386+0000] {dag.py:3696} INFO - Setting next_dagrun for tutorial_taskflow_api to None, run_after=None
[2023-09-24T05:03:56.414+0000] {processor.py:179} INFO - Processing /home/airflow/.local/lib/python3.8/site-packages/airflow/example_dags/tutorial_taskflow_api.py took 0.095 seconds
[2023-09-24T05:10:06.460+0000] {processor.py:157} INFO - Started process (PID=77) to work on /home/airflow/.local/lib/python3.8/site-packages/airflow/example_dags/tutorial_taskflow_api.py
[2023-09-24T05:10:06.475+0000] {processor.py:829} INFO - Processing file /home/airflow/.local/lib/python3.8/site-packages/airflow/example_dags/tutorial_taskflow_api.py for tasks to queue
[2023-09-24T05:10:06.478+0000] {logging_mixin.py:151} INFO - [2023-09-24T05:10:06.478+0000] {dagbag.py:539} INFO - Filling up the DagBag from /home/airflow/.local/lib/python3.8/site-packages/airflow/example_dags/tutorial_taskflow_api.py
[2023-09-24T05:10:06.516+0000] {processor.py:839} INFO - DAG(s) dict_keys(['tutorial_taskflow_api']) retrieved from /home/airflow/.local/lib/python3.8/site-packages/airflow/example_dags/tutorial_taskflow_api.py
[2023-09-24T05:10:06.553+0000] {logging_mixin.py:151} INFO - [2023-09-24T05:10:06.553+0000] {dag.py:2915} INFO - Sync 1 DAGs
[2023-09-24T05:10:06.580+0000] {logging_mixin.py:151} INFO - [2023-09-24T05:10:06.580+0000] {dag.py:3696} INFO - Setting next_dagrun for tutorial_taskflow_api to None, run_after=None
[2023-09-24T05:10:06.644+0000] {processor.py:179} INFO - Processing /home/airflow/.local/lib/python3.8/site-packages/airflow/example_dags/tutorial_taskflow_api.py took 0.191 seconds
[2023-09-24T05:10:37.294+0000] {processor.py:157} INFO - Started process (PID=130) to work on /home/airflow/.local/lib/python3.8/site-packages/airflow/example_dags/tutorial_taskflow_api.py
[2023-09-24T05:10:37.295+0000] {processor.py:829} INFO - Processing file /home/airflow/.local/lib/python3.8/site-packages/airflow/example_dags/tutorial_taskflow_api.py for tasks to queue
[2023-09-24T05:10:37.297+0000] {logging_mixin.py:151} INFO - [2023-09-24T05:10:37.297+0000] {dagbag.py:539} INFO - Filling up the DagBag from /home/airflow/.local/lib/python3.8/site-packages/airflow/example_dags/tutorial_taskflow_api.py
[2023-09-24T05:10:37.307+0000] {processor.py:839} INFO - DAG(s) dict_keys(['tutorial_taskflow_api']) retrieved from /home/airflow/.local/lib/python3.8/site-packages/airflow/example_dags/tutorial_taskflow_api.py
[2023-09-24T05:10:37.338+0000] {logging_mixin.py:151} INFO - [2023-09-24T05:10:37.338+0000] {dag.py:2915} INFO - Sync 1 DAGs
[2023-09-24T05:10:37.360+0000] {logging_mixin.py:151} INFO - [2023-09-24T05:10:37.359+0000] {dag.py:3696} INFO - Setting next_dagrun for tutorial_taskflow_api to None, run_after=None
[2023-09-24T05:10:37.391+0000] {processor.py:179} INFO - Processing /home/airflow/.local/lib/python3.8/site-packages/airflow/example_dags/tutorial_taskflow_api.py took 0.102 seconds
[2023-09-24T05:11:08.282+0000] {processor.py:157} INFO - Started process (PID=184) to work on /home/airflow/.local/lib/python3.8/site-packages/airflow/example_dags/tutorial_taskflow_api.py
[2023-09-24T05:11:08.284+0000] {processor.py:829} INFO - Processing file /home/airflow/.local/lib/python3.8/site-packages/airflow/example_dags/tutorial_taskflow_api.py for tasks to queue
[2023-09-24T05:11:08.289+0000] {logging_mixin.py:151} INFO - [2023-09-24T05:11:08.288+0000] {dagbag.py:539} INFO - Filling up the DagBag from /home/airflow/.local/lib/python3.8/site-packages/airflow/example_dags/tutorial_taskflow_api.py
[2023-09-24T05:11:08.300+0000] {processor.py:839} INFO - DAG(s) dict_keys(['tutorial_taskflow_api']) retrieved from /home/airflow/.local/lib/python3.8/site-packages/airflow/example_dags/tutorial_taskflow_api.py
[2023-09-24T05:11:08.344+0000] {logging_mixin.py:151} INFO - [2023-09-24T05:11:08.344+0000] {dag.py:2915} INFO - Sync 1 DAGs
[2023-09-24T05:11:08.375+0000] {logging_mixin.py:151} INFO - [2023-09-24T05:11:08.375+0000] {dag.py:3696} INFO - Setting next_dagrun for tutorial_taskflow_api to None, run_after=None
[2023-09-24T05:11:08.411+0000] {processor.py:179} INFO - Processing /home/airflow/.local/lib/python3.8/site-packages/airflow/example_dags/tutorial_taskflow_api.py took 0.135 seconds
[2023-09-24T05:11:39.858+0000] {processor.py:157} INFO - Started process (PID=243) to work on /home/airflow/.local/lib/python3.8/site-packages/airflow/example_dags/tutorial_taskflow_api.py
[2023-09-24T05:11:39.859+0000] {processor.py:829} INFO - Processing file /home/airflow/.local/lib/python3.8/site-packages/airflow/example_dags/tutorial_taskflow_api.py for tasks to queue
[2023-09-24T05:11:39.865+0000] {logging_mixin.py:151} INFO - [2023-09-24T05:11:39.864+0000] {dagbag.py:539} INFO - Filling up the DagBag from /home/airflow/.local/lib/python3.8/site-packages/airflow/example_dags/tutorial_taskflow_api.py
[2023-09-24T05:11:39.887+0000] {processor.py:839} INFO - DAG(s) dict_keys(['tutorial_taskflow_api']) retrieved from /home/airflow/.local/lib/python3.8/site-packages/airflow/example_dags/tutorial_taskflow_api.py
[2023-09-24T05:11:39.954+0000] {logging_mixin.py:151} INFO - [2023-09-24T05:11:39.953+0000] {dag.py:2915} INFO - Sync 1 DAGs
[2023-09-24T05:11:39.991+0000] {logging_mixin.py:151} INFO - [2023-09-24T05:11:39.991+0000] {dag.py:3696} INFO - Setting next_dagrun for tutorial_taskflow_api to None, run_after=None
[2023-09-24T05:11:40.056+0000] {processor.py:179} INFO - Processing /home/airflow/.local/lib/python3.8/site-packages/airflow/example_dags/tutorial_taskflow_api.py took 0.206 seconds
[2023-09-24T05:12:10.352+0000] {processor.py:157} INFO - Started process (PID=301) to work on /home/airflow/.local/lib/python3.8/site-packages/airflow/example_dags/tutorial_taskflow_api.py
[2023-09-24T05:12:10.353+0000] {processor.py:829} INFO - Processing file /home/airflow/.local/lib/python3.8/site-packages/airflow/example_dags/tutorial_taskflow_api.py for tasks to queue
[2023-09-24T05:12:10.356+0000] {logging_mixin.py:151} INFO - [2023-09-24T05:12:10.356+0000] {dagbag.py:539} INFO - Filling up the DagBag from /home/airflow/.local/lib/python3.8/site-packages/airflow/example_dags/tutorial_taskflow_api.py
[2023-09-24T05:12:10.365+0000] {processor.py:839} INFO - DAG(s) dict_keys(['tutorial_taskflow_api']) retrieved from /home/airflow/.local/lib/python3.8/site-packages/airflow/example_dags/tutorial_taskflow_api.py
[2023-09-24T05:12:10.397+0000] {logging_mixin.py:151} INFO - [2023-09-24T05:12:10.397+0000] {dag.py:2915} INFO - Sync 1 DAGs
[2023-09-24T05:12:10.434+0000] {logging_mixin.py:151} INFO - [2023-09-24T05:12:10.434+0000] {dag.py:3696} INFO - Setting next_dagrun for tutorial_taskflow_api to None, run_after=None
[2023-09-24T05:12:10.464+0000] {processor.py:179} INFO - Processing /home/airflow/.local/lib/python3.8/site-packages/airflow/example_dags/tutorial_taskflow_api.py took 0.117 seconds
[2023-09-24T05:12:40.788+0000] {processor.py:157} INFO - Started process (PID=355) to work on /home/airflow/.local/lib/python3.8/site-packages/airflow/example_dags/tutorial_taskflow_api.py
[2023-09-24T05:12:40.789+0000] {processor.py:829} INFO - Processing file /home/airflow/.local/lib/python3.8/site-packages/airflow/example_dags/tutorial_taskflow_api.py for tasks to queue
[2023-09-24T05:12:40.792+0000] {logging_mixin.py:151} INFO - [2023-09-24T05:12:40.792+0000] {dagbag.py:539} INFO - Filling up the DagBag from /home/airflow/.local/lib/python3.8/site-packages/airflow/example_dags/tutorial_taskflow_api.py
[2023-09-24T05:12:40.801+0000] {processor.py:839} INFO - DAG(s) dict_keys(['tutorial_taskflow_api']) retrieved from /home/airflow/.local/lib/python3.8/site-packages/airflow/example_dags/tutorial_taskflow_api.py
[2023-09-24T05:12:40.832+0000] {logging_mixin.py:151} INFO - [2023-09-24T05:12:40.832+0000] {dag.py:2915} INFO - Sync 1 DAGs
[2023-09-24T05:12:40.855+0000] {logging_mixin.py:151} INFO - [2023-09-24T05:12:40.855+0000] {dag.py:3696} INFO - Setting next_dagrun for tutorial_taskflow_api to None, run_after=None
[2023-09-24T05:12:40.881+0000] {processor.py:179} INFO - Processing /home/airflow/.local/lib/python3.8/site-packages/airflow/example_dags/tutorial_taskflow_api.py took 0.098 seconds
[2023-09-24T05:13:11.385+0000] {processor.py:157} INFO - Started process (PID=408) to work on /home/airflow/.local/lib/python3.8/site-packages/airflow/example_dags/tutorial_taskflow_api.py
[2023-09-24T05:13:11.387+0000] {processor.py:829} INFO - Processing file /home/airflow/.local/lib/python3.8/site-packages/airflow/example_dags/tutorial_taskflow_api.py for tasks to queue
[2023-09-24T05:13:11.390+0000] {logging_mixin.py:151} INFO - [2023-09-24T05:13:11.389+0000] {dagbag.py:539} INFO - Filling up the DagBag from /home/airflow/.local/lib/python3.8/site-packages/airflow/example_dags/tutorial_taskflow_api.py
[2023-09-24T05:13:11.400+0000] {processor.py:839} INFO - DAG(s) dict_keys(['tutorial_taskflow_api']) retrieved from /home/airflow/.local/lib/python3.8/site-packages/airflow/example_dags/tutorial_taskflow_api.py
[2023-09-24T05:13:11.431+0000] {logging_mixin.py:151} INFO - [2023-09-24T05:13:11.431+0000] {dag.py:2915} INFO - Sync 1 DAGs
[2023-09-24T05:13:11.454+0000] {logging_mixin.py:151} INFO - [2023-09-24T05:13:11.454+0000] {dag.py:3696} INFO - Setting next_dagrun for tutorial_taskflow_api to None, run_after=None
[2023-09-24T05:13:11.483+0000] {processor.py:179} INFO - Processing /home/airflow/.local/lib/python3.8/site-packages/airflow/example_dags/tutorial_taskflow_api.py took 0.103 seconds
[2023-09-24T05:14:00.772+0000] {processor.py:157} INFO - Started process (PID=77) to work on /home/airflow/.local/lib/python3.8/site-packages/airflow/example_dags/tutorial_taskflow_api.py
[2023-09-24T05:14:00.774+0000] {processor.py:829} INFO - Processing file /home/airflow/.local/lib/python3.8/site-packages/airflow/example_dags/tutorial_taskflow_api.py for tasks to queue
[2023-09-24T05:14:00.778+0000] {logging_mixin.py:151} INFO - [2023-09-24T05:14:00.778+0000] {dagbag.py:539} INFO - Filling up the DagBag from /home/airflow/.local/lib/python3.8/site-packages/airflow/example_dags/tutorial_taskflow_api.py
[2023-09-24T05:14:00.792+0000] {processor.py:839} INFO - DAG(s) dict_keys(['tutorial_taskflow_api']) retrieved from /home/airflow/.local/lib/python3.8/site-packages/airflow/example_dags/tutorial_taskflow_api.py
[2023-09-24T05:14:00.816+0000] {logging_mixin.py:151} INFO - [2023-09-24T05:14:00.816+0000] {dag.py:2915} INFO - Sync 1 DAGs
[2023-09-24T05:14:00.849+0000] {logging_mixin.py:151} INFO - [2023-09-24T05:14:00.848+0000] {dag.py:3696} INFO - Setting next_dagrun for tutorial_taskflow_api to None, run_after=None
[2023-09-24T05:14:00.886+0000] {processor.py:179} INFO - Processing /home/airflow/.local/lib/python3.8/site-packages/airflow/example_dags/tutorial_taskflow_api.py took 0.121 seconds
[2023-09-24T05:14:32.088+0000] {processor.py:157} INFO - Started process (PID=132) to work on /home/airflow/.local/lib/python3.8/site-packages/airflow/example_dags/tutorial_taskflow_api.py
[2023-09-24T05:14:32.093+0000] {processor.py:829} INFO - Processing file /home/airflow/.local/lib/python3.8/site-packages/airflow/example_dags/tutorial_taskflow_api.py for tasks to queue
[2023-09-24T05:14:32.146+0000] {logging_mixin.py:151} INFO - [2023-09-24T05:14:32.132+0000] {dagbag.py:539} INFO - Filling up the DagBag from /home/airflow/.local/lib/python3.8/site-packages/airflow/example_dags/tutorial_taskflow_api.py
[2023-09-24T05:14:32.198+0000] {processor.py:839} INFO - DAG(s) dict_keys(['tutorial_taskflow_api']) retrieved from /home/airflow/.local/lib/python3.8/site-packages/airflow/example_dags/tutorial_taskflow_api.py
[2023-09-24T05:14:32.313+0000] {logging_mixin.py:151} INFO - [2023-09-24T05:14:32.312+0000] {dag.py:2915} INFO - Sync 1 DAGs
[2023-09-24T05:14:32.382+0000] {logging_mixin.py:151} INFO - [2023-09-24T05:14:32.382+0000] {dag.py:3696} INFO - Setting next_dagrun for tutorial_taskflow_api to None, run_after=None
[2023-09-24T05:14:32.446+0000] {processor.py:179} INFO - Processing /home/airflow/.local/lib/python3.8/site-packages/airflow/example_dags/tutorial_taskflow_api.py took 0.375 seconds
[2023-09-24T05:15:04.064+0000] {processor.py:157} INFO - Started process (PID=192) to work on /home/airflow/.local/lib/python3.8/site-packages/airflow/example_dags/tutorial_taskflow_api.py
[2023-09-24T05:15:04.066+0000] {processor.py:829} INFO - Processing file /home/airflow/.local/lib/python3.8/site-packages/airflow/example_dags/tutorial_taskflow_api.py for tasks to queue
[2023-09-24T05:15:04.070+0000] {logging_mixin.py:151} INFO - [2023-09-24T05:15:04.070+0000] {dagbag.py:539} INFO - Filling up the DagBag from /home/airflow/.local/lib/python3.8/site-packages/airflow/example_dags/tutorial_taskflow_api.py
[2023-09-24T05:15:04.084+0000] {processor.py:839} INFO - DAG(s) dict_keys(['tutorial_taskflow_api']) retrieved from /home/airflow/.local/lib/python3.8/site-packages/airflow/example_dags/tutorial_taskflow_api.py
[2023-09-24T05:15:04.129+0000] {logging_mixin.py:151} INFO - [2023-09-24T05:15:04.128+0000] {dag.py:2915} INFO - Sync 1 DAGs
[2023-09-24T05:15:04.161+0000] {logging_mixin.py:151} INFO - [2023-09-24T05:15:04.161+0000] {dag.py:3696} INFO - Setting next_dagrun for tutorial_taskflow_api to None, run_after=None
[2023-09-24T05:15:04.199+0000] {processor.py:179} INFO - Processing /home/airflow/.local/lib/python3.8/site-packages/airflow/example_dags/tutorial_taskflow_api.py took 0.148 seconds
