[2023-09-24T05:00:21.983+0000] {processor.py:157} INFO - Started process (PID=75) to work on /home/airflow/.local/lib/python3.8/site-packages/airflow/example_dags/tutorial.py
[2023-09-24T05:00:21.984+0000] {processor.py:829} INFO - Processing file /home/airflow/.local/lib/python3.8/site-packages/airflow/example_dags/tutorial.py for tasks to queue
[2023-09-24T05:00:21.988+0000] {logging_mixin.py:151} INFO - [2023-09-24T05:00:21.987+0000] {dagbag.py:539} INFO - Filling up the DagBag from /home/airflow/.local/lib/python3.8/site-packages/airflow/example_dags/tutorial.py
[2023-09-24T05:00:22.000+0000] {processor.py:839} INFO - DAG(s) dict_keys(['tutorial']) retrieved from /home/airflow/.local/lib/python3.8/site-packages/airflow/example_dags/tutorial.py
[2023-09-24T05:00:22.239+0000] {logging_mixin.py:151} INFO - [2023-09-24T05:00:22.238+0000] {manager.py:499} INFO - Created Permission View: %s
[2023-09-24T05:00:22.257+0000] {logging_mixin.py:151} INFO - [2023-09-24T05:00:22.257+0000] {manager.py:499} INFO - Created Permission View: %s
[2023-09-24T05:00:22.268+0000] {logging_mixin.py:151} INFO - [2023-09-24T05:00:22.268+0000] {manager.py:499} INFO - Created Permission View: %s
[2023-09-24T05:00:22.269+0000] {logging_mixin.py:151} INFO - [2023-09-24T05:00:22.269+0000] {security.py:708} INFO - Not syncing DAG-level permissions for DAG 'DAG:tutorial' as access control is unset.
[2023-09-24T05:00:22.269+0000] {logging_mixin.py:151} INFO - [2023-09-24T05:00:22.269+0000] {dag.py:2915} INFO - Sync 1 DAGs
[2023-09-24T05:00:22.295+0000] {logging_mixin.py:151} INFO - [2023-09-24T05:00:22.295+0000] {dag.py:2937} INFO - Creating ORM DAG for tutorial
[2023-09-24T05:00:22.314+0000] {logging_mixin.py:151} INFO - [2023-09-24T05:00:22.314+0000] {dag.py:3696} INFO - Setting next_dagrun for tutorial to 2023-09-23T05:00:22.313973+00:00, run_after=2023-09-24T05:00:22.313973+00:00
[2023-09-24T05:00:22.344+0000] {processor.py:179} INFO - Processing /home/airflow/.local/lib/python3.8/site-packages/airflow/example_dags/tutorial.py took 0.367 seconds
[2023-09-24T05:00:52.748+0000] {processor.py:157} INFO - Started process (PID=129) to work on /home/airflow/.local/lib/python3.8/site-packages/airflow/example_dags/tutorial.py
[2023-09-24T05:00:52.749+0000] {processor.py:829} INFO - Processing file /home/airflow/.local/lib/python3.8/site-packages/airflow/example_dags/tutorial.py for tasks to queue
[2023-09-24T05:00:52.752+0000] {logging_mixin.py:151} INFO - [2023-09-24T05:00:52.751+0000] {dagbag.py:539} INFO - Filling up the DagBag from /home/airflow/.local/lib/python3.8/site-packages/airflow/example_dags/tutorial.py
[2023-09-24T05:00:52.760+0000] {processor.py:839} INFO - DAG(s) dict_keys(['tutorial']) retrieved from /home/airflow/.local/lib/python3.8/site-packages/airflow/example_dags/tutorial.py
[2023-09-24T05:00:52.789+0000] {logging_mixin.py:151} INFO - [2023-09-24T05:00:52.789+0000] {dag.py:2915} INFO - Sync 1 DAGs
[2023-09-24T05:00:52.825+0000] {logging_mixin.py:151} INFO - [2023-09-24T05:00:52.825+0000] {dag.py:3696} INFO - Setting next_dagrun for tutorial to 2023-09-23T05:00:52.825034+00:00, run_after=2023-09-24T05:00:52.825034+00:00
[2023-09-24T05:00:52.851+0000] {processor.py:179} INFO - Processing /home/airflow/.local/lib/python3.8/site-packages/airflow/example_dags/tutorial.py took 0.109 seconds
[2023-09-24T05:01:23.105+0000] {processor.py:157} INFO - Started process (PID=183) to work on /home/airflow/.local/lib/python3.8/site-packages/airflow/example_dags/tutorial.py
[2023-09-24T05:01:23.106+0000] {processor.py:829} INFO - Processing file /home/airflow/.local/lib/python3.8/site-packages/airflow/example_dags/tutorial.py for tasks to queue
[2023-09-24T05:01:23.109+0000] {logging_mixin.py:151} INFO - [2023-09-24T05:01:23.108+0000] {dagbag.py:539} INFO - Filling up the DagBag from /home/airflow/.local/lib/python3.8/site-packages/airflow/example_dags/tutorial.py
[2023-09-24T05:01:23.117+0000] {processor.py:839} INFO - DAG(s) dict_keys(['tutorial']) retrieved from /home/airflow/.local/lib/python3.8/site-packages/airflow/example_dags/tutorial.py
[2023-09-24T05:01:23.146+0000] {logging_mixin.py:151} INFO - [2023-09-24T05:01:23.146+0000] {dag.py:2915} INFO - Sync 1 DAGs
[2023-09-24T05:01:23.183+0000] {logging_mixin.py:151} INFO - [2023-09-24T05:01:23.182+0000] {dag.py:3696} INFO - Setting next_dagrun for tutorial to 2023-09-23T05:01:23.182326+00:00, run_after=2023-09-24T05:01:23.182326+00:00
[2023-09-24T05:01:23.210+0000] {processor.py:179} INFO - Processing /home/airflow/.local/lib/python3.8/site-packages/airflow/example_dags/tutorial.py took 0.110 seconds
[2023-09-24T05:01:53.439+0000] {processor.py:157} INFO - Started process (PID=237) to work on /home/airflow/.local/lib/python3.8/site-packages/airflow/example_dags/tutorial.py
[2023-09-24T05:01:53.440+0000] {processor.py:829} INFO - Processing file /home/airflow/.local/lib/python3.8/site-packages/airflow/example_dags/tutorial.py for tasks to queue
[2023-09-24T05:01:53.443+0000] {logging_mixin.py:151} INFO - [2023-09-24T05:01:53.442+0000] {dagbag.py:539} INFO - Filling up the DagBag from /home/airflow/.local/lib/python3.8/site-packages/airflow/example_dags/tutorial.py
[2023-09-24T05:01:53.451+0000] {processor.py:839} INFO - DAG(s) dict_keys(['tutorial']) retrieved from /home/airflow/.local/lib/python3.8/site-packages/airflow/example_dags/tutorial.py
[2023-09-24T05:01:53.484+0000] {logging_mixin.py:151} INFO - [2023-09-24T05:01:53.484+0000] {dag.py:2915} INFO - Sync 1 DAGs
[2023-09-24T05:01:53.526+0000] {logging_mixin.py:151} INFO - [2023-09-24T05:01:53.526+0000] {dag.py:3696} INFO - Setting next_dagrun for tutorial to 2023-09-23T05:01:53.526078+00:00, run_after=2023-09-24T05:01:53.526078+00:00
[2023-09-24T05:01:53.551+0000] {processor.py:179} INFO - Processing /home/airflow/.local/lib/python3.8/site-packages/airflow/example_dags/tutorial.py took 0.117 seconds
[2023-09-24T05:02:24.047+0000] {processor.py:157} INFO - Started process (PID=291) to work on /home/airflow/.local/lib/python3.8/site-packages/airflow/example_dags/tutorial.py
[2023-09-24T05:02:24.048+0000] {processor.py:829} INFO - Processing file /home/airflow/.local/lib/python3.8/site-packages/airflow/example_dags/tutorial.py for tasks to queue
[2023-09-24T05:02:24.051+0000] {logging_mixin.py:151} INFO - [2023-09-24T05:02:24.051+0000] {dagbag.py:539} INFO - Filling up the DagBag from /home/airflow/.local/lib/python3.8/site-packages/airflow/example_dags/tutorial.py
[2023-09-24T05:02:24.059+0000] {processor.py:839} INFO - DAG(s) dict_keys(['tutorial']) retrieved from /home/airflow/.local/lib/python3.8/site-packages/airflow/example_dags/tutorial.py
[2023-09-24T05:02:24.088+0000] {logging_mixin.py:151} INFO - [2023-09-24T05:02:24.088+0000] {dag.py:2915} INFO - Sync 1 DAGs
[2023-09-24T05:02:24.124+0000] {logging_mixin.py:151} INFO - [2023-09-24T05:02:24.124+0000] {dag.py:3696} INFO - Setting next_dagrun for tutorial to 2023-09-23T05:02:24.123895+00:00, run_after=2023-09-24T05:02:24.123895+00:00
[2023-09-24T05:02:24.149+0000] {processor.py:179} INFO - Processing /home/airflow/.local/lib/python3.8/site-packages/airflow/example_dags/tutorial.py took 0.108 seconds
[2023-09-24T05:02:54.879+0000] {processor.py:157} INFO - Started process (PID=345) to work on /home/airflow/.local/lib/python3.8/site-packages/airflow/example_dags/tutorial.py
[2023-09-24T05:02:54.879+0000] {processor.py:829} INFO - Processing file /home/airflow/.local/lib/python3.8/site-packages/airflow/example_dags/tutorial.py for tasks to queue
[2023-09-24T05:02:54.882+0000] {logging_mixin.py:151} INFO - [2023-09-24T05:02:54.882+0000] {dagbag.py:539} INFO - Filling up the DagBag from /home/airflow/.local/lib/python3.8/site-packages/airflow/example_dags/tutorial.py
[2023-09-24T05:02:54.891+0000] {processor.py:839} INFO - DAG(s) dict_keys(['tutorial']) retrieved from /home/airflow/.local/lib/python3.8/site-packages/airflow/example_dags/tutorial.py
[2023-09-24T05:02:54.921+0000] {logging_mixin.py:151} INFO - [2023-09-24T05:02:54.921+0000] {dag.py:2915} INFO - Sync 1 DAGs
[2023-09-24T05:02:54.957+0000] {logging_mixin.py:151} INFO - [2023-09-24T05:02:54.957+0000] {dag.py:3696} INFO - Setting next_dagrun for tutorial to 2023-09-23T05:02:54.957384+00:00, run_after=2023-09-24T05:02:54.957384+00:00
[2023-09-24T05:02:54.982+0000] {processor.py:179} INFO - Processing /home/airflow/.local/lib/python3.8/site-packages/airflow/example_dags/tutorial.py took 0.107 seconds
[2023-09-24T05:03:25.426+0000] {processor.py:157} INFO - Started process (PID=400) to work on /home/airflow/.local/lib/python3.8/site-packages/airflow/example_dags/tutorial.py
[2023-09-24T05:03:25.427+0000] {processor.py:829} INFO - Processing file /home/airflow/.local/lib/python3.8/site-packages/airflow/example_dags/tutorial.py for tasks to queue
[2023-09-24T05:03:25.430+0000] {logging_mixin.py:151} INFO - [2023-09-24T05:03:25.430+0000] {dagbag.py:539} INFO - Filling up the DagBag from /home/airflow/.local/lib/python3.8/site-packages/airflow/example_dags/tutorial.py
[2023-09-24T05:03:25.439+0000] {processor.py:839} INFO - DAG(s) dict_keys(['tutorial']) retrieved from /home/airflow/.local/lib/python3.8/site-packages/airflow/example_dags/tutorial.py
[2023-09-24T05:03:25.468+0000] {logging_mixin.py:151} INFO - [2023-09-24T05:03:25.468+0000] {dag.py:2915} INFO - Sync 1 DAGs
[2023-09-24T05:03:25.503+0000] {logging_mixin.py:151} INFO - [2023-09-24T05:03:25.503+0000] {dag.py:3696} INFO - Setting next_dagrun for tutorial to 2023-09-23T05:03:25.503100+00:00, run_after=2023-09-24T05:03:25.503100+00:00
[2023-09-24T05:03:25.534+0000] {processor.py:179} INFO - Processing /home/airflow/.local/lib/python3.8/site-packages/airflow/example_dags/tutorial.py took 0.112 seconds
[2023-09-24T05:03:56.196+0000] {processor.py:157} INFO - Started process (PID=454) to work on /home/airflow/.local/lib/python3.8/site-packages/airflow/example_dags/tutorial.py
[2023-09-24T05:03:56.198+0000] {processor.py:829} INFO - Processing file /home/airflow/.local/lib/python3.8/site-packages/airflow/example_dags/tutorial.py for tasks to queue
[2023-09-24T05:03:56.200+0000] {logging_mixin.py:151} INFO - [2023-09-24T05:03:56.200+0000] {dagbag.py:539} INFO - Filling up the DagBag from /home/airflow/.local/lib/python3.8/site-packages/airflow/example_dags/tutorial.py
[2023-09-24T05:03:56.208+0000] {processor.py:839} INFO - DAG(s) dict_keys(['tutorial']) retrieved from /home/airflow/.local/lib/python3.8/site-packages/airflow/example_dags/tutorial.py
[2023-09-24T05:03:56.237+0000] {logging_mixin.py:151} INFO - [2023-09-24T05:03:56.237+0000] {dag.py:2915} INFO - Sync 1 DAGs
[2023-09-24T05:03:56.270+0000] {logging_mixin.py:151} INFO - [2023-09-24T05:03:56.270+0000] {dag.py:3696} INFO - Setting next_dagrun for tutorial to 2023-09-23T05:03:56.269906+00:00, run_after=2023-09-24T05:03:56.269906+00:00
[2023-09-24T05:03:56.294+0000] {processor.py:179} INFO - Processing /home/airflow/.local/lib/python3.8/site-packages/airflow/example_dags/tutorial.py took 0.102 seconds
[2023-09-24T05:10:06.243+0000] {processor.py:157} INFO - Started process (PID=75) to work on /home/airflow/.local/lib/python3.8/site-packages/airflow/example_dags/tutorial.py
[2023-09-24T05:10:06.254+0000] {processor.py:829} INFO - Processing file /home/airflow/.local/lib/python3.8/site-packages/airflow/example_dags/tutorial.py for tasks to queue
[2023-09-24T05:10:06.257+0000] {logging_mixin.py:151} INFO - [2023-09-24T05:10:06.257+0000] {dagbag.py:539} INFO - Filling up the DagBag from /home/airflow/.local/lib/python3.8/site-packages/airflow/example_dags/tutorial.py
[2023-09-24T05:10:06.269+0000] {processor.py:839} INFO - DAG(s) dict_keys(['tutorial']) retrieved from /home/airflow/.local/lib/python3.8/site-packages/airflow/example_dags/tutorial.py
[2023-09-24T05:10:06.330+0000] {logging_mixin.py:151} INFO - [2023-09-24T05:10:06.329+0000] {dag.py:2915} INFO - Sync 1 DAGs
[2023-09-24T05:10:06.386+0000] {logging_mixin.py:151} INFO - [2023-09-24T05:10:06.385+0000] {dag.py:3696} INFO - Setting next_dagrun for tutorial to 2023-09-23T05:10:06.385322+00:00, run_after=2023-09-24T05:10:06.385322+00:00
[2023-09-24T05:10:06.417+0000] {processor.py:179} INFO - Processing /home/airflow/.local/lib/python3.8/site-packages/airflow/example_dags/tutorial.py took 0.180 seconds
[2023-09-24T05:10:37.150+0000] {processor.py:157} INFO - Started process (PID=128) to work on /home/airflow/.local/lib/python3.8/site-packages/airflow/example_dags/tutorial.py
[2023-09-24T05:10:37.151+0000] {processor.py:829} INFO - Processing file /home/airflow/.local/lib/python3.8/site-packages/airflow/example_dags/tutorial.py for tasks to queue
[2023-09-24T05:10:37.155+0000] {logging_mixin.py:151} INFO - [2023-09-24T05:10:37.154+0000] {dagbag.py:539} INFO - Filling up the DagBag from /home/airflow/.local/lib/python3.8/site-packages/airflow/example_dags/tutorial.py
[2023-09-24T05:10:37.164+0000] {processor.py:839} INFO - DAG(s) dict_keys(['tutorial']) retrieved from /home/airflow/.local/lib/python3.8/site-packages/airflow/example_dags/tutorial.py
[2023-09-24T05:10:37.196+0000] {logging_mixin.py:151} INFO - [2023-09-24T05:10:37.196+0000] {dag.py:2915} INFO - Sync 1 DAGs
[2023-09-24T05:10:37.239+0000] {logging_mixin.py:151} INFO - [2023-09-24T05:10:37.239+0000] {dag.py:3696} INFO - Setting next_dagrun for tutorial to 2023-09-23T05:10:37.238463+00:00, run_after=2023-09-24T05:10:37.238463+00:00
[2023-09-24T05:10:37.268+0000] {processor.py:179} INFO - Processing /home/airflow/.local/lib/python3.8/site-packages/airflow/example_dags/tutorial.py took 0.122 seconds
[2023-09-24T05:11:08.102+0000] {processor.py:157} INFO - Started process (PID=182) to work on /home/airflow/.local/lib/python3.8/site-packages/airflow/example_dags/tutorial.py
[2023-09-24T05:11:08.104+0000] {processor.py:829} INFO - Processing file /home/airflow/.local/lib/python3.8/site-packages/airflow/example_dags/tutorial.py for tasks to queue
[2023-09-24T05:11:08.107+0000] {logging_mixin.py:151} INFO - [2023-09-24T05:11:08.106+0000] {dagbag.py:539} INFO - Filling up the DagBag from /home/airflow/.local/lib/python3.8/site-packages/airflow/example_dags/tutorial.py
[2023-09-24T05:11:08.117+0000] {processor.py:839} INFO - DAG(s) dict_keys(['tutorial']) retrieved from /home/airflow/.local/lib/python3.8/site-packages/airflow/example_dags/tutorial.py
[2023-09-24T05:11:08.155+0000] {logging_mixin.py:151} INFO - [2023-09-24T05:11:08.155+0000] {dag.py:2915} INFO - Sync 1 DAGs
[2023-09-24T05:11:08.208+0000] {logging_mixin.py:151} INFO - [2023-09-24T05:11:08.208+0000] {dag.py:3696} INFO - Setting next_dagrun for tutorial to 2023-09-23T05:11:08.207445+00:00, run_after=2023-09-24T05:11:08.207445+00:00
[2023-09-24T05:11:08.246+0000] {processor.py:179} INFO - Processing /home/airflow/.local/lib/python3.8/site-packages/airflow/example_dags/tutorial.py took 0.149 seconds
[2023-09-24T05:11:39.578+0000] {processor.py:157} INFO - Started process (PID=241) to work on /home/airflow/.local/lib/python3.8/site-packages/airflow/example_dags/tutorial.py
[2023-09-24T05:11:39.580+0000] {processor.py:829} INFO - Processing file /home/airflow/.local/lib/python3.8/site-packages/airflow/example_dags/tutorial.py for tasks to queue
[2023-09-24T05:11:39.585+0000] {logging_mixin.py:151} INFO - [2023-09-24T05:11:39.584+0000] {dagbag.py:539} INFO - Filling up the DagBag from /home/airflow/.local/lib/python3.8/site-packages/airflow/example_dags/tutorial.py
[2023-09-24T05:11:39.598+0000] {processor.py:839} INFO - DAG(s) dict_keys(['tutorial']) retrieved from /home/airflow/.local/lib/python3.8/site-packages/airflow/example_dags/tutorial.py
[2023-09-24T05:11:39.664+0000] {logging_mixin.py:151} INFO - [2023-09-24T05:11:39.664+0000] {dag.py:2915} INFO - Sync 1 DAGs
[2023-09-24T05:11:39.747+0000] {logging_mixin.py:151} INFO - [2023-09-24T05:11:39.747+0000] {dag.py:3696} INFO - Setting next_dagrun for tutorial to 2023-09-23T05:11:39.746979+00:00, run_after=2023-09-24T05:11:39.746979+00:00
[2023-09-24T05:11:39.807+0000] {processor.py:179} INFO - Processing /home/airflow/.local/lib/python3.8/site-packages/airflow/example_dags/tutorial.py took 0.236 seconds
[2023-09-24T05:12:10.218+0000] {processor.py:157} INFO - Started process (PID=299) to work on /home/airflow/.local/lib/python3.8/site-packages/airflow/example_dags/tutorial.py
[2023-09-24T05:12:10.219+0000] {processor.py:829} INFO - Processing file /home/airflow/.local/lib/python3.8/site-packages/airflow/example_dags/tutorial.py for tasks to queue
[2023-09-24T05:12:10.222+0000] {logging_mixin.py:151} INFO - [2023-09-24T05:12:10.222+0000] {dagbag.py:539} INFO - Filling up the DagBag from /home/airflow/.local/lib/python3.8/site-packages/airflow/example_dags/tutorial.py
[2023-09-24T05:12:10.231+0000] {processor.py:839} INFO - DAG(s) dict_keys(['tutorial']) retrieved from /home/airflow/.local/lib/python3.8/site-packages/airflow/example_dags/tutorial.py
[2023-09-24T05:12:10.263+0000] {logging_mixin.py:151} INFO - [2023-09-24T05:12:10.263+0000] {dag.py:2915} INFO - Sync 1 DAGs
[2023-09-24T05:12:10.299+0000] {logging_mixin.py:151} INFO - [2023-09-24T05:12:10.298+0000] {dag.py:3696} INFO - Setting next_dagrun for tutorial to 2023-09-23T05:12:10.298417+00:00, run_after=2023-09-24T05:12:10.298417+00:00
[2023-09-24T05:12:10.325+0000] {processor.py:179} INFO - Processing /home/airflow/.local/lib/python3.8/site-packages/airflow/example_dags/tutorial.py took 0.112 seconds
[2023-09-24T05:12:40.650+0000] {processor.py:157} INFO - Started process (PID=353) to work on /home/airflow/.local/lib/python3.8/site-packages/airflow/example_dags/tutorial.py
[2023-09-24T05:12:40.652+0000] {processor.py:829} INFO - Processing file /home/airflow/.local/lib/python3.8/site-packages/airflow/example_dags/tutorial.py for tasks to queue
[2023-09-24T05:12:40.657+0000] {logging_mixin.py:151} INFO - [2023-09-24T05:12:40.656+0000] {dagbag.py:539} INFO - Filling up the DagBag from /home/airflow/.local/lib/python3.8/site-packages/airflow/example_dags/tutorial.py
[2023-09-24T05:12:40.667+0000] {processor.py:839} INFO - DAG(s) dict_keys(['tutorial']) retrieved from /home/airflow/.local/lib/python3.8/site-packages/airflow/example_dags/tutorial.py
[2023-09-24T05:12:40.699+0000] {logging_mixin.py:151} INFO - [2023-09-24T05:12:40.699+0000] {dag.py:2915} INFO - Sync 1 DAGs
[2023-09-24T05:12:40.736+0000] {logging_mixin.py:151} INFO - [2023-09-24T05:12:40.736+0000] {dag.py:3696} INFO - Setting next_dagrun for tutorial to 2023-09-23T05:12:40.735971+00:00, run_after=2023-09-24T05:12:40.735971+00:00
[2023-09-24T05:12:40.762+0000] {processor.py:179} INFO - Processing /home/airflow/.local/lib/python3.8/site-packages/airflow/example_dags/tutorial.py took 0.118 seconds
[2023-09-24T05:13:11.245+0000] {processor.py:157} INFO - Started process (PID=406) to work on /home/airflow/.local/lib/python3.8/site-packages/airflow/example_dags/tutorial.py
[2023-09-24T05:13:11.246+0000] {processor.py:829} INFO - Processing file /home/airflow/.local/lib/python3.8/site-packages/airflow/example_dags/tutorial.py for tasks to queue
[2023-09-24T05:13:11.249+0000] {logging_mixin.py:151} INFO - [2023-09-24T05:13:11.249+0000] {dagbag.py:539} INFO - Filling up the DagBag from /home/airflow/.local/lib/python3.8/site-packages/airflow/example_dags/tutorial.py
[2023-09-24T05:13:11.259+0000] {processor.py:839} INFO - DAG(s) dict_keys(['tutorial']) retrieved from /home/airflow/.local/lib/python3.8/site-packages/airflow/example_dags/tutorial.py
[2023-09-24T05:13:11.293+0000] {logging_mixin.py:151} INFO - [2023-09-24T05:13:11.293+0000] {dag.py:2915} INFO - Sync 1 DAGs
[2023-09-24T05:13:11.333+0000] {logging_mixin.py:151} INFO - [2023-09-24T05:13:11.333+0000] {dag.py:3696} INFO - Setting next_dagrun for tutorial to 2023-09-23T05:13:11.332887+00:00, run_after=2023-09-24T05:13:11.332887+00:00
[2023-09-24T05:13:11.360+0000] {processor.py:179} INFO - Processing /home/airflow/.local/lib/python3.8/site-packages/airflow/example_dags/tutorial.py took 0.119 seconds
[2023-09-24T05:14:00.591+0000] {processor.py:157} INFO - Started process (PID=75) to work on /home/airflow/.local/lib/python3.8/site-packages/airflow/example_dags/tutorial.py
[2023-09-24T05:14:00.593+0000] {processor.py:829} INFO - Processing file /home/airflow/.local/lib/python3.8/site-packages/airflow/example_dags/tutorial.py for tasks to queue
[2023-09-24T05:14:00.599+0000] {logging_mixin.py:151} INFO - [2023-09-24T05:14:00.598+0000] {dagbag.py:539} INFO - Filling up the DagBag from /home/airflow/.local/lib/python3.8/site-packages/airflow/example_dags/tutorial.py
[2023-09-24T05:14:00.612+0000] {processor.py:839} INFO - DAG(s) dict_keys(['tutorial']) retrieved from /home/airflow/.local/lib/python3.8/site-packages/airflow/example_dags/tutorial.py
[2023-09-24T05:14:00.635+0000] {logging_mixin.py:151} INFO - [2023-09-24T05:14:00.634+0000] {dag.py:2915} INFO - Sync 1 DAGs
[2023-09-24T05:14:00.696+0000] {logging_mixin.py:151} INFO - [2023-09-24T05:14:00.695+0000] {dag.py:3696} INFO - Setting next_dagrun for tutorial to 2023-09-23T05:14:00.695045+00:00, run_after=2023-09-24T05:14:00.695045+00:00
[2023-09-24T05:14:00.737+0000] {processor.py:179} INFO - Processing /home/airflow/.local/lib/python3.8/site-packages/airflow/example_dags/tutorial.py took 0.153 seconds
[2023-09-24T05:14:31.594+0000] {processor.py:157} INFO - Started process (PID=130) to work on /home/airflow/.local/lib/python3.8/site-packages/airflow/example_dags/tutorial.py
[2023-09-24T05:14:31.597+0000] {processor.py:829} INFO - Processing file /home/airflow/.local/lib/python3.8/site-packages/airflow/example_dags/tutorial.py for tasks to queue
[2023-09-24T05:14:31.605+0000] {logging_mixin.py:151} INFO - [2023-09-24T05:14:31.604+0000] {dagbag.py:539} INFO - Filling up the DagBag from /home/airflow/.local/lib/python3.8/site-packages/airflow/example_dags/tutorial.py
[2023-09-24T05:14:31.625+0000] {processor.py:839} INFO - DAG(s) dict_keys(['tutorial']) retrieved from /home/airflow/.local/lib/python3.8/site-packages/airflow/example_dags/tutorial.py
[2023-09-24T05:14:31.707+0000] {logging_mixin.py:151} INFO - [2023-09-24T05:14:31.706+0000] {dag.py:2915} INFO - Sync 1 DAGs
[2023-09-24T05:14:31.866+0000] {logging_mixin.py:151} INFO - [2023-09-24T05:14:31.865+0000] {dag.py:3696} INFO - Setting next_dagrun for tutorial to 2023-09-23T05:14:31.864929+00:00, run_after=2023-09-24T05:14:31.864929+00:00
[2023-09-24T05:14:31.954+0000] {processor.py:179} INFO - Processing /home/airflow/.local/lib/python3.8/site-packages/airflow/example_dags/tutorial.py took 0.372 seconds
[2023-09-24T05:15:03.858+0000] {processor.py:157} INFO - Started process (PID=190) to work on /home/airflow/.local/lib/python3.8/site-packages/airflow/example_dags/tutorial.py
[2023-09-24T05:15:03.861+0000] {processor.py:829} INFO - Processing file /home/airflow/.local/lib/python3.8/site-packages/airflow/example_dags/tutorial.py for tasks to queue
[2023-09-24T05:15:03.865+0000] {logging_mixin.py:151} INFO - [2023-09-24T05:15:03.864+0000] {dagbag.py:539} INFO - Filling up the DagBag from /home/airflow/.local/lib/python3.8/site-packages/airflow/example_dags/tutorial.py
[2023-09-24T05:15:03.877+0000] {processor.py:839} INFO - DAG(s) dict_keys(['tutorial']) retrieved from /home/airflow/.local/lib/python3.8/site-packages/airflow/example_dags/tutorial.py
[2023-09-24T05:15:03.923+0000] {logging_mixin.py:151} INFO - [2023-09-24T05:15:03.923+0000] {dag.py:2915} INFO - Sync 1 DAGs
[2023-09-24T05:15:03.979+0000] {logging_mixin.py:151} INFO - [2023-09-24T05:15:03.979+0000] {dag.py:3696} INFO - Setting next_dagrun for tutorial to 2023-09-23T05:15:03.979022+00:00, run_after=2023-09-24T05:15:03.979022+00:00
[2023-09-24T05:15:04.018+0000] {processor.py:179} INFO - Processing /home/airflow/.local/lib/python3.8/site-packages/airflow/example_dags/tutorial.py took 0.169 seconds
