[2023-09-24T05:00:22.372+0000] {processor.py:157} INFO - Started process (PID=76) to work on /home/airflow/.local/lib/python3.8/site-packages/airflow/example_dags/tutorial_dag.py
[2023-09-24T05:00:22.373+0000] {processor.py:829} INFO - Processing file /home/airflow/.local/lib/python3.8/site-packages/airflow/example_dags/tutorial_dag.py for tasks to queue
[2023-09-24T05:00:22.377+0000] {logging_mixin.py:151} INFO - [2023-09-24T05:00:22.376+0000] {dagbag.py:539} INFO - Filling up the DagBag from /home/airflow/.local/lib/python3.8/site-packages/airflow/example_dags/tutorial_dag.py
[2023-09-24T05:00:22.387+0000] {processor.py:839} INFO - DAG(s) dict_keys(['tutorial_dag']) retrieved from /home/airflow/.local/lib/python3.8/site-packages/airflow/example_dags/tutorial_dag.py
[2023-09-24T05:00:22.587+0000] {logging_mixin.py:151} INFO - [2023-09-24T05:00:22.587+0000] {manager.py:499} INFO - Created Permission View: %s
[2023-09-24T05:00:22.603+0000] {logging_mixin.py:151} INFO - [2023-09-24T05:00:22.603+0000] {manager.py:499} INFO - Created Permission View: %s
[2023-09-24T05:00:22.614+0000] {logging_mixin.py:151} INFO - [2023-09-24T05:00:22.613+0000] {manager.py:499} INFO - Created Permission View: %s
[2023-09-24T05:00:22.614+0000] {logging_mixin.py:151} INFO - [2023-09-24T05:00:22.614+0000] {security.py:708} INFO - Not syncing DAG-level permissions for DAG 'DAG:tutorial_dag' as access control is unset.
[2023-09-24T05:00:22.615+0000] {logging_mixin.py:151} INFO - [2023-09-24T05:00:22.614+0000] {dag.py:2915} INFO - Sync 1 DAGs
[2023-09-24T05:00:22.639+0000] {logging_mixin.py:151} INFO - [2023-09-24T05:00:22.639+0000] {dag.py:2937} INFO - Creating ORM DAG for tutorial_dag
[2023-09-24T05:00:22.640+0000] {logging_mixin.py:151} INFO - [2023-09-24T05:00:22.640+0000] {dag.py:3696} INFO - Setting next_dagrun for tutorial_dag to None, run_after=None
[2023-09-24T05:00:22.704+0000] {processor.py:179} INFO - Processing /home/airflow/.local/lib/python3.8/site-packages/airflow/example_dags/tutorial_dag.py took 0.337 seconds
[2023-09-24T05:00:52.868+0000] {processor.py:157} INFO - Started process (PID=130) to work on /home/airflow/.local/lib/python3.8/site-packages/airflow/example_dags/tutorial_dag.py
[2023-09-24T05:00:52.868+0000] {processor.py:829} INFO - Processing file /home/airflow/.local/lib/python3.8/site-packages/airflow/example_dags/tutorial_dag.py for tasks to queue
[2023-09-24T05:00:52.871+0000] {logging_mixin.py:151} INFO - [2023-09-24T05:00:52.871+0000] {dagbag.py:539} INFO - Filling up the DagBag from /home/airflow/.local/lib/python3.8/site-packages/airflow/example_dags/tutorial_dag.py
[2023-09-24T05:00:52.878+0000] {processor.py:839} INFO - DAG(s) dict_keys(['tutorial_dag']) retrieved from /home/airflow/.local/lib/python3.8/site-packages/airflow/example_dags/tutorial_dag.py
[2023-09-24T05:00:52.907+0000] {logging_mixin.py:151} INFO - [2023-09-24T05:00:52.906+0000] {dag.py:2915} INFO - Sync 1 DAGs
[2023-09-24T05:00:52.926+0000] {logging_mixin.py:151} INFO - [2023-09-24T05:00:52.926+0000] {dag.py:3696} INFO - Setting next_dagrun for tutorial_dag to None, run_after=None
[2023-09-24T05:00:52.950+0000] {processor.py:179} INFO - Processing /home/airflow/.local/lib/python3.8/site-packages/airflow/example_dags/tutorial_dag.py took 0.087 seconds
[2023-09-24T05:01:23.229+0000] {processor.py:157} INFO - Started process (PID=184) to work on /home/airflow/.local/lib/python3.8/site-packages/airflow/example_dags/tutorial_dag.py
[2023-09-24T05:01:23.230+0000] {processor.py:829} INFO - Processing file /home/airflow/.local/lib/python3.8/site-packages/airflow/example_dags/tutorial_dag.py for tasks to queue
[2023-09-24T05:01:23.233+0000] {logging_mixin.py:151} INFO - [2023-09-24T05:01:23.232+0000] {dagbag.py:539} INFO - Filling up the DagBag from /home/airflow/.local/lib/python3.8/site-packages/airflow/example_dags/tutorial_dag.py
[2023-09-24T05:01:23.240+0000] {processor.py:839} INFO - DAG(s) dict_keys(['tutorial_dag']) retrieved from /home/airflow/.local/lib/python3.8/site-packages/airflow/example_dags/tutorial_dag.py
[2023-09-24T05:01:23.272+0000] {logging_mixin.py:151} INFO - [2023-09-24T05:01:23.272+0000] {dag.py:2915} INFO - Sync 1 DAGs
[2023-09-24T05:01:23.298+0000] {logging_mixin.py:151} INFO - [2023-09-24T05:01:23.297+0000] {dag.py:3696} INFO - Setting next_dagrun for tutorial_dag to None, run_after=None
[2023-09-24T05:01:23.328+0000] {processor.py:179} INFO - Processing /home/airflow/.local/lib/python3.8/site-packages/airflow/example_dags/tutorial_dag.py took 0.104 seconds
[2023-09-24T05:01:53.457+0000] {processor.py:157} INFO - Started process (PID=238) to work on /home/airflow/.local/lib/python3.8/site-packages/airflow/example_dags/tutorial_dag.py
[2023-09-24T05:01:53.458+0000] {processor.py:829} INFO - Processing file /home/airflow/.local/lib/python3.8/site-packages/airflow/example_dags/tutorial_dag.py for tasks to queue
[2023-09-24T05:01:53.461+0000] {logging_mixin.py:151} INFO - [2023-09-24T05:01:53.460+0000] {dagbag.py:539} INFO - Filling up the DagBag from /home/airflow/.local/lib/python3.8/site-packages/airflow/example_dags/tutorial_dag.py
[2023-09-24T05:01:53.471+0000] {processor.py:839} INFO - DAG(s) dict_keys(['tutorial_dag']) retrieved from /home/airflow/.local/lib/python3.8/site-packages/airflow/example_dags/tutorial_dag.py
[2023-09-24T05:01:53.503+0000] {logging_mixin.py:151} INFO - [2023-09-24T05:01:53.503+0000] {dag.py:2915} INFO - Sync 1 DAGs
[2023-09-24T05:01:53.525+0000] {logging_mixin.py:151} INFO - [2023-09-24T05:01:53.524+0000] {dag.py:3696} INFO - Setting next_dagrun for tutorial_dag to None, run_after=None
[2023-09-24T05:01:53.549+0000] {processor.py:179} INFO - Processing /home/airflow/.local/lib/python3.8/site-packages/airflow/example_dags/tutorial_dag.py took 0.097 seconds
[2023-09-24T05:02:24.168+0000] {processor.py:157} INFO - Started process (PID=292) to work on /home/airflow/.local/lib/python3.8/site-packages/airflow/example_dags/tutorial_dag.py
[2023-09-24T05:02:24.169+0000] {processor.py:829} INFO - Processing file /home/airflow/.local/lib/python3.8/site-packages/airflow/example_dags/tutorial_dag.py for tasks to queue
[2023-09-24T05:02:24.172+0000] {logging_mixin.py:151} INFO - [2023-09-24T05:02:24.172+0000] {dagbag.py:539} INFO - Filling up the DagBag from /home/airflow/.local/lib/python3.8/site-packages/airflow/example_dags/tutorial_dag.py
[2023-09-24T05:02:24.179+0000] {processor.py:839} INFO - DAG(s) dict_keys(['tutorial_dag']) retrieved from /home/airflow/.local/lib/python3.8/site-packages/airflow/example_dags/tutorial_dag.py
[2023-09-24T05:02:24.209+0000] {logging_mixin.py:151} INFO - [2023-09-24T05:02:24.208+0000] {dag.py:2915} INFO - Sync 1 DAGs
[2023-09-24T05:02:24.229+0000] {logging_mixin.py:151} INFO - [2023-09-24T05:02:24.229+0000] {dag.py:3696} INFO - Setting next_dagrun for tutorial_dag to None, run_after=None
[2023-09-24T05:02:24.253+0000] {processor.py:179} INFO - Processing /home/airflow/.local/lib/python3.8/site-packages/airflow/example_dags/tutorial_dag.py took 0.091 seconds
[2023-09-24T05:02:54.892+0000] {processor.py:157} INFO - Started process (PID=346) to work on /home/airflow/.local/lib/python3.8/site-packages/airflow/example_dags/tutorial_dag.py
[2023-09-24T05:02:54.893+0000] {processor.py:829} INFO - Processing file /home/airflow/.local/lib/python3.8/site-packages/airflow/example_dags/tutorial_dag.py for tasks to queue
[2023-09-24T05:02:54.896+0000] {logging_mixin.py:151} INFO - [2023-09-24T05:02:54.896+0000] {dagbag.py:539} INFO - Filling up the DagBag from /home/airflow/.local/lib/python3.8/site-packages/airflow/example_dags/tutorial_dag.py
[2023-09-24T05:02:54.904+0000] {processor.py:839} INFO - DAG(s) dict_keys(['tutorial_dag']) retrieved from /home/airflow/.local/lib/python3.8/site-packages/airflow/example_dags/tutorial_dag.py
[2023-09-24T05:02:54.935+0000] {logging_mixin.py:151} INFO - [2023-09-24T05:02:54.935+0000] {dag.py:2915} INFO - Sync 1 DAGs
[2023-09-24T05:02:54.956+0000] {logging_mixin.py:151} INFO - [2023-09-24T05:02:54.956+0000] {dag.py:3696} INFO - Setting next_dagrun for tutorial_dag to None, run_after=None
[2023-09-24T05:02:54.982+0000] {processor.py:179} INFO - Processing /home/airflow/.local/lib/python3.8/site-packages/airflow/example_dags/tutorial_dag.py took 0.094 seconds
[2023-09-24T05:03:25.556+0000] {processor.py:157} INFO - Started process (PID=401) to work on /home/airflow/.local/lib/python3.8/site-packages/airflow/example_dags/tutorial_dag.py
[2023-09-24T05:03:25.557+0000] {processor.py:829} INFO - Processing file /home/airflow/.local/lib/python3.8/site-packages/airflow/example_dags/tutorial_dag.py for tasks to queue
[2023-09-24T05:03:25.560+0000] {logging_mixin.py:151} INFO - [2023-09-24T05:03:25.560+0000] {dagbag.py:539} INFO - Filling up the DagBag from /home/airflow/.local/lib/python3.8/site-packages/airflow/example_dags/tutorial_dag.py
[2023-09-24T05:03:25.568+0000] {processor.py:839} INFO - DAG(s) dict_keys(['tutorial_dag']) retrieved from /home/airflow/.local/lib/python3.8/site-packages/airflow/example_dags/tutorial_dag.py
[2023-09-24T05:03:25.598+0000] {logging_mixin.py:151} INFO - [2023-09-24T05:03:25.598+0000] {dag.py:2915} INFO - Sync 1 DAGs
[2023-09-24T05:03:25.621+0000] {logging_mixin.py:151} INFO - [2023-09-24T05:03:25.621+0000] {dag.py:3696} INFO - Setting next_dagrun for tutorial_dag to None, run_after=None
[2023-09-24T05:03:25.644+0000] {processor.py:179} INFO - Processing /home/airflow/.local/lib/python3.8/site-packages/airflow/example_dags/tutorial_dag.py took 0.093 seconds
[2023-09-24T05:03:56.318+0000] {processor.py:157} INFO - Started process (PID=455) to work on /home/airflow/.local/lib/python3.8/site-packages/airflow/example_dags/tutorial_dag.py
[2023-09-24T05:03:56.319+0000] {processor.py:829} INFO - Processing file /home/airflow/.local/lib/python3.8/site-packages/airflow/example_dags/tutorial_dag.py for tasks to queue
[2023-09-24T05:03:56.322+0000] {logging_mixin.py:151} INFO - [2023-09-24T05:03:56.321+0000] {dagbag.py:539} INFO - Filling up the DagBag from /home/airflow/.local/lib/python3.8/site-packages/airflow/example_dags/tutorial_dag.py
[2023-09-24T05:03:56.329+0000] {processor.py:839} INFO - DAG(s) dict_keys(['tutorial_dag']) retrieved from /home/airflow/.local/lib/python3.8/site-packages/airflow/example_dags/tutorial_dag.py
[2023-09-24T05:03:56.358+0000] {logging_mixin.py:151} INFO - [2023-09-24T05:03:56.358+0000] {dag.py:2915} INFO - Sync 1 DAGs
[2023-09-24T05:03:56.379+0000] {logging_mixin.py:151} INFO - [2023-09-24T05:03:56.378+0000] {dag.py:3696} INFO - Setting next_dagrun for tutorial_dag to None, run_after=None
[2023-09-24T05:03:56.406+0000] {processor.py:179} INFO - Processing /home/airflow/.local/lib/python3.8/site-packages/airflow/example_dags/tutorial_dag.py took 0.093 seconds
[2023-09-24T05:10:06.365+0000] {processor.py:157} INFO - Started process (PID=76) to work on /home/airflow/.local/lib/python3.8/site-packages/airflow/example_dags/tutorial_dag.py
[2023-09-24T05:10:06.381+0000] {processor.py:829} INFO - Processing file /home/airflow/.local/lib/python3.8/site-packages/airflow/example_dags/tutorial_dag.py for tasks to queue
[2023-09-24T05:10:06.384+0000] {logging_mixin.py:151} INFO - [2023-09-24T05:10:06.384+0000] {dagbag.py:539} INFO - Filling up the DagBag from /home/airflow/.local/lib/python3.8/site-packages/airflow/example_dags/tutorial_dag.py
[2023-09-24T05:10:06.421+0000] {processor.py:839} INFO - DAG(s) dict_keys(['tutorial_dag']) retrieved from /home/airflow/.local/lib/python3.8/site-packages/airflow/example_dags/tutorial_dag.py
[2023-09-24T05:10:06.471+0000] {logging_mixin.py:151} INFO - [2023-09-24T05:10:06.470+0000] {dag.py:2915} INFO - Sync 1 DAGs
[2023-09-24T05:10:06.496+0000] {logging_mixin.py:151} INFO - [2023-09-24T05:10:06.496+0000] {dag.py:3696} INFO - Setting next_dagrun for tutorial_dag to None, run_after=None
[2023-09-24T05:10:06.557+0000] {processor.py:179} INFO - Processing /home/airflow/.local/lib/python3.8/site-packages/airflow/example_dags/tutorial_dag.py took 0.198 seconds
[2023-09-24T05:10:37.267+0000] {processor.py:157} INFO - Started process (PID=129) to work on /home/airflow/.local/lib/python3.8/site-packages/airflow/example_dags/tutorial_dag.py
[2023-09-24T05:10:37.268+0000] {processor.py:829} INFO - Processing file /home/airflow/.local/lib/python3.8/site-packages/airflow/example_dags/tutorial_dag.py for tasks to queue
[2023-09-24T05:10:37.272+0000] {logging_mixin.py:151} INFO - [2023-09-24T05:10:37.271+0000] {dagbag.py:539} INFO - Filling up the DagBag from /home/airflow/.local/lib/python3.8/site-packages/airflow/example_dags/tutorial_dag.py
[2023-09-24T05:10:37.280+0000] {processor.py:839} INFO - DAG(s) dict_keys(['tutorial_dag']) retrieved from /home/airflow/.local/lib/python3.8/site-packages/airflow/example_dags/tutorial_dag.py
[2023-09-24T05:10:37.310+0000] {logging_mixin.py:151} INFO - [2023-09-24T05:10:37.309+0000] {dag.py:2915} INFO - Sync 1 DAGs
[2023-09-24T05:10:37.332+0000] {logging_mixin.py:151} INFO - [2023-09-24T05:10:37.332+0000] {dag.py:3696} INFO - Setting next_dagrun for tutorial_dag to None, run_after=None
[2023-09-24T05:10:37.368+0000] {processor.py:179} INFO - Processing /home/airflow/.local/lib/python3.8/site-packages/airflow/example_dags/tutorial_dag.py took 0.106 seconds
[2023-09-24T05:11:08.223+0000] {processor.py:157} INFO - Started process (PID=183) to work on /home/airflow/.local/lib/python3.8/site-packages/airflow/example_dags/tutorial_dag.py
[2023-09-24T05:11:08.225+0000] {processor.py:829} INFO - Processing file /home/airflow/.local/lib/python3.8/site-packages/airflow/example_dags/tutorial_dag.py for tasks to queue
[2023-09-24T05:11:08.229+0000] {logging_mixin.py:151} INFO - [2023-09-24T05:11:08.228+0000] {dagbag.py:539} INFO - Filling up the DagBag from /home/airflow/.local/lib/python3.8/site-packages/airflow/example_dags/tutorial_dag.py
[2023-09-24T05:11:08.239+0000] {processor.py:839} INFO - DAG(s) dict_keys(['tutorial_dag']) retrieved from /home/airflow/.local/lib/python3.8/site-packages/airflow/example_dags/tutorial_dag.py
[2023-09-24T05:11:08.283+0000] {logging_mixin.py:151} INFO - [2023-09-24T05:11:08.283+0000] {dag.py:2915} INFO - Sync 1 DAGs
[2023-09-24T05:11:08.313+0000] {logging_mixin.py:151} INFO - [2023-09-24T05:11:08.312+0000] {dag.py:3696} INFO - Setting next_dagrun for tutorial_dag to None, run_after=None
[2023-09-24T05:11:08.348+0000] {processor.py:179} INFO - Processing /home/airflow/.local/lib/python3.8/site-packages/airflow/example_dags/tutorial_dag.py took 0.132 seconds
[2023-09-24T05:11:39.638+0000] {processor.py:157} INFO - Started process (PID=242) to work on /home/airflow/.local/lib/python3.8/site-packages/airflow/example_dags/tutorial_dag.py
[2023-09-24T05:11:39.639+0000] {processor.py:829} INFO - Processing file /home/airflow/.local/lib/python3.8/site-packages/airflow/example_dags/tutorial_dag.py for tasks to queue
[2023-09-24T05:11:39.654+0000] {logging_mixin.py:151} INFO - [2023-09-24T05:11:39.643+0000] {dagbag.py:539} INFO - Filling up the DagBag from /home/airflow/.local/lib/python3.8/site-packages/airflow/example_dags/tutorial_dag.py
[2023-09-24T05:11:39.678+0000] {processor.py:839} INFO - DAG(s) dict_keys(['tutorial_dag']) retrieved from /home/airflow/.local/lib/python3.8/site-packages/airflow/example_dags/tutorial_dag.py
[2023-09-24T05:11:39.764+0000] {logging_mixin.py:151} INFO - [2023-09-24T05:11:39.763+0000] {dag.py:2915} INFO - Sync 1 DAGs
[2023-09-24T05:11:39.834+0000] {logging_mixin.py:151} INFO - [2023-09-24T05:11:39.833+0000] {dag.py:3696} INFO - Setting next_dagrun for tutorial_dag to None, run_after=None
[2023-09-24T05:11:39.914+0000] {processor.py:179} INFO - Processing /home/airflow/.local/lib/python3.8/site-packages/airflow/example_dags/tutorial_dag.py took 0.296 seconds
[2023-09-24T05:12:10.323+0000] {processor.py:157} INFO - Started process (PID=300) to work on /home/airflow/.local/lib/python3.8/site-packages/airflow/example_dags/tutorial_dag.py
[2023-09-24T05:12:10.325+0000] {processor.py:829} INFO - Processing file /home/airflow/.local/lib/python3.8/site-packages/airflow/example_dags/tutorial_dag.py for tasks to queue
[2023-09-24T05:12:10.328+0000] {logging_mixin.py:151} INFO - [2023-09-24T05:12:10.327+0000] {dagbag.py:539} INFO - Filling up the DagBag from /home/airflow/.local/lib/python3.8/site-packages/airflow/example_dags/tutorial_dag.py
[2023-09-24T05:12:10.336+0000] {processor.py:839} INFO - DAG(s) dict_keys(['tutorial_dag']) retrieved from /home/airflow/.local/lib/python3.8/site-packages/airflow/example_dags/tutorial_dag.py
[2023-09-24T05:12:10.365+0000] {logging_mixin.py:151} INFO - [2023-09-24T05:12:10.365+0000] {dag.py:2915} INFO - Sync 1 DAGs
[2023-09-24T05:12:10.386+0000] {logging_mixin.py:151} INFO - [2023-09-24T05:12:10.386+0000] {dag.py:3696} INFO - Setting next_dagrun for tutorial_dag to None, run_after=None
[2023-09-24T05:12:10.423+0000] {processor.py:179} INFO - Processing /home/airflow/.local/lib/python3.8/site-packages/airflow/example_dags/tutorial_dag.py took 0.105 seconds
[2023-09-24T05:12:40.757+0000] {processor.py:157} INFO - Started process (PID=354) to work on /home/airflow/.local/lib/python3.8/site-packages/airflow/example_dags/tutorial_dag.py
[2023-09-24T05:12:40.758+0000] {processor.py:829} INFO - Processing file /home/airflow/.local/lib/python3.8/site-packages/airflow/example_dags/tutorial_dag.py for tasks to queue
[2023-09-24T05:12:40.760+0000] {logging_mixin.py:151} INFO - [2023-09-24T05:12:40.760+0000] {dagbag.py:539} INFO - Filling up the DagBag from /home/airflow/.local/lib/python3.8/site-packages/airflow/example_dags/tutorial_dag.py
[2023-09-24T05:12:40.768+0000] {processor.py:839} INFO - DAG(s) dict_keys(['tutorial_dag']) retrieved from /home/airflow/.local/lib/python3.8/site-packages/airflow/example_dags/tutorial_dag.py
[2023-09-24T05:12:40.799+0000] {logging_mixin.py:151} INFO - [2023-09-24T05:12:40.798+0000] {dag.py:2915} INFO - Sync 1 DAGs
[2023-09-24T05:12:40.820+0000] {logging_mixin.py:151} INFO - [2023-09-24T05:12:40.820+0000] {dag.py:3696} INFO - Setting next_dagrun for tutorial_dag to None, run_after=None
[2023-09-24T05:12:40.846+0000] {processor.py:179} INFO - Processing /home/airflow/.local/lib/python3.8/site-packages/airflow/example_dags/tutorial_dag.py took 0.094 seconds
[2023-09-24T05:13:11.340+0000] {processor.py:157} INFO - Started process (PID=407) to work on /home/airflow/.local/lib/python3.8/site-packages/airflow/example_dags/tutorial_dag.py
[2023-09-24T05:13:11.341+0000] {processor.py:829} INFO - Processing file /home/airflow/.local/lib/python3.8/site-packages/airflow/example_dags/tutorial_dag.py for tasks to queue
[2023-09-24T05:13:11.344+0000] {logging_mixin.py:151} INFO - [2023-09-24T05:13:11.344+0000] {dagbag.py:539} INFO - Filling up the DagBag from /home/airflow/.local/lib/python3.8/site-packages/airflow/example_dags/tutorial_dag.py
[2023-09-24T05:13:11.352+0000] {processor.py:839} INFO - DAG(s) dict_keys(['tutorial_dag']) retrieved from /home/airflow/.local/lib/python3.8/site-packages/airflow/example_dags/tutorial_dag.py
[2023-09-24T05:13:11.384+0000] {logging_mixin.py:151} INFO - [2023-09-24T05:13:11.384+0000] {dag.py:2915} INFO - Sync 1 DAGs
[2023-09-24T05:13:11.406+0000] {logging_mixin.py:151} INFO - [2023-09-24T05:13:11.406+0000] {dag.py:3696} INFO - Setting next_dagrun for tutorial_dag to None, run_after=None
[2023-09-24T05:13:11.432+0000] {processor.py:179} INFO - Processing /home/airflow/.local/lib/python3.8/site-packages/airflow/example_dags/tutorial_dag.py took 0.097 seconds
[2023-09-24T05:14:00.646+0000] {processor.py:157} INFO - Started process (PID=76) to work on /home/airflow/.local/lib/python3.8/site-packages/airflow/example_dags/tutorial_dag.py
[2023-09-24T05:14:00.648+0000] {processor.py:829} INFO - Processing file /home/airflow/.local/lib/python3.8/site-packages/airflow/example_dags/tutorial_dag.py for tasks to queue
[2023-09-24T05:14:00.652+0000] {logging_mixin.py:151} INFO - [2023-09-24T05:14:00.651+0000] {dagbag.py:539} INFO - Filling up the DagBag from /home/airflow/.local/lib/python3.8/site-packages/airflow/example_dags/tutorial_dag.py
[2023-09-24T05:14:00.662+0000] {processor.py:839} INFO - DAG(s) dict_keys(['tutorial_dag']) retrieved from /home/airflow/.local/lib/python3.8/site-packages/airflow/example_dags/tutorial_dag.py
[2023-09-24T05:14:00.685+0000] {logging_mixin.py:151} INFO - [2023-09-24T05:14:00.685+0000] {dag.py:2915} INFO - Sync 1 DAGs
[2023-09-24T05:14:00.719+0000] {logging_mixin.py:151} INFO - [2023-09-24T05:14:00.718+0000] {dag.py:3696} INFO - Setting next_dagrun for tutorial_dag to None, run_after=None
[2023-09-24T05:14:00.759+0000] {processor.py:179} INFO - Processing /home/airflow/.local/lib/python3.8/site-packages/airflow/example_dags/tutorial_dag.py took 0.120 seconds
[2023-09-24T05:14:31.859+0000] {processor.py:157} INFO - Started process (PID=131) to work on /home/airflow/.local/lib/python3.8/site-packages/airflow/example_dags/tutorial_dag.py
[2023-09-24T05:14:31.862+0000] {processor.py:829} INFO - Processing file /home/airflow/.local/lib/python3.8/site-packages/airflow/example_dags/tutorial_dag.py for tasks to queue
[2023-09-24T05:14:31.870+0000] {logging_mixin.py:151} INFO - [2023-09-24T05:14:31.869+0000] {dagbag.py:539} INFO - Filling up the DagBag from /home/airflow/.local/lib/python3.8/site-packages/airflow/example_dags/tutorial_dag.py
[2023-09-24T05:14:31.889+0000] {processor.py:839} INFO - DAG(s) dict_keys(['tutorial_dag']) retrieved from /home/airflow/.local/lib/python3.8/site-packages/airflow/example_dags/tutorial_dag.py
[2023-09-24T05:14:32.004+0000] {logging_mixin.py:151} INFO - [2023-09-24T05:14:32.003+0000] {dag.py:2915} INFO - Sync 1 DAGs
[2023-09-24T05:14:32.105+0000] {logging_mixin.py:151} INFO - [2023-09-24T05:14:32.104+0000] {dag.py:3696} INFO - Setting next_dagrun for tutorial_dag to None, run_after=None
[2023-09-24T05:14:32.222+0000] {processor.py:179} INFO - Processing /home/airflow/.local/lib/python3.8/site-packages/airflow/example_dags/tutorial_dag.py took 0.374 seconds
[2023-09-24T05:15:04.022+0000] {processor.py:157} INFO - Started process (PID=191) to work on /home/airflow/.local/lib/python3.8/site-packages/airflow/example_dags/tutorial_dag.py
[2023-09-24T05:15:04.023+0000] {processor.py:829} INFO - Processing file /home/airflow/.local/lib/python3.8/site-packages/airflow/example_dags/tutorial_dag.py for tasks to queue
[2023-09-24T05:15:04.027+0000] {logging_mixin.py:151} INFO - [2023-09-24T05:15:04.027+0000] {dagbag.py:539} INFO - Filling up the DagBag from /home/airflow/.local/lib/python3.8/site-packages/airflow/example_dags/tutorial_dag.py
[2023-09-24T05:15:04.038+0000] {processor.py:839} INFO - DAG(s) dict_keys(['tutorial_dag']) retrieved from /home/airflow/.local/lib/python3.8/site-packages/airflow/example_dags/tutorial_dag.py
[2023-09-24T05:15:04.081+0000] {logging_mixin.py:151} INFO - [2023-09-24T05:15:04.080+0000] {dag.py:2915} INFO - Sync 1 DAGs
[2023-09-24T05:15:04.112+0000] {logging_mixin.py:151} INFO - [2023-09-24T05:15:04.111+0000] {dag.py:3696} INFO - Setting next_dagrun for tutorial_dag to None, run_after=None
[2023-09-24T05:15:04.149+0000] {processor.py:179} INFO - Processing /home/airflow/.local/lib/python3.8/site-packages/airflow/example_dags/tutorial_dag.py took 0.134 seconds
